<Event xmlns='http://schemas.microsoft.com/win/2004/08/events/event'><System><Provider Name='Microsoft-Windows-Security-Auditing' Guid='{54849625-5478-4994-a5ba-3e3b0328c30d}'/><EventID>5156</EventID><Version>1</Version><Level>0</Level><Task>12810</Task><Opcode>0</Opcode><Keywords>0x8020000000000000</Keywords><TimeCreated SystemTime='2023-03-18T02:00:51.377729800Z'/><EventRecordID>66188465</EventRecordID><Correlation/><Execution ProcessID='4' ThreadID='12508'/><Channel>Security</Channel><Computer>winser-ksc-xdr</Computer><Security/></System><EventData><Data Name='ProcessID'>5288</Data><Data Name='Application'>\\device\\harddiskvolume2\\program files\\kaspersky lab\\kaspersky security center web console\\node.exe</Data><Data Name='Direction'>%%14593</Data><Data Name='SourceAddress'>127.0.0.1</Data><Data Name='SourcePort'>49676</Data><Data Name='DestAddress'>127.0.0.1</Data><Data Name='DestPort'>4150</Data><Data Name='Protocol'>6</Data><Data Name='FilterRTID'>68368</Data><Data Name='LayerName'>%%14611</Data><Data Name='LayerRTID'>48</Data><Data Name='RemoteUserID'>S-1-0-0</Data><Data Name='RemoteMachineID'>S-1-0-0</Data></EventData></Event>
<Event xmlns='http://schemas.microsoft.com/win/2004/08/events/event'><System><Provider Name='Microsoft-Windows-Security-Auditing' Guid='{54849625-5478-4994-a5ba-3e3b0328c30d}'/><EventID>5156</EventID><Version>1</Version><Level>0</Level><Task>12810</Task><Opcode>0</Opcode><Keywords>0x8020000000000000</Keywords><TimeCreated SystemTime='2023-03-18T02:00:51.377640800Z'/><EventRecordID>66188463</EventRecordID><Correlation/><Execution ProcessID='4' ThreadID='12508'/><Channel>Security</Channel><Computer>winser-ksc-xdr</Computer><Security/></System><EventData><Data Name='ProcessID'>5248</Data><Data Name='Application'>\\device\\harddiskvolume2\\program files\\kaspersky lab\\kaspersky security center web console\\node.exe</Data><Data Name='Direction'>%%14593</Data><Data Name='SourceAddress'>127.0.0.1</Data><Data Name='SourcePort'>49680</Data><Data Name='DestAddress'>127.0.0.1</Data><Data Name='DestPort'>4150</Data><Data Name='Protocol'>6</Data><Data Name='FilterRTID'>68368</Data><Data Name='LayerName'>%%14611</Data><Data Name='LayerRTID'>48</Data><Data Name='RemoteUserID'>S-1-0-0</Data><Data Name='RemoteMachineID'>S-1-0-0</Data></EventData></Event>
<Event xmlns='http://schemas.microsoft.com/win/2004/08/events/event'><System><Provider Name='Microsoft-Windows-Security-Auditing' Guid='{54849625-5478-4994-a5ba-3e3b0328c30d}'/><EventID>5158</EventID><Version>0</Version><Level>0</Level><Task>12810</Task><Opcode>0</Opcode><Keywords>0x8020000000000000</Keywords><TimeCreated SystemTime='2023-03-18T02:00:51.552651600Z'/><EventRecordID>66188466</EventRecordID><Correlation/><Execution ProcessID='4' ThreadID='12508'/><Channel>Security</Channel><Computer>winser-ksc-xdr</Computer><Security/></System><EventData><Data Name='ProcessId'>1944</Data><Data Name='Application'>\\device\\harddiskvolume2\\windows\\system32\\svchost.exe</Data><Data Name='SourceAddress'>::</Data><Data Name='SourcePort'>63425</Data><Data Name='Protocol'>17</Data><Data Name='FilterRTID'>68362</Data><Data Name='LayerName'>%%14608</Data><Data Name='LayerRTID'>36</Data></EventData></Event>
<Event xmlns='http://schemas.microsoft.com/win/2004/08/events/event'><System><Provider Name='Microsoft-Windows-Security-Auditing' Guid='{54849625-5478-4994-a5ba-3e3b0328c30d}'/><EventID>5156</EventID><Version>1</Version><Level>0</Level><Task>12810</Task><Opcode>0</Opcode><Keywords>0x8020000000000000</Keywords><TimeCreated SystemTime='2023-03-18T02:00:51.553189900Z'/><EventRecordID>66188468</EventRecordID><Correlation/><Execution ProcessID='4' ThreadID='12508'/><Channel>Security</Channel><Computer>winser-ksc-xdr</Computer><Security/></System><EventData><Data Name='ProcessID'>1944</Data><Data Name='Application'>\\device\\harddiskvolume2\\windows\\system32\\svchost.exe</Data><Data Name='Direction'>%%14593</Data><Data Name='SourceAddress'>10.90.144.7</Data><Data Name='SourcePort'>63425</Data><Data Name='DestAddress'>10.70.8.4</Data><Data Name='DestPort'>53</Data><Data Name='Protocol'>17</Data><Data Name='FilterRTID'>68368</Data><Data Name='LayerName'>%%14611</Data><Data Name='LayerRTID'>48</Data><Data Name='RemoteUserID'>S-1-0-0</Data><Data Name='RemoteMachineID'>S-1-0-0</Data></EventData></Event>
<Event xmlns='http://schemas.microsoft.com/win/2004/08/events/event'><System><Provider Name='Microsoft-Windows-Security-Auditing' Guid='{54849625-5478-4994-a5ba-3e3b0328c30d}'/><EventID>5158</EventID><Version>0</Version><Level>0</Level><Task>12810</Task><Opcode>0</Opcode><Keywords>0x8020000000000000</Keywords><TimeCreated SystemTime='2023-03-18T02:00:51.552709800Z'/><EventRecordID>66188467</EventRecordID><Correlation/><Execution ProcessID='4' ThreadID='12508'/><Channel>Security</Channel><Computer>winser-ksc-xdr</Computer><Security/></System><EventData><Data Name='ProcessId'>1944</Data><Data Name='Application'>\\device\\harddiskvolume2\\windows\\system32\\svchost.exe</Data><Data Name='SourceAddress'>::</Data><Data Name='SourcePort'>63425</Data><Data Name='Protocol'>17</Data><Data Name='FilterRTID'>68365</Data><Data Name='LayerName'>%%14608</Data><Data Name='LayerRTID'>38</Data></EventData></Event>
<Event xmlns='http://schemas.microsoft.com/win/2004/08/events/event'><System><Provider Name='Microsoft-Windows-Security-Auditing' Guid='{54849625-5478-4994-a5ba-3e3b0328c30d}'/><EventID>5156</EventID><Version>1</Version><Level>0</Level><Task>12810</Task><Opcode>0</Opcode><Keywords>0x8020000000000000</Keywords><TimeCreated SystemTime='2023-03-18T02:00:51.553201300Z'/><EventRecordID>66188469</EventRecordID><Correlation/><Execution ProcessID='4' ThreadID='12508'/><Channel>Security</Channel><Computer>winser-ksc-xdr</Computer><Security/></System><EventData><Data Name='ProcessID'>1944</Data><Data Name='Application'>\\device\\harddiskvolume2\\windows\\system32\\svchost.exe</Data><Data Name='Direction'>%%14593</Data><Data Name='SourceAddress'>10.90.144.7</Data><Data Name='SourcePort'>63425</Data><Data Name='DestAddress'>10.70.8.4</Data><Data Name='DestPort'>53</Data><Data Name='Protocol'>17</Data><Data Name='FilterRTID'>68368</Data><Data Name='LayerName'>%%14611</Data><Data Name='LayerRTID'>48</Data><Data Name='RemoteUserID'>S-1-0-0</Data><Data Name='RemoteMachineID'>S-1-0-0</Data></EventData></Event>
<Event xmlns='http://schemas.microsoft.com/win/2004/08/events/event'><System><Provider Name='Microsoft-Windows-Security-Auditing' Guid='{54849625-5478-4994-a5ba-3e3b0328c30d}'/><EventID>5158</EventID><Version>0</Version><Level>0</Level><Task>12810</Task><Opcode>0</Opcode><Keywords>0x8020000000000000</Keywords><TimeCreated SystemTime='2023-03-18T02:00:51.553738300Z'/><EventRecordID>66188470</EventRecordID><Correlation/><Execution ProcessID='4' ThreadID='12508'/><Channel>Security</Channel><Computer>winser-ksc-xdr</Computer><Security/></System><EventData><Data Name='ProcessId'>5724</Data><Data Name='Application'>\\device\\harddiskvolume2\\program files (x86)\\kaspersky lab\\kaspersky security center\\ksnproxy.exe</Data><Data Name='SourceAddress'>0.0.0.0</Data><Data Name='SourcePort'>63426</Data><Data Name='Protocol'>17</Data><Data Name='FilterRTID'>68362</Data><Data Name='LayerName'>%%14608</Data><Data Name='LayerRTID'>36</Data></EventData></Event>
<Event xmlns='http://schemas.microsoft.com/win/2004/08/events/event'><System><Provider Name='Microsoft-Windows-Security-Auditing' Guid='{54849625-5478-4994-a5ba-3e3b0328c30d}'/><EventID>5156</EventID><Version>1</Version><Level>0</Level><Task>12810</Task><Opcode>0</Opcode><Keywords>0x8020000000000000</Keywords><TimeCreated SystemTime='2023-03-18T02:00:51.554002800Z'/><EventRecordID>66188471</EventRecordID><Correlation/><Execution ProcessID='4' ThreadID='12508'/><Channel>Security</Channel><Computer>winser-ksc-xdr</Computer><Security/></System><EventData><Data Name='ProcessID'>5724</Data><Data Name='Application'>\\device\\harddiskvolume2\\program files (x86)\\kaspersky lab\\kaspersky security center\\ksnproxy.exe</Data><Data Name='Direction'>%%14593</Data><Data Name='SourceAddress'>10.90.144.7</Data><Data Name='SourcePort'>63426</Data><Data Name='DestAddress'>10.70.8.4</Data><Data Name='DestPort'>53</Data><Data Name='Protocol'>17</Data><Data Name='FilterRTID'>68368</Data><Data Name='LayerName'>%%14611</Data><Data Name='LayerRTID'>48</Data><Data Name='RemoteUserID'>S-1-0-0</Data><Data Name='RemoteMachineID'>S-1-0-0</Data></EventData></Event>
<Event xmlns='http://schemas.microsoft.com/win/2004/08/events/event'><System><Provider Name='Microsoft-Windows-Security-Auditing' Guid='{54849625-5478-4994-a5ba-3e3b0328c30d}'/><EventID>5156</EventID><Version>1</Version><Level>0</Level><Task>12810</Task><Opcode>0</Opcode><Keywords>0x8020000000000000</Keywords><TimeCreated SystemTime='2023-03-18T02:00:51.554195800Z'/><EventRecordID>66188472</EventRecordID><Correlation/><Execution ProcessID='4' ThreadID='12508'/><Channel>Security</Channel><Computer>winser-ksc-xdr</Computer><Security/></System><EventData><Data Name='ProcessID'>5724</Data><Data Name='Application'>\\device\\harddiskvolume2\\program files (x86)\\kaspersky lab\\kaspersky security center\\ksnproxy.exe</Data><Data Name='Direction'>%%14593</Data><Data Name='SourceAddress'>10.90.144.7</Data><Data Name='SourcePort'>63426</Data><Data Name='DestAddress'>10.70.8.4</Data><Data Name='DestPort'>53</Data><Data Name='Protocol'>17</Data><Data Name='FilterRTID'>68368</Data><Data Name='LayerName'>%%14611</Data><Data Name='LayerRTID'>48</Data><Data Name='RemoteUserID'>S-1-0-0</Data><Data Name='RemoteMachineID'>S-1-0-0</Data></EventData></Event>
<Event xmlns='http://schemas.microsoft.com/win/2004/08/events/event'><System><Provider Name='Microsoft-Windows-Security-Auditing' Guid='{54849625-5478-4994-a5ba-3e3b0328c30d}'/><EventID>5158</EventID><Version>0</Version><Level>0</Level><Task>12810</Task><Opcode>0</Opcode><Keywords>0x8020000000000000</Keywords><TimeCreated SystemTime='2023-03-18T02:00:51.554255000Z'/><EventRecordID>66188473</EventRecordID><Correlation/><Execution ProcessID='4' ThreadID='12508'/><Channel>Security</Channel><Computer>winser-ksc-xdr</Computer><Security/></System><EventData><Data Name='ProcessId'>5724</Data><Data Name='Application'>\\device\\harddiskvolume2\\program files (x86)\\kaspersky lab\\kaspersky security center\\ksnproxy.exe</Data><Data Name='SourceAddress'>0.0.0.0</Data><Data Name='SourcePort'>63427</Data><Data Name='Protocol'>17</Data><Data Name='FilterRTID'>68362</Data><Data Name='LayerName'>%%14608</Data><Data Name='LayerRTID'>36</Data></EventData></Event>
<Event xmlns='http://schemas.microsoft.com/win/2004/08/events/event'><System><Provider Name='Microsoft-Windows-Security-Auditing' Guid='{54849625-5478-4994-a5ba-3e3b0328c30d}'/><EventID>5156</EventID><Version>1</Version><Level>0</Level><Task>12810</Task><Opcode>0</Opcode><Keywords>0x8020000000000000</Keywords><TimeCreated SystemTime='2023-03-18T02:00:51.554518900Z'/><EventRecordID>66188475</EventRecordID><Correlation/><Execution ProcessID='4' ThreadID='12508'/><Channel>Security</Channel><Computer>winser-ksc-xdr</Computer><Security/></System><EventData><Data Name='ProcessID'>5724</Data><Data Name='Application'>\\device\\harddiskvolume2\\program files (x86)\\kaspersky lab\\kaspersky security center\\ksnproxy.exe</Data><Data Name='Direction'>%%14593</Data><Data Name='SourceAddress'>10.90.144.7</Data><Data Name='SourcePort'>63427</Data><Data Name='DestAddress'>10.70.8.4</Data><Data Name='DestPort'>53</Data><Data Name='Protocol'>17</Data><Data Name='FilterRTID'>68368</Data><Data Name='LayerName'>%%14611</Data><Data Name='LayerRTID'>48</Data><Data Name='RemoteUserID'>S-1-0-0</Data><Data Name='RemoteMachineID'>S-1-0-0</Data></EventData></Event>
<Event xmlns='http://schemas.microsoft.com/win/2004/08/events/event'><System><Provider Name='Microsoft-Windows-Security-Auditing' Guid='{54849625-5478-4994-a5ba-3e3b0328c30d}'/><EventID>5156</EventID><Version>1</Version><Level>0</Level><Task>12810</Task><Opcode>0</Opcode><Keywords>0x8020000000000000</Keywords><TimeCreated SystemTime='2023-03-18T02:00:51.554509300Z'/><EventRecordID>66188474</EventRecordID><Correlation/><Execution ProcessID='4' ThreadID='12508'/><Channel>Security</Channel><Computer>winser-ksc-xdr</Computer><Security/></System><EventData><Data Name='ProcessID'>5724</Data><Data Name='Application'>\\device\\harddiskvolume2\\program files (x86)\\kaspersky lab\\kaspersky security center\\ksnproxy.exe</Data><Data Name='Direction'>%%14593</Data><Data Name='SourceAddress'>10.90.144.7</Data><Data Name='SourcePort'>63427</Data><Data Name='DestAddress'>10.70.8.4</Data><Data Name='DestPort'>53</Data><Data Name='Protocol'>17</Data><Data Name='FilterRTID'>68368</Data><Data Name='LayerName'>%%14611</Data><Data Name='LayerRTID'>48</Data><Data Name='RemoteUserID'>S-1-0-0</Data><Data Name='RemoteMachineID'>S-1-0-0</Data></EventData></Event>
<Event xmlns='http://schemas.microsoft.com/win/2004/08/events/event'><System><Provider Name='Microsoft-Windows-Security-Auditing' Guid='{54849625-5478-4994-a5ba-3e3b0328c30d}'/><EventID>5156</EventID><Version>1</Version><Level>0</Level><Task>12810</Task><Opcode>0</Opcode><Keywords>0x8020000000000000</Keywords><TimeCreated SystemTime='2023-03-18T02:00:51.555060700Z'/><EventRecordID>66188477</EventRecordID><Correlation/><Execution ProcessID='4' ThreadID='12508'/><Channel>Security</Channel><Computer>winser-ksc-xdr</Computer><Security/></System><EventData><Data Name='ProcessID'>5724</Data><Data Name='Application'>\\device\\harddiskvolume2\\program files (x86)\\kaspersky lab\\kaspersky security center\\ksnproxy.exe</Data><Data Name='Direction'>%%14593</Data><Data Name='SourceAddress'>10.90.144.7</Data><Data Name='SourcePort'>63428</Data><Data Name='DestAddress'>10.70.8.3</Data><Data Name='DestPort'>53</Data><Data Name='Protocol'>17</Data><Data Name='FilterRTID'>68368</Data><Data Name='LayerName'>%%14611</Data><Data Name='LayerRTID'>48</Data><Data Name='RemoteUserID'>S-1-0-0</Data><Data Name='RemoteMachineID'>S-1-0-0</Data></EventData></Event>
<Event xmlns='http://schemas.microsoft.com/win/2004/08/events/event'><System><Provider Name='Microsoft-Windows-Security-Auditing' Guid='{54849625-5478-4994-a5ba-3e3b0328c30d}'/><EventID>5156</EventID><Version>1</Version><Level>0</Level><Task>12810</Task><Opcode>0</Opcode><Keywords>0x8020000000000000</Keywords><TimeCreated SystemTime='2023-03-18T02:00:51.555077500Z'/><EventRecordID>66188479</EventRecordID><Correlation/><Execution ProcessID='4' ThreadID='12508'/><Channel>Security</Channel><Computer>winser-ksc-xdr</Computer><Security/></System><EventData><Data Name='ProcessID'>5724</Data><Data Name='Application'>\\device\\harddiskvolume2\\program files (x86)\\kaspersky lab\\kaspersky security center\\ksnproxy.exe</Data><Data Name='Direction'>%%14593</Data><Data Name='SourceAddress'>10.90.144.7</Data><Data Name='SourcePort'>63428</Data><Data Name='DestAddress'>10.70.8.3</Data><Data Name='DestPort'>53</Data><Data Name='Protocol'>17</Data><Data Name='FilterRTID'>68368</Data><Data Name='LayerName'>%%14611</Data><Data Name='LayerRTID'>48</Data><Data Name='RemoteUserID'>S-1-0-0</Data><Data Name='RemoteMachineID'>S-1-0-0</Data></EventData></Event>
<Event xmlns='http://schemas.microsoft.com/win/2004/08/events/event'><System><Provider Name='Microsoft-Windows-Security-Auditing' Guid='{54849625-5478-4994-a5ba-3e3b0328c30d}'/><EventID>5158</EventID><Version>0</Version><Level>0</Level><Task>12810</Task><Opcode>0</Opcode><Keywords>0x8020000000000000</Keywords><TimeCreated SystemTime='2023-03-18T02:00:51.554677300Z'/><EventRecordID>66188476</EventRecordID><Correlation/><Execution ProcessID='4' ThreadID='12508'/><Channel>Security</Channel><Computer>winser-ksc-xdr</Computer><Security/></System><EventData><Data Name='ProcessId'>5724</Data><Data Name='Application'>\\device\\harddiskvolume2\\program files (x86)\\kaspersky lab\\kaspersky security center\\ksnproxy.exe</Data><Data Name='SourceAddress'>0.0.0.0</Data><Data Name='SourcePort'>63428</Data><Data Name='Protocol'>17</Data><Data Name='FilterRTID'>68362</Data><Data Name='LayerName'>%%14608</Data><Data Name='LayerRTID'>36</Data></EventData></Event>
<Event xmlns='http://schemas.microsoft.com/win/2004/08/events/event'><System><Provider Name='Microsoft-Windows-Security-Auditing' Guid='{54849625-5478-4994-a5ba-3e3b0328c30d}'/><EventID>5156</EventID><Version>1</Version><Level>0</Level><Task>12810</Task><Opcode>0</Opcode><Keywords>0x8020000000000000</Keywords><TimeCreated SystemTime='2023-03-18T02:00:51.555070200Z'/><EventRecordID>66188478</EventRecordID><Correlation/><Execution ProcessID='4' ThreadID='12508'/><Channel>Security</Channel><Computer>winser-ksc-xdr</Computer><Security/></System><EventData><Data Name='ProcessID'>5724</Data><Data Name='Application'>\\device\\harddiskvolume2\\program files (x86)\\kaspersky lab\\kaspersky security center\\ksnproxy.exe</Data><Data Name='Direction'>%%14593</Data><Data Name='SourceAddress'>10.90.144.7</Data><Data Name='SourcePort'>63427</Data><Data Name='DestAddress'>10.70.8.4</Data><Data Name='DestPort'>53</Data><Data Name='Protocol'>17</Data><Data Name='FilterRTID'>68368</Data><Data Name='LayerName'>%%14611</Data><Data Name='LayerRTID'>48</Data><Data Name='RemoteUserID'>S-1-0-0</Data><Data Name='RemoteMachineID'>S-1-0-0</Data></EventData></Event>
<Event xmlns='http://schemas.microsoft.com/win/2004/08/events/event'><System><Provider Name='Microsoft-Windows-Security-Auditing' Guid='{54849625-5478-4994-a5ba-3e3b0328c30d}'/><EventID>5158</EventID><Version>0</Version><Level>0</Level><Task>12810</Task><Opcode>0</Opcode><Keywords>0x8020000000000000</Keywords><TimeCreated SystemTime='2023-03-18T02:00:51.555147800Z'/><EventRecordID>66188480</EventRecordID><Correlation/><Execution ProcessID='4' ThreadID='12508'/><Channel>Security</Channel><Computer>winser-ksc-xdr</Computer><Security/></System><EventData><Data Name='ProcessId'>5724</Data><Data Name='Application'>\\device\\harddiskvolume2\\program files (x86)\\kaspersky lab\\kaspersky security center\\ksnproxy.exe</Data><Data Name='SourceAddress'>0.0.0.0</Data><Data Name='SourcePort'>63429</Data><Data Name='Protocol'>17</Data><Data Name='FilterRTID'>68362</Data><Data Name='LayerName'>%%14608</Data><Data Name='LayerRTID'>36</Data></EventData></Event>
<Event xmlns='http://schemas.microsoft.com/win/2004/08/events/event'><System><Provider Name='Microsoft-Windows-Security-Auditing' Guid='{54849625-5478-4994-a5ba-3e3b0328c30d}'/><EventID>5156</EventID><Version>1</Version><Level>0</Level><Task>12810</Task><Opcode>0</Opcode><Keywords>0x8020000000000000</Keywords><TimeCreated SystemTime='2023-03-18T02:00:51.555448300Z'/><EventRecordID>66188482</EventRecordID><Correlation/><Execution ProcessID='4' ThreadID='12508'/><Channel>Security</Channel><Computer>winser-ksc-xdr</Computer><Security/></System><EventData><Data Name='ProcessID'>5724</Data><Data Name='Application'>\\device\\harddiskvolume2\\program files (x86)\\kaspersky lab\\kaspersky security center\\ksnproxy.exe</Data><Data Name='Direction'>%%14593</Data><Data Name='SourceAddress'>10.90.144.7</Data><Data Name='SourcePort'>63429</Data><Data Name='DestAddress'>10.70.8.3</Data><Data Name='DestPort'>53</Data><Data Name='Protocol'>17</Data><Data Name='FilterRTID'>68368</Data><Data Name='LayerName'>%%14611</Data><Data Name='LayerRTID'>48</Data><Data Name='RemoteUserID'>S-1-0-0</Data><Data Name='RemoteMachineID'>S-1-0-0</Data></EventData></Event>
<Event xmlns='http://schemas.microsoft.com/win/2004/08/events/event'><System><Provider Name='Microsoft-Windows-Security-Auditing' Guid='{54849625-5478-4994-a5ba-3e3b0328c30d}'/><EventID>5156</EventID><Version>1</Version><Level>0</Level><Task>12810</Task><Opcode>0</Opcode><Keywords>0x8020000000000000</Keywords><TimeCreated SystemTime='2023-03-18T02:00:51.555400400Z'/><EventRecordID>66188481</EventRecordID><Correlation/><Execution ProcessID='4' ThreadID='12508'/><Channel>Security</Channel><Computer>winser-ksc-xdr</Computer><Security/></System><EventData><Data Name='ProcessID'>5724</Data><Data Name='Application'>\\device\\harddiskvolume2\\program files (x86)\\kaspersky lab\\kaspersky security center\\ksnproxy.exe</Data><Data Name='Direction'>%%14593</Data><Data Name='SourceAddress'>10.90.144.7</Data><Data Name='SourcePort'>63429</Data><Data Name='DestAddress'>10.70.8.3</Data><Data Name='DestPort'>53</Data><Data Name='Protocol'>17</Data><Data Name='FilterRTID'>68368</Data><Data Name='LayerName'>%%14611</Data><Data Name='LayerRTID'>48</Data><Data Name='RemoteUserID'>S-1-0-0</Data><Data Name='RemoteMachineID'>S-1-0-0</Data></EventData></Event>
<Event xmlns='http://schemas.microsoft.com/win/2004/08/events/event'><System><Provider Name='Microsoft-Windows-Security-Auditing' Guid='{54849625-5478-4994-a5ba-3e3b0328c30d}'/><EventID>5156</EventID><Version>1</Version><Level>0</Level><Task>12810</Task><Opcode>0</Opcode><Keywords>0x8020000000000000</Keywords><TimeCreated SystemTime='2023-03-18T02:00:51.579135900Z'/><EventRecordID>66188483</EventRecordID><Correlation/><Execution ProcessID='4' ThreadID='12508'/><Channel>Security</Channel><Computer>winser-ksc-xdr</Computer><Security/></System><EventData><Data Name='ProcessID'>5288</Data><Data Name='Application'>\\device\\harddiskvolume2\\program files\\kaspersky lab\\kaspersky security center web console\\node.exe</Data><Data Name='Direction'>%%14593</Data><Data Name='SourceAddress'>127.0.0.1</Data><Data Name='SourcePort'>49686</Data><Data Name='DestAddress'>127.0.0.1</Data><Data Name='DestPort'>4150</Data><Data Name='Protocol'>6</Data><Data Name='FilterRTID'>68368</Data><Data Name='LayerName'>%%14611</Data><Data Name='LayerRTID'>48</Data><Data Name='RemoteUserID'>S-1-0-0</Data><Data Name='RemoteMachineID'>S-1-0-0</Data></EventData></Event>
<Event xmlns='http://schemas.microsoft.com/win/2004/08/events/event'><System><Provider Name='Microsoft-Windows-Security-Auditing' Guid='{54849625-5478-4994-a5ba-3e3b0328c30d}'/><EventID>5156</EventID><Version>1</Version><Level>0</Level><Task>12810</Task><Opcode>0</Opcode><Keywords>0x8020000000000000</Keywords><TimeCreated SystemTime='2023-03-18T02:00:51.579196000Z'/><EventRecordID>66188486</EventRecordID><Correlation/><Execution ProcessID='4' ThreadID='12508'/><Channel>Security</Channel><Computer>winser-ksc-xdr</Computer><Security/></System><EventData><Data Name='ProcessID'>5224</Data><Data Name='Application'>\\device\\harddiskvolume2\\program files\\kaspersky lab\\kaspersky security center web console\\node.exe</Data><Data Name='Direction'>%%14593</Data><Data Name='SourceAddress'>127.0.0.1</Data><Data Name='SourcePort'>49682</Data><Data Name='DestAddress'>127.0.0.1</Data><Data Name='DestPort'>4150</Data><Data Name='Protocol'>6</Data><Data Name='FilterRTID'>68368</Data><Data Name='LayerName'>%%14611</Data><Data Name='LayerRTID'>48</Data><Data Name='RemoteUserID'>S-1-0-0</Data><Data Name='RemoteMachineID'>S-1-0-0</Data></EventData></Event>
<Event xmlns='http://schemas.microsoft.com/win/2004/08/events/event'><System><Provider Name='Microsoft-Windows-Security-Auditing' Guid='{54849625-5478-4994-a5ba-3e3b0328c30d}'/><EventID>5156</EventID><Version>1</Version><Level>0</Level><Task>12810</Task><Opcode>0</Opcode><Keywords>0x8020000000000000</Keywords><TimeCreated SystemTime='2023-03-18T02:00:51.579147300Z'/><EventRecordID>66188484</EventRecordID><Correlation/><Execution ProcessID='4' ThreadID='12508'/><Channel>Security</Channel><Computer>winser-ksc-xdr</Computer><Security/></System><EventData><Data Name='ProcessID'>5288</Data><Data Name='Application'>\\device\\harddiskvolume2\\program files\\kaspersky lab\\kaspersky security center web console\\node.exe</Data><Data Name='Direction'>%%14593</Data><Data Name='SourceAddress'>127.0.0.1</Data><Data Name='SourcePort'>49686</Data><Data Name='DestAddress'>127.0.0.1</Data><Data Name='DestPort'>4150</Data><Data Name='Protocol'>6</Data><Data Name='FilterRTID'>68368</Data><Data Name='LayerName'>%%14611</Data><Data Name='LayerRTID'>48</Data><Data Name='RemoteUserID'>S-1-0-0</Data><Data Name='RemoteMachineID'>S-1-0-0</Data></EventData></Event>
<Event xmlns='http://schemas.microsoft.com/win/2004/08/events/event'><System><Provider Name='Microsoft-Windows-Security-Auditing' Guid='{54849625-5478-4994-a5ba-3e3b0328c30d}'/><EventID>5156</EventID><Version>1</Version><Level>0</Level><Task>12810</Task><Opcode>0</Opcode><Keywords>0x8020000000000000</Keywords><TimeCreated SystemTime='2023-03-18T02:00:51.579155000Z'/><EventRecordID>66188485</EventRecordID><Correlation/><Execution ProcessID='4' ThreadID='12508'/><Channel>Security</Channel><Computer>winser-ksc-xdr</Computer><Security/></System><EventData><Data Name='ProcessID'>5224</Data><Data Name='Application'>\\device\\harddiskvolume2\\program files\\kaspersky lab\\kaspersky security center web console\\node.exe</Data><Data Name='Direction'>%%14593</Data><Data Name='SourceAddress'>127.0.0.1</Data><Data Name='SourcePort'>49682</Data><Data Name='DestAddress'>127.0.0.1</Data><Data Name='DestPort'>4150</Data><Data Name='Protocol'>6</Data><Data Name='FilterRTID'>68368</Data><Data Name='LayerName'>%%14611</Data><Data Name='LayerRTID'>48</Data><Data Name='RemoteUserID'>S-1-0-0</Data><Data Name='RemoteMachineID'>S-1-0-0</Data></EventData></Event>
<Event xmlns='http://schemas.microsoft.com/win/2004/08/events/event'><System><Provider Name='Microsoft-Windows-Security-Auditing' Guid='{54849625-5478-4994-a5ba-3e3b0328c30d}'/><EventID>5156</EventID><Version>1</Version><Level>0</Level><Task>12810</Task><Opcode>0</Opcode><Keywords>0x8020000000000000</Keywords><TimeCreated SystemTime='2023-03-18T02:00:51.377678800Z'/><EventRecordID>66188464</EventRecordID><Correlation/><Execution ProcessID='4' ThreadID='12508'/><Channel>Security</Channel><Computer>winser-ksc-xdr</Computer><Security/></System><EventData><Data Name='ProcessID'>5288</Data><Data Name='Application'>\\device\\harddiskvolume2\\program files\\kaspersky lab\\kaspersky security center web console\\node.exe</Data><Data Name='Direction'>%%14593</Data><Data Name='SourceAddress'>127.0.0.1</Data><Data Name='SourcePort'>49676</Data><Data Name='DestAddress'>127.0.0.1</Data><Data Name='DestPort'>4150</Data><Data Name='Protocol'>6</Data><Data Name='FilterRTID'>68368</Data><Data Name='LayerName'>%%14611</Data><Data Name='LayerRTID'>48</Data><Data Name='RemoteUserID'>S-1-0-0</Data><Data Name='RemoteMachineID'>S-1-0-0</Data></EventData></Event>
<Event xmlns='http://schemas.microsoft.com/win/2004/08/events/event'><System><Provider Name='Microsoft-Windows-Security-Auditing' Guid='{54849625-5478-4994-a5ba-3e3b0328c30d}'/><EventID>5156</EventID><Version>1</Version><Level>0</Level><Task>12810</Task><Opcode>0</Opcode><Keywords>0x8020000000000000</Keywords><TimeCreated SystemTime='2023-03-18T02:00:51.579427400Z'/><EventRecordID>66188489</EventRecordID><Correlation/><Execution ProcessID='4' ThreadID='12508'/><Channel>Security</Channel><Computer>winser-ksc-xdr</Computer><Security/></System><EventData><Data Name='ProcessID'>5288</Data><Data Name='Application'>\\device\\harddiskvolume2\\program files\\kaspersky lab\\kaspersky security center web console\\node.exe</Data><Data Name='Direction'>%%14593</Data><Data Name='SourceAddress'>127.0.0.1</Data><Data Name='SourcePort'>49684</Data><Data Name='DestAddress'>127.0.0.1</Data><Data Name='DestPort'>4150</Data><Data Name='Protocol'>6</Data><Data Name='FilterRTID'>68368</Data><Data Name='LayerName'>%%14611</Data><Data Name='LayerRTID'>48</Data><Data Name='RemoteUserID'>S-1-0-0</Data><Data Name='RemoteMachineID'>S-1-0-0</Data></EventData></Event>
<Event xmlns='http://schemas.microsoft.com/win/2004/08/events/event'><System><Provider Name='Microsoft-Windows-Security-Auditing' Guid='{54849625-5478-4994-a5ba-3e3b0328c30d}'/><EventID>5156</EventID><Version>1</Version><Level>0</Level><Task>12810</Task><Opcode>0</Opcode><Keywords>0x8020000000000000</Keywords><TimeCreated SystemTime='2023-03-18T02:00:51.579379200Z'/><EventRecordID>66188488</EventRecordID><Correlation/><Execution ProcessID='4' ThreadID='12508'/><Channel>Security</Channel><Computer>winser-ksc-xdr</Computer><Security/></System><EventData><Data Name='ProcessID'>5288</Data><Data Name='Application'>\\device\\harddiskvolume2\\program files\\kaspersky lab\\kaspersky security center web console\\node.exe</Data><Data Name='Direction'>%%14593</Data><Data Name='SourceAddress'>127.0.0.1</Data><Data Name='SourcePort'>49687</Data><Data Name='DestAddress'>127.0.0.1</Data><Data Name='DestPort'>4150</Data><Data Name='Protocol'>6</Data><Data Name='FilterRTID'>68368</Data><Data Name='LayerName'>%%14611</Data><Data Name='LayerRTID'>48</Data><Data Name='RemoteUserID'>S-1-0-0</Data><Data Name='RemoteMachineID'>S-1-0-0</Data></EventData></Event>
<Event xmlns='http://schemas.microsoft.com/win/2004/08/events/event'><System><Provider Name='Microsoft-Windows-Security-Auditing' Guid='{54849625-5478-4994-a5ba-3e3b0328c30d}'/><EventID>5156</EventID><Version>1</Version><Level>0</Level><Task>12810</Task><Opcode>0</Opcode><Keywords>0x8020000000000000</Keywords><TimeCreated SystemTime='2023-03-18T02:00:51.579335000Z'/><EventRecordID>66188487</EventRecordID><Correlation/><Execution ProcessID='4' ThreadID='12508'/><Channel>Security</Channel><Computer>winser-ksc-xdr</Computer><Security/></System><EventData><Data Name='ProcessID'>5288</Data><Data Name='Application'>\\device\\harddiskvolume2\\program files\\kaspersky lab\\kaspersky security center web console\\node.exe</Data><Data Name='Direction'>%%14593</Data><Data Name='SourceAddress'>127.0.0.1</Data><Data Name='SourcePort'>49687</Data><Data Name='DestAddress'>127.0.0.1</Data><Data Name='DestPort'>4150</Data><Data Name='Protocol'>6</Data><Data Name='FilterRTID'>68368</Data><Data Name='LayerName'>%%14611</Data><Data Name='LayerRTID'>48</Data><Data Name='RemoteUserID'>S-1-0-0</Data><Data Name='RemoteMachineID'>S-1-0-0</Data></EventData></Event>
<Event xmlns='http://schemas.microsoft.com/win/2004/08/events/event'><System><Provider Name='Microsoft-Windows-Security-Auditing' Guid='{54849625-5478-4994-a5ba-3e3b0328c30d}'/><EventID>5156</EventID><Version>1</Version><Level>0</Level><Task>12810</Task><Opcode>0</Opcode><Keywords>0x8020000000000000</Keywords><TimeCreated SystemTime='2023-03-18T02:00:51.579464300Z'/><EventRecordID>66188490</EventRecordID><Correlation/><Execution ProcessID='4' ThreadID='12508'/><Channel>Security</Channel><Computer>winser-ksc-xdr</Computer><Security/></System><EventData><Data Name='ProcessID'>5288</Data><Data Name='Application'>\\device\\harddiskvolume2\\program files\\kaspersky lab\\kaspersky security center web console\\node.exe</Data><Data Name='Direction'>%%14593</Data><Data Name='SourceAddress'>127.0.0.1</Data><Data Name='SourcePort'>49684</Data><Data Name='DestAddress'>127.0.0.1</Data><Data Name='DestPort'>4150</Data><Data Name='Protocol'>6</Data><Data Name='FilterRTID'>68368</Data><Data Name='LayerName'>%%14611</Data><Data Name='LayerRTID'>48</Data><Data Name='RemoteUserID'>S-1-0-0</Data><Data Name='RemoteMachineID'>S-1-0-0</Data></EventData></Event>
<Event xmlns='http://schemas.microsoft.com/win/2004/08/events/event'><System><Provider Name='Microsoft-Windows-Security-Auditing' Guid='{54849625-5478-4994-a5ba-3e3b0328c30d}'/><EventID>5156</EventID><Version>1</Version><Level>0</Level><Task>12810</Task><Opcode>0</Opcode><Keywords>0x8020000000000000</Keywords><TimeCreated SystemTime='2023-03-18T02:00:51.579551000Z'/><EventRecordID>66188491</EventRecordID><Correlation/><Execution ProcessID='4' ThreadID='12508'/><Channel>Security</Channel><Computer>winser-ksc-xdr</Computer><Security/></System><EventData><Data Name='ProcessID'>5224</Data><Data Name='Application'>\\device\\harddiskvolume2\\program files\\kaspersky lab\\kaspersky security center web console\\node.exe</Data><Data Name='Direction'>%%14593</Data><Data Name='SourceAddress'>127.0.0.1</Data><Data Name='SourcePort'>49683</Data><Data Name='DestAddress'>127.0.0.1</Data><Data Name='DestPort'>4150</Data><Data Name='Protocol'>6</Data><Data Name='FilterRTID'>68368</Data><Data Name='LayerName'>%%14611</Data><Data Name='LayerRTID'>48</Data><Data Name='RemoteUserID'>S-1-0-0</Data><Data Name='RemoteMachineID'>S-1-0-0</Data></EventData></Event>
<Event xmlns='http://schemas.microsoft.com/win/2004/08/events/event'><System><Provider Name='Microsoft-Windows-Security-Auditing' Guid='{54849625-5478-4994-a5ba-3e3b0328c30d}'/><EventID>5156</EventID><Version>1</Version><Level>0</Level><Task>12810</Task><Opcode>0</Opcode><Keywords>0x8020000000000000</Keywords><TimeCreated SystemTime='2023-03-18T02:00:51.579595500Z'/><EventRecordID>66188492</EventRecordID><Correlation/><Execution ProcessID='4' ThreadID='12508'/><Channel>Security</Channel><Computer>winser-ksc-xdr</Computer><Security/></System><EventData><Data Name='ProcessID'>5224</Data><Data Name='Application'>\\device\\harddiskvolume2\\program files\\kaspersky lab\\kaspersky security center web console\\node.exe</Data><Data Name='Direction'>%%14593</Data><Data Name='SourceAddress'>127.0.0.1</Data><Data Name='SourcePort'>49683</Data><Data Name='DestAddress'>127.0.0.1</Data><Data Name='DestPort'>4150</Data><Data Name='Protocol'>6</Data><Data Name='FilterRTID'>68368</Data><Data Name='LayerName'>%%14611</Data><Data Name='LayerRTID'>48</Data><Data Name='RemoteUserID'>S-1-0-0</Data><Data Name='RemoteMachineID'>S-1-0-0</Data></EventData></Event>
<Event xmlns='http://schemas.microsoft.com/win/2004/08/events/event'><System><Provider Name='Microsoft-Windows-Security-Auditing' Guid='{54849625-5478-4994-a5ba-3e3b0328c30d}'/><EventID>5156</EventID><Version>1</Version><Level>0</Level><Task>12810</Task><Opcode>0</Opcode><Keywords>0x8020000000000000</Keywords><TimeCreated SystemTime='2023-03-18T02:00:51.579701900Z'/><EventRecordID>66188493</EventRecordID><Correlation/><Execution ProcessID='4' ThreadID='12508'/><Channel>Security</Channel><Computer>winser-ksc-xdr</Computer><Security/></System><EventData><Data Name='ProcessID'>5224</Data><Data Name='Application'>\\device\\harddiskvolume2\\program files\\kaspersky lab\\kaspersky security center web console\\node.exe</Data><Data Name='Direction'>%%14593</Data><Data Name='SourceAddress'>127.0.0.1</Data><Data Name='SourcePort'>49685</Data><Data Name='DestAddress'>127.0.0.1</Data><Data Name='DestPort'>4150</Data><Data Name='Protocol'>6</Data><Data Name='FilterRTID'>68368</Data><Data Name='LayerName'>%%14611</Data><Data Name='LayerRTID'>48</Data><Data Name='RemoteUserID'>S-1-0-0</Data><Data Name='RemoteMachineID'>S-1-0-0</Data></EventData></Event>
<Event xmlns='http://schemas.microsoft.com/win/2004/08/events/event'><System><Provider Name='Microsoft-Windows-Security-Auditing' Guid='{54849625-5478-4994-a5ba-3e3b0328c30d}'/><EventID>5156</EventID><Version>1</Version><Level>0</Level><Task>12810</Task><Opcode>0</Opcode><Keywords>0x8020000000000000</Keywords><TimeCreated SystemTime='2023-03-18T02:00:51.579745600Z'/><EventRecordID>66188494</EventRecordID><Correlation/><Execution ProcessID='4' ThreadID='12508'/><Channel>Security</Channel><Computer>winser-ksc-xdr</Computer><Security/></System><EventData><Data Name='ProcessID'>5224</Data><Data Name='Application'>\\device\\harddiskvolume2\\program files\\kaspersky lab\\kaspersky security center web console\\node.exe</Data><Data Name='Direction'>%%14593</Data><Data Name='SourceAddress'>127.0.0.1</Data><Data Name='SourcePort'>49685</Data><Data Name='DestAddress'>127.0.0.1</Data><Data Name='DestPort'>4150</Data><Data Name='Protocol'>6</Data><Data Name='FilterRTID'>68368</Data><Data Name='LayerName'>%%14611</Data><Data Name='LayerRTID'>48</Data><Data Name='RemoteUserID'>S-1-0-0</Data><Data Name='RemoteMachineID'>S-1-0-0</Data></EventData></Event>
<Event xmlns='http://schemas.microsoft.com/win/2004/08/events/event'><System><Provider Name='Microsoft-Windows-Security-Auditing' Guid='{54849625-5478-4994-a5ba-3e3b0328c30d}'/><EventID>5156</EventID><Version>1</Version><Level>0</Level><Task>12810</Task><Opcode>0</Opcode><Keywords>0x8020000000000000</Keywords><TimeCreated SystemTime='2023-03-18T02:00:51.580643200Z'/><EventRecordID>66188495</EventRecordID><Correlation/><Execution ProcessID='4' ThreadID='12508'/><Channel>Security</Channel><Computer>winser-ksc-xdr</Computer><Security/></System><EventData><Data Name='ProcessID'>3028</Data><Data Name='Application'>\\device\\harddiskvolume2\\program files (x86)\\kaspersky lab\\kaspersky security center\\klserver.exe</Data><Data Name='Direction'>%%14593</Data><Data Name='SourceAddress'>10.90.144.7</Data><Data Name='SourcePort'>55002</Data><Data Name='DestAddress'>10.90.144.7</Data><Data Name='DestPort'>1433</Data><Data Name='Protocol'>6</Data><Data Name='FilterRTID'>68368</Data><Data Name='LayerName'>%%14611</Data><Data Name='LayerRTID'>48</Data><Data Name='RemoteUserID'>S-1-0-0</Data><Data Name='RemoteMachineID'>S-1-0-0</Data></EventData></Event>
<Event xmlns='http://schemas.microsoft.com/win/2004/08/events/event'><System><Provider Name='Microsoft-Windows-Security-Auditing' Guid='{54849625-5478-4994-a5ba-3e3b0328c30d}'/><EventID>5156</EventID><Version>1</Version><Level>0</Level><Task>12810</Task><Opcode>0</Opcode><Keywords>0x8020000000000000</Keywords><TimeCreated SystemTime='2023-03-18T02:00:51.760612400Z'/><EventRecordID>66188496</EventRecordID><Correlation/><Execution ProcessID='4' ThreadID='12508'/><Channel>Security</Channel><Computer>winser-ksc-xdr</Computer><Security/></System><EventData><Data Name='ProcessID'>1748</Data><Data Name='Application'>\\device\\harddiskvolume2\\program files\\kaspersky lab\\kuma\\kuma.exe</Data><Data Name='Direction'>%%14593</Data><Data Name='SourceAddress'>10.90.144.7</Data><Data Name='SourcePort'>49859</Data><Data Name='DestAddress'>10.90.144.6</Data><Data Name='DestPort'>7210</Data><Data Name='Protocol'>6</Data><Data Name='FilterRTID'>68368</Data><Data Name='LayerName'>%%14611</Data><Data Name='LayerRTID'>48</Data><Data Name='RemoteUserID'>S-1-0-0</Data><Data Name='RemoteMachineID'>S-1-0-0</Data></EventData></Event>
<Event xmlns='http://schemas.microsoft.com/win/2004/08/events/event'><System><Provider Name='Microsoft-Windows-Security-Auditing' Guid='{54849625-5478-4994-a5ba-3e3b0328c30d}'/><EventID>5156</EventID><Version>1</Version><Level>0</Level><Task>12810</Task><Opcode>0</Opcode><Keywords>0x8020000000000000</Keywords><TimeCreated SystemTime='2023-03-18T02:00:51.861634300Z'/><EventRecordID>66188497</EventRecordID><Correlation/><Execution ProcessID='4' ThreadID='12508'/><Channel>Security</Channel><Computer>winser-ksc-xdr</Computer><Security/></System><EventData><Data Name='ProcessID'>5248</Data><Data Name='Application'>\\device\\harddiskvolume2\\program files\\kaspersky lab\\kaspersky security center web console\\node.exe</Data><Data Name='Direction'>%%14593</Data><Data Name='SourceAddress'>127.0.0.1</Data><Data Name='SourcePort'>49689</Data><Data Name='DestAddress'>127.0.0.1</Data><Data Name='DestPort'>4150</Data><Data Name='Protocol'>6</Data><Data Name='FilterRTID'>68368</Data><Data Name='LayerName'>%%14611</Data><Data Name='LayerRTID'>48</Data><Data Name='RemoteUserID'>S-1-0-0</Data><Data Name='RemoteMachineID'>S-1-0-0</Data></EventData></Event>
<Event xmlns='http://schemas.microsoft.com/win/2004/08/events/event'><System><Provider Name='Microsoft-Windows-Security-Auditing' Guid='{54849625-5478-4994-a5ba-3e3b0328c30d}'/><EventID>5156</EventID><Version>1</Version><Level>0</Level><Task>12810</Task><Opcode>0</Opcode><Keywords>0x8020000000000000</Keywords><TimeCreated SystemTime='2023-03-18T02:00:51.861994400Z'/><EventRecordID>66188500</EventRecordID><Correlation/><Execution ProcessID='4' ThreadID='12508'/><Channel>Security</Channel><Computer>winser-ksc-xdr</Computer><Security/></System><EventData><Data Name='ProcessID'>5248</Data><Data Name='Application'>\\device\\harddiskvolume2\\program files\\kaspersky lab\\kaspersky security center web console\\node.exe</Data><Data Name='Direction'>%%14593</Data><Data Name='SourceAddress'>127.0.0.1</Data><Data Name='SourcePort'>49688</Data><Data Name='DestAddress'>127.0.0.1</Data><Data Name='DestPort'>4150</Data><Data Name='Protocol'>6</Data><Data Name='FilterRTID'>68368</Data><Data Name='LayerName'>%%14611</Data><Data Name='LayerRTID'>48</Data><Data Name='RemoteUserID'>S-1-0-0</Data><Data Name='RemoteMachineID'>S-1-0-0</Data></EventData></Event>
<Event xmlns='http://schemas.microsoft.com/win/2004/08/events/event'><System><Provider Name='Microsoft-Windows-Security-Auditing' Guid='{54849625-5478-4994-a5ba-3e3b0328c30d}'/><EventID>5156</EventID><Version>1</Version><Level>0</Level><Task>12810</Task><Opcode>0</Opcode><Keywords>0x8020000000000000</Keywords><TimeCreated SystemTime='2023-03-18T02:00:51.861699500Z'/><EventRecordID>66188498</EventRecordID><Correlation/><Execution ProcessID='4' ThreadID='12508'/><Channel>Security</Channel><Computer>winser-ksc-xdr</Computer><Security/></System><EventData><Data Name='ProcessID'>5248</Data><Data Name='Application'>\\device\\harddiskvolume2\\program files\\kaspersky lab\\kaspersky security center web console\\node.exe</Data><Data Name='Direction'>%%14593</Data><Data Name='SourceAddress'>127.0.0.1</Data><Data Name='SourcePort'>49689</Data><Data Name='DestAddress'>127.0.0.1</Data><Data Name='DestPort'>4150</Data><Data Name='Protocol'>6</Data><Data Name='FilterRTID'>68368</Data><Data Name='LayerName'>%%14611</Data><Data Name='LayerRTID'>48</Data><Data Name='RemoteUserID'>S-1-0-0</Data><Data Name='RemoteMachineID'>S-1-0-0</Data></EventData></Event>
<Event xmlns='http://schemas.microsoft.com/win/2004/08/events/event'><System><Provider Name='Microsoft-Windows-Security-Auditing' Guid='{54849625-5478-4994-a5ba-3e3b0328c30d}'/><EventID>5156</EventID><Version>1</Version><Level>0</Level><Task>12810</Task><Opcode>0</Opcode><Keywords>0x8020000000000000</Keywords><TimeCreated SystemTime='2023-03-18T02:00:51.889527700Z'/><EventRecordID>66188501</EventRecordID><Correlation/><Execution ProcessID='4' ThreadID='12508'/><Channel>Security</Channel><Computer>winser-ksc-xdr</Computer><Security/></System><EventData><Data Name='ProcessID'>5248</Data><Data Name='Application'>\\device\\harddiskvolume2\\program files\\kaspersky lab\\kaspersky security center web console\\node.exe</Data><Data Name='Direction'>%%14593</Data><Data Name='SourceAddress'>127.0.0.1</Data><Data Name='SourcePort'>49690</Data><Data Name='DestAddress'>127.0.0.1</Data><Data Name='DestPort'>4150</Data><Data Name='Protocol'>6</Data><Data Name='FilterRTID'>68368</Data><Data Name='LayerName'>%%14611</Data><Data Name='LayerRTID'>48</Data><Data Name='RemoteUserID'>S-1-0-0</Data><Data Name='RemoteMachineID'>S-1-0-0</Data></EventData></Event>
<Event xmlns='http://schemas.microsoft.com/win/2004/08/events/event'><System><Provider Name='Microsoft-Windows-Security-Auditing' Guid='{54849625-5478-4994-a5ba-3e3b0328c30d}'/><EventID>5156</EventID><Version>1</Version><Level>0</Level><Task>12810</Task><Opcode>0</Opcode><Keywords>0x8020000000000000</Keywords><TimeCreated SystemTime='2023-03-18T02:00:51.861829400Z'/><EventRecordID>66188499</EventRecordID><Correlation/><Execution ProcessID='4' ThreadID='12508'/><Channel>Security</Channel><Computer>winser-ksc-xdr</Computer><Security/></System><EventData><Data Name='ProcessID'>5248</Data><Data Name='Application'>\\device\\harddiskvolume2\\program files\\kaspersky lab\\kaspersky security center web console\\node.exe</Data><Data Name='Direction'>%%14593</Data><Data Name='SourceAddress'>127.0.0.1</Data><Data Name='SourcePort'>49688</Data><Data Name='DestAddress'>127.0.0.1</Data><Data Name='DestPort'>4150</Data><Data Name='Protocol'>6</Data><Data Name='FilterRTID'>68368</Data><Data Name='LayerName'>%%14611</Data><Data Name='LayerRTID'>48</Data><Data Name='RemoteUserID'>S-1-0-0</Data><Data Name='RemoteMachineID'>S-1-0-0</Data></EventData></Event>
<Event xmlns='http://schemas.microsoft.com/win/2004/08/events/event'><System><Provider Name='Microsoft-Windows-Security-Auditing' Guid='{54849625-5478-4994-a5ba-3e3b0328c30d}'/><EventID>5156</EventID><Version>1</Version><Level>0</Level><Task>12810</Task><Opcode>0</Opcode><Keywords>0x8020000000000000</Keywords><TimeCreated SystemTime='2023-03-18T02:00:51.956092200Z'/><EventRecordID>66188504</EventRecordID><Correlation/><Execution ProcessID='4' ThreadID='12508'/><Channel>Security</Channel><Computer>winser-ksc-xdr</Computer><Security/></System><EventData><Data Name='ProcessID'>5236</Data><Data Name='Application'>\\device\\harddiskvolume2\\program files\\kaspersky lab\\kaspersky security center web console\\node.exe</Data><Data Name='Direction'>%%14593</Data><Data Name='SourceAddress'>127.0.0.1</Data><Data Name='SourcePort'>51922</Data><Data Name='DestAddress'>127.0.0.1</Data><Data Name='DestPort'>13299</Data><Data Name='Protocol'>6</Data><Data Name='FilterRTID'>68368</Data><Data Name='LayerName'>%%14611</Data><Data Name='LayerRTID'>48</Data><Data Name='RemoteUserID'>S-1-0-0</Data><Data Name='RemoteMachineID'>S-1-0-0</Data></EventData></Event>
<Event xmlns='http://schemas.microsoft.com/win/2004/08/events/event'><System><Provider Name='Microsoft-Windows-Security-Auditing' Guid='{54849625-5478-4994-a5ba-3e3b0328c30d}'/><EventID>5156</EventID><Version>1</Version><Level>0</Level><Task>12810</Task><Opcode>0</Opcode><Keywords>0x8020000000000000</Keywords><TimeCreated SystemTime='2023-03-18T02:00:52.095466600Z'/><EventRecordID>66188505</EventRecordID><Correlation/><Execution ProcessID='4' ThreadID='12508'/><Channel>Security</Channel><Computer>winser-ksc-xdr</Computer><Security/></System><EventData><Data Name='ProcessID'>1748</Data><Data Name='Application'>\\device\\harddiskvolume2\\program files\\kaspersky lab\\kuma\\kuma.exe</Data><Data Name='Direction'>%%14593</Data><Data Name='SourceAddress'>10.90.144.7</Data><Data Name='SourcePort'>49856</Data><Data Name='DestAddress'>10.90.144.6</Data><Data Name='DestPort'>5190</Data><Data Name='Protocol'>6</Data><Data Name='FilterRTID'>68368</Data><Data Name='LayerName'>%%14611</Data><Data Name='LayerRTID'>48</Data><Data Name='RemoteUserID'>S-1-0-0</Data><Data Name='RemoteMachineID'>S-1-0-0</Data></EventData></Event>
<Event xmlns='http://schemas.microsoft.com/win/2004/08/events/event'><System><Provider Name='Microsoft-Windows-Security-Auditing' Guid='{54849625-5478-4994-a5ba-3e3b0328c30d}'/><EventID>5156</EventID><Version>1</Version><Level>0</Level><Task>12810</Task><Opcode>0</Opcode><Keywords>0x8020000000000000</Keywords><TimeCreated SystemTime='2023-03-18T02:00:51.889540800Z'/><EventRecordID>66188502</EventRecordID><Correlation/><Execution ProcessID='4' ThreadID='12508'/><Channel>Security</Channel><Computer>winser-ksc-xdr</Computer><Security/></System><EventData><Data Name='ProcessID'>5248</Data><Data Name='Application'>\\device\\harddiskvolume2\\program files\\kaspersky lab\\kaspersky security center web console\\node.exe</Data><Data Name='Direction'>%%14593</Data><Data Name='SourceAddress'>127.0.0.1</Data><Data Name='SourcePort'>49690</Data><Data Name='DestAddress'>127.0.0.1</Data><Data Name='DestPort'>4150</Data><Data Name='Protocol'>6</Data><Data Name='FilterRTID'>68368</Data><Data Name='LayerName'>%%14611</Data><Data Name='LayerRTID'>48</Data><Data Name='RemoteUserID'>S-1-0-0</Data><Data Name='RemoteMachineID'>S-1-0-0</Data></EventData></Event>
<Event xmlns='http://schemas.microsoft.com/win/2004/08/events/event'><System><Provider Name='Microsoft-Windows-Security-Auditing' Guid='{54849625-5478-4994-a5ba-3e3b0328c30d}'/><EventID>5156</EventID><Version>1</Version><Level>0</Level><Task>12810</Task><Opcode>0</Opcode><Keywords>0x8020000000000000</Keywords><TimeCreated SystemTime='2023-03-18T02:00:51.934115200Z'/><EventRecordID>66188503</EventRecordID><Correlation/><Execution ProcessID='4' ThreadID='12508'/><Channel>Security</Channel><Computer>winser-ksc-xdr</Computer><Security/></System><EventData><Data Name='ProcessID'>1748</Data><Data Name='Application'>\\device\\harddiskvolume2\\program files\\kaspersky lab\\kuma\\kuma.exe</Data><Data Name='Direction'>%%14593</Data><Data Name='SourceAddress'>10.90.144.7</Data><Data Name='SourcePort'>49855</Data><Data Name='DestAddress'>10.90.144.6</Data><Data Name='DestPort'>5190</Data><Data Name='Protocol'>6</Data><Data Name='FilterRTID'>68368</Data><Data Name='LayerName'>%%14611</Data><Data Name='LayerRTID'>48</Data><Data Name='RemoteUserID'>S-1-0-0</Data><Data Name='RemoteMachineID'>S-1-0-0</Data></EventData></Event>
<Event xmlns='http://schemas.microsoft.com/win/2004/08/events/event'><System><Provider Name='Microsoft-Windows-Security-Auditing' Guid='{54849625-5478-4994-a5ba-3e3b0328c30d}'/><EventID>5156</EventID><Version>1</Version><Level>0</Level><Task>12810</Task><Opcode>0</Opcode><Keywords>0x8020000000000000</Keywords><TimeCreated SystemTime='2023-03-18T02:00:52.250341000Z'/><EventRecordID>66188506</EventRecordID><Correlation/><Execution ProcessID='4' ThreadID='12508'/><Channel>Security</Channel><Computer>winser-ksc-xdr</Computer><Security/></System><EventData><Data Name='ProcessID'>3028</Data><Data Name='Application'>\\device\\harddiskvolume2\\program files (x86)\\kaspersky lab\\kaspersky security center\\klserver.exe</Data><Data Name='Direction'>%%14593</Data><Data Name='SourceAddress'>10.90.144.7</Data><Data Name='SourcePort'>54848</Data><Data Name='DestAddress'>10.90.144.7</Data><Data Name='DestPort'>1433</Data><Data Name='Protocol'>6</Data><Data Name='FilterRTID'>68368</Data><Data Name='LayerName'>%%14611</Data><Data Name='LayerRTID'>48</Data><Data Name='RemoteUserID'>S-1-0-0</Data><Data Name='RemoteMachineID'>S-1-0-0</Data></EventData></Event>
