<Event xmlns='http://schemas.microsoft.com/win/2004/08/events/event'><System><Provider Name='Microsoft-Windows-Security-Auditing' Guid='{54849625-5478-4994-a5ba-3e3b0328c30d}'/><EventID>4674</EventID><Version>0</Version><Level>0</Level><Task>13056</Task><Opcode>0</Opcode><Keywords>0x8020000000000000</Keywords><TimeCreated SystemTime='2023-03-18T02:00:24.919442600Z'/><EventRecordID>66187967</EventRecordID><Correlation/><Execution ProcessID='4' ThreadID='8000'/><Channel>Security</Channel><Computer>winser-ksc-xdr</Computer><Security/></System><EventData><Data Name='SubjectUserSid'>S-1-5-21-914744472-3749372235-570178920-500</Data><Data Name='SubjectUserName'>Administrator</Data><Data Name='SubjectDomainName'>WINSER-KSC-XDR</Data><Data Name='SubjectLogonId'>0x816a2</Data><Data Name='ObjectServer'>Security</Data><Data Name='ObjectType'>-</Data><Data Name='ObjectName'>-</Data><Data Name='HandleId'>0x650</Data><Data Name='AccessMask'>17760319</Data><Data Name='PrivilegeList'>SeSecurityPrivilege</Data><Data Name='ProcessId'>0x10fc</Data><Data Name='ProcessName'>C:\\Windows\\System32\\wbem\\WmiPrvSE.exe</Data></EventData></Event>
<Event xmlns='http://schemas.microsoft.com/win/2004/08/events/event'><System><Provider Name='Microsoft-Windows-Security-Auditing' Guid='{54849625-5478-4994-a5ba-3e3b0328c30d}'/><EventID>5156</EventID><Version>1</Version><Level>0</Level><Task>12810</Task><Opcode>0</Opcode><Keywords>0x8020000000000000</Keywords><TimeCreated SystemTime='2023-03-18T02:00:24.926818700Z'/><EventRecordID>66187969</EventRecordID><Correlation/><Execution ProcessID='4' ThreadID='8000'/><Channel>Security</Channel><Computer>winser-ksc-xdr</Computer><Security/></System><EventData><Data Name='ProcessID'>3028</Data><Data Name='Application'>\\device\\harddiskvolume2\\program files (x86)\\kaspersky lab\\kaspersky security center\\klserver.exe</Data><Data Name='Direction'>%%14592</Data><Data Name='SourceAddress'>10.90.144.11</Data><Data Name='SourcePort'>62439</Data><Data Name='DestAddress'>10.90.144.7</Data><Data Name='DestPort'>13000</Data><Data Name='Protocol'>6</Data><Data Name='FilterRTID'>68384</Data><Data Name='LayerName'>%%14610</Data><Data Name='LayerRTID'>44</Data><Data Name='RemoteUserID'>S-1-0-0</Data><Data Name='RemoteMachineID'>S-1-0-0</Data></EventData></Event>
<Event xmlns='http://schemas.microsoft.com/win/2004/08/events/event'><System><Provider Name='Microsoft-Windows-Security-Auditing' Guid='{54849625-5478-4994-a5ba-3e3b0328c30d}'/><EventID>4674</EventID><Version>0</Version><Level>0</Level><Task>13056</Task><Opcode>0</Opcode><Keywords>0x8020000000000000</Keywords><TimeCreated SystemTime='2023-03-18T02:00:24.919431200Z'/><EventRecordID>66187966</EventRecordID><Correlation/><Execution ProcessID='4' ThreadID='8000'/><Channel>Security</Channel><Computer>winser-ksc-xdr</Computer><Security/></System><EventData><Data Name='SubjectUserSid'>S-1-5-21-914744472-3749372235-570178920-500</Data><Data Name='SubjectUserName'>Administrator</Data><Data Name='SubjectDomainName'>WINSER-KSC-XDR</Data><Data Name='SubjectLogonId'>0x816a2</Data><Data Name='ObjectServer'>Security</Data><Data Name='ObjectType'>Key</Data><Data Name='ObjectName'>\\REGISTRY\\MACHINE\\SOFTWARE\\Microsoft\\Windows NT\\CurrentVersion\\Perflib</Data><Data Name='HandleId'>0x650</Data><Data Name='AccessMask'>%%1537 %%1538 %%1539 %%1540 %%1542 %%4432 %%4433 %%4434 %%4435 %%4436 %%4437 </Data><Data Name='PrivilegeList'>SeSecurityPrivilege</Data><Data Name='ProcessId'>0x10fc</Data><Data Name='ProcessName'>C:\\Windows\\System32\\wbem\\WmiPrvSE.exe</Data></EventData></Event>
<Event xmlns='http://schemas.microsoft.com/win/2004/08/events/event'><System><Provider Name='Microsoft-Windows-Security-Auditing' Guid='{54849625-5478-4994-a5ba-3e3b0328c30d}'/><EventID>5156</EventID><Version>1</Version><Level>0</Level><Task>12810</Task><Opcode>0</Opcode><Keywords>0x8020000000000000</Keywords><TimeCreated SystemTime='2023-03-18T02:00:24.945951500Z'/><EventRecordID>66187970</EventRecordID><Correlation/><Execution ProcessID='4' ThreadID='8000'/><Channel>Security</Channel><Computer>winser-ksc-xdr</Computer><Security/></System><EventData><Data Name='ProcessID'>3028</Data><Data Name='Application'>\\device\\harddiskvolume2\\program files (x86)\\kaspersky lab\\kaspersky security center\\klserver.exe</Data><Data Name='Direction'>%%14592</Data><Data Name='SourceAddress'>10.90.144.11</Data><Data Name='SourcePort'>62439</Data><Data Name='DestAddress'>10.90.144.7</Data><Data Name='DestPort'>13000</Data><Data Name='Protocol'>6</Data><Data Name='FilterRTID'>68384</Data><Data Name='LayerName'>%%14610</Data><Data Name='LayerRTID'>44</Data><Data Name='RemoteUserID'>S-1-0-0</Data><Data Name='RemoteMachineID'>S-1-0-0</Data></EventData></Event>
<Event xmlns='http://schemas.microsoft.com/win/2004/08/events/event'><System><Provider Name='Microsoft-Windows-Security-Auditing' Guid='{54849625-5478-4994-a5ba-3e3b0328c30d}'/><EventID>5156</EventID><Version>1</Version><Level>0</Level><Task>12810</Task><Opcode>0</Opcode><Keywords>0x8020000000000000</Keywords><TimeCreated SystemTime='2023-03-18T02:00:24.926225700Z'/><EventRecordID>66187968</EventRecordID><Correlation/><Execution ProcessID='4' ThreadID='8000'/><Channel>Security</Channel><Computer>winser-ksc-xdr</Computer><Security/></System><EventData><Data Name='ProcessID'>3028</Data><Data Name='Application'>\\device\\harddiskvolume2\\program files (x86)\\kaspersky lab\\kaspersky security center\\klserver.exe</Data><Data Name='Direction'>%%14592</Data><Data Name='SourceAddress'>127.0.0.1</Data><Data Name='SourcePort'>50187</Data><Data Name='DestAddress'>127.0.0.1</Data><Data Name='DestPort'>13291</Data><Data Name='Protocol'>6</Data><Data Name='FilterRTID'>68384</Data><Data Name='LayerName'>%%14610</Data><Data Name='LayerRTID'>44</Data><Data Name='RemoteUserID'>S-1-0-0</Data><Data Name='RemoteMachineID'>S-1-0-0</Data></EventData></Event>
<Event xmlns='http://schemas.microsoft.com/win/2004/08/events/event'><System><Provider Name='Microsoft-Windows-Security-Auditing' Guid='{54849625-5478-4994-a5ba-3e3b0328c30d}'/><EventID>4674</EventID><Version>0</Version><Level>0</Level><Task>13056</Task><Opcode>0</Opcode><Keywords>0x8020000000000000</Keywords><TimeCreated SystemTime='2023-03-18T02:00:25.945392300Z'/><EventRecordID>66187972</EventRecordID><Correlation/><Execution ProcessID='4' ThreadID='8000'/><Channel>Security</Channel><Computer>winser-ksc-xdr</Computer><Security/></System><EventData><Data Name='SubjectUserSid'>S-1-5-21-914744472-3749372235-570178920-500</Data><Data Name='SubjectUserName'>Administrator</Data><Data Name='SubjectDomainName'>WINSER-KSC-XDR</Data><Data Name='SubjectLogonId'>0x816a2</Data><Data Name='ObjectServer'>Security</Data><Data Name='ObjectType'>-</Data><Data Name='ObjectName'>-</Data><Data Name='HandleId'>0x16f4</Data><Data Name='AccessMask'>17760319</Data><Data Name='PrivilegeList'>SeSecurityPrivilege</Data><Data Name='ProcessId'>0x10fc</Data><Data Name='ProcessName'>C:\\Windows\\System32\\wbem\\WmiPrvSE.exe</Data></EventData></Event>
<Event xmlns='http://schemas.microsoft.com/win/2004/08/events/event'><System><Provider Name='Microsoft-Windows-Security-Auditing' Guid='{54849625-5478-4994-a5ba-3e3b0328c30d}'/><EventID>5156</EventID><Version>1</Version><Level>0</Level><Task>12810</Task><Opcode>0</Opcode><Keywords>0x8020000000000000</Keywords><TimeCreated SystemTime='2023-03-18T02:00:26.208204700Z'/><EventRecordID>66187974</EventRecordID><Correlation/><Execution ProcessID='4' ThreadID='8000'/><Channel>Security</Channel><Computer>winser-ksc-xdr</Computer><Security/></System><EventData><Data Name='ProcessID'>3028</Data><Data Name='Application'>\\device\\harddiskvolume2\\program files (x86)\\kaspersky lab\\kaspersky security center\\klserver.exe</Data><Data Name='Direction'>%%14592</Data><Data Name='SourceAddress'>127.0.0.1</Data><Data Name='SourcePort'>50160</Data><Data Name='DestAddress'>127.0.0.1</Data><Data Name='DestPort'>13291</Data><Data Name='Protocol'>6</Data><Data Name='FilterRTID'>68384</Data><Data Name='LayerName'>%%14610</Data><Data Name='LayerRTID'>44</Data><Data Name='RemoteUserID'>S-1-0-0</Data><Data Name='RemoteMachineID'>S-1-0-0</Data></EventData></Event>
<Event xmlns='http://schemas.microsoft.com/win/2004/08/events/event'><System><Provider Name='Microsoft-Windows-Security-Auditing' Guid='{54849625-5478-4994-a5ba-3e3b0328c30d}'/><EventID>4674</EventID><Version>0</Version><Level>0</Level><Task>13056</Task><Opcode>0</Opcode><Keywords>0x8020000000000000</Keywords><TimeCreated SystemTime='2023-03-18T02:00:25.945381700Z'/><EventRecordID>66187971</EventRecordID><Correlation/><Execution ProcessID='4' ThreadID='8000'/><Channel>Security</Channel><Computer>winser-ksc-xdr</Computer><Security/></System><EventData><Data Name='SubjectUserSid'>S-1-5-21-914744472-3749372235-570178920-500</Data><Data Name='SubjectUserName'>Administrator</Data><Data Name='SubjectDomainName'>WINSER-KSC-XDR</Data><Data Name='SubjectLogonId'>0x816a2</Data><Data Name='ObjectServer'>Security</Data><Data Name='ObjectType'>Key</Data><Data Name='ObjectName'>\\REGISTRY\\MACHINE\\SOFTWARE\\Microsoft\\Windows NT\\CurrentVersion\\Perflib</Data><Data Name='HandleId'>0x16f4</Data><Data Name='AccessMask'>%%1537 %%1538 %%1539 %%1540 %%1542 %%4432 %%4433 %%4434 %%4435 %%4436 %%4437 </Data><Data Name='PrivilegeList'>SeSecurityPrivilege</Data><Data Name='ProcessId'>0x10fc</Data><Data Name='ProcessName'>C:\\Windows\\System32\\wbem\\WmiPrvSE.exe</Data></EventData></Event>
<Event xmlns='http://schemas.microsoft.com/win/2004/08/events/event'><System><Provider Name='Microsoft-Windows-Security-Auditing' Guid='{54849625-5478-4994-a5ba-3e3b0328c30d}'/><EventID>5156</EventID><Version>1</Version><Level>0</Level><Task>12810</Task><Opcode>0</Opcode><Keywords>0x8020000000000000</Keywords><TimeCreated SystemTime='2023-03-18T02:00:26.208185500Z'/><EventRecordID>66187973</EventRecordID><Correlation/><Execution ProcessID='4' ThreadID='8000'/><Channel>Security</Channel><Computer>winser-ksc-xdr</Computer><Security/></System><EventData><Data Name='ProcessID'>7612</Data><Data Name='Application'>\\device\\harddiskvolume2\\windows\\syswow64\\mmc.exe</Data><Data Name='Direction'>%%14593</Data><Data Name='SourceAddress'>127.0.0.1</Data><Data Name='SourcePort'>50160</Data><Data Name='DestAddress'>127.0.0.1</Data><Data Name='DestPort'>13291</Data><Data Name='Protocol'>6</Data><Data Name='FilterRTID'>68368</Data><Data Name='LayerName'>%%14611</Data><Data Name='LayerRTID'>48</Data><Data Name='RemoteUserID'>S-1-0-0</Data><Data Name='RemoteMachineID'>S-1-0-0</Data></EventData></Event>
<Event xmlns='http://schemas.microsoft.com/win/2004/08/events/event'><System><Provider Name='Microsoft-Windows-Security-Auditing' Guid='{54849625-5478-4994-a5ba-3e3b0328c30d}'/><EventID>5156</EventID><Version>1</Version><Level>0</Level><Task>12810</Task><Opcode>0</Opcode><Keywords>0x8020000000000000</Keywords><TimeCreated SystemTime='2023-03-18T02:00:26.374776700Z'/><EventRecordID>66187976</EventRecordID><Correlation/><Execution ProcessID='4' ThreadID='8000'/><Channel>Security</Channel><Computer>winser-ksc-xdr</Computer><Security/></System><EventData><Data Name='ProcessID'>3940</Data><Data Name='Application'>\\device\\harddiskvolume2\\program files\\kaspersky lab\\kaspersky security center web console\\vendor\\nsqd.exe</Data><Data Name='Direction'>%%14592</Data><Data Name='SourceAddress'>127.0.0.1</Data><Data Name='SourcePort'>49706</Data><Data Name='DestAddress'>127.0.0.1</Data><Data Name='DestPort'>4150</Data><Data Name='Protocol'>6</Data><Data Name='FilterRTID'>68384</Data><Data Name='LayerName'>%%14610</Data><Data Name='LayerRTID'>44</Data><Data Name='RemoteUserID'>S-1-0-0</Data><Data Name='RemoteMachineID'>S-1-0-0</Data></EventData></Event>
<Event xmlns='http://schemas.microsoft.com/win/2004/08/events/event'><System><Provider Name='Microsoft-Windows-Security-Auditing' Guid='{54849625-5478-4994-a5ba-3e3b0328c30d}'/><EventID>5156</EventID><Version>1</Version><Level>0</Level><Task>12810</Task><Opcode>0</Opcode><Keywords>0x8020000000000000</Keywords><TimeCreated SystemTime='2023-03-18T02:00:26.374790400Z'/><EventRecordID>66187977</EventRecordID><Correlation/><Execution ProcessID='4' ThreadID='8000'/><Channel>Security</Channel><Computer>winser-ksc-xdr</Computer><Security/></System><EventData><Data Name='ProcessID'>3940</Data><Data Name='Application'>\\device\\harddiskvolume2\\program files\\kaspersky lab\\kaspersky security center web console\\vendor\\nsqd.exe</Data><Data Name='Direction'>%%14592</Data><Data Name='SourceAddress'>127.0.0.1</Data><Data Name='SourcePort'>49704</Data><Data Name='DestAddress'>127.0.0.1</Data><Data Name='DestPort'>4150</Data><Data Name='Protocol'>6</Data><Data Name='FilterRTID'>68384</Data><Data Name='LayerName'>%%14610</Data><Data Name='LayerRTID'>44</Data><Data Name='RemoteUserID'>S-1-0-0</Data><Data Name='RemoteMachineID'>S-1-0-0</Data></EventData></Event>
<Event xmlns='http://schemas.microsoft.com/win/2004/08/events/event'><System><Provider Name='Microsoft-Windows-Security-Auditing' Guid='{54849625-5478-4994-a5ba-3e3b0328c30d}'/><EventID>5156</EventID><Version>1</Version><Level>0</Level><Task>12810</Task><Opcode>0</Opcode><Keywords>0x8020000000000000</Keywords><TimeCreated SystemTime='2023-03-18T02:00:26.374804100Z'/><EventRecordID>66187978</EventRecordID><Correlation/><Execution ProcessID='4' ThreadID='8000'/><Channel>Security</Channel><Computer>winser-ksc-xdr</Computer><Security/></System><EventData><Data Name='ProcessID'>3940</Data><Data Name='Application'>\\device\\harddiskvolume2\\program files\\kaspersky lab\\kaspersky security center web console\\vendor\\nsqd.exe</Data><Data Name='Direction'>%%14592</Data><Data Name='SourceAddress'>127.0.0.1</Data><Data Name='SourcePort'>49707</Data><Data Name='DestAddress'>127.0.0.1</Data><Data Name='DestPort'>4150</Data><Data Name='Protocol'>6</Data><Data Name='FilterRTID'>68384</Data><Data Name='LayerName'>%%14610</Data><Data Name='LayerRTID'>44</Data><Data Name='RemoteUserID'>S-1-0-0</Data><Data Name='RemoteMachineID'>S-1-0-0</Data></EventData></Event>
<Event xmlns='http://schemas.microsoft.com/win/2004/08/events/event'><System><Provider Name='Microsoft-Windows-Security-Auditing' Guid='{54849625-5478-4994-a5ba-3e3b0328c30d}'/><EventID>5156</EventID><Version>1</Version><Level>0</Level><Task>12810</Task><Opcode>0</Opcode><Keywords>0x8020000000000000</Keywords><TimeCreated SystemTime='2023-03-18T02:00:26.227218900Z'/><EventRecordID>66187975</EventRecordID><Correlation/><Execution ProcessID='4' ThreadID='8000'/><Channel>Security</Channel><Computer>winser-ksc-xdr</Computer><Security/></System><EventData><Data Name='ProcessID'>8004</Data><Data Name='Application'>\\device\\harddiskvolume2\\program files\\microsoft sql server\\mssql15.sqlexpress\\mssql\\binn\\sqlservr.exe</Data><Data Name='Direction'>%%14592</Data><Data Name='SourceAddress'>10.90.144.7</Data><Data Name='SourcePort'>54615</Data><Data Name='DestAddress'>10.90.144.7</Data><Data Name='DestPort'>1433</Data><Data Name='Protocol'>6</Data><Data Name='FilterRTID'>68384</Data><Data Name='LayerName'>%%14610</Data><Data Name='LayerRTID'>44</Data><Data Name='RemoteUserID'>S-1-0-0</Data><Data Name='RemoteMachineID'>S-1-0-0</Data></EventData></Event>
<Event xmlns='http://schemas.microsoft.com/win/2004/08/events/event'><System><Provider Name='Microsoft-Windows-Security-Auditing' Guid='{54849625-5478-4994-a5ba-3e3b0328c30d}'/><EventID>5156</EventID><Version>1</Version><Level>0</Level><Task>12810</Task><Opcode>0</Opcode><Keywords>0x8020000000000000</Keywords><TimeCreated SystemTime='2023-03-18T02:00:26.374832500Z'/><EventRecordID>66187980</EventRecordID><Correlation/><Execution ProcessID='4' ThreadID='8000'/><Channel>Security</Channel><Computer>winser-ksc-xdr</Computer><Security/></System><EventData><Data Name='ProcessID'>5112</Data><Data Name='Application'>\\device\\harddiskvolume2\\program files\\kaspersky lab\\kaspersky security center web console\\node.exe</Data><Data Name='Direction'>%%14593</Data><Data Name='SourceAddress'>127.0.0.1</Data><Data Name='SourcePort'>49704</Data><Data Name='DestAddress'>127.0.0.1</Data><Data Name='DestPort'>4150</Data><Data Name='Protocol'>6</Data><Data Name='FilterRTID'>68368</Data><Data Name='LayerName'>%%14611</Data><Data Name='LayerRTID'>48</Data><Data Name='RemoteUserID'>S-1-0-0</Data><Data Name='RemoteMachineID'>S-1-0-0</Data></EventData></Event>
<Event xmlns='http://schemas.microsoft.com/win/2004/08/events/event'><System><Provider Name='Microsoft-Windows-Security-Auditing' Guid='{54849625-5478-4994-a5ba-3e3b0328c30d}'/><EventID>5156</EventID><Version>1</Version><Level>0</Level><Task>12810</Task><Opcode>0</Opcode><Keywords>0x8020000000000000</Keywords><TimeCreated SystemTime='2023-03-18T02:00:26.374819300Z'/><EventRecordID>66187979</EventRecordID><Correlation/><Execution ProcessID='4' ThreadID='8000'/><Channel>Security</Channel><Computer>winser-ksc-xdr</Computer><Security/></System><EventData><Data Name='ProcessID'>3940</Data><Data Name='Application'>\\device\\harddiskvolume2\\program files\\kaspersky lab\\kaspersky security center web console\\vendor\\nsqd.exe</Data><Data Name='Direction'>%%14592</Data><Data Name='SourceAddress'>127.0.0.1</Data><Data Name='SourcePort'>49705</Data><Data Name='DestAddress'>127.0.0.1</Data><Data Name='DestPort'>4150</Data><Data Name='Protocol'>6</Data><Data Name='FilterRTID'>68384</Data><Data Name='LayerName'>%%14610</Data><Data Name='LayerRTID'>44</Data><Data Name='RemoteUserID'>S-1-0-0</Data><Data Name='RemoteMachineID'>S-1-0-0</Data></EventData></Event>
<Event xmlns='http://schemas.microsoft.com/win/2004/08/events/event'><System><Provider Name='Microsoft-Windows-Security-Auditing' Guid='{54849625-5478-4994-a5ba-3e3b0328c30d}'/><EventID>5156</EventID><Version>1</Version><Level>0</Level><Task>12810</Task><Opcode>0</Opcode><Keywords>0x8020000000000000</Keywords><TimeCreated SystemTime='2023-03-18T02:00:26.374860500Z'/><EventRecordID>66187982</EventRecordID><Correlation/><Execution ProcessID='4' ThreadID='8000'/><Channel>Security</Channel><Computer>winser-ksc-xdr</Computer><Security/></System><EventData><Data Name='ProcessID'>5236</Data><Data Name='Application'>\\device\\harddiskvolume2\\program files\\kaspersky lab\\kaspersky security center web console\\node.exe</Data><Data Name='Direction'>%%14593</Data><Data Name='SourceAddress'>127.0.0.1</Data><Data Name='SourcePort'>49706</Data><Data Name='DestAddress'>127.0.0.1</Data><Data Name='DestPort'>4150</Data><Data Name='Protocol'>6</Data><Data Name='FilterRTID'>68368</Data><Data Name='LayerName'>%%14611</Data><Data Name='LayerRTID'>48</Data><Data Name='RemoteUserID'>S-1-0-0</Data><Data Name='RemoteMachineID'>S-1-0-0</Data></EventData></Event>
<Event xmlns='http://schemas.microsoft.com/win/2004/08/events/event'><System><Provider Name='Microsoft-Windows-Security-Auditing' Guid='{54849625-5478-4994-a5ba-3e3b0328c30d}'/><EventID>5156</EventID><Version>1</Version><Level>0</Level><Task>12810</Task><Opcode>0</Opcode><Keywords>0x8020000000000000</Keywords><TimeCreated SystemTime='2023-03-18T02:00:26.374886800Z'/><EventRecordID>66187984</EventRecordID><Correlation/><Execution ProcessID='4' ThreadID='8000'/><Channel>Security</Channel><Computer>winser-ksc-xdr</Computer><Security/></System><EventData><Data Name='ProcessID'>5236</Data><Data Name='Application'>\\device\\harddiskvolume2\\program files\\kaspersky lab\\kaspersky security center web console\\node.exe</Data><Data Name='Direction'>%%14593</Data><Data Name='SourceAddress'>127.0.0.1</Data><Data Name='SourcePort'>49707</Data><Data Name='DestAddress'>127.0.0.1</Data><Data Name='DestPort'>4150</Data><Data Name='Protocol'>6</Data><Data Name='FilterRTID'>68368</Data><Data Name='LayerName'>%%14611</Data><Data Name='LayerRTID'>48</Data><Data Name='RemoteUserID'>S-1-0-0</Data><Data Name='RemoteMachineID'>S-1-0-0</Data></EventData></Event>
<Event xmlns='http://schemas.microsoft.com/win/2004/08/events/event'><System><Provider Name='Microsoft-Windows-Security-Auditing' Guid='{54849625-5478-4994-a5ba-3e3b0328c30d}'/><EventID>5156</EventID><Version>1</Version><Level>0</Level><Task>12810</Task><Opcode>0</Opcode><Keywords>0x8020000000000000</Keywords><TimeCreated SystemTime='2023-03-18T02:00:26.374846300Z'/><EventRecordID>66187981</EventRecordID><Correlation/><Execution ProcessID='4' ThreadID='8000'/><Channel>Security</Channel><Computer>winser-ksc-xdr</Computer><Security/></System><EventData><Data Name='ProcessID'>5112</Data><Data Name='Application'>\\device\\harddiskvolume2\\program files\\kaspersky lab\\kaspersky security center web console\\node.exe</Data><Data Name='Direction'>%%14593</Data><Data Name='SourceAddress'>127.0.0.1</Data><Data Name='SourcePort'>49704</Data><Data Name='DestAddress'>127.0.0.1</Data><Data Name='DestPort'>4150</Data><Data Name='Protocol'>6</Data><Data Name='FilterRTID'>68368</Data><Data Name='LayerName'>%%14611</Data><Data Name='LayerRTID'>48</Data><Data Name='RemoteUserID'>S-1-0-0</Data><Data Name='RemoteMachineID'>S-1-0-0</Data></EventData></Event>
<Event xmlns='http://schemas.microsoft.com/win/2004/08/events/event'><System><Provider Name='Microsoft-Windows-Security-Auditing' Guid='{54849625-5478-4994-a5ba-3e3b0328c30d}'/><EventID>5156</EventID><Version>1</Version><Level>0</Level><Task>12810</Task><Opcode>0</Opcode><Keywords>0x8020000000000000</Keywords><TimeCreated SystemTime='2023-03-18T02:00:26.374900400Z'/><EventRecordID>66187985</EventRecordID><Correlation/><Execution ProcessID='4' ThreadID='8000'/><Channel>Security</Channel><Computer>winser-ksc-xdr</Computer><Security/></System><EventData><Data Name='ProcessID'>5236</Data><Data Name='Application'>\\device\\harddiskvolume2\\program files\\kaspersky lab\\kaspersky security center web console\\node.exe</Data><Data Name='Direction'>%%14593</Data><Data Name='SourceAddress'>127.0.0.1</Data><Data Name='SourcePort'>49707</Data><Data Name='DestAddress'>127.0.0.1</Data><Data Name='DestPort'>4150</Data><Data Name='Protocol'>6</Data><Data Name='FilterRTID'>68368</Data><Data Name='LayerName'>%%14611</Data><Data Name='LayerRTID'>48</Data><Data Name='RemoteUserID'>S-1-0-0</Data><Data Name='RemoteMachineID'>S-1-0-0</Data></EventData></Event>
<Event xmlns='http://schemas.microsoft.com/win/2004/08/events/event'><System><Provider Name='Microsoft-Windows-Security-Auditing' Guid='{54849625-5478-4994-a5ba-3e3b0328c30d}'/><EventID>5156</EventID><Version>1</Version><Level>0</Level><Task>12810</Task><Opcode>0</Opcode><Keywords>0x8020000000000000</Keywords><TimeCreated SystemTime='2023-03-18T02:00:26.374913100Z'/><EventRecordID>66187986</EventRecordID><Correlation/><Execution ProcessID='4' ThreadID='8000'/><Channel>Security</Channel><Computer>winser-ksc-xdr</Computer><Security/></System><EventData><Data Name='ProcessID'>5112</Data><Data Name='Application'>\\device\\harddiskvolume2\\program files\\kaspersky lab\\kaspersky security center web console\\node.exe</Data><Data Name='Direction'>%%14593</Data><Data Name='SourceAddress'>127.0.0.1</Data><Data Name='SourcePort'>49705</Data><Data Name='DestAddress'>127.0.0.1</Data><Data Name='DestPort'>4150</Data><Data Name='Protocol'>6</Data><Data Name='FilterRTID'>68368</Data><Data Name='LayerName'>%%14611</Data><Data Name='LayerRTID'>48</Data><Data Name='RemoteUserID'>S-1-0-0</Data><Data Name='RemoteMachineID'>S-1-0-0</Data></EventData></Event>
<Event xmlns='http://schemas.microsoft.com/win/2004/08/events/event'><System><Provider Name='Microsoft-Windows-Security-Auditing' Guid='{54849625-5478-4994-a5ba-3e3b0328c30d}'/><EventID>5156</EventID><Version>1</Version><Level>0</Level><Task>12810</Task><Opcode>0</Opcode><Keywords>0x8020000000000000</Keywords><TimeCreated SystemTime='2023-03-18T02:00:26.374873800Z'/><EventRecordID>66187983</EventRecordID><Correlation/><Execution ProcessID='4' ThreadID='8000'/><Channel>Security</Channel><Computer>winser-ksc-xdr</Computer><Security/></System><EventData><Data Name='ProcessID'>5236</Data><Data Name='Application'>\\device\\harddiskvolume2\\program files\\kaspersky lab\\kaspersky security center web console\\node.exe</Data><Data Name='Direction'>%%14593</Data><Data Name='SourceAddress'>127.0.0.1</Data><Data Name='SourcePort'>49706</Data><Data Name='DestAddress'>127.0.0.1</Data><Data Name='DestPort'>4150</Data><Data Name='Protocol'>6</Data><Data Name='FilterRTID'>68368</Data><Data Name='LayerName'>%%14611</Data><Data Name='LayerRTID'>48</Data><Data Name='RemoteUserID'>S-1-0-0</Data><Data Name='RemoteMachineID'>S-1-0-0</Data></EventData></Event>
<Event xmlns='http://schemas.microsoft.com/win/2004/08/events/event'><System><Provider Name='Microsoft-Windows-Security-Auditing' Guid='{54849625-5478-4994-a5ba-3e3b0328c30d}'/><EventID>5156</EventID><Version>1</Version><Level>0</Level><Task>12810</Task><Opcode>0</Opcode><Keywords>0x8020000000000000</Keywords><TimeCreated SystemTime='2023-03-18T02:00:26.375259400Z'/><EventRecordID>66187988</EventRecordID><Correlation/><Execution ProcessID='4' ThreadID='8000'/><Channel>Security</Channel><Computer>winser-ksc-xdr</Computer><Security/></System><EventData><Data Name='ProcessID'>3940</Data><Data Name='Application'>\\device\\harddiskvolume2\\program files\\kaspersky lab\\kaspersky security center web console\\vendor\\nsqd.exe</Data><Data Name='Direction'>%%14592</Data><Data Name='SourceAddress'>127.0.0.1</Data><Data Name='SourcePort'>49704</Data><Data Name='DestAddress'>127.0.0.1</Data><Data Name='DestPort'>4150</Data><Data Name='Protocol'>6</Data><Data Name='FilterRTID'>68384</Data><Data Name='LayerName'>%%14610</Data><Data Name='LayerRTID'>44</Data><Data Name='RemoteUserID'>S-1-0-0</Data><Data Name='RemoteMachineID'>S-1-0-0</Data></EventData></Event>
<Event xmlns='http://schemas.microsoft.com/win/2004/08/events/event'><System><Provider Name='Microsoft-Windows-Security-Auditing' Guid='{54849625-5478-4994-a5ba-3e3b0328c30d}'/><EventID>5156</EventID><Version>1</Version><Level>0</Level><Task>12810</Task><Opcode>0</Opcode><Keywords>0x8020000000000000</Keywords><TimeCreated SystemTime='2023-03-18T02:00:26.375244900Z'/><EventRecordID>66187987</EventRecordID><Correlation/><Execution ProcessID='4' ThreadID='8000'/><Channel>Security</Channel><Computer>winser-ksc-xdr</Computer><Security/></System><EventData><Data Name='ProcessID'>5112</Data><Data Name='Application'>\\device\\harddiskvolume2\\program files\\kaspersky lab\\kaspersky security center web console\\node.exe</Data><Data Name='Direction'>%%14593</Data><Data Name='SourceAddress'>127.0.0.1</Data><Data Name='SourcePort'>49705</Data><Data Name='DestAddress'>127.0.0.1</Data><Data Name='DestPort'>4150</Data><Data Name='Protocol'>6</Data><Data Name='FilterRTID'>68368</Data><Data Name='LayerName'>%%14611</Data><Data Name='LayerRTID'>48</Data><Data Name='RemoteUserID'>S-1-0-0</Data><Data Name='RemoteMachineID'>S-1-0-0</Data></EventData></Event>
<Event xmlns='http://schemas.microsoft.com/win/2004/08/events/event'><System><Provider Name='Microsoft-Windows-Security-Auditing' Guid='{54849625-5478-4994-a5ba-3e3b0328c30d}'/><EventID>5156</EventID><Version>1</Version><Level>0</Level><Task>12810</Task><Opcode>0</Opcode><Keywords>0x8020000000000000</Keywords><TimeCreated SystemTime='2023-03-18T02:00:26.375274400Z'/><EventRecordID>66187989</EventRecordID><Correlation/><Execution ProcessID='4' ThreadID='8000'/><Channel>Security</Channel><Computer>winser-ksc-xdr</Computer><Security/></System><EventData><Data Name='ProcessID'>3940</Data><Data Name='Application'>\\device\\harddiskvolume2\\program files\\kaspersky lab\\kaspersky security center web console\\vendor\\nsqd.exe</Data><Data Name='Direction'>%%14592</Data><Data Name='SourceAddress'>127.0.0.1</Data><Data Name='SourcePort'>49706</Data><Data Name='DestAddress'>127.0.0.1</Data><Data Name='DestPort'>4150</Data><Data Name='Protocol'>6</Data><Data Name='FilterRTID'>68384</Data><Data Name='LayerName'>%%14610</Data><Data Name='LayerRTID'>44</Data><Data Name='RemoteUserID'>S-1-0-0</Data><Data Name='RemoteMachineID'>S-1-0-0</Data></EventData></Event>
<Event xmlns='http://schemas.microsoft.com/win/2004/08/events/event'><System><Provider Name='Microsoft-Windows-Security-Auditing' Guid='{54849625-5478-4994-a5ba-3e3b0328c30d}'/><EventID>5156</EventID><Version>1</Version><Level>0</Level><Task>12810</Task><Opcode>0</Opcode><Keywords>0x8020000000000000</Keywords><TimeCreated SystemTime='2023-03-18T02:00:26.375287200Z'/><EventRecordID>66187990</EventRecordID><Correlation/><Execution ProcessID='4' ThreadID='8000'/><Channel>Security</Channel><Computer>winser-ksc-xdr</Computer><Security/></System><EventData><Data Name='ProcessID'>3940</Data><Data Name='Application'>\\device\\harddiskvolume2\\program files\\kaspersky lab\\kaspersky security center web console\\vendor\\nsqd.exe</Data><Data Name='Direction'>%%14592</Data><Data Name='SourceAddress'>127.0.0.1</Data><Data Name='SourcePort'>49707</Data><Data Name='DestAddress'>127.0.0.1</Data><Data Name='DestPort'>4150</Data><Data Name='Protocol'>6</Data><Data Name='FilterRTID'>68384</Data><Data Name='LayerName'>%%14610</Data><Data Name='LayerRTID'>44</Data><Data Name='RemoteUserID'>S-1-0-0</Data><Data Name='RemoteMachineID'>S-1-0-0</Data></EventData></Event>
<Event xmlns='http://schemas.microsoft.com/win/2004/08/events/event'><System><Provider Name='Microsoft-Windows-Security-Auditing' Guid='{54849625-5478-4994-a5ba-3e3b0328c30d}'/><EventID>5156</EventID><Version>1</Version><Level>0</Level><Task>12810</Task><Opcode>0</Opcode><Keywords>0x8020000000000000</Keywords><TimeCreated SystemTime='2023-03-18T02:00:26.375299500Z'/><EventRecordID>66187991</EventRecordID><Correlation/><Execution ProcessID='4' ThreadID='8000'/><Channel>Security</Channel><Computer>winser-ksc-xdr</Computer><Security/></System><EventData><Data Name='ProcessID'>3940</Data><Data Name='Application'>\\device\\harddiskvolume2\\program files\\kaspersky lab\\kaspersky security center web console\\vendor\\nsqd.exe</Data><Data Name='Direction'>%%14592</Data><Data Name='SourceAddress'>127.0.0.1</Data><Data Name='SourcePort'>49705</Data><Data Name='DestAddress'>127.0.0.1</Data><Data Name='DestPort'>4150</Data><Data Name='Protocol'>6</Data><Data Name='FilterRTID'>68384</Data><Data Name='LayerName'>%%14610</Data><Data Name='LayerRTID'>44</Data><Data Name='RemoteUserID'>S-1-0-0</Data><Data Name='RemoteMachineID'>S-1-0-0</Data></EventData></Event>
<Event xmlns='http://schemas.microsoft.com/win/2004/08/events/event'><System><Provider Name='Microsoft-Windows-Security-Auditing' Guid='{54849625-5478-4994-a5ba-3e3b0328c30d}'/><EventID>4703</EventID><Version>0</Version><Level>0</Level><Task>13317</Task><Opcode>0</Opcode><Keywords>0x8020000000000000</Keywords><TimeCreated SystemTime='2023-03-18T02:00:26.981422100Z'/><EventRecordID>66187992</EventRecordID><Correlation/><Execution ProcessID='4' ThreadID='12508'/><Channel>Security</Channel><Computer>winser-ksc-xdr</Computer><Security/></System><EventData><Data Name='SubjectUserSid'>S-1-5-18</Data><Data Name='SubjectUserName'>WINSER-KSC-XDR$</Data><Data Name='SubjectDomainName'>WORKGROUP</Data><Data Name='SubjectLogonId'>0x3e7</Data><Data Name='TargetUserSid'>S-1-0-0</Data><Data Name='TargetUserName'>WINSER-KSC-XDR$</Data><Data Name='TargetDomainName'>WORKGROUP</Data><Data Name='TargetLogonId'>0x3e7</Data><Data Name='ProcessName'>C:\\Windows\\System32\\svchost.exe</Data><Data Name='ProcessId'>0xbc4</Data><Data Name='EnabledPrivilegeList'>SeAssignPrimaryTokenPrivilege SeIncreaseQuotaPrivilege SeSecurityPrivilege SeTakeOwnershipPrivilege SeLoadDriverPrivilege SeSystemtimePrivilege SeBackupPrivilege SeRestorePrivilege SeShutdownPrivilege SeSystemEnvironmentPrivilege SeUndockPrivilege SeManageVolumePrivilege</Data><Data Name='DisabledPrivilegeList'>-</Data></EventData></Event>
<Event xmlns='http://schemas.microsoft.com/win/2004/08/events/event'><System><Provider Name='Microsoft-Windows-Security-Auditing' Guid='{54849625-5478-4994-a5ba-3e3b0328c30d}'/><EventID>5156</EventID><Version>1</Version><Level>0</Level><Task>12810</Task><Opcode>0</Opcode><Keywords>0x8020000000000000</Keywords><TimeCreated SystemTime='2023-03-18T02:00:27.467270000Z'/><EventRecordID>66187995</EventRecordID><Correlation/><Execution ProcessID='4' ThreadID='8228'/><Channel>Security</Channel><Computer>winser-ksc-xdr</Computer><Security/></System><EventData><Data Name='ProcessID'>5724</Data><Data Name='Application'>\\device\\harddiskvolume2\\program files (x86)\\kaspersky lab\\kaspersky security center\\ksnproxy.exe</Data><Data Name='Direction'>%%14593</Data><Data Name='SourceAddress'>10.90.144.7</Data><Data Name='SourcePort'>53504</Data><Data Name='DestAddress'>10.70.8.4</Data><Data Name='DestPort'>53</Data><Data Name='Protocol'>17</Data><Data Name='FilterRTID'>68368</Data><Data Name='LayerName'>%%14611</Data><Data Name='LayerRTID'>48</Data><Data Name='RemoteUserID'>S-1-0-0</Data><Data Name='RemoteMachineID'>S-1-0-0</Data></EventData></Event>
<Event xmlns='http://schemas.microsoft.com/win/2004/08/events/event'><System><Provider Name='Microsoft-Windows-Security-Auditing' Guid='{54849625-5478-4994-a5ba-3e3b0328c30d}'/><EventID>5158</EventID><Version>0</Version><Level>0</Level><Task>12810</Task><Opcode>0</Opcode><Keywords>0x8020000000000000</Keywords><TimeCreated SystemTime='2023-03-18T02:00:27.467059800Z'/><EventRecordID>66187993</EventRecordID><Correlation/><Execution ProcessID='4' ThreadID='8228'/><Channel>Security</Channel><Computer>winser-ksc-xdr</Computer><Security/></System><EventData><Data Name='ProcessId'>5724</Data><Data Name='Application'>\\device\\harddiskvolume2\\program files (x86)\\kaspersky lab\\kaspersky security center\\ksnproxy.exe</Data><Data Name='SourceAddress'>0.0.0.0</Data><Data Name='SourcePort'>53504</Data><Data Name='Protocol'>17</Data><Data Name='FilterRTID'>68362</Data><Data Name='LayerName'>%%14608</Data><Data Name='LayerRTID'>36</Data></EventData></Event>
<Event xmlns='http://schemas.microsoft.com/win/2004/08/events/event'><System><Provider Name='Microsoft-Windows-Security-Auditing' Guid='{54849625-5478-4994-a5ba-3e3b0328c30d}'/><EventID>5156</EventID><Version>1</Version><Level>0</Level><Task>12810</Task><Opcode>0</Opcode><Keywords>0x8020000000000000</Keywords><TimeCreated SystemTime='2023-03-18T02:00:27.467204400Z'/><EventRecordID>66187994</EventRecordID><Correlation/><Execution ProcessID='4' ThreadID='8228'/><Channel>Security</Channel><Computer>winser-ksc-xdr</Computer><Security/></System><EventData><Data Name='ProcessID'>5724</Data><Data Name='Application'>\\device\\harddiskvolume2\\program files (x86)\\kaspersky lab\\kaspersky security center\\ksnproxy.exe</Data><Data Name='Direction'>%%14593</Data><Data Name='SourceAddress'>10.90.144.7</Data><Data Name='SourcePort'>53504</Data><Data Name='DestAddress'>10.70.8.4</Data><Data Name='DestPort'>53</Data><Data Name='Protocol'>17</Data><Data Name='FilterRTID'>68368</Data><Data Name='LayerName'>%%14611</Data><Data Name='LayerRTID'>48</Data><Data Name='RemoteUserID'>S-1-0-0</Data><Data Name='RemoteMachineID'>S-1-0-0</Data></EventData></Event>
<Event xmlns='http://schemas.microsoft.com/win/2004/08/events/event'><System><Provider Name='Microsoft-Windows-Security-Auditing' Guid='{54849625-5478-4994-a5ba-3e3b0328c30d}'/><EventID>5158</EventID><Version>0</Version><Level>0</Level><Task>12810</Task><Opcode>0</Opcode><Keywords>0x8020000000000000</Keywords><TimeCreated SystemTime='2023-03-18T02:00:27.467407500Z'/><EventRecordID>66187996</EventRecordID><Correlation/><Execution ProcessID='4' ThreadID='8228'/><Channel>Security</Channel><Computer>winser-ksc-xdr</Computer><Security/></System><EventData><Data Name='ProcessId'>5724</Data><Data Name='Application'>\\device\\harddiskvolume2\\program files (x86)\\kaspersky lab\\kaspersky security center\\ksnproxy.exe</Data><Data Name='SourceAddress'>0.0.0.0</Data><Data Name='SourcePort'>53505</Data><Data Name='Protocol'>17</Data><Data Name='FilterRTID'>68362</Data><Data Name='LayerName'>%%14608</Data><Data Name='LayerRTID'>36</Data></EventData></Event>
<Event xmlns='http://schemas.microsoft.com/win/2004/08/events/event'><System><Provider Name='Microsoft-Windows-Security-Auditing' Guid='{54849625-5478-4994-a5ba-3e3b0328c30d}'/><EventID>5156</EventID><Version>1</Version><Level>0</Level><Task>12810</Task><Opcode>0</Opcode><Keywords>0x8020000000000000</Keywords><TimeCreated SystemTime='2023-03-18T02:00:27.467870500Z'/><EventRecordID>66187999</EventRecordID><Correlation/><Execution ProcessID='4' ThreadID='8228'/><Channel>Security</Channel><Computer>winser-ksc-xdr</Computer><Security/></System><EventData><Data Name='ProcessID'>5724</Data><Data Name='Application'>\\device\\harddiskvolume2\\program files (x86)\\kaspersky lab\\kaspersky security center\\ksnproxy.exe</Data><Data Name='Direction'>%%14593</Data><Data Name='SourceAddress'>10.90.144.7</Data><Data Name='SourcePort'>53505</Data><Data Name='DestAddress'>10.70.8.4</Data><Data Name='DestPort'>53</Data><Data Name='Protocol'>17</Data><Data Name='FilterRTID'>68368</Data><Data Name='LayerName'>%%14611</Data><Data Name='LayerRTID'>48</Data><Data Name='RemoteUserID'>S-1-0-0</Data><Data Name='RemoteMachineID'>S-1-0-0</Data></EventData></Event>
<Event xmlns='http://schemas.microsoft.com/win/2004/08/events/event'><System><Provider Name='Microsoft-Windows-Security-Auditing' Guid='{54849625-5478-4994-a5ba-3e3b0328c30d}'/><EventID>5156</EventID><Version>1</Version><Level>0</Level><Task>12810</Task><Opcode>0</Opcode><Keywords>0x8020000000000000</Keywords><TimeCreated SystemTime='2023-03-18T02:00:27.467858900Z'/><EventRecordID>66187997</EventRecordID><Correlation/><Execution ProcessID='4' ThreadID='8228'/><Channel>Security</Channel><Computer>winser-ksc-xdr</Computer><Security/></System><EventData><Data Name='ProcessID'>5724</Data><Data Name='Application'>\\device\\harddiskvolume2\\program files (x86)\\kaspersky lab\\kaspersky security center\\ksnproxy.exe</Data><Data Name='Direction'>%%14593</Data><Data Name='SourceAddress'>10.90.144.7</Data><Data Name='SourcePort'>53505</Data><Data Name='DestAddress'>10.70.8.4</Data><Data Name='DestPort'>53</Data><Data Name='Protocol'>17</Data><Data Name='FilterRTID'>68368</Data><Data Name='LayerName'>%%14611</Data><Data Name='LayerRTID'>48</Data><Data Name='RemoteUserID'>S-1-0-0</Data><Data Name='RemoteMachineID'>S-1-0-0</Data></EventData></Event>
<Event xmlns='http://schemas.microsoft.com/win/2004/08/events/event'><System><Provider Name='Microsoft-Windows-Security-Auditing' Guid='{54849625-5478-4994-a5ba-3e3b0328c30d}'/><EventID>5156</EventID><Version>1</Version><Level>0</Level><Task>12810</Task><Opcode>0</Opcode><Keywords>0x8020000000000000</Keywords><TimeCreated SystemTime='2023-03-18T02:00:27.467865400Z'/><EventRecordID>66187998</EventRecordID><Correlation/><Execution ProcessID='4' ThreadID='8228'/><Channel>Security</Channel><Computer>winser-ksc-xdr</Computer><Security/></System><EventData><Data Name='ProcessID'>3028</Data><Data Name='Application'>\\device\\harddiskvolume2\\program files (x86)\\kaspersky lab\\kaspersky security center\\klserver.exe</Data><Data Name='Direction'>%%14593</Data><Data Name='SourceAddress'>10.90.144.7</Data><Data Name='SourcePort'>55002</Data><Data Name='DestAddress'>10.90.144.7</Data><Data Name='DestPort'>1433</Data><Data Name='Protocol'>6</Data><Data Name='FilterRTID'>68368</Data><Data Name='LayerName'>%%14611</Data><Data Name='LayerRTID'>48</Data><Data Name='RemoteUserID'>S-1-0-0</Data><Data Name='RemoteMachineID'>S-1-0-0</Data></EventData></Event>
<Event xmlns='http://schemas.microsoft.com/win/2004/08/events/event'><System><Provider Name='Microsoft-Windows-Security-Auditing' Guid='{54849625-5478-4994-a5ba-3e3b0328c30d}'/><EventID>5156</EventID><Version>1</Version><Level>0</Level><Task>12810</Task><Opcode>0</Opcode><Keywords>0x8020000000000000</Keywords><TimeCreated SystemTime='2023-03-18T02:00:27.467875300Z'/><EventRecordID>66188000</EventRecordID><Correlation/><Execution ProcessID='4' ThreadID='8228'/><Channel>Security</Channel><Computer>winser-ksc-xdr</Computer><Security/></System><EventData><Data Name='ProcessID'>3028</Data><Data Name='Application'>\\device\\harddiskvolume2\\program files (x86)\\kaspersky lab\\kaspersky security center\\klserver.exe</Data><Data Name='Direction'>%%14593</Data><Data Name='SourceAddress'>10.90.144.7</Data><Data Name='SourcePort'>55002</Data><Data Name='DestAddress'>10.90.144.7</Data><Data Name='DestPort'>1433</Data><Data Name='Protocol'>6</Data><Data Name='FilterRTID'>68368</Data><Data Name='LayerName'>%%14611</Data><Data Name='LayerRTID'>48</Data><Data Name='RemoteUserID'>S-1-0-0</Data><Data Name='RemoteMachineID'>S-1-0-0</Data></EventData></Event>
<Event xmlns='http://schemas.microsoft.com/win/2004/08/events/event'><System><Provider Name='Microsoft-Windows-Security-Auditing' Guid='{54849625-5478-4994-a5ba-3e3b0328c30d}'/><EventID>5158</EventID><Version>0</Version><Level>0</Level><Task>12810</Task><Opcode>0</Opcode><Keywords>0x8020000000000000</Keywords><TimeCreated SystemTime='2023-03-18T02:00:27.468026700Z'/><EventRecordID>66188004</EventRecordID><Correlation/><Execution ProcessID='4' ThreadID='8228'/><Channel>Security</Channel><Computer>winser-ksc-xdr</Computer><Security/></System><EventData><Data Name='ProcessId'>5724</Data><Data Name='Application'>\\device\\harddiskvolume2\\program files (x86)\\kaspersky lab\\kaspersky security center\\ksnproxy.exe</Data><Data Name='SourceAddress'>0.0.0.0</Data><Data Name='SourcePort'>53507</Data><Data Name='Protocol'>17</Data><Data Name='FilterRTID'>68362</Data><Data Name='LayerName'>%%14608</Data><Data Name='LayerRTID'>36</Data></EventData></Event>
<Event xmlns='http://schemas.microsoft.com/win/2004/08/events/event'><System><Provider Name='Microsoft-Windows-Security-Auditing' Guid='{54849625-5478-4994-a5ba-3e3b0328c30d}'/><EventID>5156</EventID><Version>1</Version><Level>0</Level><Task>12810</Task><Opcode>0</Opcode><Keywords>0x8020000000000000</Keywords><TimeCreated SystemTime='2023-03-18T02:00:27.468110800Z'/><EventRecordID>66188005</EventRecordID><Correlation/><Execution ProcessID='4' ThreadID='8228'/><Channel>Security</Channel><Computer>winser-ksc-xdr</Computer><Security/></System><EventData><Data Name='ProcessID'>5724</Data><Data Name='Application'>\\device\\harddiskvolume2\\program files (x86)\\kaspersky lab\\kaspersky security center\\ksnproxy.exe</Data><Data Name='Direction'>%%14593</Data><Data Name='SourceAddress'>10.90.144.7</Data><Data Name='SourcePort'>53507</Data><Data Name='DestAddress'>10.70.8.3</Data><Data Name='DestPort'>53</Data><Data Name='Protocol'>17</Data><Data Name='FilterRTID'>68368</Data><Data Name='LayerName'>%%14611</Data><Data Name='LayerRTID'>48</Data><Data Name='RemoteUserID'>S-1-0-0</Data><Data Name='RemoteMachineID'>S-1-0-0</Data></EventData></Event>
<Event xmlns='http://schemas.microsoft.com/win/2004/08/events/event'><System><Provider Name='Microsoft-Windows-Security-Auditing' Guid='{54849625-5478-4994-a5ba-3e3b0328c30d}'/><EventID>5156</EventID><Version>1</Version><Level>0</Level><Task>12810</Task><Opcode>0</Opcode><Keywords>0x8020000000000000</Keywords><TimeCreated SystemTime='2023-03-18T02:00:27.468144500Z'/><EventRecordID>66188006</EventRecordID><Correlation/><Execution ProcessID='4' ThreadID='8228'/><Channel>Security</Channel><Computer>winser-ksc-xdr</Computer><Security/></System><EventData><Data Name='ProcessID'>5724</Data><Data Name='Application'>\\device\\harddiskvolume2\\program files (x86)\\kaspersky lab\\kaspersky security center\\ksnproxy.exe</Data><Data Name='Direction'>%%14593</Data><Data Name='SourceAddress'>10.90.144.7</Data><Data Name='SourcePort'>53507</Data><Data Name='DestAddress'>10.70.8.3</Data><Data Name='DestPort'>53</Data><Data Name='Protocol'>17</Data><Data Name='FilterRTID'>68368</Data><Data Name='LayerName'>%%14611</Data><Data Name='LayerRTID'>48</Data><Data Name='RemoteUserID'>S-1-0-0</Data><Data Name='RemoteMachineID'>S-1-0-0</Data></EventData></Event>
<Event xmlns='http://schemas.microsoft.com/win/2004/08/events/event'><System><Provider Name='Microsoft-Windows-Security-Auditing' Guid='{54849625-5478-4994-a5ba-3e3b0328c30d}'/><EventID>5156</EventID><Version>1</Version><Level>0</Level><Task>12810</Task><Opcode>0</Opcode><Keywords>0x8020000000000000</Keywords><TimeCreated SystemTime='2023-03-18T02:00:27.468317600Z'/><EventRecordID>66188007</EventRecordID><Correlation/><Execution ProcessID='4' ThreadID='8228'/><Channel>Security</Channel><Computer>winser-ksc-xdr</Computer><Security/></System><EventData><Data Name='ProcessID'>5724</Data><Data Name='Application'>\\device\\harddiskvolume2\\program files (x86)\\kaspersky lab\\kaspersky security center\\ksnproxy.exe</Data><Data Name='Direction'>%%14593</Data><Data Name='SourceAddress'>10.90.144.7</Data><Data Name='SourcePort'>53504</Data><Data Name='DestAddress'>10.70.8.4</Data><Data Name='DestPort'>53</Data><Data Name='Protocol'>17</Data><Data Name='FilterRTID'>68368</Data><Data Name='LayerName'>%%14611</Data><Data Name='LayerRTID'>48</Data><Data Name='RemoteUserID'>S-1-0-0</Data><Data Name='RemoteMachineID'>S-1-0-0</Data></EventData></Event>
<Event xmlns='http://schemas.microsoft.com/win/2004/08/events/event'><System><Provider Name='Microsoft-Windows-Security-Auditing' Guid='{54849625-5478-4994-a5ba-3e3b0328c30d}'/><EventID>5156</EventID><Version>1</Version><Level>0</Level><Task>12810</Task><Opcode>0</Opcode><Keywords>0x8020000000000000</Keywords><TimeCreated SystemTime='2023-03-18T02:00:27.468608600Z'/><EventRecordID>66188008</EventRecordID><Correlation/><Execution ProcessID='4' ThreadID='8228'/><Channel>Security</Channel><Computer>winser-ksc-xdr</Computer><Security/></System><EventData><Data Name='ProcessID'>5724</Data><Data Name='Application'>\\device\\harddiskvolume2\\program files (x86)\\kaspersky lab\\kaspersky security center\\ksnproxy.exe</Data><Data Name='Direction'>%%14593</Data><Data Name='SourceAddress'>10.90.144.7</Data><Data Name='SourcePort'>53505</Data><Data Name='DestAddress'>10.70.8.4</Data><Data Name='DestPort'>53</Data><Data Name='Protocol'>17</Data><Data Name='FilterRTID'>68368</Data><Data Name='LayerName'>%%14611</Data><Data Name='LayerRTID'>48</Data><Data Name='RemoteUserID'>S-1-0-0</Data><Data Name='RemoteMachineID'>S-1-0-0</Data></EventData></Event>
<Event xmlns='http://schemas.microsoft.com/win/2004/08/events/event'><System><Provider Name='Microsoft-Windows-Security-Auditing' Guid='{54849625-5478-4994-a5ba-3e3b0328c30d}'/><EventID>5156</EventID><Version>1</Version><Level>0</Level><Task>12810</Task><Opcode>0</Opcode><Keywords>0x8020000000000000</Keywords><TimeCreated SystemTime='2023-03-18T02:00:27.468986000Z'/><EventRecordID>66188009</EventRecordID><Correlation/><Execution ProcessID='4' ThreadID='8228'/><Channel>Security</Channel><Computer>winser-ksc-xdr</Computer><Security/></System><EventData><Data Name='ProcessID'>5724</Data><Data Name='Application'>\\device\\harddiskvolume2\\program files (x86)\\kaspersky lab\\kaspersky security center\\ksnproxy.exe</Data><Data Name='Direction'>%%14593</Data><Data Name='SourceAddress'>10.90.144.7</Data><Data Name='SourcePort'>53506</Data><Data Name='DestAddress'>10.70.8.3</Data><Data Name='DestPort'>53</Data><Data Name='Protocol'>17</Data><Data Name='FilterRTID'>68368</Data><Data Name='LayerName'>%%14611</Data><Data Name='LayerRTID'>48</Data><Data Name='RemoteUserID'>S-1-0-0</Data><Data Name='RemoteMachineID'>S-1-0-0</Data></EventData></Event>
<Event xmlns='http://schemas.microsoft.com/win/2004/08/events/event'><System><Provider Name='Microsoft-Windows-Security-Auditing' Guid='{54849625-5478-4994-a5ba-3e3b0328c30d}'/><EventID>5156</EventID><Version>1</Version><Level>0</Level><Task>12810</Task><Opcode>0</Opcode><Keywords>0x8020000000000000</Keywords><TimeCreated SystemTime='2023-03-18T02:00:27.533523300Z'/><EventRecordID>66188010</EventRecordID><Correlation/><Execution ProcessID='4' ThreadID='8228'/><Channel>Security</Channel><Computer>winser-ksc-xdr</Computer><Security/></System><EventData><Data Name='ProcessID'>3028</Data><Data Name='Application'>\\device\\harddiskvolume2\\program files (x86)\\kaspersky lab\\kaspersky security center\\klserver.exe</Data><Data Name='Direction'>%%14593</Data><Data Name='SourceAddress'>10.90.144.7</Data><Data Name='SourcePort'>55002</Data><Data Name='DestAddress'>10.90.144.7</Data><Data Name='DestPort'>1433</Data><Data Name='Protocol'>6</Data><Data Name='FilterRTID'>68368</Data><Data Name='LayerName'>%%14611</Data><Data Name='LayerRTID'>48</Data><Data Name='RemoteUserID'>S-1-0-0</Data><Data Name='RemoteMachineID'>S-1-0-0</Data></EventData></Event>
<Event xmlns='http://schemas.microsoft.com/win/2004/08/events/event'><System><Provider Name='Microsoft-Windows-Security-Auditing' Guid='{54849625-5478-4994-a5ba-3e3b0328c30d}'/><EventID>5156</EventID><Version>1</Version><Level>0</Level><Task>12810</Task><Opcode>0</Opcode><Keywords>0x8020000000000000</Keywords><TimeCreated SystemTime='2023-03-18T02:00:27.744995600Z'/><EventRecordID>66188011</EventRecordID><Correlation/><Execution ProcessID='4' ThreadID='12508'/><Channel>Security</Channel><Computer>winser-ksc-xdr</Computer><Security/></System><EventData><Data Name='ProcessID'>5236</Data><Data Name='Application'>\\device\\harddiskvolume2\\program files\\kaspersky lab\\kaspersky security center web console\\node.exe</Data><Data Name='Direction'>%%14593</Data><Data Name='SourceAddress'>127.0.0.1</Data><Data Name='SourcePort'>51922</Data><Data Name='DestAddress'>127.0.0.1</Data><Data Name='DestPort'>13299</Data><Data Name='Protocol'>6</Data><Data Name='FilterRTID'>68368</Data><Data Name='LayerName'>%%14611</Data><Data Name='LayerRTID'>48</Data><Data Name='RemoteUserID'>S-1-0-0</Data><Data Name='RemoteMachineID'>S-1-0-0</Data></EventData></Event>
