<Event xmlns='http://schemas.microsoft.com/win/2004/08/events/event'><System><Provider Name='Microsoft-Windows-Security-Auditing' Guid='{54849625-5478-4994-a5ba-3e3b0328c30d}'/><EventID>5156</EventID><Version>1</Version><Level>0</Level><Task>12810</Task><Opcode>0</Opcode><Keywords>0x8020000000000000</Keywords><TimeCreated SystemTime='2023-03-18T02:00:53.570469500Z'/><EventRecordID>66188537</EventRecordID><Correlation/><Execution ProcessID='4' ThreadID='8228'/><Channel>Security</Channel><Computer>winser-ksc-xdr</Computer><Security/></System><EventData><Data Name='ProcessID'>5724</Data><Data Name='Application'>\\device\\harddiskvolume2\\program files (x86)\\kaspersky lab\\kaspersky security center\\ksnproxy.exe</Data><Data Name='Direction'>%%14593</Data><Data Name='SourceAddress'>10.90.144.7</Data><Data Name='SourcePort'>63426</Data><Data Name='DestAddress'>10.70.8.4</Data><Data Name='DestPort'>53</Data><Data Name='Protocol'>17</Data><Data Name='FilterRTID'>68368</Data><Data Name='LayerName'>%%14611</Data><Data Name='LayerRTID'>48</Data><Data Name='RemoteUserID'>S-1-0-0</Data><Data Name='RemoteMachineID'>S-1-0-0</Data></EventData></Event>
<Event xmlns='http://schemas.microsoft.com/win/2004/08/events/event'><System><Provider Name='Microsoft-Windows-Security-Auditing' Guid='{54849625-5478-4994-a5ba-3e3b0328c30d}'/><EventID>5156</EventID><Version>1</Version><Level>0</Level><Task>12810</Task><Opcode>0</Opcode><Keywords>0x8020000000000000</Keywords><TimeCreated SystemTime='2023-03-18T02:00:54.120608400Z'/><EventRecordID>66188540</EventRecordID><Correlation/><Execution ProcessID='4' ThreadID='9956'/><Channel>Security</Channel><Computer>winser-ksc-xdr</Computer><Security/></System><EventData><Data Name='ProcessID'>1748</Data><Data Name='Application'>\\device\\harddiskvolume2\\program files\\kaspersky lab\\kuma\\kuma.exe</Data><Data Name='Direction'>%%14593</Data><Data Name='SourceAddress'>10.90.144.7</Data><Data Name='SourcePort'>49856</Data><Data Name='DestAddress'>10.90.144.6</Data><Data Name='DestPort'>5190</Data><Data Name='Protocol'>6</Data><Data Name='FilterRTID'>68368</Data><Data Name='LayerName'>%%14611</Data><Data Name='LayerRTID'>48</Data><Data Name='RemoteUserID'>S-1-0-0</Data><Data Name='RemoteMachineID'>S-1-0-0</Data></EventData></Event>
<Event xmlns='http://schemas.microsoft.com/win/2004/08/events/event'><System><Provider Name='Microsoft-Windows-Security-Auditing' Guid='{54849625-5478-4994-a5ba-3e3b0328c30d}'/><EventID>4670</EventID><Version>0</Version><Level>0</Level><Task>13570</Task><Opcode>0</Opcode><Keywords>0x8020000000000000</Keywords><TimeCreated SystemTime='2023-03-18T02:00:21.249991700Z'/><EventRecordID>504246</EventRecordID><Correlation/><Execution ProcessID='4' ThreadID='10580'/><Channel>Security</Channel><Computer>winser-home-2-xdr.example.com</Computer><Security/></System><EventData><Data Name='SubjectUserSid'>S-1-5-18</Data><Data Name='SubjectUserName'>WINSER-HOME-2-X$</Data><Data Name='SubjectDomainName'>EXAMPLE</Data><Data Name='SubjectLogonId'>0x3e7</Data><Data Name='ObjectServer'>Security</Data><Data Name='ObjectType'>Token</Data><Data Name='ObjectName'>-</Data><Data Name='HandleId'>0x734</Data><Data Name='OldSd'>D:(A;;GA;;;SY)(A;;GA;;;NS)</Data><Data Name='NewSd'>D:(A;;GA;;;SY)(A;;RC;;;OW)(A;;GA;;;S-1-5-86-615999462-62705297-2911207457-59056572-3668589837)</Data><Data Name='ProcessId'>0x974</Data><Data Name='ProcessName'>C:\\Windows\\System32\\svchost.exe</Data></EventData></Event>
<Event xmlns='http://schemas.microsoft.com/win/2004/08/events/event'><System><Provider Name='Microsoft-Windows-Sysmon' Guid='{5770385f-c22a-43e0-bf4c-06f5698ffbd9}'/><EventID>10</EventID><Version>3</Version><Level>4</Level><Task>10</Task><Opcode>0</Opcode><Keywords>0x8000000000000000</Keywords><TimeCreated SystemTime='2023-03-18T02:00:21.249479400Z'/><EventRecordID>1981043</EventRecordID><Correlation/><Execution ProcessID='3648' ThreadID='4212'/><Channel>Microsoft-Windows-Sysmon/Operational</Channel><Computer>winser-home-2-xdr.example.com</Computer><Security UserID='S-1-5-18'/></System><EventData><Data Name='RuleName'>access critical process</Data><Data Name='UtcTime'>2023-03-18 02:00:21.240</Data><Data Name='SourceProcessGUID'>{0f3d697e-7bc7-63c7-1200-000000000900}</Data><Data Name='SourceProcessId'>400</Data><Data Name='SourceThreadId'>13244</Data><Data Name='SourceImage'>C:\\Windows\\system32\\svchost.exe</Data><Data Name='TargetProcessGUID'>{0f3d697e-7bc6-63c7-0c00-000000000900}</Data><Data Name='TargetProcessId'>748</Data><Data Name='TargetImage'>C:\\Windows\\system32\\lsass.exe</Data><Data Name='GrantedAccess'>0x1000</Data><Data Name='CallTrace'>C:\\Windows\\SYSTEM32\\ntdll.dll+a0cb4|C:\\Windows\\System32\\KERNELBASE.dll+69895|c:\\windows\\system32\\lsm.dll+f347|c:\\windows\\system32\\lsm.dll+df04|C:\\Windows\\System32\\RPCRT4.dll+78e93|C:\\Windows\\System32\\RPCRT4.dll+d7f9a|C:\\Windows\\System32\\RPCRT4.dll+1a860|C:\\Windows\\System32\\RPCRT4.dll+50e18|C:\\Windows\\System32\\RPCRT4.dll+3b510|C:\\Windows\\System32\\RPCRT4.dll+3aebb|C:\\Windows\\System32\\RPCRT4.dll+2cacf|C:\\Windows\\System32\\RPCRT4.dll+2bf2a|C:\\Windows\\System32\\RPCRT4.dll+2b4f1|C:\\Windows\\System32\\RPCRT4.dll+2af62|C:\\Windows\\System32\\RPCRT4.dll+21925|C:\\Windows\\SYSTEM32\\ntdll.dll+69ca0|C:\\Windows\\SYSTEM32\\ntdll.dll+166e8|C:\\Windows\\System32\\KERNEL32.DLL+17af4|C:\\Windows\\SYSTEM32\\ntdll.dll+5a371</Data><Data Name='SourceUser'>NT AUTHORITY\\SYSTEM</Data><Data Name='TargetUser'>NT AUTHORITY\\SYSTEM</Data></EventData></Event>
<Event xmlns='http://schemas.microsoft.com/win/2004/08/events/event'><System><Provider Name='Microsoft-Windows-Sysmon' Guid='{5770385f-c22a-43e0-bf4c-06f5698ffbd9}'/><EventID>1</EventID><Version>5</Version><Level>4</Level><Task>1</Task><Opcode>0</Opcode><Keywords>0x8000000000000000</Keywords><TimeCreated SystemTime='2023-03-18T02:00:21.290153000Z'/><EventRecordID>1981045</EventRecordID><Correlation/><Execution ProcessID='3648' ThreadID='4212'/><Channel>Microsoft-Windows-Sysmon/Operational</Channel><Computer>winser-home-2-xdr.example.com</Computer><Security UserID='S-1-5-18'/></System><EventData><Data Name='RuleName'>-</Data><Data Name='UtcTime'>2023-03-18 02:00:21.253</Data><Data Name='ProcessGuid'>{0f3d697e-1b35-6415-288c-010000000900}</Data><Data Name='ProcessId'>10664</Data><Data Name='Image'>C:\\Windows\\System32\\wbem\\WmiPrvSE.exe</Data><Data Name='FileVersion'>10.0.17763.1 (WinBuild.160101.0800)</Data><Data Name='Description'>WMI Provider Host</Data><Data Name='Product'>Microsoft Windows Operating System</Data><Data Name='Company'>Microsoft Corporation</Data><Data Name='OriginalFileName'>Wmiprvse.exe</Data><Data Name='CommandLine'>C:\\Windows\\system32\\wbem\\wmiprvse.exe -secured -Embedding</Data><Data Name='CurrentDirectory'>C:\\Windows\\system32\\</Data><Data Name='User'>NT AUTHORITY\\NETWORK SERVICE</Data><Data Name='LogonGuid'>{0f3d697e-7bc7-63c7-e403-000000000000}</Data><Data Name='LogonId'>0x3e4</Data><Data Name='TerminalSessionId'>0</Data><Data Name='IntegrityLevel'>System</Data><Data Name='Hashes'>MD5=06C66FF5CCDC2D22344A3EB761A4D38A,SHA256=B5C78BEF3883E3099F7EF844DA1446DB29107E5C0223B97F29E7FAFAB5527F15</Data><Data Name='ParentProcessGuid'>{0f3d697e-7bc7-63c7-1000-000000000900}</Data><Data Name='ParentProcessId'>900</Data><Data Name='ParentImage'>C:\\Windows\\System32\\svchost.exe</Data><Data Name='ParentCommandLine'>C:\\Windows\\system32\\svchost.exe -k DcomLaunch -p</Data><Data Name='ParentUser'>NT AUTHORITY\\SYSTEM</Data></EventData></Event>
<Event xmlns='http://schemas.microsoft.com/win/2004/08/events/event'><System><Provider Name='Microsoft-Windows-Sysmon' Guid='{5770385f-c22a-43e0-bf4c-06f5698ffbd9}'/><EventID>7</EventID><Version>3</Version><Level>4</Level><Task>7</Task><Opcode>0</Opcode><Keywords>0x8000000000000000</Keywords><TimeCreated SystemTime='2023-03-18T02:00:21.193686200Z'/><EventRecordID>1981042</EventRecordID><Correlation/><Execution ProcessID='3648' ThreadID='4212'/><Channel>Microsoft-Windows-Sysmon/Operational</Channel><Computer>winser-home-2-xdr.example.com</Computer><Security UserID='S-1-5-18'/></System><EventData><Data Name='RuleName'>-</Data><Data Name='UtcTime'>2023-03-18 02:00:21.186</Data><Data Name='ProcessGuid'>{0f3d697e-72ba-63f6-7183-000000000900}</Data><Data Name='ProcessId'>10832</Data><Data Name='Image'>C:\\Windows\\System32\\svchost.exe</Data><Data Name='ImageLoaded'>C:\\Windows\\System32\\dot3api.dll</Data><Data Name='FileVersion'>10.0.17763.2989 (WinBuild.160101.0800)</Data><Data Name='Description'>802.3 Autoconfiguration API</Data><Data Name='Product'>Microsoft Windows Operating System</Data><Data Name='Company'>Microsoft Corporation</Data><Data Name='OriginalFileName'>dot3api.dll</Data><Data Name='Hashes'>MD5=8E8518F7E4B8BFDFFFC9B37893A3FC6B,SHA256=7330B8D58EDA842658FA8014FA53D090F062A08889BFA3D32690F4083A6667C5</Data><Data Name='Signed'>true</Data><Data Name='Signature'>Microsoft Windows</Data><Data Name='SignatureStatus'>Valid</Data><Data Name='User'>NT AUTHORITY\\SYSTEM</Data></EventData></Event>
<Event xmlns='http://schemas.microsoft.com/win/2004/08/events/event'><System><Provider Name='Microsoft-Windows-Sysmon' Guid='{5770385f-c22a-43e0-bf4c-06f5698ffbd9}'/><EventID>7</EventID><Version>3</Version><Level>4</Level><Task>7</Task><Opcode>0</Opcode><Keywords>0x8000000000000000</Keywords><TimeCreated SystemTime='2023-03-18T02:00:21.292129300Z'/><EventRecordID>1981046</EventRecordID><Correlation/><Execution ProcessID='3648' ThreadID='4212'/><Channel>Microsoft-Windows-Sysmon/Operational</Channel><Computer>winser-home-2-xdr.example.com</Computer><Security UserID='S-1-5-18'/></System><EventData><Data Name='RuleName'>-</Data><Data Name='UtcTime'>2023-03-18 02:00:21.286</Data><Data Name='ProcessGuid'>{0f3d697e-1b35-6415-288c-010000000900}</Data><Data Name='ProcessId'>10664</Data><Data Name='Image'>C:\\Windows\\System32\\wbem\\WmiPrvSE.exe</Data><Data Name='ImageLoaded'>C:\\Windows\\System32\\wbem\\WmiPrvSE.exe</Data><Data Name='FileVersion'>10.0.17763.1 (WinBuild.160101.0800)</Data><Data Name='Description'>WMI Provider Host</Data><Data Name='Product'>Microsoft Windows Operating System</Data><Data Name='Company'>Microsoft Corporation</Data><Data Name='OriginalFileName'>Wmiprvse.exe</Data><Data Name='Hashes'>MD5=06C66FF5CCDC2D22344A3EB761A4D38A,SHA256=B5C78BEF3883E3099F7EF844DA1446DB29107E5C0223B97F29E7FAFAB5527F15</Data><Data Name='Signed'>true</Data><Data Name='Signature'>Microsoft Windows</Data><Data Name='SignatureStatus'>Valid</Data><Data Name='User'>NT AUTHORITY\\NETWORK SERVICE</Data></EventData></Event>
<Event xmlns='http://schemas.microsoft.com/win/2004/08/events/event'><System><Provider Name='Microsoft-Windows-Sysmon' Guid='{5770385f-c22a-43e0-bf4c-06f5698ffbd9}'/><EventID>7</EventID><Version>3</Version><Level>4</Level><Task>7</Task><Opcode>0</Opcode><Keywords>0x8000000000000000</Keywords><TimeCreated SystemTime='2023-03-18T02:00:21.300735600Z'/><EventRecordID>1981047</EventRecordID><Correlation/><Execution ProcessID='3648' ThreadID='4212'/><Channel>Microsoft-Windows-Sysmon/Operational</Channel><Computer>winser-home-2-xdr.example.com</Computer><Security UserID='S-1-5-18'/></System><EventData><Data Name='RuleName'>-</Data><Data Name='UtcTime'>2023-03-18 02:00:21.293</Data><Data Name='ProcessGuid'>{0f3d697e-1b35-6415-288c-010000000900}</Data><Data Name='ProcessId'>10664</Data><Data Name='Image'>C:\\Windows\\System32\\wbem\\WmiPrvSE.exe</Data><Data Name='ImageLoaded'>C:\\Windows\\apppatch\\AppPatch64\\ummon.dll</Data><Data Name='FileVersion'>3.14.0.273</Data><Data Name='Description'>Kaspersky Endpoint Agent</Data><Data Name='Product'>Kaspersky Endpoint Agent</Data><Data Name='Company'>AO Kaspersky Lab</Data><Data Name='OriginalFileName'>ummon.dll</Data><Data Name='Hashes'>MD5=1FE006A37C69CBB82DB0D7D618C8F79E,SHA256=1F2E936A57994E16B457F249A64AF4786877F7BEAAB003FB521A20E45031F408</Data><Data Name='Signed'>true</Data><Data Name='Signature'>AO Kaspersky Lab</Data><Data Name='SignatureStatus'>Valid</Data><Data Name='User'>NT AUTHORITY\\NETWORK SERVICE</Data></EventData></Event>
<Event xmlns='http://schemas.microsoft.com/win/2004/08/events/event'><System><Provider Name='Microsoft-Windows-Sysmon' Guid='{5770385f-c22a-43e0-bf4c-06f5698ffbd9}'/><EventID>7</EventID><Version>3</Version><Level>4</Level><Task>7</Task><Opcode>0</Opcode><Keywords>0x8000000000000000</Keywords><TimeCreated SystemTime='2023-03-18T02:00:21.321266100Z'/><EventRecordID>1981049</EventRecordID><Correlation/><Execution ProcessID='3648' ThreadID='4212'/><Channel>Microsoft-Windows-Sysmon/Operational</Channel><Computer>winser-home-2-xdr.example.com</Computer><Security UserID='S-1-5-18'/></System><EventData><Data Name='RuleName'>-</Data><Data Name='UtcTime'>2023-03-18 02:00:21.308</Data><Data Name='ProcessGuid'>{0f3d697e-1b35-6415-288c-010000000900}</Data><Data Name='ProcessId'>10664</Data><Data Name='Image'>C:\\Windows\\System32\\wbem\\WmiPrvSE.exe</Data><Data Name='ImageLoaded'>C:\\Windows\\System32\\ws2_32.dll</Data><Data Name='FileVersion'>10.0.17763.2028 (WinBuild.160101.0800)</Data><Data Name='Description'>Windows Socket 2.0 32-Bit DLL</Data><Data Name='Product'>Microsoft Windows Operating System</Data><Data Name='Company'>Microsoft Corporation</Data><Data Name='OriginalFileName'>ws2_32.dll</Data><Data Name='Hashes'>MD5=464DE82E2B728C26AB939314C5B7AB6E,SHA256=2C5047E0B7DAA607AA3971BD8C3E983297CEDE9C29DACF9C723BC253E288CED4</Data><Data Name='Signed'>true</Data><Data Name='Signature'>Microsoft Windows</Data><Data Name='SignatureStatus'>Valid</Data><Data Name='User'>NT AUTHORITY\\NETWORK SERVICE</Data></EventData></Event>
<Event xmlns='http://schemas.microsoft.com/win/2004/08/events/event'><System><Provider Name='Microsoft-Windows-Sysmon' Guid='{5770385f-c22a-43e0-bf4c-06f5698ffbd9}'/><EventID>10</EventID><Version>3</Version><Level>4</Level><Task>10</Task><Opcode>0</Opcode><Keywords>0x8000000000000000</Keywords><TimeCreated SystemTime='2023-03-18T02:00:21.249618100Z'/><EventRecordID>1981044</EventRecordID><Correlation/><Execution ProcessID='3648' ThreadID='4212'/><Channel>Microsoft-Windows-Sysmon/Operational</Channel><Computer>winser-home-2-xdr.example.com</Computer><Security UserID='S-1-5-18'/></System><EventData><Data Name='RuleName'>access critical process</Data><Data Name='UtcTime'>2023-03-18 02:00:21.240</Data><Data Name='SourceProcessGUID'>{0f3d697e-7bc7-63c7-1200-000000000900}</Data><Data Name='SourceProcessId'>400</Data><Data Name='SourceThreadId'>13244</Data><Data Name='SourceImage'>C:\\Windows\\system32\\svchost.exe</Data><Data Name='TargetProcessGUID'>{0f3d697e-7bc6-63c7-0c00-000000000900}</Data><Data Name='TargetProcessId'>748</Data><Data Name='TargetImage'>C:\\Windows\\system32\\lsass.exe</Data><Data Name='GrantedAccess'>0x1000</Data><Data Name='CallTrace'>C:\\Windows\\SYSTEM32\\ntdll.dll+a0cb4|C:\\Windows\\System32\\KERNELBASE.dll+69895|c:\\windows\\system32\\lsm.dll+e27a|c:\\windows\\system32\\lsm.dll+dff4|C:\\Windows\\System32\\RPCRT4.dll+78e93|C:\\Windows\\System32\\RPCRT4.dll+d7f9a|C:\\Windows\\System32\\RPCRT4.dll+1a860|C:\\Windows\\System32\\RPCRT4.dll+50e18|C:\\Windows\\System32\\RPCRT4.dll+3b510|C:\\Windows\\System32\\RPCRT4.dll+3aebb|C:\\Windows\\System32\\RPCRT4.dll+2cacf|C:\\Windows\\System32\\RPCRT4.dll+2bf2a|C:\\Windows\\System32\\RPCRT4.dll+2b4f1|C:\\Windows\\System32\\RPCRT4.dll+2af62|C:\\Windows\\System32\\RPCRT4.dll+21925|C:\\Windows\\SYSTEM32\\ntdll.dll+69ca0|C:\\Windows\\SYSTEM32\\ntdll.dll+166e8|C:\\Windows\\System32\\KERNEL32.DLL+17af4|C:\\Windows\\SYSTEM32\\ntdll.dll+5a371</Data><Data Name='SourceUser'>NT AUTHORITY\\SYSTEM</Data><Data Name='TargetUser'>NT AUTHORITY\\SYSTEM</Data></EventData></Event>
<Event xmlns='http://schemas.microsoft.com/win/2004/08/events/event'><System><Provider Name='Microsoft-Windows-Security-Auditing' Guid='{54849625-5478-4994-a5ba-3e3b0328c30d}'/><EventID>4688</EventID><Version>2</Version><Level>0</Level><Task>13312</Task><Opcode>0</Opcode><Keywords>0x8020000000000000</Keywords><TimeCreated SystemTime='2023-03-18T02:00:21.254096000Z'/><EventRecordID>504247</EventRecordID><Correlation/><Execution ProcessID='4' ThreadID='10580'/><Channel>Security</Channel><Computer>winser-home-2-xdr.example.com</Computer><Security/></System><EventData><Data Name='SubjectUserSid'>S-1-5-18</Data><Data Name='SubjectUserName'>WINSER-HOME-2-X$</Data><Data Name='SubjectDomainName'>EXAMPLE</Data><Data Name='SubjectLogonId'>0x3e7</Data><Data Name='NewProcessId'>0x29a8</Data><Data Name='NewProcessName'>C:\\Windows\\System32\\wbem\\WmiPrvSE.exe</Data><Data Name='TokenElevationType'>%%1936</Data><Data Name='ProcessId'>0x384</Data><Data Name='CommandLine'>C:\\Windows\\system32\\wbem\\wmiprvse.exe -secured -Embedding</Data><Data Name='TargetUserSid'>S-1-0-0</Data><Data Name='TargetUserName'>WINSER-HOME-2-X$</Data><Data Name='TargetDomainName'>EXAMPLE</Data><Data Name='TargetLogonId'>0x3e4</Data><Data Name='ParentProcessName'>C:\\Windows\\System32\\svchost.exe</Data><Data Name='MandatoryLabel'>S-1-16-16384</Data></EventData></Event>
<Event xmlns='http://schemas.microsoft.com/win/2004/08/events/event'><System><Provider Name='Microsoft-Windows-Sysmon' Guid='{5770385f-c22a-43e0-bf4c-06f5698ffbd9}'/><EventID>7</EventID><Version>3</Version><Level>4</Level><Task>7</Task><Opcode>0</Opcode><Keywords>0x8000000000000000</Keywords><TimeCreated SystemTime='2023-03-18T02:00:21.323170000Z'/><EventRecordID>1981050</EventRecordID><Correlation/><Execution ProcessID='3648' ThreadID='4212'/><Channel>Microsoft-Windows-Sysmon/Operational</Channel><Computer>winser-home-2-xdr.example.com</Computer><Security UserID='S-1-5-18'/></System><EventData><Data Name='RuleName'>-</Data><Data Name='UtcTime'>2023-03-18 02:00:21.308</Data><Data Name='ProcessGuid'>{0f3d697e-1b35-6415-288c-010000000900}</Data><Data Name='ProcessId'>10664</Data><Data Name='Image'>C:\\Windows\\System32\\wbem\\WmiPrvSE.exe</Data><Data Name='ImageLoaded'>C:\\Windows\\System32\\wbem\\fastprox.dll</Data><Data Name='FileVersion'>10.0.17763.1 (WinBuild.160101.0800)</Data><Data Name='Description'>WMI Custom Marshaller</Data><Data Name='Product'>Microsoft Windows Operating System</Data><Data Name='Company'>Microsoft Corporation</Data><Data Name='OriginalFileName'>fastprox.dll</Data><Data Name='Hashes'>MD5=12ABB40F3E15A6826DFBBDC0D9967A8C,SHA256=68969D2C011D9CD98D56952ACF8A067027A491A77C6FAA68A72A23771EC9C305</Data><Data Name='Signed'>true</Data><Data Name='Signature'>Microsoft Windows</Data><Data Name='SignatureStatus'>Valid</Data><Data Name='User'>NT AUTHORITY\\NETWORK SERVICE</Data></EventData></Event>
<Event xmlns='http://schemas.microsoft.com/win/2004/08/events/event'><System><Provider Name='Microsoft-Windows-Sysmon' Guid='{5770385f-c22a-43e0-bf4c-06f5698ffbd9}'/><EventID>7</EventID><Version>3</Version><Level>4</Level><Task>7</Task><Opcode>0</Opcode><Keywords>0x8000000000000000</Keywords><TimeCreated SystemTime='2023-03-18T02:00:21.319470600Z'/><EventRecordID>1981048</EventRecordID><Correlation/><Execution ProcessID='3648' ThreadID='4212'/><Channel>Microsoft-Windows-Sysmon/Operational</Channel><Computer>winser-home-2-xdr.example.com</Computer><Security UserID='S-1-5-18'/></System><EventData><Data Name='RuleName'>-</Data><Data Name='UtcTime'>2023-03-18 02:00:21.308</Data><Data Name='ProcessGuid'>{0f3d697e-1b35-6415-288c-010000000900}</Data><Data Name='ProcessId'>10664</Data><Data Name='Image'>C:\\Windows\\System32\\wbem\\WmiPrvSE.exe</Data><Data Name='ImageLoaded'>C:\\Windows\\System32\\wbemcomn.dll</Data><Data Name='FileVersion'>10.0.17763.2989 (WinBuild.160101.0800)</Data><Data Name='Description'>WMI</Data><Data Name='Product'>Microsoft Windows Operating System</Data><Data Name='Company'>Microsoft Corporation</Data><Data Name='OriginalFileName'>wbemcomn.dll</Data><Data Name='Hashes'>MD5=8126ECD235AC80E4B0687A3960FA2F22,SHA256=B1692D012B45FEC8037ACFE90715F7CE9254B6CFA2A6E4F8BB3A952F24E7CA8D</Data><Data Name='Signed'>true</Data><Data Name='Signature'>Microsoft Windows</Data><Data Name='SignatureStatus'>Valid</Data><Data Name='User'>NT AUTHORITY\\NETWORK SERVICE</Data></EventData></Event>
<Event xmlns='http://schemas.microsoft.com/win/2004/08/events/event'><System><Provider Name='Microsoft-Windows-Sysmon' Guid='{5770385f-c22a-43e0-bf4c-06f5698ffbd9}'/><EventID>7</EventID><Version>3</Version><Level>4</Level><Task>7</Task><Opcode>0</Opcode><Keywords>0x8000000000000000</Keywords><TimeCreated SystemTime='2023-03-18T02:00:21.355668700Z'/><EventRecordID>1981053</EventRecordID><Correlation/><Execution ProcessID='3648' ThreadID='4212'/><Channel>Microsoft-Windows-Sysmon/Operational</Channel><Computer>winser-home-2-xdr.example.com</Computer><Security UserID='S-1-5-18'/></System><EventData><Data Name='RuleName'>-</Data><Data Name='UtcTime'>2023-03-18 02:00:21.340</Data><Data Name='ProcessGuid'>{0f3d697e-1b35-6415-288c-010000000900}</Data><Data Name='ProcessId'>10664</Data><Data Name='Image'>C:\\Windows\\System32\\wbem\\WmiPrvSE.exe</Data><Data Name='ImageLoaded'>C:\\Windows\\System32\\wbem\\wbemsvc.dll</Data><Data Name='FileVersion'>10.0.17763.1 (WinBuild.160101.0800)</Data><Data Name='Description'>WMI</Data><Data Name='Product'>Microsoft Windows Operating System</Data><Data Name='Company'>Microsoft Corporation</Data><Data Name='OriginalFileName'>wbemsvc.dll</Data><Data Name='Hashes'>MD5=98B9C96E43D23843A912878C345E7A56,SHA256=28D448B91CEB9333D8ECE3F5A441061A83464AAB309C5974AE6AA70845975933</Data><Data Name='Signed'>true</Data><Data Name='Signature'>Microsoft Windows</Data><Data Name='SignatureStatus'>Valid</Data><Data Name='User'>NT AUTHORITY\\NETWORK SERVICE</Data></EventData></Event>
<Event xmlns='http://schemas.microsoft.com/win/2004/08/events/event'><System><Provider Name='Microsoft-Windows-Sysmon' Guid='{5770385f-c22a-43e0-bf4c-06f5698ffbd9}'/><EventID>7</EventID><Version>3</Version><Level>4</Level><Task>7</Task><Opcode>0</Opcode><Keywords>0x8000000000000000</Keywords><TimeCreated SystemTime='2023-03-18T02:00:21.372174200Z'/><EventRecordID>1981054</EventRecordID><Correlation/><Execution ProcessID='3648' ThreadID='4212'/><Channel>Microsoft-Windows-Sysmon/Operational</Channel><Computer>winser-home-2-xdr.example.com</Computer><Security UserID='S-1-5-18'/></System><EventData><Data Name='RuleName'>-</Data><Data Name='UtcTime'>2023-03-18 02:00:21.364</Data><Data Name='ProcessGuid'>{0f3d697e-1b35-6415-288c-010000000900}</Data><Data Name='ProcessId'>10664</Data><Data Name='Image'>C:\\Windows\\System32\\wbem\\WmiPrvSE.exe</Data><Data Name='ImageLoaded'>C:\\Windows\\System32\\wbem\\wmiutils.dll</Data><Data Name='FileVersion'>10.0.17763.1 (WinBuild.160101.0800)</Data><Data Name='Description'>WMI</Data><Data Name='Product'>Microsoft Windows Operating System</Data><Data Name='Company'>Microsoft Corporation</Data><Data Name='OriginalFileName'>wmiutils.dll</Data><Data Name='Hashes'>MD5=A081AAD3A296EB414CB6839B744C67C9,SHA256=3D77E7769CFC8B4A1098E9A1F2BDE4432A6A70253EA6C2A58C8F8403A9038288</Data><Data Name='Signed'>true</Data><Data Name='Signature'>Microsoft Windows</Data><Data Name='SignatureStatus'>Valid</Data><Data Name='User'>NT AUTHORITY\\NETWORK SERVICE</Data></EventData></Event>
<Event xmlns='http://schemas.microsoft.com/win/2004/08/events/event'><System><Provider Name='Microsoft-Windows-Sysmon' Guid='{5770385f-c22a-43e0-bf4c-06f5698ffbd9}'/><EventID>22</EventID><Version>5</Version><Level>4</Level><Task>22</Task><Opcode>0</Opcode><Keywords>0x8000000000000000</Keywords><TimeCreated SystemTime='2023-03-18T02:00:21.351260800Z'/><EventRecordID>1981052</EventRecordID><Correlation/><Execution ProcessID='3648' ThreadID='8720'/><Channel>Microsoft-Windows-Sysmon/Operational</Channel><Computer>winser-home-2-xdr.example.com</Computer><Security UserID='S-1-5-18'/></System><EventData><Data Name='RuleName'>-</Data><Data Name='UtcTime'>2023-03-18 00:54:00.060</Data><Data Name='ProcessGuid'>{0f3d697e-1e06-6414-9482-010000000900}</Data><Data Name='ProcessId'>12240</Data><Data Name='QueryName'>localhost</Data><Data Name='QueryStatus'>0</Data><Data Name='QueryResults'>::1;::ffff:127.0.0.1;</Data><Data Name='Image'>C:\\Windows\\System32\\Configure-SMRemoting.exe</Data><Data Name='User'>WINSER-HOME-2-X\\Administrator</Data></EventData></Event>
<Event xmlns='http://schemas.microsoft.com/win/2004/08/events/event'><System><Provider Name='Microsoft-Windows-Sysmon' Guid='{5770385f-c22a-43e0-bf4c-06f5698ffbd9}'/><EventID>7</EventID><Version>3</Version><Level>4</Level><Task>7</Task><Opcode>0</Opcode><Keywords>0x8000000000000000</Keywords><TimeCreated SystemTime='2023-03-18T02:00:21.350476300Z'/><EventRecordID>1981051</EventRecordID><Correlation/><Execution ProcessID='3648' ThreadID='4212'/><Channel>Microsoft-Windows-Sysmon/Operational</Channel><Computer>winser-home-2-xdr.example.com</Computer><Security UserID='S-1-5-18'/></System><EventData><Data Name='RuleName'>-</Data><Data Name='UtcTime'>2023-03-18 02:00:21.340</Data><Data Name='ProcessGuid'>{0f3d697e-1b35-6415-288c-010000000900}</Data><Data Name='ProcessId'>10664</Data><Data Name='Image'>C:\\Windows\\System32\\wbem\\WmiPrvSE.exe</Data><Data Name='ImageLoaded'>C:\\Windows\\System32\\wbem\\wbemprox.dll</Data><Data Name='FileVersion'>10.0.17763.1 (WinBuild.160101.0800)</Data><Data Name='Description'>WMI</Data><Data Name='Product'>Microsoft Windows Operating System</Data><Data Name='Company'>Microsoft Corporation</Data><Data Name='OriginalFileName'>wbemprox.dll</Data><Data Name='Hashes'>MD5=98F3983F878B337B5EF9AA983873A76A,SHA256=5660FD93C77B4405A86F56EF6CC044BFFC133B3170F154BF687528416C2A4579</Data><Data Name='Signed'>true</Data><Data Name='Signature'>Microsoft Windows</Data><Data Name='SignatureStatus'>Valid</Data><Data Name='User'>NT AUTHORITY\\NETWORK SERVICE</Data></EventData></Event>
<Event xmlns='http://schemas.microsoft.com/win/2004/08/events/event'><System><Provider Name='Microsoft-Windows-Sysmon' Guid='{5770385f-c22a-43e0-bf4c-06f5698ffbd9}'/><EventID>3</EventID><Version>5</Version><Level>4</Level><Task>3</Task><Opcode>0</Opcode><Keywords>0x8000000000000000</Keywords><TimeCreated SystemTime='2023-03-18T02:00:21.381779700Z'/><EventRecordID>1981056</EventRecordID><Correlation/><Execution ProcessID='3648' ThreadID='2620'/><Channel>Microsoft-Windows-Sysmon/Operational</Channel><Computer>winser-home-2-xdr.example.com</Computer><Security UserID='S-1-5-18'/></System><EventData><Data Name='RuleName'>-</Data><Data Name='UtcTime'>2023-03-18 00:54:00.097</Data><Data Name='ProcessGuid'>{0f3d697e-7bc6-63c7-0c00-000000000900}</Data><Data Name='ProcessId'>748</Data><Data Name='Image'>C:\\Windows\\System32\\lsass.exe</Data><Data Name='User'>NT AUTHORITY\\SYSTEM</Data><Data Name='Protocol'>tcp</Data><Data Name='Initiated'>true</Data><Data Name='SourceIsIpv6'>false</Data><Data Name='SourceIp'>10.90.144.11</Data><Data Name='SourceHostname'>winser-home-2-xdr.example.com</Data><Data Name='SourcePort'>60713</Data><Data Name='SourcePortName'>-</Data><Data Name='DestinationIsIpv6'>false</Data><Data Name='DestinationIp'>10.90.144.12</Data><Data Name='DestinationHostname'>winser-dc-xdr.avp.ru</Data><Data Name='DestinationPort'>135</Data><Data Name='DestinationPortName'>epmap</Data></EventData></Event>
<Event xmlns='http://schemas.microsoft.com/win/2004/08/events/event'><System><Provider Name='Microsoft-Windows-Sysmon' Guid='{5770385f-c22a-43e0-bf4c-06f5698ffbd9}'/><EventID>7</EventID><Version>3</Version><Level>4</Level><Task>7</Task><Opcode>0</Opcode><Keywords>0x8000000000000000</Keywords><TimeCreated SystemTime='2023-03-18T02:00:21.380251100Z'/><EventRecordID>1981055</EventRecordID><Correlation/><Execution ProcessID='3648' ThreadID='4212'/><Channel>Microsoft-Windows-Sysmon/Operational</Channel><Computer>winser-home-2-xdr.example.com</Computer><Security UserID='S-1-5-18'/></System><EventData><Data Name='RuleName'>-</Data><Data Name='UtcTime'>2023-03-18 02:00:21.364</Data><Data Name='ProcessGuid'>{0f3d697e-1b35-6415-288c-010000000900}</Data><Data Name='ProcessId'>10664</Data><Data Name='Image'>C:\\Windows\\System32\\wbem\\WmiPrvSE.exe</Data><Data Name='ImageLoaded'>C:\\Windows\\System32\\wbem\\cimwin32.dll</Data><Data Name='FileVersion'>10.0.17763.3469 (WinBuild.160101.0800)</Data><Data Name='Description'>WMI Win32 Provider</Data><Data Name='Product'>Microsoft Windows Operating System</Data><Data Name='Company'>Microsoft Corporation</Data><Data Name='OriginalFileName'>cimwin32.dll</Data><Data Name='Hashes'>MD5=FF51EB86BC86E5063BD81C9DF05F57E3,SHA256=E31BC8EDE341187F4E7EC97C58F77EA96047373C6481B0BD00E3325BF3FAFAA8</Data><Data Name='Signed'>true</Data><Data Name='Signature'>Microsoft Windows</Data><Data Name='SignatureStatus'>Valid</Data><Data Name='User'>NT AUTHORITY\\NETWORK SERVICE</Data></EventData></Event>
<Event xmlns='http://schemas.microsoft.com/win/2004/08/events/event'><System><Provider Name='Microsoft-Windows-Sysmon' Guid='{5770385f-c22a-43e0-bf4c-06f5698ffbd9}'/><EventID>3</EventID><Version>5</Version><Level>4</Level><Task>3</Task><Opcode>0</Opcode><Keywords>0x8000000000000000</Keywords><TimeCreated SystemTime='2023-03-18T02:00:21.381808700Z'/><EventRecordID>1981057</EventRecordID><Correlation/><Execution ProcessID='3648' ThreadID='2620'/><Channel>Microsoft-Windows-Sysmon/Operational</Channel><Computer>winser-home-2-xdr.example.com</Computer><Security UserID='S-1-5-18'/></System><EventData><Data Name='RuleName'>-</Data><Data Name='UtcTime'>2023-03-18 00:54:00.102</Data><Data Name='ProcessGuid'>{0f3d697e-7bc6-63c7-0c00-000000000900}</Data><Data Name='ProcessId'>748</Data><Data Name='Image'>C:\\Windows\\System32\\lsass.exe</Data><Data Name='User'>NT AUTHORITY\\SYSTEM</Data><Data Name='Protocol'>tcp</Data><Data Name='Initiated'>true</Data><Data Name='SourceIsIpv6'>false</Data><Data Name='SourceIp'>10.90.144.11</Data><Data Name='SourceHostname'>winser-home-2-xdr.example.com</Data><Data Name='SourcePort'>60714</Data><Data Name='SourcePortName'>-</Data><Data Name='DestinationIsIpv6'>false</Data><Data Name='DestinationIp'>10.90.144.12</Data><Data Name='DestinationHostname'>winser-dc-xdr.avp.ru</Data><Data Name='DestinationPort'>49671</Data><Data Name='DestinationPortName'>-</Data></EventData></Event>
<Event xmlns='http://schemas.microsoft.com/win/2004/08/events/event'><System><Provider Name='Microsoft-Windows-Sysmon' Guid='{5770385f-c22a-43e0-bf4c-06f5698ffbd9}'/><EventID>7</EventID><Version>3</Version><Level>4</Level><Task>7</Task><Opcode>0</Opcode><Keywords>0x8000000000000000</Keywords><TimeCreated SystemTime='2023-03-18T02:00:21.383506800Z'/><EventRecordID>1981058</EventRecordID><Correlation/><Execution ProcessID='3648' ThreadID='4212'/><Channel>Microsoft-Windows-Sysmon/Operational</Channel><Computer>winser-home-2-xdr.example.com</Computer><Security UserID='S-1-5-18'/></System><EventData><Data Name='RuleName'>-</Data><Data Name='UtcTime'>2023-03-18 02:00:21.380</Data><Data Name='ProcessGuid'>{0f3d697e-1b35-6415-288c-010000000900}</Data><Data Name='ProcessId'>10664</Data><Data Name='Image'>C:\\Windows\\System32\\wbem\\WmiPrvSE.exe</Data><Data Name='ImageLoaded'>C:\\Windows\\System32\\framedynos.dll</Data><Data Name='FileVersion'>10.0.17763.1790 (WinBuild.160101.0800)</Data><Data Name='Description'>WMI SDK Provider Framework</Data><Data Name='Product'>Microsoft Windows Operating System</Data><Data Name='Company'>Microsoft Corporation</Data><Data Name='OriginalFileName'>framedyn.dll</Data><Data Name='Hashes'>MD5=07CF0BE1C7936C74E8C67CF0A24B63DA,SHA256=8AE81FADEA037B254924BF53B0D24F2A62C3733A8F9B80ED827B5C95A1F4FFF2</Data><Data Name='Signed'>true</Data><Data Name='Signature'>Microsoft Windows</Data><Data Name='SignatureStatus'>Valid</Data><Data Name='User'>NT AUTHORITY\\NETWORK SERVICE</Data></EventData></Event>
<Event xmlns='http://schemas.microsoft.com/win/2004/08/events/event'><System><Provider Name='Microsoft-Windows-Sysmon' Guid='{5770385f-c22a-43e0-bf4c-06f5698ffbd9}'/><EventID>7</EventID><Version>3</Version><Level>4</Level><Task>7</Task><Opcode>0</Opcode><Keywords>0x8000000000000000</Keywords><TimeCreated SystemTime='2023-03-18T02:00:21.400988000Z'/><EventRecordID>1981059</EventRecordID><Correlation/><Execution ProcessID='3648' ThreadID='4212'/><Channel>Microsoft-Windows-Sysmon/Operational</Channel><Computer>winser-home-2-xdr.example.com</Computer><Security UserID='S-1-5-18'/></System><EventData><Data Name='RuleName'>-</Data><Data Name='UtcTime'>2023-03-18 02:00:21.393</Data><Data Name='ProcessGuid'>{0f3d697e-1b35-6415-288c-010000000900}</Data><Data Name='ProcessId'>10664</Data><Data Name='Image'>C:\\Windows\\System32\\wbem\\WmiPrvSE.exe</Data><Data Name='ImageLoaded'>C:\\Windows\\System32\\wmi.dll</Data><Data Name='FileVersion'>10.0.17763.1 (WinBuild.160101.0800)</Data><Data Name='Description'>WMI DC and DP functionality</Data><Data Name='Product'>Microsoft Windows Operating System</Data><Data Name='Company'>Microsoft Corporation</Data><Data Name='OriginalFileName'>wmi.DLL</Data><Data Name='Hashes'>MD5=67A8B47F5BCCB6BB63D7242F80B0F548,SHA256=2D7ACC69ED114468A53C4679FC28C32F0E7D812A59389E41115C20C06574A4D8</Data><Data Name='Signed'>true</Data><Data Name='Signature'>Microsoft Windows</Data><Data Name='SignatureStatus'>Valid</Data><Data Name='User'>NT AUTHORITY\\NETWORK SERVICE</Data></EventData></Event>
<Event xmlns='http://schemas.microsoft.com/win/2004/08/events/event'><System><Provider Name='Microsoft-Windows-Sysmon' Guid='{5770385f-c22a-43e0-bf4c-06f5698ffbd9}'/><EventID>7</EventID><Version>3</Version><Level>4</Level><Task>7</Task><Opcode>0</Opcode><Keywords>0x8000000000000000</Keywords><TimeCreated SystemTime='2023-03-18T02:00:21.402160000Z'/><EventRecordID>1981060</EventRecordID><Correlation/><Execution ProcessID='3648' ThreadID='4212'/><Channel>Microsoft-Windows-Sysmon/Operational</Channel><Computer>winser-home-2-xdr.example.com</Computer><Security UserID='S-1-5-18'/></System><EventData><Data Name='RuleName'>-</Data><Data Name='UtcTime'>2023-03-18 02:00:21.393</Data><Data Name='ProcessGuid'>{0f3d697e-1b35-6415-288c-010000000900}</Data><Data Name='ProcessId'>10664</Data><Data Name='Image'>C:\\Windows\\System32\\wbem\\WmiPrvSE.exe</Data><Data Name='ImageLoaded'>C:\\Windows\\System32\\wmiclnt.dll</Data><Data Name='FileVersion'>10.0.17763.1 (WinBuild.160101.0800)</Data><Data Name='Description'>WMI Client API</Data><Data Name='Product'>Microsoft Windows Operating System</Data><Data Name='Company'>Microsoft Corporation</Data><Data Name='OriginalFileName'>wmiclnt.dll</Data><Data Name='Hashes'>MD5=786159CC1143E56BDAB09FE275D0152D,SHA256=39ACB7CBB27720497EF805526EEC67DB5BC258A0661E692EADC31D65EC76FD7B</Data><Data Name='Signed'>true</Data><Data Name='Signature'>Microsoft Windows</Data><Data Name='SignatureStatus'>Valid</Data><Data Name='User'>NT AUTHORITY\\NETWORK SERVICE</Data></EventData></Event>
<Event xmlns='http://schemas.microsoft.com/win/2004/08/events/event'><System><Provider Name='Microsoft-Windows-Sysmon' Guid='{5770385f-c22a-43e0-bf4c-06f5698ffbd9}'/><EventID>7</EventID><Version>3</Version><Level>4</Level><Task>7</Task><Opcode>0</Opcode><Keywords>0x8000000000000000</Keywords><TimeCreated SystemTime='2023-03-18T02:00:21.742326500Z'/><EventRecordID>1981061</EventRecordID><Correlation/><Execution ProcessID='3648' ThreadID='4212'/><Channel>Microsoft-Windows-Sysmon/Operational</Channel><Computer>winser-home-2-xdr.example.com</Computer><Security UserID='S-1-5-18'/></System><EventData><Data Name='RuleName'>-</Data><Data Name='UtcTime'>2023-03-18 02:00:21.740</Data><Data Name='ProcessGuid'>{0f3d697e-1b35-6415-288c-010000000900}</Data><Data Name='ProcessId'>10664</Data><Data Name='Image'>C:\\Windows\\System32\\wbem\\WmiPrvSE.exe</Data><Data Name='ImageLoaded'>C:\\Windows\\System32\\perfos.dll</Data><Data Name='FileVersion'>10.0.17763.1 (WinBuild.160101.0800)</Data><Data Name='Description'>Windows System Performance Objects DLL</Data><Data Name='Product'>Microsoft Windows Operating System</Data><Data Name='Company'>Microsoft Corporation</Data><Data Name='OriginalFileName'>PERFOS.DLL</Data><Data Name='Hashes'>MD5=E104BA77D289204B5165BBB27473F037,SHA256=9773FB5BB1A3B0D49EA900A0E840173BE876EC727711678C6A4220DDAE651E9D</Data><Data Name='Signed'>true</Data><Data Name='Signature'>Microsoft Windows</Data><Data Name='SignatureStatus'>Valid</Data><Data Name='User'>NT AUTHORITY\\NETWORK SERVICE</Data></EventData></Event>
<Event xmlns='http://schemas.microsoft.com/win/2004/08/events/event'><System><Provider Name='Microsoft-Windows-Security-Auditing' Guid='{54849625-5478-4994-a5ba-3e3b0328c30d}'/><EventID>5156</EventID><Version>1</Version><Level>0</Level><Task>12810</Task><Opcode>0</Opcode><Keywords>0x8020000000000000</Keywords><TimeCreated SystemTime='2023-03-18T02:00:55.428564100Z'/><EventRecordID>66188543</EventRecordID><Correlation/><Execution ProcessID='4' ThreadID='8228'/><Channel>Security</Channel><Computer>winser-ksc-xdr</Computer><Security/></System><EventData><Data Name='ProcessID'>7612</Data><Data Name='Application'>\\device\\harddiskvolume2\\windows\\syswow64\\mmc.exe</Data><Data Name='Direction'>%%14593</Data><Data Name='SourceAddress'>127.0.0.1</Data><Data Name='SourcePort'>50187</Data><Data Name='DestAddress'>127.0.0.1</Data><Data Name='DestPort'>13291</Data><Data Name='Protocol'>6</Data><Data Name='FilterRTID'>68368</Data><Data Name='LayerName'>%%14611</Data><Data Name='LayerRTID'>48</Data><Data Name='RemoteUserID'>S-1-0-0</Data><Data Name='RemoteMachineID'>S-1-0-0</Data></EventData></Event>
<Event xmlns='http://schemas.microsoft.com/win/2004/08/events/event'><System><Provider Name='Microsoft-Windows-Security-Auditing' Guid='{54849625-5478-4994-a5ba-3e3b0328c30d}'/><EventID>5158</EventID><Version>0</Version><Level>0</Level><Task>12810</Task><Opcode>0</Opcode><Keywords>0x8020000000000000</Keywords><TimeCreated SystemTime='2023-03-18T02:00:55.565480700Z'/><EventRecordID>66188544</EventRecordID><Correlation/><Execution ProcessID='4' ThreadID='8228'/><Channel>Security</Channel><Computer>winser-ksc-xdr</Computer><Security/></System><EventData><Data Name='ProcessId'>1944</Data><Data Name='Application'>\\device\\harddiskvolume2\\windows\\system32\\svchost.exe</Data><Data Name='SourceAddress'>::</Data><Data Name='SourcePort'>64501</Data><Data Name='Protocol'>17</Data><Data Name='FilterRTID'>68362</Data><Data Name='LayerName'>%%14608</Data><Data Name='LayerRTID'>36</Data></EventData></Event>
<Event xmlns='http://schemas.microsoft.com/win/2004/08/events/event'><System><Provider Name='Microsoft-Windows-Security-Auditing' Guid='{54849625-5478-4994-a5ba-3e3b0328c30d}'/><EventID>5156</EventID><Version>1</Version><Level>0</Level><Task>12810</Task><Opcode>0</Opcode><Keywords>0x8020000000000000</Keywords><TimeCreated SystemTime='2023-03-18T02:00:55.566085200Z'/><EventRecordID>66188546</EventRecordID><Correlation/><Execution ProcessID='4' ThreadID='8228'/><Channel>Security</Channel><Computer>winser-ksc-xdr</Computer><Security/></System><EventData><Data Name='ProcessID'>1944</Data><Data Name='Application'>\\device\\harddiskvolume2\\windows\\system32\\svchost.exe</Data><Data Name='Direction'>%%14593</Data><Data Name='SourceAddress'>10.90.144.7</Data><Data Name='SourcePort'>64501</Data><Data Name='DestAddress'>10.70.8.4</Data><Data Name='DestPort'>53</Data><Data Name='Protocol'>17</Data><Data Name='FilterRTID'>68368</Data><Data Name='LayerName'>%%14611</Data><Data Name='LayerRTID'>48</Data><Data Name='RemoteUserID'>S-1-0-0</Data><Data Name='RemoteMachineID'>S-1-0-0</Data></EventData></Event>
<Event xmlns='http://schemas.microsoft.com/win/2004/08/events/event'><System><Provider Name='Microsoft-Windows-Security-Auditing' Guid='{54849625-5478-4994-a5ba-3e3b0328c30d}'/><EventID>5158</EventID><Version>0</Version><Level>0</Level><Task>12810</Task><Opcode>0</Opcode><Keywords>0x8020000000000000</Keywords><TimeCreated SystemTime='2023-03-18T02:00:55.565542100Z'/><EventRecordID>66188545</EventRecordID><Correlation/><Execution ProcessID='4' ThreadID='8228'/><Channel>Security</Channel><Computer>winser-ksc-xdr</Computer><Security/></System><EventData><Data Name='ProcessId'>1944</Data><Data Name='Application'>\\device\\harddiskvolume2\\windows\\system32\\svchost.exe</Data><Data Name='SourceAddress'>::</Data><Data Name='SourcePort'>64501</Data><Data Name='Protocol'>17</Data><Data Name='FilterRTID'>68365</Data><Data Name='LayerName'>%%14608</Data><Data Name='LayerRTID'>38</Data></EventData></Event>
<Event xmlns='http://schemas.microsoft.com/win/2004/08/events/event'><System><Provider Name='Microsoft-Windows-Security-Auditing' Guid='{54849625-5478-4994-a5ba-3e3b0328c30d}'/><EventID>5156</EventID><Version>1</Version><Level>0</Level><Task>12810</Task><Opcode>0</Opcode><Keywords>0x8020000000000000</Keywords><TimeCreated SystemTime='2023-03-18T02:00:54.830065700Z'/><EventRecordID>66188542</EventRecordID><Correlation/><Execution ProcessID='4' ThreadID='9956'/><Channel>Security</Channel><Computer>winser-ksc-xdr</Computer><Security/></System><EventData><Data Name='ProcessID'>3028</Data><Data Name='Application'>\\device\\harddiskvolume2\\program files (x86)\\kaspersky lab\\kaspersky security center\\klserver.exe</Data><Data Name='Direction'>%%14593</Data><Data Name='SourceAddress'>10.90.144.7</Data><Data Name='SourcePort'>55343</Data><Data Name='DestAddress'>10.90.144.7</Data><Data Name='DestPort'>1433</Data><Data Name='Protocol'>6</Data><Data Name='FilterRTID'>68368</Data><Data Name='LayerName'>%%14611</Data><Data Name='LayerRTID'>48</Data><Data Name='RemoteUserID'>S-1-0-0</Data><Data Name='RemoteMachineID'>S-1-0-0</Data></EventData></Event>
<Event xmlns='http://schemas.microsoft.com/win/2004/08/events/event'><System><Provider Name='Microsoft-Windows-Security-Auditing' Guid='{54849625-5478-4994-a5ba-3e3b0328c30d}'/><EventID>5156</EventID><Version>1</Version><Level>0</Level><Task>12810</Task><Opcode>0</Opcode><Keywords>0x8020000000000000</Keywords><TimeCreated SystemTime='2023-03-18T02:00:55.579569000Z'/><EventRecordID>66188549</EventRecordID><Correlation/><Execution ProcessID='4' ThreadID='8228'/><Channel>Security</Channel><Computer>winser-ksc-xdr</Computer><Security/></System><EventData><Data Name='ProcessID'>1944</Data><Data Name='Application'>\\device\\harddiskvolume2\\windows\\system32\\svchost.exe</Data><Data Name='Direction'>%%14593</Data><Data Name='SourceAddress'>10.90.144.7</Data><Data Name='SourcePort'>63425</Data><Data Name='DestAddress'>10.70.8.3</Data><Data Name='DestPort'>53</Data><Data Name='Protocol'>17</Data><Data Name='FilterRTID'>68368</Data><Data Name='LayerName'>%%14611</Data><Data Name='LayerRTID'>48</Data><Data Name='RemoteUserID'>S-1-0-0</Data><Data Name='RemoteMachineID'>S-1-0-0</Data></EventData></Event>
<Event xmlns='http://schemas.microsoft.com/win/2004/08/events/event'><System><Provider Name='Microsoft-Windows-Security-Auditing' Guid='{54849625-5478-4994-a5ba-3e3b0328c30d}'/><EventID>5156</EventID><Version>1</Version><Level>0</Level><Task>12810</Task><Opcode>0</Opcode><Keywords>0x8020000000000000</Keywords><TimeCreated SystemTime='2023-03-18T02:00:55.566095400Z'/><EventRecordID>66188547</EventRecordID><Correlation/><Execution ProcessID='4' ThreadID='8228'/><Channel>Security</Channel><Computer>winser-ksc-xdr</Computer><Security/></System><EventData><Data Name='ProcessID'>1944</Data><Data Name='Application'>\\device\\harddiskvolume2\\windows\\system32\\svchost.exe</Data><Data Name='Direction'>%%14593</Data><Data Name='SourceAddress'>10.90.144.7</Data><Data Name='SourcePort'>64501</Data><Data Name='DestAddress'>10.70.8.4</Data><Data Name='DestPort'>53</Data><Data Name='Protocol'>17</Data><Data Name='FilterRTID'>68368</Data><Data Name='LayerName'>%%14611</Data><Data Name='LayerRTID'>48</Data><Data Name='RemoteUserID'>S-1-0-0</Data><Data Name='RemoteMachineID'>S-1-0-0</Data></EventData></Event>
<Event xmlns='http://schemas.microsoft.com/win/2004/08/events/event'><System><Provider Name='Microsoft-Windows-Security-Auditing' Guid='{54849625-5478-4994-a5ba-3e3b0328c30d}'/><EventID>5156</EventID><Version>1</Version><Level>0</Level><Task>12810</Task><Opcode>0</Opcode><Keywords>0x8020000000000000</Keywords><TimeCreated SystemTime='2023-03-18T02:00:55.579348800Z'/><EventRecordID>66188548</EventRecordID><Correlation/><Execution ProcessID='4' ThreadID='8228'/><Channel>Security</Channel><Computer>winser-ksc-xdr</Computer><Security/></System><EventData><Data Name='ProcessID'>5236</Data><Data Name='Application'>\\device\\harddiskvolume2\\program files\\kaspersky lab\\kaspersky security center web console\\node.exe</Data><Data Name='Direction'>%%14593</Data><Data Name='SourceAddress'>127.0.0.1</Data><Data Name='SourcePort'>57503</Data><Data Name='DestAddress'>127.0.0.1</Data><Data Name='DestPort'>13299</Data><Data Name='Protocol'>6</Data><Data Name='FilterRTID'>68368</Data><Data Name='LayerName'>%%14611</Data><Data Name='LayerRTID'>48</Data><Data Name='RemoteUserID'>S-1-0-0</Data><Data Name='RemoteMachineID'>S-1-0-0</Data></EventData></Event>
<Event xmlns='http://schemas.microsoft.com/win/2004/08/events/event'><System><Provider Name='Microsoft-Windows-Security-Auditing' Guid='{54849625-5478-4994-a5ba-3e3b0328c30d}'/><EventID>5156</EventID><Version>1</Version><Level>0</Level><Task>12810</Task><Opcode>0</Opcode><Keywords>0x8020000000000000</Keywords><TimeCreated SystemTime='2023-03-18T02:00:55.579763900Z'/><EventRecordID>66188550</EventRecordID><Correlation/><Execution ProcessID='4' ThreadID='8228'/><Channel>Security</Channel><Computer>winser-ksc-xdr</Computer><Security/></System><EventData><Data Name='ProcessID'>1944</Data><Data Name='Application'>\\device\\harddiskvolume2\\windows\\system32\\svchost.exe</Data><Data Name='Direction'>%%14593</Data><Data Name='SourceAddress'>10.90.144.7</Data><Data Name='SourcePort'>63425</Data><Data Name='DestAddress'>10.70.8.4</Data><Data Name='DestPort'>53</Data><Data Name='Protocol'>17</Data><Data Name='FilterRTID'>68368</Data><Data Name='LayerName'>%%14611</Data><Data Name='LayerRTID'>48</Data><Data Name='RemoteUserID'>S-1-0-0</Data><Data Name='RemoteMachineID'>S-1-0-0</Data></EventData></Event>
<Event xmlns='http://schemas.microsoft.com/win/2004/08/events/event'><System><Provider Name='Microsoft-Windows-Security-Auditing' Guid='{54849625-5478-4994-a5ba-3e3b0328c30d}'/><EventID>5156</EventID><Version>1</Version><Level>0</Level><Task>12810</Task><Opcode>0</Opcode><Keywords>0x8020000000000000</Keywords><TimeCreated SystemTime='2023-03-18T02:00:55.684839300Z'/><EventRecordID>66188551</EventRecordID><Correlation/><Execution ProcessID='4' ThreadID='8228'/><Channel>Security</Channel><Computer>winser-ksc-xdr</Computer><Security/></System><EventData><Data Name='ProcessID'>3028</Data><Data Name='Application'>\\device\\harddiskvolume2\\program files (x86)\\kaspersky lab\\kaspersky security center\\klserver.exe</Data><Data Name='Direction'>%%14593</Data><Data Name='SourceAddress'>10.90.144.7</Data><Data Name='SourcePort'>55002</Data><Data Name='DestAddress'>10.90.144.7</Data><Data Name='DestPort'>1433</Data><Data Name='Protocol'>6</Data><Data Name='FilterRTID'>68368</Data><Data Name='LayerName'>%%14611</Data><Data Name='LayerRTID'>48</Data><Data Name='RemoteUserID'>S-1-0-0</Data><Data Name='RemoteMachineID'>S-1-0-0</Data></EventData></Event>
<Event xmlns='http://schemas.microsoft.com/win/2004/08/events/event'><System><Provider Name='Microsoft-Windows-Sysmon' Guid='{5770385f-c22a-43e0-bf4c-06f5698ffbd9}'/><EventID>3</EventID><Version>5</Version><Level>4</Level><Task>3</Task><Opcode>0</Opcode><Keywords>0x8000000000000000</Keywords><TimeCreated SystemTime='2023-03-18T02:00:22.994183200Z'/><EventRecordID>2633749</EventRecordID><Correlation/><Execution ProcessID='3200' ThreadID='3728'/><Channel>Microsoft-Windows-Sysmon/Operational</Channel><Computer>winser-home-1-xdr.example.com</Computer><Security UserID='S-1-5-18'/></System><EventData><Data Name='RuleName'>-</Data><Data Name='UtcTime'>2023-03-18 00:54:00.082</Data><Data Name='ProcessGuid'>{6d2b76d1-009a-63e4-eb03-000000000000}</Data><Data Name='ProcessId'>4</Data><Data Name='Image'>System</Data><Data Name='User'>NT AUTHORITY\\SYSTEM</Data><Data Name='Protocol'>tcp</Data><Data Name='Initiated'>true</Data><Data Name='SourceIsIpv6'>false</Data><Data Name='SourceIp'>10.90.144.10</Data><Data Name='SourceHostname'>winser-home-1-xdr.example.com</Data><Data Name='SourcePort'>60793</Data><Data Name='SourcePortName'>-</Data><Data Name='DestinationIsIpv6'>false</Data><Data Name='DestinationIp'>10.90.144.12</Data><Data Name='DestinationHostname'>winser-dc-xdr.avp.ru</Data><Data Name='DestinationPort'>445</Data><Data Name='DestinationPortName'>microsoft-ds</Data></EventData></Event>
<Event xmlns='http://schemas.microsoft.com/win/2004/08/events/event'><System><Provider Name='Microsoft-Windows-Sysmon' Guid='{5770385f-c22a-43e0-bf4c-06f5698ffbd9}'/><EventID>3</EventID><Version>5</Version><Level>4</Level><Task>3</Task><Opcode>0</Opcode><Keywords>0x8000000000000000</Keywords><TimeCreated SystemTime='2023-03-18T02:00:22.994123600Z'/><EventRecordID>2633747</EventRecordID><Correlation/><Execution ProcessID='3200' ThreadID='3728'/><Channel>Microsoft-Windows-Sysmon/Operational</Channel><Computer>winser-home-1-xdr.example.com</Computer><Security UserID='S-1-5-18'/></System><EventData><Data Name='RuleName'>-</Data><Data Name='UtcTime'>2023-03-18 00:54:00.053</Data><Data Name='ProcessGuid'>{6d2b76d1-009a-63e4-eb03-000000000000}</Data><Data Name='ProcessId'>4</Data><Data Name='Image'>System</Data><Data Name='User'>NT AUTHORITY\\SYSTEM</Data><Data Name='Protocol'>tcp</Data><Data Name='Initiated'>true</Data><Data Name='SourceIsIpv6'>false</Data><Data Name='SourceIp'>10.90.144.10</Data><Data Name='SourceHostname'>winser-home-1-xdr.example.com</Data><Data Name='SourcePort'>60791</Data><Data Name='SourcePortName'>-</Data><Data Name='DestinationIsIpv6'>false</Data><Data Name='DestinationIp'>10.90.144.12</Data><Data Name='DestinationHostname'>winser-dc-xdr.avp.ru</Data><Data Name='DestinationPort'>445</Data><Data Name='DestinationPortName'>microsoft-ds</Data></EventData></Event>
