<Event xmlns='http://schemas.microsoft.com/win/2004/08/events/event'><System><Provider Name='Microsoft-Windows-Security-Auditing' Guid='{54849625-5478-4994-a5ba-3e3b0328c30d}'/><EventID>5156</EventID><Version>1</Version><Level>0</Level><Task>12810</Task><Opcode>0</Opcode><Keywords>0x8020000000000000</Keywords><TimeCreated SystemTime='2023-03-18T02:00:59.590373100Z'/><EventRecordID>66188602</EventRecordID><Correlation/><Execution ProcessID='4' ThreadID='11140'/><Channel>Security</Channel><Computer>winser-ksc-xdr</Computer><Security/></System><EventData><Data Name='ProcessID'>1944</Data><Data Name='Application'>\\device\\harddiskvolume2\\windows\\system32\\svchost.exe</Data><Data Name='Direction'>%%14593</Data><Data Name='SourceAddress'>10.90.144.7</Data><Data Name='SourcePort'>63425</Data><Data Name='DestAddress'>10.70.8.4</Data><Data Name='DestPort'>53</Data><Data Name='Protocol'>17</Data><Data Name='FilterRTID'>68368</Data><Data Name='LayerName'>%%14611</Data><Data Name='LayerRTID'>48</Data><Data Name='RemoteUserID'>S-1-0-0</Data><Data Name='RemoteMachineID'>S-1-0-0</Data></EventData></Event>
<Event xmlns='http://schemas.microsoft.com/win/2004/08/events/event'><System><Provider Name='Microsoft-Windows-Security-Auditing' Guid='{54849625-5478-4994-a5ba-3e3b0328c30d}'/><EventID>5156</EventID><Version>1</Version><Level>0</Level><Task>12810</Task><Opcode>0</Opcode><Keywords>0x8020000000000000</Keywords><TimeCreated SystemTime='2023-03-18T02:00:59.607304400Z'/><EventRecordID>66188607</EventRecordID><Correlation/><Execution ProcessID='4' ThreadID='11140'/><Channel>Security</Channel><Computer>winser-ksc-xdr</Computer><Security/></System><EventData><Data Name='ProcessID'>5236</Data><Data Name='Application'>\\device\\harddiskvolume2\\program files\\kaspersky lab\\kaspersky security center web console\\node.exe</Data><Data Name='Direction'>%%14593</Data><Data Name='SourceAddress'>127.0.0.1</Data><Data Name='SourcePort'>49728</Data><Data Name='DestAddress'>127.0.0.1</Data><Data Name='DestPort'>4150</Data><Data Name='Protocol'>6</Data><Data Name='FilterRTID'>68368</Data><Data Name='LayerName'>%%14611</Data><Data Name='LayerRTID'>48</Data><Data Name='RemoteUserID'>S-1-0-0</Data><Data Name='RemoteMachineID'>S-1-0-0</Data></EventData></Event>
<Event xmlns='http://schemas.microsoft.com/win/2004/08/events/event'><System><Provider Name='Microsoft-Windows-Security-Auditing' Guid='{54849625-5478-4994-a5ba-3e3b0328c30d}'/><EventID>5156</EventID><Version>1</Version><Level>0</Level><Task>12810</Task><Opcode>0</Opcode><Keywords>0x8020000000000000</Keywords><TimeCreated SystemTime='2023-03-18T02:00:59.607593500Z'/><EventRecordID>66188609</EventRecordID><Correlation/><Execution ProcessID='4' ThreadID='11140'/><Channel>Security</Channel><Computer>winser-ksc-xdr</Computer><Security/></System><EventData><Data Name='ProcessID'>5112</Data><Data Name='Application'>\\device\\harddiskvolume2\\program files\\kaspersky lab\\kaspersky security center web console\\node.exe</Data><Data Name='Direction'>%%14593</Data><Data Name='SourceAddress'>127.0.0.1</Data><Data Name='SourcePort'>49726</Data><Data Name='DestAddress'>127.0.0.1</Data><Data Name='DestPort'>4150</Data><Data Name='Protocol'>6</Data><Data Name='FilterRTID'>68368</Data><Data Name='LayerName'>%%14611</Data><Data Name='LayerRTID'>48</Data><Data Name='RemoteUserID'>S-1-0-0</Data><Data Name='RemoteMachineID'>S-1-0-0</Data></EventData></Event>
<Event xmlns='http://schemas.microsoft.com/win/2004/08/events/event'><System><Provider Name='Microsoft-Windows-Security-Auditing' Guid='{54849625-5478-4994-a5ba-3e3b0328c30d}'/><EventID>5156</EventID><Version>1</Version><Level>0</Level><Task>12810</Task><Opcode>0</Opcode><Keywords>0x8020000000000000</Keywords><TimeCreated SystemTime='2023-03-18T02:00:59.607577100Z'/><EventRecordID>66188608</EventRecordID><Correlation/><Execution ProcessID='4' ThreadID='11140'/><Channel>Security</Channel><Computer>winser-ksc-xdr</Computer><Security/></System><EventData><Data Name='ProcessID'>5236</Data><Data Name='Application'>\\device\\harddiskvolume2\\program files\\kaspersky lab\\kaspersky security center web console\\node.exe</Data><Data Name='Direction'>%%14593</Data><Data Name='SourceAddress'>127.0.0.1</Data><Data Name='SourcePort'>49728</Data><Data Name='DestAddress'>127.0.0.1</Data><Data Name='DestPort'>4150</Data><Data Name='Protocol'>6</Data><Data Name='FilterRTID'>68368</Data><Data Name='LayerName'>%%14611</Data><Data Name='LayerRTID'>48</Data><Data Name='RemoteUserID'>S-1-0-0</Data><Data Name='RemoteMachineID'>S-1-0-0</Data></EventData></Event>
<Event xmlns='http://schemas.microsoft.com/win/2004/08/events/event'><System><Provider Name='Microsoft-Windows-Security-Auditing' Guid='{54849625-5478-4994-a5ba-3e3b0328c30d}'/><EventID>5156</EventID><Version>1</Version><Level>0</Level><Task>12810</Task><Opcode>0</Opcode><Keywords>0x8020000000000000</Keywords><TimeCreated SystemTime='2023-03-18T02:00:59.607606800Z'/><EventRecordID>66188610</EventRecordID><Correlation/><Execution ProcessID='4' ThreadID='11140'/><Channel>Security</Channel><Computer>winser-ksc-xdr</Computer><Security/></System><EventData><Data Name='ProcessID'>5112</Data><Data Name='Application'>\\device\\harddiskvolume2\\program files\\kaspersky lab\\kaspersky security center web console\\node.exe</Data><Data Name='Direction'>%%14593</Data><Data Name='SourceAddress'>127.0.0.1</Data><Data Name='SourcePort'>49726</Data><Data Name='DestAddress'>127.0.0.1</Data><Data Name='DestPort'>4150</Data><Data Name='Protocol'>6</Data><Data Name='FilterRTID'>68368</Data><Data Name='LayerName'>%%14611</Data><Data Name='LayerRTID'>48</Data><Data Name='RemoteUserID'>S-1-0-0</Data><Data Name='RemoteMachineID'>S-1-0-0</Data></EventData></Event>
<Event xmlns='http://schemas.microsoft.com/win/2004/08/events/event'><System><Provider Name='Microsoft-Windows-Security-Auditing' Guid='{54849625-5478-4994-a5ba-3e3b0328c30d}'/><EventID>5156</EventID><Version>1</Version><Level>0</Level><Task>12810</Task><Opcode>0</Opcode><Keywords>0x8020000000000000</Keywords><TimeCreated SystemTime='2023-03-18T02:00:59.629666200Z'/><EventRecordID>66188611</EventRecordID><Correlation/><Execution ProcessID='4' ThreadID='11140'/><Channel>Security</Channel><Computer>winser-ksc-xdr</Computer><Security/></System><EventData><Data Name='ProcessID'>5112</Data><Data Name='Application'>\\device\\harddiskvolume2\\program files\\kaspersky lab\\kaspersky security center web console\\node.exe</Data><Data Name='Direction'>%%14593</Data><Data Name='SourceAddress'>127.0.0.1</Data><Data Name='SourcePort'>49731</Data><Data Name='DestAddress'>127.0.0.1</Data><Data Name='DestPort'>4150</Data><Data Name='Protocol'>6</Data><Data Name='FilterRTID'>68368</Data><Data Name='LayerName'>%%14611</Data><Data Name='LayerRTID'>48</Data><Data Name='RemoteUserID'>S-1-0-0</Data><Data Name='RemoteMachineID'>S-1-0-0</Data></EventData></Event>
<Event xmlns='http://schemas.microsoft.com/win/2004/08/events/event'><System><Provider Name='Microsoft-Windows-Security-Auditing' Guid='{54849625-5478-4994-a5ba-3e3b0328c30d}'/><EventID>5156</EventID><Version>1</Version><Level>0</Level><Task>12810</Task><Opcode>0</Opcode><Keywords>0x8020000000000000</Keywords><TimeCreated SystemTime='2023-03-18T02:00:59.590181900Z'/><EventRecordID>66188601</EventRecordID><Correlation/><Execution ProcessID='4' ThreadID='11140'/><Channel>Security</Channel><Computer>winser-ksc-xdr</Computer><Security/></System><EventData><Data Name='ProcessID'>1944</Data><Data Name='Application'>\\device\\harddiskvolume2\\windows\\system32\\svchost.exe</Data><Data Name='Direction'>%%14593</Data><Data Name='SourceAddress'>10.90.144.7</Data><Data Name='SourcePort'>63425</Data><Data Name='DestAddress'>10.70.8.3</Data><Data Name='DestPort'>53</Data><Data Name='Protocol'>17</Data><Data Name='FilterRTID'>68368</Data><Data Name='LayerName'>%%14611</Data><Data Name='LayerRTID'>48</Data><Data Name='RemoteUserID'>S-1-0-0</Data><Data Name='RemoteMachineID'>S-1-0-0</Data></EventData></Event>
<Event xmlns='http://schemas.microsoft.com/win/2004/08/events/event'><System><Provider Name='Microsoft-Windows-Security-Auditing' Guid='{54849625-5478-4994-a5ba-3e3b0328c30d}'/><EventID>5156</EventID><Version>1</Version><Level>0</Level><Task>12810</Task><Opcode>0</Opcode><Keywords>0x8020000000000000</Keywords><TimeCreated SystemTime='2023-03-18T02:00:59.629683600Z'/><EventRecordID>66188612</EventRecordID><Correlation/><Execution ProcessID='4' ThreadID='11140'/><Channel>Security</Channel><Computer>winser-ksc-xdr</Computer><Security/></System><EventData><Data Name='ProcessID'>5112</Data><Data Name='Application'>\\device\\harddiskvolume2\\program files\\kaspersky lab\\kaspersky security center web console\\node.exe</Data><Data Name='Direction'>%%14593</Data><Data Name='SourceAddress'>127.0.0.1</Data><Data Name='SourcePort'>49731</Data><Data Name='DestAddress'>127.0.0.1</Data><Data Name='DestPort'>4150</Data><Data Name='Protocol'>6</Data><Data Name='FilterRTID'>68368</Data><Data Name='LayerName'>%%14611</Data><Data Name='LayerRTID'>48</Data><Data Name='RemoteUserID'>S-1-0-0</Data><Data Name='RemoteMachineID'>S-1-0-0</Data></EventData></Event>
<Event xmlns='http://schemas.microsoft.com/win/2004/08/events/event'><System><Provider Name='Microsoft-Windows-Security-Auditing' Guid='{54849625-5478-4994-a5ba-3e3b0328c30d}'/><EventID>5156</EventID><Version>1</Version><Level>0</Level><Task>12810</Task><Opcode>0</Opcode><Keywords>0x8020000000000000</Keywords><TimeCreated SystemTime='2023-03-18T02:00:59.629735000Z'/><EventRecordID>66188613</EventRecordID><Correlation/><Execution ProcessID='4' ThreadID='11140'/><Channel>Security</Channel><Computer>winser-ksc-xdr</Computer><Security/></System><EventData><Data Name='ProcessID'>5112</Data><Data Name='Application'>\\device\\harddiskvolume2\\program files\\kaspersky lab\\kaspersky security center web console\\node.exe</Data><Data Name='Direction'>%%14593</Data><Data Name='SourceAddress'>127.0.0.1</Data><Data Name='SourcePort'>49730</Data><Data Name='DestAddress'>127.0.0.1</Data><Data Name='DestPort'>4150</Data><Data Name='Protocol'>6</Data><Data Name='FilterRTID'>68368</Data><Data Name='LayerName'>%%14611</Data><Data Name='LayerRTID'>48</Data><Data Name='RemoteUserID'>S-1-0-0</Data><Data Name='RemoteMachineID'>S-1-0-0</Data></EventData></Event>
<Event xmlns='http://schemas.microsoft.com/win/2004/08/events/event'><System><Provider Name='Microsoft-Windows-Security-Auditing' Guid='{54849625-5478-4994-a5ba-3e3b0328c30d}'/><EventID>5156</EventID><Version>1</Version><Level>0</Level><Task>12810</Task><Opcode>0</Opcode><Keywords>0x8020000000000000</Keywords><TimeCreated SystemTime='2023-03-18T02:00:59.629843900Z'/><EventRecordID>66188615</EventRecordID><Correlation/><Execution ProcessID='4' ThreadID='11140'/><Channel>Security</Channel><Computer>winser-ksc-xdr</Computer><Security/></System><EventData><Data Name='ProcessID'>5236</Data><Data Name='Application'>\\device\\harddiskvolume2\\program files\\kaspersky lab\\kaspersky security center web console\\node.exe</Data><Data Name='Direction'>%%14593</Data><Data Name='SourceAddress'>127.0.0.1</Data><Data Name='SourcePort'>49727</Data><Data Name='DestAddress'>127.0.0.1</Data><Data Name='DestPort'>4150</Data><Data Name='Protocol'>6</Data><Data Name='FilterRTID'>68368</Data><Data Name='LayerName'>%%14611</Data><Data Name='LayerRTID'>48</Data><Data Name='RemoteUserID'>S-1-0-0</Data><Data Name='RemoteMachineID'>S-1-0-0</Data></EventData></Event>
<Event xmlns='http://schemas.microsoft.com/win/2004/08/events/event'><System><Provider Name='Microsoft-Windows-Security-Auditing' Guid='{54849625-5478-4994-a5ba-3e3b0328c30d}'/><EventID>5156</EventID><Version>1</Version><Level>0</Level><Task>12810</Task><Opcode>0</Opcode><Keywords>0x8020000000000000</Keywords><TimeCreated SystemTime='2023-03-18T02:00:59.629749200Z'/><EventRecordID>66188614</EventRecordID><Correlation/><Execution ProcessID='4' ThreadID='11140'/><Channel>Security</Channel><Computer>winser-ksc-xdr</Computer><Security/></System><EventData><Data Name='ProcessID'>5112</Data><Data Name='Application'>\\device\\harddiskvolume2\\program files\\kaspersky lab\\kaspersky security center web console\\node.exe</Data><Data Name='Direction'>%%14593</Data><Data Name='SourceAddress'>127.0.0.1</Data><Data Name='SourcePort'>49730</Data><Data Name='DestAddress'>127.0.0.1</Data><Data Name='DestPort'>4150</Data><Data Name='Protocol'>6</Data><Data Name='FilterRTID'>68368</Data><Data Name='LayerName'>%%14611</Data><Data Name='LayerRTID'>48</Data><Data Name='RemoteUserID'>S-1-0-0</Data><Data Name='RemoteMachineID'>S-1-0-0</Data></EventData></Event>
<Event xmlns='http://schemas.microsoft.com/win/2004/08/events/event'><System><Provider Name='Microsoft-Windows-Security-Auditing' Guid='{54849625-5478-4994-a5ba-3e3b0328c30d}'/><EventID>5156</EventID><Version>1</Version><Level>0</Level><Task>12810</Task><Opcode>0</Opcode><Keywords>0x8020000000000000</Keywords><TimeCreated SystemTime='2023-03-18T02:00:59.630067600Z'/><EventRecordID>66188618</EventRecordID><Correlation/><Execution ProcessID='4' ThreadID='11140'/><Channel>Security</Channel><Computer>winser-ksc-xdr</Computer><Security/></System><EventData><Data Name='ProcessID'>5112</Data><Data Name='Application'>\\device\\harddiskvolume2\\program files\\kaspersky lab\\kaspersky security center web console\\node.exe</Data><Data Name='Direction'>%%14593</Data><Data Name='SourceAddress'>127.0.0.1</Data><Data Name='SourcePort'>49737</Data><Data Name='DestAddress'>127.0.0.1</Data><Data Name='DestPort'>4150</Data><Data Name='Protocol'>6</Data><Data Name='FilterRTID'>68368</Data><Data Name='LayerName'>%%14611</Data><Data Name='LayerRTID'>48</Data><Data Name='RemoteUserID'>S-1-0-0</Data><Data Name='RemoteMachineID'>S-1-0-0</Data></EventData></Event>
<Event xmlns='http://schemas.microsoft.com/win/2004/08/events/event'><System><Provider Name='Microsoft-Windows-Security-Auditing' Guid='{54849625-5478-4994-a5ba-3e3b0328c30d}'/><EventID>5156</EventID><Version>1</Version><Level>0</Level><Task>12810</Task><Opcode>0</Opcode><Keywords>0x8020000000000000</Keywords><TimeCreated SystemTime='2023-03-18T02:00:59.629920100Z'/><EventRecordID>66188616</EventRecordID><Correlation/><Execution ProcessID='4' ThreadID='11140'/><Channel>Security</Channel><Computer>winser-ksc-xdr</Computer><Security/></System><EventData><Data Name='ProcessID'>5236</Data><Data Name='Application'>\\device\\harddiskvolume2\\program files\\kaspersky lab\\kaspersky security center web console\\node.exe</Data><Data Name='Direction'>%%14593</Data><Data Name='SourceAddress'>127.0.0.1</Data><Data Name='SourcePort'>49727</Data><Data Name='DestAddress'>127.0.0.1</Data><Data Name='DestPort'>4150</Data><Data Name='Protocol'>6</Data><Data Name='FilterRTID'>68368</Data><Data Name='LayerName'>%%14611</Data><Data Name='LayerRTID'>48</Data><Data Name='RemoteUserID'>S-1-0-0</Data><Data Name='RemoteMachineID'>S-1-0-0</Data></EventData></Event>
<Event xmlns='http://schemas.microsoft.com/win/2004/08/events/event'><System><Provider Name='Microsoft-Windows-Security-Auditing' Guid='{54849625-5478-4994-a5ba-3e3b0328c30d}'/><EventID>5156</EventID><Version>1</Version><Level>0</Level><Task>12810</Task><Opcode>0</Opcode><Keywords>0x8020000000000000</Keywords><TimeCreated SystemTime='2023-03-18T02:00:59.630052300Z'/><EventRecordID>66188617</EventRecordID><Correlation/><Execution ProcessID='4' ThreadID='11140'/><Channel>Security</Channel><Computer>winser-ksc-xdr</Computer><Security/></System><EventData><Data Name='ProcessID'>5112</Data><Data Name='Application'>\\device\\harddiskvolume2\\program files\\kaspersky lab\\kaspersky security center web console\\node.exe</Data><Data Name='Direction'>%%14593</Data><Data Name='SourceAddress'>127.0.0.1</Data><Data Name='SourcePort'>49737</Data><Data Name='DestAddress'>127.0.0.1</Data><Data Name='DestPort'>4150</Data><Data Name='Protocol'>6</Data><Data Name='FilterRTID'>68368</Data><Data Name='LayerName'>%%14611</Data><Data Name='LayerRTID'>48</Data><Data Name='RemoteUserID'>S-1-0-0</Data><Data Name='RemoteMachineID'>S-1-0-0</Data></EventData></Event>
<Event xmlns='http://schemas.microsoft.com/win/2004/08/events/event'><System><Provider Name='Microsoft-Windows-Security-Auditing' Guid='{54849625-5478-4994-a5ba-3e3b0328c30d}'/><EventID>5156</EventID><Version>1</Version><Level>0</Level><Task>12810</Task><Opcode>0</Opcode><Keywords>0x8020000000000000</Keywords><TimeCreated SystemTime='2023-03-18T02:00:59.630094000Z'/><EventRecordID>66188620</EventRecordID><Correlation/><Execution ProcessID='4' ThreadID='11140'/><Channel>Security</Channel><Computer>winser-ksc-xdr</Computer><Security/></System><EventData><Data Name='ProcessID'>5236</Data><Data Name='Application'>\\device\\harddiskvolume2\\program files\\kaspersky lab\\kaspersky security center web console\\node.exe</Data><Data Name='Direction'>%%14593</Data><Data Name='SourceAddress'>127.0.0.1</Data><Data Name='SourcePort'>49723</Data><Data Name='DestAddress'>127.0.0.1</Data><Data Name='DestPort'>4150</Data><Data Name='Protocol'>6</Data><Data Name='FilterRTID'>68368</Data><Data Name='LayerName'>%%14611</Data><Data Name='LayerRTID'>48</Data><Data Name='RemoteUserID'>S-1-0-0</Data><Data Name='RemoteMachineID'>S-1-0-0</Data></EventData></Event>
<Event xmlns='http://schemas.microsoft.com/win/2004/08/events/event'><System><Provider Name='Microsoft-Windows-Security-Auditing' Guid='{54849625-5478-4994-a5ba-3e3b0328c30d}'/><EventID>5156</EventID><Version>1</Version><Level>0</Level><Task>12810</Task><Opcode>0</Opcode><Keywords>0x8020000000000000</Keywords><TimeCreated SystemTime='2023-03-18T02:00:59.630284800Z'/><EventRecordID>66188624</EventRecordID><Correlation/><Execution ProcessID='4' ThreadID='11140'/><Channel>Security</Channel><Computer>winser-ksc-xdr</Computer><Security/></System><EventData><Data Name='ProcessID'>5112</Data><Data Name='Application'>\\device\\harddiskvolume2\\program files\\kaspersky lab\\kaspersky security center web console\\node.exe</Data><Data Name='Direction'>%%14593</Data><Data Name='SourceAddress'>127.0.0.1</Data><Data Name='SourcePort'>49729</Data><Data Name='DestAddress'>127.0.0.1</Data><Data Name='DestPort'>4150</Data><Data Name='Protocol'>6</Data><Data Name='FilterRTID'>68368</Data><Data Name='LayerName'>%%14611</Data><Data Name='LayerRTID'>48</Data><Data Name='RemoteUserID'>S-1-0-0</Data><Data Name='RemoteMachineID'>S-1-0-0</Data></EventData></Event>
<Event xmlns='http://schemas.microsoft.com/win/2004/08/events/event'><System><Provider Name='Microsoft-Windows-Security-Auditing' Guid='{54849625-5478-4994-a5ba-3e3b0328c30d}'/><EventID>5156</EventID><Version>1</Version><Level>0</Level><Task>12810</Task><Opcode>0</Opcode><Keywords>0x8020000000000000</Keywords><TimeCreated SystemTime='2023-03-18T02:00:59.630240800Z'/><EventRecordID>66188623</EventRecordID><Correlation/><Execution ProcessID='4' ThreadID='11140'/><Channel>Security</Channel><Computer>winser-ksc-xdr</Computer><Security/></System><EventData><Data Name='ProcessID'>5112</Data><Data Name='Application'>\\device\\harddiskvolume2\\program files\\kaspersky lab\\kaspersky security center web console\\node.exe</Data><Data Name='Direction'>%%14593</Data><Data Name='SourceAddress'>127.0.0.1</Data><Data Name='SourcePort'>49729</Data><Data Name='DestAddress'>127.0.0.1</Data><Data Name='DestPort'>4150</Data><Data Name='Protocol'>6</Data><Data Name='FilterRTID'>68368</Data><Data Name='LayerName'>%%14611</Data><Data Name='LayerRTID'>48</Data><Data Name='RemoteUserID'>S-1-0-0</Data><Data Name='RemoteMachineID'>S-1-0-0</Data></EventData></Event>
<Event xmlns='http://schemas.microsoft.com/win/2004/08/events/event'><System><Provider Name='Microsoft-Windows-Security-Auditing' Guid='{54849625-5478-4994-a5ba-3e3b0328c30d}'/><EventID>5156</EventID><Version>1</Version><Level>0</Level><Task>12810</Task><Opcode>0</Opcode><Keywords>0x8020000000000000</Keywords><TimeCreated SystemTime='2023-03-18T02:00:59.630192400Z'/><EventRecordID>66188622</EventRecordID><Correlation/><Execution ProcessID='4' ThreadID='11140'/><Channel>Security</Channel><Computer>winser-ksc-xdr</Computer><Security/></System><EventData><Data Name='ProcessID'>5112</Data><Data Name='Application'>\\device\\harddiskvolume2\\program files\\kaspersky lab\\kaspersky security center web console\\node.exe</Data><Data Name='Direction'>%%14593</Data><Data Name='SourceAddress'>127.0.0.1</Data><Data Name='SourcePort'>49738</Data><Data Name='DestAddress'>127.0.0.1</Data><Data Name='DestPort'>4150</Data><Data Name='Protocol'>6</Data><Data Name='FilterRTID'>68368</Data><Data Name='LayerName'>%%14611</Data><Data Name='LayerRTID'>48</Data><Data Name='RemoteUserID'>S-1-0-0</Data><Data Name='RemoteMachineID'>S-1-0-0</Data></EventData></Event>
<Event xmlns='http://schemas.microsoft.com/win/2004/08/events/event'><System><Provider Name='Microsoft-Windows-Security-Auditing' Guid='{54849625-5478-4994-a5ba-3e3b0328c30d}'/><EventID>5156</EventID><Version>1</Version><Level>0</Level><Task>12810</Task><Opcode>0</Opcode><Keywords>0x8020000000000000</Keywords><TimeCreated SystemTime='2023-03-18T02:00:59.645541400Z'/><EventRecordID>66188625</EventRecordID><Correlation/><Execution ProcessID='4' ThreadID='11140'/><Channel>Security</Channel><Computer>winser-ksc-xdr</Computer><Security/></System><EventData><Data Name='ProcessID'>5236</Data><Data Name='Application'>\\device\\harddiskvolume2\\program files\\kaspersky lab\\kaspersky security center web console\\node.exe</Data><Data Name='Direction'>%%14593</Data><Data Name='SourceAddress'>127.0.0.1</Data><Data Name='SourcePort'>49736</Data><Data Name='DestAddress'>127.0.0.1</Data><Data Name='DestPort'>4150</Data><Data Name='Protocol'>6</Data><Data Name='FilterRTID'>68368</Data><Data Name='LayerName'>%%14611</Data><Data Name='LayerRTID'>48</Data><Data Name='RemoteUserID'>S-1-0-0</Data><Data Name='RemoteMachineID'>S-1-0-0</Data></EventData></Event>
<Event xmlns='http://schemas.microsoft.com/win/2004/08/events/event'><System><Provider Name='Microsoft-Windows-Security-Auditing' Guid='{54849625-5478-4994-a5ba-3e3b0328c30d}'/><EventID>5156</EventID><Version>1</Version><Level>0</Level><Task>12810</Task><Opcode>0</Opcode><Keywords>0x8020000000000000</Keywords><TimeCreated SystemTime='2023-03-18T02:00:59.645765800Z'/><EventRecordID>66188628</EventRecordID><Correlation/><Execution ProcessID='4' ThreadID='11140'/><Channel>Security</Channel><Computer>winser-ksc-xdr</Computer><Security/></System><EventData><Data Name='ProcessID'>5112</Data><Data Name='Application'>\\device\\harddiskvolume2\\program files\\kaspersky lab\\kaspersky security center web console\\node.exe</Data><Data Name='Direction'>%%14593</Data><Data Name='SourceAddress'>127.0.0.1</Data><Data Name='SourcePort'>49740</Data><Data Name='DestAddress'>127.0.0.1</Data><Data Name='DestPort'>4150</Data><Data Name='Protocol'>6</Data><Data Name='FilterRTID'>68368</Data><Data Name='LayerName'>%%14611</Data><Data Name='LayerRTID'>48</Data><Data Name='RemoteUserID'>S-1-0-0</Data><Data Name='RemoteMachineID'>S-1-0-0</Data></EventData></Event>
<Event xmlns='http://schemas.microsoft.com/win/2004/08/events/event'><System><Provider Name='Microsoft-Windows-Security-Auditing' Guid='{54849625-5478-4994-a5ba-3e3b0328c30d}'/><EventID>5156</EventID><Version>1</Version><Level>0</Level><Task>12810</Task><Opcode>0</Opcode><Keywords>0x8020000000000000</Keywords><TimeCreated SystemTime='2023-03-18T02:00:59.645749300Z'/><EventRecordID>66188626</EventRecordID><Correlation/><Execution ProcessID='4' ThreadID='11140'/><Channel>Security</Channel><Computer>winser-ksc-xdr</Computer><Security/></System><EventData><Data Name='ProcessID'>5236</Data><Data Name='Application'>\\device\\harddiskvolume2\\program files\\kaspersky lab\\kaspersky security center web console\\node.exe</Data><Data Name='Direction'>%%14593</Data><Data Name='SourceAddress'>127.0.0.1</Data><Data Name='SourcePort'>49736</Data><Data Name='DestAddress'>127.0.0.1</Data><Data Name='DestPort'>4150</Data><Data Name='Protocol'>6</Data><Data Name='FilterRTID'>68368</Data><Data Name='LayerName'>%%14611</Data><Data Name='LayerRTID'>48</Data><Data Name='RemoteUserID'>S-1-0-0</Data><Data Name='RemoteMachineID'>S-1-0-0</Data></EventData></Event>
<Event xmlns='http://schemas.microsoft.com/win/2004/08/events/event'><System><Provider Name='Microsoft-Windows-Security-Auditing' Guid='{54849625-5478-4994-a5ba-3e3b0328c30d}'/><EventID>5156</EventID><Version>1</Version><Level>0</Level><Task>12810</Task><Opcode>0</Opcode><Keywords>0x8020000000000000</Keywords><TimeCreated SystemTime='2023-03-18T02:00:59.630150100Z'/><EventRecordID>66188621</EventRecordID><Correlation/><Execution ProcessID='4' ThreadID='11140'/><Channel>Security</Channel><Computer>winser-ksc-xdr</Computer><Security/></System><EventData><Data Name='ProcessID'>5112</Data><Data Name='Application'>\\device\\harddiskvolume2\\program files\\kaspersky lab\\kaspersky security center web console\\node.exe</Data><Data Name='Direction'>%%14593</Data><Data Name='SourceAddress'>127.0.0.1</Data><Data Name='SourcePort'>49738</Data><Data Name='DestAddress'>127.0.0.1</Data><Data Name='DestPort'>4150</Data><Data Name='Protocol'>6</Data><Data Name='FilterRTID'>68368</Data><Data Name='LayerName'>%%14611</Data><Data Name='LayerRTID'>48</Data><Data Name='RemoteUserID'>S-1-0-0</Data><Data Name='RemoteMachineID'>S-1-0-0</Data></EventData></Event>
<Event xmlns='http://schemas.microsoft.com/win/2004/08/events/event'><System><Provider Name='Microsoft-Windows-Security-Auditing' Guid='{54849625-5478-4994-a5ba-3e3b0328c30d}'/><EventID>5156</EventID><Version>1</Version><Level>0</Level><Task>12810</Task><Opcode>0</Opcode><Keywords>0x8020000000000000</Keywords><TimeCreated SystemTime='2023-03-18T02:00:59.630081500Z'/><EventRecordID>66188619</EventRecordID><Correlation/><Execution ProcessID='4' ThreadID='11140'/><Channel>Security</Channel><Computer>winser-ksc-xdr</Computer><Security/></System><EventData><Data Name='ProcessID'>5236</Data><Data Name='Application'>\\device\\harddiskvolume2\\program files\\kaspersky lab\\kaspersky security center web console\\node.exe</Data><Data Name='Direction'>%%14593</Data><Data Name='SourceAddress'>127.0.0.1</Data><Data Name='SourcePort'>49723</Data><Data Name='DestAddress'>127.0.0.1</Data><Data Name='DestPort'>4150</Data><Data Name='Protocol'>6</Data><Data Name='FilterRTID'>68368</Data><Data Name='LayerName'>%%14611</Data><Data Name='LayerRTID'>48</Data><Data Name='RemoteUserID'>S-1-0-0</Data><Data Name='RemoteMachineID'>S-1-0-0</Data></EventData></Event>
<Event xmlns='http://schemas.microsoft.com/win/2004/08/events/event'><System><Provider Name='Microsoft-Windows-Security-Auditing' Guid='{54849625-5478-4994-a5ba-3e3b0328c30d}'/><EventID>5156</EventID><Version>1</Version><Level>0</Level><Task>12810</Task><Opcode>0</Opcode><Keywords>0x8020000000000000</Keywords><TimeCreated SystemTime='2023-03-18T02:00:59.645758700Z'/><EventRecordID>66188627</EventRecordID><Correlation/><Execution ProcessID='4' ThreadID='11140'/><Channel>Security</Channel><Computer>winser-ksc-xdr</Computer><Security/></System><EventData><Data Name='ProcessID'>5112</Data><Data Name='Application'>\\device\\harddiskvolume2\\program files\\kaspersky lab\\kaspersky security center web console\\node.exe</Data><Data Name='Direction'>%%14593</Data><Data Name='SourceAddress'>127.0.0.1</Data><Data Name='SourcePort'>49740</Data><Data Name='DestAddress'>127.0.0.1</Data><Data Name='DestPort'>4150</Data><Data Name='Protocol'>6</Data><Data Name='FilterRTID'>68368</Data><Data Name='LayerName'>%%14611</Data><Data Name='LayerRTID'>48</Data><Data Name='RemoteUserID'>S-1-0-0</Data><Data Name='RemoteMachineID'>S-1-0-0</Data></EventData></Event>
<Event xmlns='http://schemas.microsoft.com/win/2004/08/events/event'><System><Provider Name='Microsoft-Windows-Security-Auditing' Guid='{54849625-5478-4994-a5ba-3e3b0328c30d}'/><EventID>5156</EventID><Version>1</Version><Level>0</Level><Task>12810</Task><Opcode>0</Opcode><Keywords>0x8020000000000000</Keywords><TimeCreated SystemTime='2023-03-18T02:00:59.645970800Z'/><EventRecordID>66188630</EventRecordID><Correlation/><Execution ProcessID='4' ThreadID='11140'/><Channel>Security</Channel><Computer>winser-ksc-xdr</Computer><Security/></System><EventData><Data Name='ProcessID'>5236</Data><Data Name='Application'>\\device\\harddiskvolume2\\program files\\kaspersky lab\\kaspersky security center web console\\node.exe</Data><Data Name='Direction'>%%14593</Data><Data Name='SourceAddress'>127.0.0.1</Data><Data Name='SourcePort'>49734</Data><Data Name='DestAddress'>127.0.0.1</Data><Data Name='DestPort'>4150</Data><Data Name='Protocol'>6</Data><Data Name='FilterRTID'>68368</Data><Data Name='LayerName'>%%14611</Data><Data Name='LayerRTID'>48</Data><Data Name='RemoteUserID'>S-1-0-0</Data><Data Name='RemoteMachineID'>S-1-0-0</Data></EventData></Event>
<Event xmlns='http://schemas.microsoft.com/win/2004/08/events/event'><System><Provider Name='Microsoft-Windows-Security-Auditing' Guid='{54849625-5478-4994-a5ba-3e3b0328c30d}'/><EventID>5156</EventID><Version>1</Version><Level>0</Level><Task>12810</Task><Opcode>0</Opcode><Keywords>0x8020000000000000</Keywords><TimeCreated SystemTime='2023-03-18T02:00:59.645887900Z'/><EventRecordID>66188629</EventRecordID><Correlation/><Execution ProcessID='4' ThreadID='11140'/><Channel>Security</Channel><Computer>winser-ksc-xdr</Computer><Security/></System><EventData><Data Name='ProcessID'>5236</Data><Data Name='Application'>\\device\\harddiskvolume2\\program files\\kaspersky lab\\kaspersky security center web console\\node.exe</Data><Data Name='Direction'>%%14593</Data><Data Name='SourceAddress'>127.0.0.1</Data><Data Name='SourcePort'>49734</Data><Data Name='DestAddress'>127.0.0.1</Data><Data Name='DestPort'>4150</Data><Data Name='Protocol'>6</Data><Data Name='FilterRTID'>68368</Data><Data Name='LayerName'>%%14611</Data><Data Name='LayerRTID'>48</Data><Data Name='RemoteUserID'>S-1-0-0</Data><Data Name='RemoteMachineID'>S-1-0-0</Data></EventData></Event>
<Event xmlns='http://schemas.microsoft.com/win/2004/08/events/event'><System><Provider Name='Microsoft-Windows-Security-Auditing' Guid='{54849625-5478-4994-a5ba-3e3b0328c30d}'/><EventID>5156</EventID><Version>1</Version><Level>0</Level><Task>12810</Task><Opcode>0</Opcode><Keywords>0x8020000000000000</Keywords><TimeCreated SystemTime='2023-03-18T02:00:59.666868300Z'/><EventRecordID>66188633</EventRecordID><Correlation/><Execution ProcessID='4' ThreadID='11140'/><Channel>Security</Channel><Computer>winser-ksc-xdr</Computer><Security/></System><EventData><Data Name='ProcessID'>5112</Data><Data Name='Application'>\\device\\harddiskvolume2\\program files\\kaspersky lab\\kaspersky security center web console\\node.exe</Data><Data Name='Direction'>%%14593</Data><Data Name='SourceAddress'>127.0.0.1</Data><Data Name='SourcePort'>49739</Data><Data Name='DestAddress'>127.0.0.1</Data><Data Name='DestPort'>4150</Data><Data Name='Protocol'>6</Data><Data Name='FilterRTID'>68368</Data><Data Name='LayerName'>%%14611</Data><Data Name='LayerRTID'>48</Data><Data Name='RemoteUserID'>S-1-0-0</Data><Data Name='RemoteMachineID'>S-1-0-0</Data></EventData></Event>
<Event xmlns='http://schemas.microsoft.com/win/2004/08/events/event'><System><Provider Name='Microsoft-Windows-Security-Auditing' Guid='{54849625-5478-4994-a5ba-3e3b0328c30d}'/><EventID>5156</EventID><Version>1</Version><Level>0</Level><Task>12810</Task><Opcode>0</Opcode><Keywords>0x8020000000000000</Keywords><TimeCreated SystemTime='2023-03-18T02:00:59.666849600Z'/><EventRecordID>66188631</EventRecordID><Correlation/><Execution ProcessID='4' ThreadID='11140'/><Channel>Security</Channel><Computer>winser-ksc-xdr</Computer><Security/></System><EventData><Data Name='ProcessID'>5236</Data><Data Name='Application'>\\device\\harddiskvolume2\\program files\\kaspersky lab\\kaspersky security center web console\\node.exe</Data><Data Name='Direction'>%%14593</Data><Data Name='SourceAddress'>127.0.0.1</Data><Data Name='SourcePort'>49733</Data><Data Name='DestAddress'>127.0.0.1</Data><Data Name='DestPort'>4150</Data><Data Name='Protocol'>6</Data><Data Name='FilterRTID'>68368</Data><Data Name='LayerName'>%%14611</Data><Data Name='LayerRTID'>48</Data><Data Name='RemoteUserID'>S-1-0-0</Data><Data Name='RemoteMachineID'>S-1-0-0</Data></EventData></Event>
<Event xmlns='http://schemas.microsoft.com/win/2004/08/events/event'><System><Provider Name='Microsoft-Windows-Security-Auditing' Guid='{54849625-5478-4994-a5ba-3e3b0328c30d}'/><EventID>5156</EventID><Version>1</Version><Level>0</Level><Task>12810</Task><Opcode>0</Opcode><Keywords>0x8020000000000000</Keywords><TimeCreated SystemTime='2023-03-18T02:00:59.666924900Z'/><EventRecordID>66188634</EventRecordID><Correlation/><Execution ProcessID='4' ThreadID='11140'/><Channel>Security</Channel><Computer>winser-ksc-xdr</Computer><Security/></System><EventData><Data Name='ProcessID'>5112</Data><Data Name='Application'>\\device\\harddiskvolume2\\program files\\kaspersky lab\\kaspersky security center web console\\node.exe</Data><Data Name='Direction'>%%14593</Data><Data Name='SourceAddress'>127.0.0.1</Data><Data Name='SourcePort'>49739</Data><Data Name='DestAddress'>127.0.0.1</Data><Data Name='DestPort'>4150</Data><Data Name='Protocol'>6</Data><Data Name='FilterRTID'>68368</Data><Data Name='LayerName'>%%14611</Data><Data Name='LayerRTID'>48</Data><Data Name='RemoteUserID'>S-1-0-0</Data><Data Name='RemoteMachineID'>S-1-0-0</Data></EventData></Event>
<Event xmlns='http://schemas.microsoft.com/win/2004/08/events/event'><System><Provider Name='Microsoft-Windows-Security-Auditing' Guid='{54849625-5478-4994-a5ba-3e3b0328c30d}'/><EventID>5156</EventID><Version>1</Version><Level>0</Level><Task>12810</Task><Opcode>0</Opcode><Keywords>0x8020000000000000</Keywords><TimeCreated SystemTime='2023-03-18T02:00:59.746983600Z'/><EventRecordID>66188636</EventRecordID><Correlation/><Execution ProcessID='4' ThreadID='11140'/><Channel>Security</Channel><Computer>winser-ksc-xdr</Computer><Security/></System><EventData><Data Name='ProcessID'>5112</Data><Data Name='Application'>\\device\\harddiskvolume2\\program files\\kaspersky lab\\kaspersky security center web console\\node.exe</Data><Data Name='Direction'>%%14593</Data><Data Name='SourceAddress'>127.0.0.1</Data><Data Name='SourcePort'>49732</Data><Data Name='DestAddress'>127.0.0.1</Data><Data Name='DestPort'>4150</Data><Data Name='Protocol'>6</Data><Data Name='FilterRTID'>68368</Data><Data Name='LayerName'>%%14611</Data><Data Name='LayerRTID'>48</Data><Data Name='RemoteUserID'>S-1-0-0</Data><Data Name='RemoteMachineID'>S-1-0-0</Data></EventData></Event>
<Event xmlns='http://schemas.microsoft.com/win/2004/08/events/event'><System><Provider Name='Microsoft-Windows-Security-Auditing' Guid='{54849625-5478-4994-a5ba-3e3b0328c30d}'/><EventID>5156</EventID><Version>1</Version><Level>0</Level><Task>12810</Task><Opcode>0</Opcode><Keywords>0x8020000000000000</Keywords><TimeCreated SystemTime='2023-03-18T02:00:59.666861200Z'/><EventRecordID>66188632</EventRecordID><Correlation/><Execution ProcessID='4' ThreadID='11140'/><Channel>Security</Channel><Computer>winser-ksc-xdr</Computer><Security/></System><EventData><Data Name='ProcessID'>5236</Data><Data Name='Application'>\\device\\harddiskvolume2\\program files\\kaspersky lab\\kaspersky security center web console\\node.exe</Data><Data Name='Direction'>%%14593</Data><Data Name='SourceAddress'>127.0.0.1</Data><Data Name='SourcePort'>49733</Data><Data Name='DestAddress'>127.0.0.1</Data><Data Name='DestPort'>4150</Data><Data Name='Protocol'>6</Data><Data Name='FilterRTID'>68368</Data><Data Name='LayerName'>%%14611</Data><Data Name='LayerRTID'>48</Data><Data Name='RemoteUserID'>S-1-0-0</Data><Data Name='RemoteMachineID'>S-1-0-0</Data></EventData></Event>
<Event xmlns='http://schemas.microsoft.com/win/2004/08/events/event'><System><Provider Name='Microsoft-Windows-Security-Auditing' Guid='{54849625-5478-4994-a5ba-3e3b0328c30d}'/><EventID>5156</EventID><Version>1</Version><Level>0</Level><Task>12810</Task><Opcode>0</Opcode><Keywords>0x8020000000000000</Keywords><TimeCreated SystemTime='2023-03-18T02:00:59.746930100Z'/><EventRecordID>66188635</EventRecordID><Correlation/><Execution ProcessID='4' ThreadID='11140'/><Channel>Security</Channel><Computer>winser-ksc-xdr</Computer><Security/></System><EventData><Data Name='ProcessID'>5112</Data><Data Name='Application'>\\device\\harddiskvolume2\\program files\\kaspersky lab\\kaspersky security center web console\\node.exe</Data><Data Name='Direction'>%%14593</Data><Data Name='SourceAddress'>127.0.0.1</Data><Data Name='SourcePort'>49732</Data><Data Name='DestAddress'>127.0.0.1</Data><Data Name='DestPort'>4150</Data><Data Name='Protocol'>6</Data><Data Name='FilterRTID'>68368</Data><Data Name='LayerName'>%%14611</Data><Data Name='LayerRTID'>48</Data><Data Name='RemoteUserID'>S-1-0-0</Data><Data Name='RemoteMachineID'>S-1-0-0</Data></EventData></Event>
<Event xmlns='http://schemas.microsoft.com/win/2004/08/events/event'><System><Provider Name='Microsoft-Windows-Sysmon' Guid='{5770385f-c22a-43e0-bf4c-06f5698ffbd9}'/><EventID>7</EventID><Version>3</Version><Level>4</Level><Task>7</Task><Opcode>0</Opcode><Keywords>0x8000000000000000</Keywords><TimeCreated SystemTime='2023-03-18T02:01:00.058610300Z'/><EventRecordID>896816</EventRecordID><Correlation/><Execution ProcessID='8272' ThreadID='10236'/><Channel>Microsoft-Windows-Sysmon/Operational</Channel><Computer>winser-ksc-xdr</Computer><Security UserID='S-1-5-18'/></System><EventData><Data Name='RuleName'>-</Data><Data Name='UtcTime'>2023-03-18 02:01:00.056</Data><Data Name='ProcessGuid'>{efaa5734-4f7d-63ab-8000-000000000800}</Data><Data Name='ProcessId'>600</Data><Data Name='Image'>C:\\Windows\\System32\\svchost.exe</Data><Data Name='ImageLoaded'>C:\\Windows\\System32\\perfos.dll</Data><Data Name='FileVersion'>10.0.17763.1 (WinBuild.160101.0800)</Data><Data Name='Description'>Windows System Performance Objects DLL</Data><Data Name='Product'>Microsoft Windows Operating System</Data><Data Name='Company'>Microsoft Corporation</Data><Data Name='OriginalFileName'>PERFOS.DLL</Data><Data Name='Hashes'>MD5=E104BA77D289204B5165BBB27473F037,SHA256=9773FB5BB1A3B0D49EA900A0E840173BE876EC727711678C6A4220DDAE651E9D</Data><Data Name='Signed'>true</Data><Data Name='Signature'>Microsoft Windows</Data><Data Name='SignatureStatus'>Valid</Data><Data Name='User'>NT AUTHORITY\\LOCAL SERVICE</Data></EventData></Event>
<Event xmlns='http://schemas.microsoft.com/win/2004/08/events/event'><System><Provider Name='Microsoft-Windows-Sysmon' Guid='{5770385f-c22a-43e0-bf4c-06f5698ffbd9}'/><EventID>17</EventID><Version>1</Version><Level>4</Level><Task>17</Task><Opcode>0</Opcode><Keywords>0x8000000000000000</Keywords><TimeCreated SystemTime='2023-03-18T02:00:27.130190800Z'/><EventRecordID>1879527</EventRecordID><Correlation/><Execution ProcessID='2104' ThreadID='6340'/><Channel>Microsoft-Windows-Sysmon/Operational</Channel><Computer>winser-dc-xdr.example.com</Computer><Security UserID='S-1-5-18'/></System><EventData><Data Name='RuleName'>-</Data><Data Name='EventType'>CreatePipe</Data><Data Name='UtcTime'>2023-03-18 02:00:27.118</Data><Data Name='ProcessGuid'>{e91642e8-5bad-63c7-9d1e-000000000700}</Data><Data Name='ProcessId'>2516</Data><Data Name='PipeName'>&lt;Anonymous Pipe&gt;</Data><Data Name='Image'>C:\\Windows\\system32\\ServerManager.exe</Data><Data Name='User'>EXAMPLE\\Administrator</Data></EventData></Event>
<Event xmlns='http://schemas.microsoft.com/win/2004/08/events/event'><System><Provider Name='Microsoft-Windows-Sysmon' Guid='{5770385f-c22a-43e0-bf4c-06f5698ffbd9}'/><EventID>17</EventID><Version>1</Version><Level>4</Level><Task>17</Task><Opcode>0</Opcode><Keywords>0x8000000000000000</Keywords><TimeCreated SystemTime='2023-03-18T02:00:27.129992600Z'/><EventRecordID>1879525</EventRecordID><Correlation/><Execution ProcessID='2104' ThreadID='6340'/><Channel>Microsoft-Windows-Sysmon/Operational</Channel><Computer>winser-dc-xdr.example.com</Computer><Security UserID='S-1-5-18'/></System><EventData><Data Name='RuleName'>-</Data><Data Name='EventType'>CreatePipe</Data><Data Name='UtcTime'>2023-03-18 02:00:27.118</Data><Data Name='ProcessGuid'>{e91642e8-5bad-63c7-9d1e-000000000700}</Data><Data Name='ProcessId'>2516</Data><Data Name='PipeName'>&lt;Anonymous Pipe&gt;</Data><Data Name='Image'>C:\\Windows\\system32\\ServerManager.exe</Data><Data Name='User'>EXAMPLE\\Administrator</Data></EventData></Event>
<Event xmlns='http://schemas.microsoft.com/win/2004/08/events/event'><System><Provider Name='Microsoft-Windows-Sysmon' Guid='{5770385f-c22a-43e0-bf4c-06f5698ffbd9}'/><EventID>18</EventID><Version>1</Version><Level>4</Level><Task>18</Task><Opcode>0</Opcode><Keywords>0x8000000000000000</Keywords><TimeCreated SystemTime='2023-03-18T02:00:27.130111200Z'/><EventRecordID>1879526</EventRecordID><Correlation/><Execution ProcessID='2104' ThreadID='6340'/><Channel>Microsoft-Windows-Sysmon/Operational</Channel><Computer>winser-dc-xdr.example.com</Computer><Security UserID='S-1-5-18'/></System><EventData><Data Name='RuleName'>-</Data><Data Name='EventType'>ConnectPipe</Data><Data Name='UtcTime'>2023-03-18 02:00:27.118</Data><Data Name='ProcessGuid'>{e91642e8-5bad-63c7-9d1e-000000000700}</Data><Data Name='ProcessId'>2516</Data><Data Name='PipeName'>&lt;Anonymous Pipe&gt;</Data><Data Name='Image'>C:\\Windows\\system32\\ServerManager.exe</Data><Data Name='User'>EXAMPLE\\Administrator</Data></EventData></Event>
<Event xmlns='http://schemas.microsoft.com/win/2004/08/events/event'><System><Provider Name='Microsoft-Windows-Sysmon' Guid='{5770385f-c22a-43e0-bf4c-06f5698ffbd9}'/><EventID>1</EventID><Version>5</Version><Level>4</Level><Task>1</Task><Opcode>0</Opcode><Keywords>0x8000000000000000</Keywords><TimeCreated SystemTime='2023-03-18T02:00:27.149975600Z'/><EventRecordID>1879529</EventRecordID><Correlation/><Execution ProcessID='2104' ThreadID='6340'/><Channel>Microsoft-Windows-Sysmon/Operational</Channel><Computer>winser-dc-xdr.example.com</Computer><Security UserID='S-1-5-18'/></System><EventData><Data Name='RuleName'>-</Data><Data Name='UtcTime'>2023-03-18 02:00:27.133</Data><Data Name='ProcessGuid'>{e91642e8-1b3b-6415-6f30-020000000700}</Data><Data Name='ProcessId'>8596</Data><Data Name='Image'>C:\\Windows\\System32\\Configure-SMRemoting.exe</Data><Data Name='FileVersion'>10.0.17763.1 (WinBuild.160101.0800)</Data><Data Name='Description'>Configure-SMRemoting</Data><Data Name='Product'>Microsoft Windows Operating System</Data><Data Name='Company'>Microsoft Corporation</Data><Data Name='OriginalFileName'>Configure-SMRemoting.EXE</Data><Data Name='CommandLine'>"Configure-SMRemoting.exe" -GET</Data><Data Name='CurrentDirectory'>C:\\Windows\\system32\\</Data><Data Name='User'>EXAMPLE\\Administrator</Data><Data Name='LogonGuid'>{e91642e8-8308-63ac-0289-860100000000}</Data><Data Name='LogonId'>0x1868902</Data><Data Name='TerminalSessionId'>2</Data><Data Name='IntegrityLevel'>High</Data><Data Name='Hashes'>MD5=01B26A8919A84F68E836BD7F43AE646E,SHA256=C42B1CDBA6020D3858CE47C6A0D279045A741F21263BB417742371D0C04AE79A</Data><Data Name='ParentProcessGuid'>{e91642e8-5bad-63c7-9d1e-000000000700}</Data><Data Name='ParentProcessId'>2516</Data><Data Name='ParentImage'>C:\\Windows\\System32\\ServerManager.exe</Data><Data Name='ParentCommandLine'>"C:\\Windows\\system32\\ServerManager.exe" </Data><Data Name='ParentUser'>EXAMPLE\\Administrator</Data></EventData></Event>
<Event xmlns='http://schemas.microsoft.com/win/2004/08/events/event'><System><Provider Name='Microsoft-Windows-Sysmon' Guid='{5770385f-c22a-43e0-bf4c-06f5698ffbd9}'/><EventID>18</EventID><Version>1</Version><Level>4</Level><Task>18</Task><Opcode>0</Opcode><Keywords>0x8000000000000000</Keywords><TimeCreated SystemTime='2023-03-18T02:00:27.130268100Z'/><EventRecordID>1879528</EventRecordID><Correlation/><Execution ProcessID='2104' ThreadID='6340'/><Channel>Microsoft-Windows-Sysmon/Operational</Channel><Computer>winser-dc-xdr.example.com</Computer><Security UserID='S-1-5-18'/></System><EventData><Data Name='RuleName'>-</Data><Data Name='EventType'>ConnectPipe</Data><Data Name='UtcTime'>2023-03-18 02:00:27.118</Data><Data Name='ProcessGuid'>{e91642e8-5bad-63c7-9d1e-000000000700}</Data><Data Name='ProcessId'>2516</Data><Data Name='PipeName'>&lt;Anonymous Pipe&gt;</Data><Data Name='Image'>C:\\Windows\\system32\\ServerManager.exe</Data><Data Name='User'>EXAMPLE\\Administrator</Data></EventData></Event>
<Event xmlns='http://schemas.microsoft.com/win/2004/08/events/event'><System><Provider Name='Microsoft-Windows-Security-Auditing' Guid='{54849625-5478-4994-a5ba-3e3b0328c30d}'/><EventID>4688</EventID><Version>2</Version><Level>0</Level><Task>13312</Task><Opcode>0</Opcode><Keywords>0x8020000000000000</Keywords><TimeCreated SystemTime='2023-03-18T02:00:27.164626100Z'/><EventRecordID>1867146</EventRecordID><Correlation/><Execution ProcessID='4' ThreadID='1740'/><Channel>Security</Channel><Computer>winser-dc-xdr.example.com</Computer><Security/></System><EventData><Data Name='SubjectUserSid'>S-1-5-21-2950628830-185530450-1021415593-500</Data><Data Name='SubjectUserName'>Administrator</Data><Data Name='SubjectDomainName'>EXAMPLE</Data><Data Name='SubjectLogonId'>0x1868902</Data><Data Name='NewProcessId'>0x28a4</Data><Data Name='NewProcessName'>C:\\Windows\\System32\\conhost.exe</Data><Data Name='TokenElevationType'>%%1936</Data><Data Name='ProcessId'>0x2194</Data><Data Name='CommandLine'>\\??\\C:\\Windows\\system32\\conhost.exe 0xffffffff -ForceV1</Data><Data Name='TargetUserSid'>S-1-0-0</Data><Data Name='TargetUserName'>-</Data><Data Name='TargetDomainName'>-</Data><Data Name='TargetLogonId'>0x0</Data><Data Name='ParentProcessName'>C:\\Windows\\System32\\Configure-SMRemoting.exe</Data><Data Name='MandatoryLabel'>S-1-16-12288</Data></EventData></Event>
<Event xmlns='http://schemas.microsoft.com/win/2004/08/events/event'><System><Provider Name='Microsoft-Windows-Sysmon' Guid='{5770385f-c22a-43e0-bf4c-06f5698ffbd9}'/><EventID>10</EventID><Version>3</Version><Level>4</Level><Task>10</Task><Opcode>0</Opcode><Keywords>0x8000000000000000</Keywords><TimeCreated SystemTime='2023-03-18T02:00:27.167707600Z'/><EventRecordID>1879532</EventRecordID><Correlation/><Execution ProcessID='2104' ThreadID='6340'/><Channel>Microsoft-Windows-Sysmon/Operational</Channel><Computer>winser-dc-xdr.example.com</Computer><Security UserID='S-1-5-18'/></System><EventData><Data Name='RuleName'>access critical process</Data><Data Name='UtcTime'>2023-03-18 02:00:27.160</Data><Data Name='SourceProcessGUID'>{e91642e8-7871-63aa-1000-000000000700}</Data><Data Name='SourceProcessId'>456</Data><Data Name='SourceThreadId'>10216</Data><Data Name='SourceImage'>C:\\Windows\\system32\\svchost.exe</Data><Data Name='TargetProcessGUID'>{e91642e8-786e-63aa-0c00-000000000700}</Data><Data Name='TargetProcessId'>724</Data><Data Name='TargetImage'>C:\\Windows\\system32\\lsass.exe</Data><Data Name='GrantedAccess'>0x1000</Data><Data Name='CallTrace'>C:\\Windows\\SYSTEM32\\ntdll.dll+a0cb4|C:\\Windows\\System32\\KERNELBASE.dll+694a5|c:\\windows\\system32\\lsm.dll+e27a|c:\\windows\\system32\\lsm.dll+dff4|C:\\Windows\\System32\\RPCRT4.dll+78e93|C:\\Windows\\System32\\RPCRT4.dll+d7f9a|C:\\Windows\\System32\\RPCRT4.dll+1a860|C:\\Windows\\System32\\RPCRT4.dll+50e18|C:\\Windows\\System32\\RPCRT4.dll+3b510|C:\\Windows\\System32\\RPCRT4.dll+3aebb|C:\\Windows\\System32\\RPCRT4.dll+2cacf|C:\\Windows\\System32\\RPCRT4.dll+2bf2a|C:\\Windows\\System32\\RPCRT4.dll+2b4f1|C:\\Windows\\System32\\RPCRT4.dll+2af62|C:\\Windows\\System32\\RPCRT4.dll+21925|C:\\Windows\\SYSTEM32\\ntdll.dll+69ca0|C:\\Windows\\SYSTEM32\\ntdll.dll+166e8|C:\\Windows\\System32\\KERNEL32.DLL+17974|C:\\Windows\\SYSTEM32\\ntdll.dll+5a371</Data><Data Name='SourceUser'>NT AUTHORITY\\SYSTEM</Data><Data Name='TargetUser'>NT AUTHORITY\\SYSTEM</Data></EventData></Event>
<Event xmlns='http://schemas.microsoft.com/win/2004/08/events/event'><System><Provider Name='Microsoft-Windows-Sysmon' Guid='{5770385f-c22a-43e0-bf4c-06f5698ffbd9}'/><EventID>7</EventID><Version>3</Version><Level>4</Level><Task>7</Task><Opcode>0</Opcode><Keywords>0x8000000000000000</Keywords><TimeCreated SystemTime='2023-03-18T02:00:27.154457800Z'/><EventRecordID>1879530</EventRecordID><Correlation/><Execution ProcessID='2104' ThreadID='6340'/><Channel>Microsoft-Windows-Sysmon/Operational</Channel><Computer>winser-dc-xdr.example.com</Computer><Security UserID='S-1-5-18'/></System><EventData><Data Name='RuleName'>-</Data><Data Name='UtcTime'>2023-03-18 02:00:27.144</Data><Data Name='ProcessGuid'>{e91642e8-1b3b-6415-6f30-020000000700}</Data><Data Name='ProcessId'>8596</Data><Data Name='Image'>C:\\Windows\\System32\\Configure-SMRemoting.exe</Data><Data Name='ImageLoaded'>C:\\Windows\\System32\\Configure-SMRemoting.exe</Data><Data Name='FileVersion'>10.0.17763.1 (WinBuild.160101.0800)</Data><Data Name='Description'>Configure-SMRemoting</Data><Data Name='Product'>Microsoft Windows Operating System</Data><Data Name='Company'>Microsoft Corporation</Data><Data Name='OriginalFileName'>Configure-SMRemoting.EXE</Data><Data Name='Hashes'>MD5=01B26A8919A84F68E836BD7F43AE646E,SHA256=C42B1CDBA6020D3858CE47C6A0D279045A741F21263BB417742371D0C04AE79A</Data><Data Name='Signed'>true</Data><Data Name='Signature'>Microsoft Windows</Data><Data Name='SignatureStatus'>Valid</Data><Data Name='User'>EXAMPLE\\Administrator</Data></EventData></Event>
