<Event xmlns='http://schemas.microsoft.com/win/2004/08/events/event'><System><Provider Name='Microsoft-Windows-Security-Auditing' Guid='{54849625-5478-4994-a5ba-3e3b0328c30d}'/><EventID>5156</EventID><Version>1</Version><Level>0</Level><Task>12810</Task><Opcode>0</Opcode><Keywords>0x8020000000000000</Keywords><TimeCreated SystemTime='2023-03-18T02:01:01.740853600Z'/><EventRecordID>66188639</EventRecordID><Correlation/><Execution ProcessID='4' ThreadID='9956'/><Channel>Security</Channel><Computer>winser-ksc-xdr</Computer><Security/></System><EventData><Data Name='ProcessID'>1748</Data><Data Name='Application'>\\device\\harddiskvolume2\\program files\\kaspersky lab\\kuma\\kuma.exe</Data><Data Name='Direction'>%%14593</Data><Data Name='SourceAddress'>10.90.144.7</Data><Data Name='SourcePort'>49859</Data><Data Name='DestAddress'>10.90.144.6</Data><Data Name='DestPort'>7210</Data><Data Name='Protocol'>6</Data><Data Name='FilterRTID'>68368</Data><Data Name='LayerName'>%%14611</Data><Data Name='LayerRTID'>48</Data><Data Name='RemoteUserID'>S-1-0-0</Data><Data Name='RemoteMachineID'>S-1-0-0</Data></EventData></Event>
<Event xmlns='http://schemas.microsoft.com/win/2004/08/events/event'><System><Provider Name='Microsoft-Windows-Security-Auditing' Guid='{54849625-5478-4994-a5ba-3e3b0328c30d}'/><EventID>5156</EventID><Version>1</Version><Level>0</Level><Task>12810</Task><Opcode>0</Opcode><Keywords>0x8020000000000000</Keywords><TimeCreated SystemTime='2023-03-18T02:01:01.945044400Z'/><EventRecordID>66188640</EventRecordID><Correlation/><Execution ProcessID='4' ThreadID='11140'/><Channel>Security</Channel><Computer>winser-ksc-xdr</Computer><Security/></System><EventData><Data Name='ProcessID'>1748</Data><Data Name='Application'>\\device\\harddiskvolume2\\program files\\kaspersky lab\\kuma\\kuma.exe</Data><Data Name='Direction'>%%14593</Data><Data Name='SourceAddress'>10.90.144.7</Data><Data Name='SourcePort'>49855</Data><Data Name='DestAddress'>10.90.144.6</Data><Data Name='DestPort'>5190</Data><Data Name='Protocol'>6</Data><Data Name='FilterRTID'>68368</Data><Data Name='LayerName'>%%14611</Data><Data Name='LayerRTID'>48</Data><Data Name='RemoteUserID'>S-1-0-0</Data><Data Name='RemoteMachineID'>S-1-0-0</Data></EventData></Event>
<Event xmlns='http://schemas.microsoft.com/win/2004/08/events/event'><System><Provider Name='Microsoft-Windows-Sysmon' Guid='{5770385f-c22a-43e0-bf4c-06f5698ffbd9}'/><EventID>7</EventID><Version>3</Version><Level>4</Level><Task>7</Task><Opcode>0</Opcode><Keywords>0x8000000000000000</Keywords><TimeCreated SystemTime='2023-03-18T02:00:29.934381700Z'/><EventRecordID>2633753</EventRecordID><Correlation/><Execution ProcessID='3200' ThreadID='3736'/><Channel>Microsoft-Windows-Sysmon/Operational</Channel><Computer>winser-home-1-xdr.example.com</Computer><Security UserID='S-1-5-18'/></System><EventData><Data Name='RuleName'>-</Data><Data Name='UtcTime'>2023-03-18 02:00:29.914</Data><Data Name='ProcessGuid'>{6d2b76d1-0127-63e4-9000-000000000800}</Data><Data Name='ProcessId'>5952</Data><Data Name='Image'>C:\\Program Files (x86)\\Kaspersky Lab\\NetworkAgent\\klnagent.exe</Data><Data Name='ImageLoaded'>C:\\Program Files (x86)\\Kaspersky Lab\\Endpoint Agent\\en-US\\soyuzres.dll</Data><Data Name='FileVersion'>3.14.0.273</Data><Data Name='Description'>Kaspersky Endpoint Agent Resources</Data><Data Name='Product'>Kaspersky Endpoint Agent</Data><Data Name='Company'>AO Kaspersky Lab</Data><Data Name='OriginalFileName'>soyuzres.EXE</Data><Data Name='Hashes'>MD5=DCF07F6B19231F629D6A51B7A95DD5E2,SHA256=9D1E670AD0EA2F0DCAB3894051231FD7B558F1129307CC560DF2BD2417758EF8</Data><Data Name='Signed'>true</Data><Data Name='Signature'>AO Kaspersky Lab</Data><Data Name='SignatureStatus'>Valid</Data><Data Name='User'>NT AUTHORITY\\SYSTEM</Data></EventData></Event>
<Event xmlns='http://schemas.microsoft.com/win/2004/08/events/event'><System><Provider Name='Microsoft-Windows-Sysmon' Guid='{5770385f-c22a-43e0-bf4c-06f5698ffbd9}'/><EventID>7</EventID><Version>3</Version><Level>4</Level><Task>7</Task><Opcode>0</Opcode><Keywords>0x8000000000000000</Keywords><TimeCreated SystemTime='2023-03-18T02:00:29.935713300Z'/><EventRecordID>2633754</EventRecordID><Correlation/><Execution ProcessID='3200' ThreadID='3736'/><Channel>Microsoft-Windows-Sysmon/Operational</Channel><Computer>winser-home-1-xdr.example.com</Computer><Security UserID='S-1-5-18'/></System><EventData><Data Name='RuleName'>-</Data><Data Name='UtcTime'>2023-03-18 02:00:29.914</Data><Data Name='ProcessGuid'>{6d2b76d1-0127-63e4-9000-000000000800}</Data><Data Name='ProcessId'>5952</Data><Data Name='Image'>C:\\Program Files (x86)\\Kaspersky Lab\\NetworkAgent\\klnagent.exe</Data><Data Name='ImageLoaded'>C:\\Program Files (x86)\\Kaspersky Lab\\Endpoint Agent\\en-US\\soyuzres.dll</Data><Data Name='FileVersion'>3.14.0.273</Data><Data Name='Description'>Kaspersky Endpoint Agent Resources</Data><Data Name='Product'>Kaspersky Endpoint Agent</Data><Data Name='Company'>AO Kaspersky Lab</Data><Data Name='OriginalFileName'>soyuzres.EXE</Data><Data Name='Hashes'>MD5=DCF07F6B19231F629D6A51B7A95DD5E2,SHA256=9D1E670AD0EA2F0DCAB3894051231FD7B558F1129307CC560DF2BD2417758EF8</Data><Data Name='Signed'>true</Data><Data Name='Signature'>AO Kaspersky Lab</Data><Data Name='SignatureStatus'>Valid</Data><Data Name='User'>NT AUTHORITY\\SYSTEM</Data></EventData></Event>
<Event xmlns='http://schemas.microsoft.com/win/2004/08/events/event'><System><Provider Name='Microsoft-Windows-Sysmon' Guid='{5770385f-c22a-43e0-bf4c-06f5698ffbd9}'/><EventID>7</EventID><Version>3</Version><Level>4</Level><Task>7</Task><Opcode>0</Opcode><Keywords>0x8000000000000000</Keywords><TimeCreated SystemTime='2023-03-18T02:00:29.937574100Z'/><EventRecordID>2633756</EventRecordID><Correlation/><Execution ProcessID='3200' ThreadID='3736'/><Channel>Microsoft-Windows-Sysmon/Operational</Channel><Computer>winser-home-1-xdr.example.com</Computer><Security UserID='S-1-5-18'/></System><EventData><Data Name='RuleName'>-</Data><Data Name='UtcTime'>2023-03-18 02:00:29.930</Data><Data Name='ProcessGuid'>{6d2b76d1-0127-63e4-9000-000000000800}</Data><Data Name='ProcessId'>5952</Data><Data Name='Image'>C:\\Program Files (x86)\\Kaspersky Lab\\NetworkAgent\\klnagent.exe</Data><Data Name='ImageLoaded'>C:\\Program Files (x86)\\Kaspersky Lab\\Endpoint Agent\\en-US\\soyuzres.dll</Data><Data Name='FileVersion'>3.14.0.273</Data><Data Name='Description'>Kaspersky Endpoint Agent Resources</Data><Data Name='Product'>Kaspersky Endpoint Agent</Data><Data Name='Company'>AO Kaspersky Lab</Data><Data Name='OriginalFileName'>soyuzres.EXE</Data><Data Name='Hashes'>MD5=DCF07F6B19231F629D6A51B7A95DD5E2,SHA256=9D1E670AD0EA2F0DCAB3894051231FD7B558F1129307CC560DF2BD2417758EF8</Data><Data Name='Signed'>true</Data><Data Name='Signature'>AO Kaspersky Lab</Data><Data Name='SignatureStatus'>Valid</Data><Data Name='User'>NT AUTHORITY\\SYSTEM</Data></EventData></Event>
<Event xmlns='http://schemas.microsoft.com/win/2004/08/events/event'><System><Provider Name='Microsoft-Windows-Sysmon' Guid='{5770385f-c22a-43e0-bf4c-06f5698ffbd9}'/><EventID>7</EventID><Version>3</Version><Level>4</Level><Task>7</Task><Opcode>0</Opcode><Keywords>0x8000000000000000</Keywords><TimeCreated SystemTime='2023-03-18T02:00:29.936630200Z'/><EventRecordID>2633755</EventRecordID><Correlation/><Execution ProcessID='3200' ThreadID='3736'/><Channel>Microsoft-Windows-Sysmon/Operational</Channel><Computer>winser-home-1-xdr.example.com</Computer><Security UserID='S-1-5-18'/></System><EventData><Data Name='RuleName'>-</Data><Data Name='UtcTime'>2023-03-18 02:00:29.930</Data><Data Name='ProcessGuid'>{6d2b76d1-0127-63e4-9000-000000000800}</Data><Data Name='ProcessId'>5952</Data><Data Name='Image'>C:\\Program Files (x86)\\Kaspersky Lab\\NetworkAgent\\klnagent.exe</Data><Data Name='ImageLoaded'>C:\\Program Files (x86)\\Kaspersky Lab\\Endpoint Agent\\en-US\\soyuzres.dll</Data><Data Name='FileVersion'>3.14.0.273</Data><Data Name='Description'>Kaspersky Endpoint Agent Resources</Data><Data Name='Product'>Kaspersky Endpoint Agent</Data><Data Name='Company'>AO Kaspersky Lab</Data><Data Name='OriginalFileName'>soyuzres.EXE</Data><Data Name='Hashes'>MD5=DCF07F6B19231F629D6A51B7A95DD5E2,SHA256=9D1E670AD0EA2F0DCAB3894051231FD7B558F1129307CC560DF2BD2417758EF8</Data><Data Name='Signed'>true</Data><Data Name='Signature'>AO Kaspersky Lab</Data><Data Name='SignatureStatus'>Valid</Data><Data Name='User'>NT AUTHORITY\\SYSTEM</Data></EventData></Event>
<Event xmlns='http://schemas.microsoft.com/win/2004/08/events/event'><System><Provider Name='Microsoft-Windows-Sysmon' Guid='{5770385f-c22a-43e0-bf4c-06f5698ffbd9}'/><EventID>7</EventID><Version>3</Version><Level>4</Level><Task>7</Task><Opcode>0</Opcode><Keywords>0x8000000000000000</Keywords><TimeCreated SystemTime='2023-03-18T02:00:29.940573200Z'/><EventRecordID>2633759</EventRecordID><Correlation/><Execution ProcessID='3200' ThreadID='3736'/><Channel>Microsoft-Windows-Sysmon/Operational</Channel><Computer>winser-home-1-xdr.example.com</Computer><Security UserID='S-1-5-18'/></System><EventData><Data Name='RuleName'>-</Data><Data Name='UtcTime'>2023-03-18 02:00:29.930</Data><Data Name='ProcessGuid'>{6d2b76d1-0127-63e4-9000-000000000800}</Data><Data Name='ProcessId'>5952</Data><Data Name='Image'>C:\\Program Files (x86)\\Kaspersky Lab\\NetworkAgent\\klnagent.exe</Data><Data Name='ImageLoaded'>C:\\Program Files (x86)\\Kaspersky Lab\\Endpoint Agent\\en-US\\soyuzres.dll</Data><Data Name='FileVersion'>3.14.0.273</Data><Data Name='Description'>Kaspersky Endpoint Agent Resources</Data><Data Name='Product'>Kaspersky Endpoint Agent</Data><Data Name='Company'>AO Kaspersky Lab</Data><Data Name='OriginalFileName'>soyuzres.EXE</Data><Data Name='Hashes'>MD5=DCF07F6B19231F629D6A51B7A95DD5E2,SHA256=9D1E670AD0EA2F0DCAB3894051231FD7B558F1129307CC560DF2BD2417758EF8</Data><Data Name='Signed'>true</Data><Data Name='Signature'>AO Kaspersky Lab</Data><Data Name='SignatureStatus'>Valid</Data><Data Name='User'>NT AUTHORITY\\SYSTEM</Data></EventData></Event>
<Event xmlns='http://schemas.microsoft.com/win/2004/08/events/event'><System><Provider Name='Microsoft-Windows-Sysmon' Guid='{5770385f-c22a-43e0-bf4c-06f5698ffbd9}'/><EventID>7</EventID><Version>3</Version><Level>4</Level><Task>7</Task><Opcode>0</Opcode><Keywords>0x8000000000000000</Keywords><TimeCreated SystemTime='2023-03-18T02:00:29.939519000Z'/><EventRecordID>2633758</EventRecordID><Correlation/><Execution ProcessID='3200' ThreadID='3736'/><Channel>Microsoft-Windows-Sysmon/Operational</Channel><Computer>winser-home-1-xdr.example.com</Computer><Security UserID='S-1-5-18'/></System><EventData><Data Name='RuleName'>-</Data><Data Name='UtcTime'>2023-03-18 02:00:29.930</Data><Data Name='ProcessGuid'>{6d2b76d1-0127-63e4-9000-000000000800}</Data><Data Name='ProcessId'>5952</Data><Data Name='Image'>C:\\Program Files (x86)\\Kaspersky Lab\\NetworkAgent\\klnagent.exe</Data><Data Name='ImageLoaded'>C:\\Program Files (x86)\\Kaspersky Lab\\Endpoint Agent\\en-US\\soyuzres.dll</Data><Data Name='FileVersion'>3.14.0.273</Data><Data Name='Description'>Kaspersky Endpoint Agent Resources</Data><Data Name='Product'>Kaspersky Endpoint Agent</Data><Data Name='Company'>AO Kaspersky Lab</Data><Data Name='OriginalFileName'>soyuzres.EXE</Data><Data Name='Hashes'>MD5=DCF07F6B19231F629D6A51B7A95DD5E2,SHA256=9D1E670AD0EA2F0DCAB3894051231FD7B558F1129307CC560DF2BD2417758EF8</Data><Data Name='Signed'>true</Data><Data Name='Signature'>AO Kaspersky Lab</Data><Data Name='SignatureStatus'>Valid</Data><Data Name='User'>NT AUTHORITY\\SYSTEM</Data></EventData></Event>
<Event xmlns='http://schemas.microsoft.com/win/2004/08/events/event'><System><Provider Name='Microsoft-Windows-Sysmon' Guid='{5770385f-c22a-43e0-bf4c-06f5698ffbd9}'/><EventID>7</EventID><Version>3</Version><Level>4</Level><Task>7</Task><Opcode>0</Opcode><Keywords>0x8000000000000000</Keywords><TimeCreated SystemTime='2023-03-18T02:00:29.943489700Z'/><EventRecordID>2633761</EventRecordID><Correlation/><Execution ProcessID='3200' ThreadID='3736'/><Channel>Microsoft-Windows-Sysmon/Operational</Channel><Computer>winser-home-1-xdr.example.com</Computer><Security UserID='S-1-5-18'/></System><EventData><Data Name='RuleName'>-</Data><Data Name='UtcTime'>2023-03-18 02:00:29.930</Data><Data Name='ProcessGuid'>{6d2b76d1-0127-63e4-9000-000000000800}</Data><Data Name='ProcessId'>5952</Data><Data Name='Image'>C:\\Program Files (x86)\\Kaspersky Lab\\NetworkAgent\\klnagent.exe</Data><Data Name='ImageLoaded'>C:\\Program Files (x86)\\Kaspersky Lab\\Endpoint Agent\\en-US\\soyuzres.dll</Data><Data Name='FileVersion'>3.14.0.273</Data><Data Name='Description'>Kaspersky Endpoint Agent Resources</Data><Data Name='Product'>Kaspersky Endpoint Agent</Data><Data Name='Company'>AO Kaspersky Lab</Data><Data Name='OriginalFileName'>soyuzres.EXE</Data><Data Name='Hashes'>MD5=DCF07F6B19231F629D6A51B7A95DD5E2,SHA256=9D1E670AD0EA2F0DCAB3894051231FD7B558F1129307CC560DF2BD2417758EF8</Data><Data Name='Signed'>true</Data><Data Name='Signature'>AO Kaspersky Lab</Data><Data Name='SignatureStatus'>Valid</Data><Data Name='User'>NT AUTHORITY\\SYSTEM</Data></EventData></Event>
<Event xmlns='http://schemas.microsoft.com/win/2004/08/events/event'><System><Provider Name='Microsoft-Windows-Sysmon' Guid='{5770385f-c22a-43e0-bf4c-06f5698ffbd9}'/><EventID>7</EventID><Version>3</Version><Level>4</Level><Task>7</Task><Opcode>0</Opcode><Keywords>0x8000000000000000</Keywords><TimeCreated SystemTime='2023-03-18T02:00:29.938537900Z'/><EventRecordID>2633757</EventRecordID><Correlation/><Execution ProcessID='3200' ThreadID='3736'/><Channel>Microsoft-Windows-Sysmon/Operational</Channel><Computer>winser-home-1-xdr.example.com</Computer><Security UserID='S-1-5-18'/></System><EventData><Data Name='RuleName'>-</Data><Data Name='UtcTime'>2023-03-18 02:00:29.930</Data><Data Name='ProcessGuid'>{6d2b76d1-0127-63e4-9000-000000000800}</Data><Data Name='ProcessId'>5952</Data><Data Name='Image'>C:\\Program Files (x86)\\Kaspersky Lab\\NetworkAgent\\klnagent.exe</Data><Data Name='ImageLoaded'>C:\\Program Files (x86)\\Kaspersky Lab\\Endpoint Agent\\en-US\\soyuzres.dll</Data><Data Name='FileVersion'>3.14.0.273</Data><Data Name='Description'>Kaspersky Endpoint Agent Resources</Data><Data Name='Product'>Kaspersky Endpoint Agent</Data><Data Name='Company'>AO Kaspersky Lab</Data><Data Name='OriginalFileName'>soyuzres.EXE</Data><Data Name='Hashes'>MD5=DCF07F6B19231F629D6A51B7A95DD5E2,SHA256=9D1E670AD0EA2F0DCAB3894051231FD7B558F1129307CC560DF2BD2417758EF8</Data><Data Name='Signed'>true</Data><Data Name='Signature'>AO Kaspersky Lab</Data><Data Name='SignatureStatus'>Valid</Data><Data Name='User'>NT AUTHORITY\\SYSTEM</Data></EventData></Event>
<Event xmlns='http://schemas.microsoft.com/win/2004/08/events/event'><System><Provider Name='Microsoft-Windows-Sysmon' Guid='{5770385f-c22a-43e0-bf4c-06f5698ffbd9}'/><EventID>7</EventID><Version>3</Version><Level>4</Level><Task>7</Task><Opcode>0</Opcode><Keywords>0x8000000000000000</Keywords><TimeCreated SystemTime='2023-03-18T02:00:29.941582100Z'/><EventRecordID>2633760</EventRecordID><Correlation/><Execution ProcessID='3200' ThreadID='3736'/><Channel>Microsoft-Windows-Sysmon/Operational</Channel><Computer>winser-home-1-xdr.example.com</Computer><Security UserID='S-1-5-18'/></System><EventData><Data Name='RuleName'>-</Data><Data Name='UtcTime'>2023-03-18 02:00:29.930</Data><Data Name='ProcessGuid'>{6d2b76d1-0127-63e4-9000-000000000800}</Data><Data Name='ProcessId'>5952</Data><Data Name='Image'>C:\\Program Files (x86)\\Kaspersky Lab\\NetworkAgent\\klnagent.exe</Data><Data Name='ImageLoaded'>C:\\Program Files (x86)\\Kaspersky Lab\\Endpoint Agent\\en-US\\soyuzres.dll</Data><Data Name='FileVersion'>3.14.0.273</Data><Data Name='Description'>Kaspersky Endpoint Agent Resources</Data><Data Name='Product'>Kaspersky Endpoint Agent</Data><Data Name='Company'>AO Kaspersky Lab</Data><Data Name='OriginalFileName'>soyuzres.EXE</Data><Data Name='Hashes'>MD5=DCF07F6B19231F629D6A51B7A95DD5E2,SHA256=9D1E670AD0EA2F0DCAB3894051231FD7B558F1129307CC560DF2BD2417758EF8</Data><Data Name='Signed'>true</Data><Data Name='Signature'>AO Kaspersky Lab</Data><Data Name='SignatureStatus'>Valid</Data><Data Name='User'>NT AUTHORITY\\SYSTEM</Data></EventData></Event>
<Event xmlns='http://schemas.microsoft.com/win/2004/08/events/event'><System><Provider Name='Microsoft-Windows-Sysmon' Guid='{5770385f-c22a-43e0-bf4c-06f5698ffbd9}'/><EventID>7</EventID><Version>3</Version><Level>4</Level><Task>7</Task><Opcode>0</Opcode><Keywords>0x8000000000000000</Keywords><TimeCreated SystemTime='2023-03-18T02:00:29.944865700Z'/><EventRecordID>2633762</EventRecordID><Correlation/><Execution ProcessID='3200' ThreadID='3736'/><Channel>Microsoft-Windows-Sysmon/Operational</Channel><Computer>winser-home-1-xdr.example.com</Computer><Security UserID='S-1-5-18'/></System><EventData><Data Name='RuleName'>-</Data><Data Name='UtcTime'>2023-03-18 02:00:29.930</Data><Data Name='ProcessGuid'>{6d2b76d1-0127-63e4-9000-000000000800}</Data><Data Name='ProcessId'>5952</Data><Data Name='Image'>C:\\Program Files (x86)\\Kaspersky Lab\\NetworkAgent\\klnagent.exe</Data><Data Name='ImageLoaded'>C:\\Program Files (x86)\\Kaspersky Lab\\Endpoint Agent\\en-US\\soyuzres.dll</Data><Data Name='FileVersion'>3.14.0.273</Data><Data Name='Description'>Kaspersky Endpoint Agent Resources</Data><Data Name='Product'>Kaspersky Endpoint Agent</Data><Data Name='Company'>AO Kaspersky Lab</Data><Data Name='OriginalFileName'>soyuzres.EXE</Data><Data Name='Hashes'>MD5=DCF07F6B19231F629D6A51B7A95DD5E2,SHA256=9D1E670AD0EA2F0DCAB3894051231FD7B558F1129307CC560DF2BD2417758EF8</Data><Data Name='Signed'>true</Data><Data Name='Signature'>AO Kaspersky Lab</Data><Data Name='SignatureStatus'>Valid</Data><Data Name='User'>NT AUTHORITY\\SYSTEM</Data></EventData></Event>
<Event xmlns='http://schemas.microsoft.com/win/2004/08/events/event'><System><Provider Name='Microsoft-Windows-Sysmon' Guid='{5770385f-c22a-43e0-bf4c-06f5698ffbd9}'/><EventID>7</EventID><Version>3</Version><Level>4</Level><Task>7</Task><Opcode>0</Opcode><Keywords>0x8000000000000000</Keywords><TimeCreated SystemTime='2023-03-18T02:00:30.986003000Z'/><EventRecordID>1981073</EventRecordID><Correlation/><Execution ProcessID='3648' ThreadID='4212'/><Channel>Microsoft-Windows-Sysmon/Operational</Channel><Computer>winser-home-2-xdr.example.com</Computer><Security UserID='S-1-5-18'/></System><EventData><Data Name='RuleName'>-</Data><Data Name='UtcTime'>2023-03-18 02:00:30.982</Data><Data Name='ProcessGuid'>{0f3d697e-7c4c-63c7-6500-000000000900}</Data><Data Name='ProcessId'>3012</Data><Data Name='Image'>C:\\Program Files (x86)\\Kaspersky Lab\\NetworkAgent\\klnagent.exe</Data><Data Name='ImageLoaded'>C:\\Program Files (x86)\\Kaspersky Lab\\Endpoint Agent\\en-US\\soyuzres.dll</Data><Data Name='FileVersion'>3.14.0.273</Data><Data Name='Description'>Kaspersky Endpoint Agent Resources</Data><Data Name='Product'>Kaspersky Endpoint Agent</Data><Data Name='Company'>AO Kaspersky Lab</Data><Data Name='OriginalFileName'>soyuzres.EXE</Data><Data Name='Hashes'>MD5=DCF07F6B19231F629D6A51B7A95DD5E2,SHA256=9D1E670AD0EA2F0DCAB3894051231FD7B558F1129307CC560DF2BD2417758EF8</Data><Data Name='Signed'>true</Data><Data Name='Signature'>AO Kaspersky Lab</Data><Data Name='SignatureStatus'>Valid</Data><Data Name='User'>NT AUTHORITY\\SYSTEM</Data></EventData></Event>
<Event xmlns='http://schemas.microsoft.com/win/2004/08/events/event'><System><Provider Name='Microsoft-Windows-Sysmon' Guid='{5770385f-c22a-43e0-bf4c-06f5698ffbd9}'/><EventID>7</EventID><Version>3</Version><Level>4</Level><Task>7</Task><Opcode>0</Opcode><Keywords>0x8000000000000000</Keywords><TimeCreated SystemTime='2023-03-18T02:00:30.988890600Z'/><EventRecordID>1981075</EventRecordID><Correlation/><Execution ProcessID='3648' ThreadID='4212'/><Channel>Microsoft-Windows-Sysmon/Operational</Channel><Computer>winser-home-2-xdr.example.com</Computer><Security UserID='S-1-5-18'/></System><EventData><Data Name='RuleName'>-</Data><Data Name='UtcTime'>2023-03-18 02:00:30.982</Data><Data Name='ProcessGuid'>{0f3d697e-7c4c-63c7-6500-000000000900}</Data><Data Name='ProcessId'>3012</Data><Data Name='Image'>C:\\Program Files (x86)\\Kaspersky Lab\\NetworkAgent\\klnagent.exe</Data><Data Name='ImageLoaded'>C:\\Program Files (x86)\\Kaspersky Lab\\Endpoint Agent\\en-US\\soyuzres.dll</Data><Data Name='FileVersion'>3.14.0.273</Data><Data Name='Description'>Kaspersky Endpoint Agent Resources</Data><Data Name='Product'>Kaspersky Endpoint Agent</Data><Data Name='Company'>AO Kaspersky Lab</Data><Data Name='OriginalFileName'>soyuzres.EXE</Data><Data Name='Hashes'>MD5=DCF07F6B19231F629D6A51B7A95DD5E2,SHA256=9D1E670AD0EA2F0DCAB3894051231FD7B558F1129307CC560DF2BD2417758EF8</Data><Data Name='Signed'>true</Data><Data Name='Signature'>AO Kaspersky Lab</Data><Data Name='SignatureStatus'>Valid</Data><Data Name='User'>NT AUTHORITY\\SYSTEM</Data></EventData></Event>
<Event xmlns='http://schemas.microsoft.com/win/2004/08/events/event'><System><Provider Name='Microsoft-Windows-Sysmon' Guid='{5770385f-c22a-43e0-bf4c-06f5698ffbd9}'/><EventID>7</EventID><Version>3</Version><Level>4</Level><Task>7</Task><Opcode>0</Opcode><Keywords>0x8000000000000000</Keywords><TimeCreated SystemTime='2023-03-18T02:00:30.987671700Z'/><EventRecordID>1981074</EventRecordID><Correlation/><Execution ProcessID='3648' ThreadID='4212'/><Channel>Microsoft-Windows-Sysmon/Operational</Channel><Computer>winser-home-2-xdr.example.com</Computer><Security UserID='S-1-5-18'/></System><EventData><Data Name='RuleName'>-</Data><Data Name='UtcTime'>2023-03-18 02:00:30.982</Data><Data Name='ProcessGuid'>{0f3d697e-7c4c-63c7-6500-000000000900}</Data><Data Name='ProcessId'>3012</Data><Data Name='Image'>C:\\Program Files (x86)\\Kaspersky Lab\\NetworkAgent\\klnagent.exe</Data><Data Name='ImageLoaded'>C:\\Program Files (x86)\\Kaspersky Lab\\Endpoint Agent\\en-US\\soyuzres.dll</Data><Data Name='FileVersion'>3.14.0.273</Data><Data Name='Description'>Kaspersky Endpoint Agent Resources</Data><Data Name='Product'>Kaspersky Endpoint Agent</Data><Data Name='Company'>AO Kaspersky Lab</Data><Data Name='OriginalFileName'>soyuzres.EXE</Data><Data Name='Hashes'>MD5=DCF07F6B19231F629D6A51B7A95DD5E2,SHA256=9D1E670AD0EA2F0DCAB3894051231FD7B558F1129307CC560DF2BD2417758EF8</Data><Data Name='Signed'>true</Data><Data Name='Signature'>AO Kaspersky Lab</Data><Data Name='SignatureStatus'>Valid</Data><Data Name='User'>NT AUTHORITY\\SYSTEM</Data></EventData></Event>
<Event xmlns='http://schemas.microsoft.com/win/2004/08/events/event'><System><Provider Name='Microsoft-Windows-Sysmon' Guid='{5770385f-c22a-43e0-bf4c-06f5698ffbd9}'/><EventID>7</EventID><Version>3</Version><Level>4</Level><Task>7</Task><Opcode>0</Opcode><Keywords>0x8000000000000000</Keywords><TimeCreated SystemTime='2023-03-18T02:00:30.992168500Z'/><EventRecordID>1981077</EventRecordID><Correlation/><Execution ProcessID='3648' ThreadID='4212'/><Channel>Microsoft-Windows-Sysmon/Operational</Channel><Computer>winser-home-2-xdr.example.com</Computer><Security UserID='S-1-5-18'/></System><EventData><Data Name='RuleName'>-</Data><Data Name='UtcTime'>2023-03-18 02:00:30.982</Data><Data Name='ProcessGuid'>{0f3d697e-7c4c-63c7-6500-000000000900}</Data><Data Name='ProcessId'>3012</Data><Data Name='Image'>C:\\Program Files (x86)\\Kaspersky Lab\\NetworkAgent\\klnagent.exe</Data><Data Name='ImageLoaded'>C:\\Program Files (x86)\\Kaspersky Lab\\Endpoint Agent\\en-US\\soyuzres.dll</Data><Data Name='FileVersion'>3.14.0.273</Data><Data Name='Description'>Kaspersky Endpoint Agent Resources</Data><Data Name='Product'>Kaspersky Endpoint Agent</Data><Data Name='Company'>AO Kaspersky Lab</Data><Data Name='OriginalFileName'>soyuzres.EXE</Data><Data Name='Hashes'>MD5=DCF07F6B19231F629D6A51B7A95DD5E2,SHA256=9D1E670AD0EA2F0DCAB3894051231FD7B558F1129307CC560DF2BD2417758EF8</Data><Data Name='Signed'>true</Data><Data Name='Signature'>AO Kaspersky Lab</Data><Data Name='SignatureStatus'>Valid</Data><Data Name='User'>NT AUTHORITY\\SYSTEM</Data></EventData></Event>
<Event xmlns='http://schemas.microsoft.com/win/2004/08/events/event'><System><Provider Name='Microsoft-Windows-Sysmon' Guid='{5770385f-c22a-43e0-bf4c-06f5698ffbd9}'/><EventID>7</EventID><Version>3</Version><Level>4</Level><Task>7</Task><Opcode>0</Opcode><Keywords>0x8000000000000000</Keywords><TimeCreated SystemTime='2023-03-18T02:00:30.990903100Z'/><EventRecordID>1981076</EventRecordID><Correlation/><Execution ProcessID='3648' ThreadID='4212'/><Channel>Microsoft-Windows-Sysmon/Operational</Channel><Computer>winser-home-2-xdr.example.com</Computer><Security UserID='S-1-5-18'/></System><EventData><Data Name='RuleName'>-</Data><Data Name='UtcTime'>2023-03-18 02:00:30.982</Data><Data Name='ProcessGuid'>{0f3d697e-7c4c-63c7-6500-000000000900}</Data><Data Name='ProcessId'>3012</Data><Data Name='Image'>C:\\Program Files (x86)\\Kaspersky Lab\\NetworkAgent\\klnagent.exe</Data><Data Name='ImageLoaded'>C:\\Program Files (x86)\\Kaspersky Lab\\Endpoint Agent\\en-US\\soyuzres.dll</Data><Data Name='FileVersion'>3.14.0.273</Data><Data Name='Description'>Kaspersky Endpoint Agent Resources</Data><Data Name='Product'>Kaspersky Endpoint Agent</Data><Data Name='Company'>AO Kaspersky Lab</Data><Data Name='OriginalFileName'>soyuzres.EXE</Data><Data Name='Hashes'>MD5=DCF07F6B19231F629D6A51B7A95DD5E2,SHA256=9D1E670AD0EA2F0DCAB3894051231FD7B558F1129307CC560DF2BD2417758EF8</Data><Data Name='Signed'>true</Data><Data Name='Signature'>AO Kaspersky Lab</Data><Data Name='SignatureStatus'>Valid</Data><Data Name='User'>NT AUTHORITY\\SYSTEM</Data></EventData></Event>
<Event xmlns='http://schemas.microsoft.com/win/2004/08/events/event'><System><Provider Name='Microsoft-Windows-Sysmon' Guid='{5770385f-c22a-43e0-bf4c-06f5698ffbd9}'/><EventID>7</EventID><Version>3</Version><Level>4</Level><Task>7</Task><Opcode>0</Opcode><Keywords>0x8000000000000000</Keywords><TimeCreated SystemTime='2023-03-18T02:00:30.993445900Z'/><EventRecordID>1981078</EventRecordID><Correlation/><Execution ProcessID='3648' ThreadID='4212'/><Channel>Microsoft-Windows-Sysmon/Operational</Channel><Computer>winser-home-2-xdr.example.com</Computer><Security UserID='S-1-5-18'/></System><EventData><Data Name='RuleName'>-</Data><Data Name='UtcTime'>2023-03-18 02:00:30.982</Data><Data Name='ProcessGuid'>{0f3d697e-7c4c-63c7-6500-000000000900}</Data><Data Name='ProcessId'>3012</Data><Data Name='Image'>C:\\Program Files (x86)\\Kaspersky Lab\\NetworkAgent\\klnagent.exe</Data><Data Name='ImageLoaded'>C:\\Program Files (x86)\\Kaspersky Lab\\Endpoint Agent\\en-US\\soyuzres.dll</Data><Data Name='FileVersion'>3.14.0.273</Data><Data Name='Description'>Kaspersky Endpoint Agent Resources</Data><Data Name='Product'>Kaspersky Endpoint Agent</Data><Data Name='Company'>AO Kaspersky Lab</Data><Data Name='OriginalFileName'>soyuzres.EXE</Data><Data Name='Hashes'>MD5=DCF07F6B19231F629D6A51B7A95DD5E2,SHA256=9D1E670AD0EA2F0DCAB3894051231FD7B558F1129307CC560DF2BD2417758EF8</Data><Data Name='Signed'>true</Data><Data Name='Signature'>AO Kaspersky Lab</Data><Data Name='SignatureStatus'>Valid</Data><Data Name='User'>NT AUTHORITY\\SYSTEM</Data></EventData></Event>
<Event xmlns='http://schemas.microsoft.com/win/2004/08/events/event'><System><Provider Name='Microsoft-Windows-Sysmon' Guid='{5770385f-c22a-43e0-bf4c-06f5698ffbd9}'/><EventID>7</EventID><Version>3</Version><Level>4</Level><Task>7</Task><Opcode>0</Opcode><Keywords>0x8000000000000000</Keywords><TimeCreated SystemTime='2023-03-18T02:00:30.999269300Z'/><EventRecordID>1981081</EventRecordID><Correlation/><Execution ProcessID='3648' ThreadID='4212'/><Channel>Microsoft-Windows-Sysmon/Operational</Channel><Computer>winser-home-2-xdr.example.com</Computer><Security UserID='S-1-5-18'/></System><EventData><Data Name='RuleName'>-</Data><Data Name='UtcTime'>2023-03-18 02:00:30.982</Data><Data Name='ProcessGuid'>{0f3d697e-7c4c-63c7-6500-000000000900}</Data><Data Name='ProcessId'>3012</Data><Data Name='Image'>C:\\Program Files (x86)\\Kaspersky Lab\\NetworkAgent\\klnagent.exe</Data><Data Name='ImageLoaded'>C:\\Program Files (x86)\\Kaspersky Lab\\Endpoint Agent\\en-US\\soyuzres.dll</Data><Data Name='FileVersion'>3.14.0.273</Data><Data Name='Description'>Kaspersky Endpoint Agent Resources</Data><Data Name='Product'>Kaspersky Endpoint Agent</Data><Data Name='Company'>AO Kaspersky Lab</Data><Data Name='OriginalFileName'>soyuzres.EXE</Data><Data Name='Hashes'>MD5=DCF07F6B19231F629D6A51B7A95DD5E2,SHA256=9D1E670AD0EA2F0DCAB3894051231FD7B558F1129307CC560DF2BD2417758EF8</Data><Data Name='Signed'>true</Data><Data Name='Signature'>AO Kaspersky Lab</Data><Data Name='SignatureStatus'>Valid</Data><Data Name='User'>NT AUTHORITY\\SYSTEM</Data></EventData></Event>
<Event xmlns='http://schemas.microsoft.com/win/2004/08/events/event'><System><Provider Name='Microsoft-Windows-Sysmon' Guid='{5770385f-c22a-43e0-bf4c-06f5698ffbd9}'/><EventID>7</EventID><Version>3</Version><Level>4</Level><Task>7</Task><Opcode>0</Opcode><Keywords>0x8000000000000000</Keywords><TimeCreated SystemTime='2023-03-18T02:00:30.994749000Z'/><EventRecordID>1981079</EventRecordID><Correlation/><Execution ProcessID='3648' ThreadID='4212'/><Channel>Microsoft-Windows-Sysmon/Operational</Channel><Computer>winser-home-2-xdr.example.com</Computer><Security UserID='S-1-5-18'/></System><EventData><Data Name='RuleName'>-</Data><Data Name='UtcTime'>2023-03-18 02:00:30.982</Data><Data Name='ProcessGuid'>{0f3d697e-7c4c-63c7-6500-000000000900}</Data><Data Name='ProcessId'>3012</Data><Data Name='Image'>C:\\Program Files (x86)\\Kaspersky Lab\\NetworkAgent\\klnagent.exe</Data><Data Name='ImageLoaded'>C:\\Program Files (x86)\\Kaspersky Lab\\Endpoint Agent\\en-US\\soyuzres.dll</Data><Data Name='FileVersion'>3.14.0.273</Data><Data Name='Description'>Kaspersky Endpoint Agent Resources</Data><Data Name='Product'>Kaspersky Endpoint Agent</Data><Data Name='Company'>AO Kaspersky Lab</Data><Data Name='OriginalFileName'>soyuzres.EXE</Data><Data Name='Hashes'>MD5=DCF07F6B19231F629D6A51B7A95DD5E2,SHA256=9D1E670AD0EA2F0DCAB3894051231FD7B558F1129307CC560DF2BD2417758EF8</Data><Data Name='Signed'>true</Data><Data Name='Signature'>AO Kaspersky Lab</Data><Data Name='SignatureStatus'>Valid</Data><Data Name='User'>NT AUTHORITY\\SYSTEM</Data></EventData></Event>
<Event xmlns='http://schemas.microsoft.com/win/2004/08/events/event'><System><Provider Name='Microsoft-Windows-Sysmon' Guid='{5770385f-c22a-43e0-bf4c-06f5698ffbd9}'/><EventID>7</EventID><Version>3</Version><Level>4</Level><Task>7</Task><Opcode>0</Opcode><Keywords>0x8000000000000000</Keywords><TimeCreated SystemTime='2023-03-18T02:00:30.985028100Z'/><EventRecordID>1981072</EventRecordID><Correlation/><Execution ProcessID='3648' ThreadID='4212'/><Channel>Microsoft-Windows-Sysmon/Operational</Channel><Computer>winser-home-2-xdr.example.com</Computer><Security UserID='S-1-5-18'/></System><EventData><Data Name='RuleName'>-</Data><Data Name='UtcTime'>2023-03-18 02:00:30.982</Data><Data Name='ProcessGuid'>{0f3d697e-7c4c-63c7-6500-000000000900}</Data><Data Name='ProcessId'>3012</Data><Data Name='Image'>C:\\Program Files (x86)\\Kaspersky Lab\\NetworkAgent\\klnagent.exe</Data><Data Name='ImageLoaded'>C:\\Program Files (x86)\\Kaspersky Lab\\Endpoint Agent\\en-US\\soyuzres.dll</Data><Data Name='FileVersion'>3.14.0.273</Data><Data Name='Description'>Kaspersky Endpoint Agent Resources</Data><Data Name='Product'>Kaspersky Endpoint Agent</Data><Data Name='Company'>AO Kaspersky Lab</Data><Data Name='OriginalFileName'>soyuzres.EXE</Data><Data Name='Hashes'>MD5=DCF07F6B19231F629D6A51B7A95DD5E2,SHA256=9D1E670AD0EA2F0DCAB3894051231FD7B558F1129307CC560DF2BD2417758EF8</Data><Data Name='Signed'>true</Data><Data Name='Signature'>AO Kaspersky Lab</Data><Data Name='SignatureStatus'>Valid</Data><Data Name='User'>NT AUTHORITY\\SYSTEM</Data></EventData></Event>
<Event xmlns='http://schemas.microsoft.com/win/2004/08/events/event'><System><Provider Name='Microsoft-Windows-Sysmon' Guid='{5770385f-c22a-43e0-bf4c-06f5698ffbd9}'/><EventID>7</EventID><Version>3</Version><Level>4</Level><Task>7</Task><Opcode>0</Opcode><Keywords>0x8000000000000000</Keywords><TimeCreated SystemTime='2023-03-18T02:00:30.997813000Z'/><EventRecordID>1981080</EventRecordID><Correlation/><Execution ProcessID='3648' ThreadID='4212'/><Channel>Microsoft-Windows-Sysmon/Operational</Channel><Computer>winser-home-2-xdr.example.com</Computer><Security UserID='S-1-5-18'/></System><EventData><Data Name='RuleName'>-</Data><Data Name='UtcTime'>2023-03-18 02:00:30.982</Data><Data Name='ProcessGuid'>{0f3d697e-7c4c-63c7-6500-000000000900}</Data><Data Name='ProcessId'>3012</Data><Data Name='Image'>C:\\Program Files (x86)\\Kaspersky Lab\\NetworkAgent\\klnagent.exe</Data><Data Name='ImageLoaded'>C:\\Program Files (x86)\\Kaspersky Lab\\Endpoint Agent\\en-US\\soyuzres.dll</Data><Data Name='FileVersion'>3.14.0.273</Data><Data Name='Description'>Kaspersky Endpoint Agent Resources</Data><Data Name='Product'>Kaspersky Endpoint Agent</Data><Data Name='Company'>AO Kaspersky Lab</Data><Data Name='OriginalFileName'>soyuzres.EXE</Data><Data Name='Hashes'>MD5=DCF07F6B19231F629D6A51B7A95DD5E2,SHA256=9D1E670AD0EA2F0DCAB3894051231FD7B558F1129307CC560DF2BD2417758EF8</Data><Data Name='Signed'>true</Data><Data Name='Signature'>AO Kaspersky Lab</Data><Data Name='SignatureStatus'>Valid</Data><Data Name='User'>NT AUTHORITY\\SYSTEM</Data></EventData></Event>
<Event xmlns='http://schemas.microsoft.com/win/2004/08/events/event'><System><Provider Name='Microsoft-Windows-Security-Auditing' Guid='{54849625-5478-4994-a5ba-3e3b0328c30d}'/><EventID>5156</EventID><Version>1</Version><Level>0</Level><Task>12810</Task><Opcode>0</Opcode><Keywords>0x8020000000000000</Keywords><TimeCreated SystemTime='2023-03-18T02:01:04.560171600Z'/><EventRecordID>66188644</EventRecordID><Correlation/><Execution ProcessID='4' ThreadID='10728'/><Channel>Security</Channel><Computer>winser-ksc-xdr</Computer><Security/></System><EventData><Data Name='ProcessID'>9904</Data><Data Name='Application'>\\device\\harddiskvolume2\\windows\\syswow64\\mmc.exe</Data><Data Name='Direction'>%%14593</Data><Data Name='SourceAddress'>127.0.0.1</Data><Data Name='SourcePort'>51929</Data><Data Name='DestAddress'>127.0.0.1</Data><Data Name='DestPort'>13291</Data><Data Name='Protocol'>6</Data><Data Name='FilterRTID'>68368</Data><Data Name='LayerName'>%%14611</Data><Data Name='LayerRTID'>48</Data><Data Name='RemoteUserID'>S-1-0-0</Data><Data Name='RemoteMachineID'>S-1-0-0</Data></EventData></Event>
<Event xmlns='http://schemas.microsoft.com/win/2004/08/events/event'><System><Provider Name='Microsoft-Windows-Security-Auditing' Guid='{54849625-5478-4994-a5ba-3e3b0328c30d}'/><EventID>5156</EventID><Version>1</Version><Level>0</Level><Task>12810</Task><Opcode>0</Opcode><Keywords>0x8020000000000000</Keywords><TimeCreated SystemTime='2023-03-18T02:01:04.185374900Z'/><EventRecordID>66188641</EventRecordID><Correlation/><Execution ProcessID='4' ThreadID='10728'/><Channel>Security</Channel><Computer>winser-ksc-xdr</Computer><Security/></System><EventData><Data Name='ProcessID'>4</Data><Data Name='Application'>System</Data><Data Name='Direction'>%%14592</Data><Data Name='SourceAddress'>10.90.144.11</Data><Data Name='SourcePort'>138</Data><Data Name='DestAddress'>10.90.145.255</Data><Data Name='DestPort'>138</Data><Data Name='Protocol'>17</Data><Data Name='FilterRTID'>68384</Data><Data Name='LayerName'>%%14610</Data><Data Name='LayerRTID'>44</Data><Data Name='RemoteUserID'>S-1-0-0</Data><Data Name='RemoteMachineID'>S-1-0-0</Data></EventData></Event>
<Event xmlns='http://schemas.microsoft.com/win/2004/08/events/event'><System><Provider Name='Microsoft-Windows-Security-Auditing' Guid='{54849625-5478-4994-a5ba-3e3b0328c30d}'/><EventID>5156</EventID><Version>1</Version><Level>0</Level><Task>12810</Task><Opcode>0</Opcode><Keywords>0x8020000000000000</Keywords><TimeCreated SystemTime='2023-03-18T02:01:04.564012100Z'/><EventRecordID>66188646</EventRecordID><Correlation/><Execution ProcessID='4' ThreadID='10728'/><Channel>Security</Channel><Computer>winser-ksc-xdr</Computer><Security/></System><EventData><Data Name='ProcessID'>8004</Data><Data Name='Application'>\\device\\harddiskvolume2\\program files\\microsoft sql server\\mssql15.sqlexpress\\mssql\\binn\\sqlservr.exe</Data><Data Name='Direction'>%%14592</Data><Data Name='SourceAddress'>10.90.144.7</Data><Data Name='SourcePort'>54848</Data><Data Name='DestAddress'>10.90.144.7</Data><Data Name='DestPort'>1433</Data><Data Name='Protocol'>6</Data><Data Name='FilterRTID'>68384</Data><Data Name='LayerName'>%%14610</Data><Data Name='LayerRTID'>44</Data><Data Name='RemoteUserID'>S-1-0-0</Data><Data Name='RemoteMachineID'>S-1-0-0</Data></EventData></Event>
<Event xmlns='http://schemas.microsoft.com/win/2004/08/events/event'><System><Provider Name='Microsoft-Windows-Security-Auditing' Guid='{54849625-5478-4994-a5ba-3e3b0328c30d}'/><EventID>5156</EventID><Version>1</Version><Level>0</Level><Task>12810</Task><Opcode>0</Opcode><Keywords>0x8020000000000000</Keywords><TimeCreated SystemTime='2023-03-18T02:01:04.185394400Z'/><EventRecordID>66188642</EventRecordID><Correlation/><Execution ProcessID='4' ThreadID='10728'/><Channel>Security</Channel><Computer>winser-ksc-xdr</Computer><Security/></System><EventData><Data Name='ProcessID'>4</Data><Data Name='Application'>System</Data><Data Name='Direction'>%%14592</Data><Data Name='SourceAddress'>10.90.144.11</Data><Data Name='SourcePort'>138</Data><Data Name='DestAddress'>10.90.145.255</Data><Data Name='DestPort'>138</Data><Data Name='Protocol'>17</Data><Data Name='FilterRTID'>68384</Data><Data Name='LayerName'>%%14610</Data><Data Name='LayerRTID'>44</Data><Data Name='RemoteUserID'>S-1-0-0</Data><Data Name='RemoteMachineID'>S-1-0-0</Data></EventData></Event>
<Event xmlns='http://schemas.microsoft.com/win/2004/08/events/event'><System><Provider Name='Microsoft-Windows-Security-Auditing' Guid='{54849625-5478-4994-a5ba-3e3b0328c30d}'/><EventID>5156</EventID><Version>1</Version><Level>0</Level><Task>12810</Task><Opcode>0</Opcode><Keywords>0x8020000000000000</Keywords><TimeCreated SystemTime='2023-03-18T02:01:04.350932400Z'/><EventRecordID>66188643</EventRecordID><Correlation/><Execution ProcessID='4' ThreadID='10728'/><Channel>Security</Channel><Computer>winser-ksc-xdr</Computer><Security/></System><EventData><Data Name='ProcessID'>8004</Data><Data Name='Application'>\\device\\harddiskvolume2\\program files\\microsoft sql server\\mssql15.sqlexpress\\mssql\\binn\\sqlservr.exe</Data><Data Name='Direction'>%%14592</Data><Data Name='SourceAddress'>10.90.144.7</Data><Data Name='SourcePort'>55002</Data><Data Name='DestAddress'>10.90.144.7</Data><Data Name='DestPort'>1433</Data><Data Name='Protocol'>6</Data><Data Name='FilterRTID'>68384</Data><Data Name='LayerName'>%%14610</Data><Data Name='LayerRTID'>44</Data><Data Name='RemoteUserID'>S-1-0-0</Data><Data Name='RemoteMachineID'>S-1-0-0</Data></EventData></Event>
<Event xmlns='http://schemas.microsoft.com/win/2004/08/events/event'><System><Provider Name='Microsoft-Windows-Security-Auditing' Guid='{54849625-5478-4994-a5ba-3e3b0328c30d}'/><EventID>5156</EventID><Version>1</Version><Level>0</Level><Task>12810</Task><Opcode>0</Opcode><Keywords>0x8020000000000000</Keywords><TimeCreated SystemTime='2023-03-18T02:01:04.560184300Z'/><EventRecordID>66188645</EventRecordID><Correlation/><Execution ProcessID='4' ThreadID='10728'/><Channel>Security</Channel><Computer>winser-ksc-xdr</Computer><Security/></System><EventData><Data Name='ProcessID'>3028</Data><Data Name='Application'>\\device\\harddiskvolume2\\program files (x86)\\kaspersky lab\\kaspersky security center\\klserver.exe</Data><Data Name='Direction'>%%14592</Data><Data Name='SourceAddress'>127.0.0.1</Data><Data Name='SourcePort'>51929</Data><Data Name='DestAddress'>127.0.0.1</Data><Data Name='DestPort'>13291</Data><Data Name='Protocol'>6</Data><Data Name='FilterRTID'>68384</Data><Data Name='LayerName'>%%14610</Data><Data Name='LayerRTID'>44</Data><Data Name='RemoteUserID'>S-1-0-0</Data><Data Name='RemoteMachineID'>S-1-0-0</Data></EventData></Event>
<Event xmlns='http://schemas.microsoft.com/win/2004/08/events/event'><System><Provider Name='Microsoft-Windows-Security-Auditing' Guid='{54849625-5478-4994-a5ba-3e3b0328c30d}'/><EventID>5156</EventID><Version>1</Version><Level>0</Level><Task>12810</Task><Opcode>0</Opcode><Keywords>0x8020000000000000</Keywords><TimeCreated SystemTime='2023-03-18T02:01:04.568569400Z'/><EventRecordID>66188647</EventRecordID><Correlation/><Execution ProcessID='4' ThreadID='10728'/><Channel>Security</Channel><Computer>winser-ksc-xdr</Computer><Security/></System><EventData><Data Name='ProcessID'>3028</Data><Data Name='Application'>\\device\\harddiskvolume2\\program files (x86)\\kaspersky lab\\kaspersky security center\\klserver.exe</Data><Data Name='Direction'>%%14593</Data><Data Name='SourceAddress'>10.90.144.7</Data><Data Name='SourcePort'>54615</Data><Data Name='DestAddress'>10.90.144.7</Data><Data Name='DestPort'>1433</Data><Data Name='Protocol'>6</Data><Data Name='FilterRTID'>68368</Data><Data Name='LayerName'>%%14611</Data><Data Name='LayerRTID'>48</Data><Data Name='RemoteUserID'>S-1-0-0</Data><Data Name='RemoteMachineID'>S-1-0-0</Data></EventData></Event>
<Event xmlns='http://schemas.microsoft.com/win/2004/08/events/event'><System><Provider Name='Microsoft-Windows-Security-Auditing' Guid='{54849625-5478-4994-a5ba-3e3b0328c30d}'/><EventID>5156</EventID><Version>1</Version><Level>0</Level><Task>12810</Task><Opcode>0</Opcode><Keywords>0x8020000000000000</Keywords><TimeCreated SystemTime='2023-03-18T02:01:04.620744400Z'/><EventRecordID>66188649</EventRecordID><Correlation/><Execution ProcessID='4' ThreadID='10728'/><Channel>Security</Channel><Computer>winser-ksc-xdr</Computer><Security/></System><EventData><Data Name='ProcessID'>1072</Data><Data Name='Application'>\\device\\harddiskvolume2\\windows\\system32\\svchost.exe</Data><Data Name='Direction'>%%14592</Data><Data Name='SourceAddress'>10.80.16.195</Data><Data Name='SourcePort'>52745</Data><Data Name='DestAddress'>10.90.144.7</Data><Data Name='DestPort'>3389</Data><Data Name='Protocol'>6</Data><Data Name='FilterRTID'>68384</Data><Data Name='LayerName'>%%14610</Data><Data Name='LayerRTID'>44</Data><Data Name='RemoteUserID'>S-1-0-0</Data><Data Name='RemoteMachineID'>S-1-0-0</Data></EventData></Event>
<Event xmlns='http://schemas.microsoft.com/win/2004/08/events/event'><System><Provider Name='Microsoft-Windows-Security-Auditing' Guid='{54849625-5478-4994-a5ba-3e3b0328c30d}'/><EventID>5156</EventID><Version>1</Version><Level>0</Level><Task>12810</Task><Opcode>0</Opcode><Keywords>0x8020000000000000</Keywords><TimeCreated SystemTime='2023-03-18T02:01:04.636440400Z'/><EventRecordID>66188650</EventRecordID><Correlation/><Execution ProcessID='4' ThreadID='10728'/><Channel>Security</Channel><Computer>winser-ksc-xdr</Computer><Security/></System><EventData><Data Name='ProcessID'>3028</Data><Data Name='Application'>\\device\\harddiskvolume2\\program files (x86)\\kaspersky lab\\kaspersky security center\\klserver.exe</Data><Data Name='Direction'>%%14592</Data><Data Name='SourceAddress'>127.0.0.1</Data><Data Name='SourcePort'>57503</Data><Data Name='DestAddress'>127.0.0.1</Data><Data Name='DestPort'>13299</Data><Data Name='Protocol'>6</Data><Data Name='FilterRTID'>68384</Data><Data Name='LayerName'>%%14610</Data><Data Name='LayerRTID'>44</Data><Data Name='RemoteUserID'>S-1-0-0</Data><Data Name='RemoteMachineID'>S-1-0-0</Data></EventData></Event>
<Event xmlns='http://schemas.microsoft.com/win/2004/08/events/event'><System><Provider Name='Microsoft-Windows-Security-Auditing' Guid='{54849625-5478-4994-a5ba-3e3b0328c30d}'/><EventID>5156</EventID><Version>1</Version><Level>0</Level><Task>12810</Task><Opcode>0</Opcode><Keywords>0x8020000000000000</Keywords><TimeCreated SystemTime='2023-03-18T02:01:04.568582400Z'/><EventRecordID>66188648</EventRecordID><Correlation/><Execution ProcessID='4' ThreadID='10728'/><Channel>Security</Channel><Computer>winser-ksc-xdr</Computer><Security/></System><EventData><Data Name='ProcessID'>8004</Data><Data Name='Application'>\\device\\harddiskvolume2\\program files\\microsoft sql server\\mssql15.sqlexpress\\mssql\\binn\\sqlservr.exe</Data><Data Name='Direction'>%%14592</Data><Data Name='SourceAddress'>10.90.144.7</Data><Data Name='SourcePort'>54615</Data><Data Name='DestAddress'>10.90.144.7</Data><Data Name='DestPort'>1433</Data><Data Name='Protocol'>6</Data><Data Name='FilterRTID'>68384</Data><Data Name='LayerName'>%%14610</Data><Data Name='LayerRTID'>44</Data><Data Name='RemoteUserID'>S-1-0-0</Data><Data Name='RemoteMachineID'>S-1-0-0</Data></EventData></Event>
<Event xmlns='http://schemas.microsoft.com/win/2004/08/events/event'><System><Provider Name='Microsoft-Windows-Security-Auditing' Guid='{54849625-5478-4994-a5ba-3e3b0328c30d}'/><EventID>5156</EventID><Version>1</Version><Level>0</Level><Task>12810</Task><Opcode>0</Opcode><Keywords>0x8020000000000000</Keywords><TimeCreated SystemTime='2023-03-18T02:01:05.046066600Z'/><EventRecordID>66188652</EventRecordID><Correlation/><Execution ProcessID='4' ThreadID='12096'/><Channel>Security</Channel><Computer>winser-ksc-xdr</Computer><Security/></System><EventData><Data Name='ProcessID'>3028</Data><Data Name='Application'>\\device\\harddiskvolume2\\program files (x86)\\kaspersky lab\\kaspersky security center\\klserver.exe</Data><Data Name='Direction'>%%14592</Data><Data Name='SourceAddress'>127.0.0.1</Data><Data Name='SourcePort'>51922</Data><Data Name='DestAddress'>127.0.0.1</Data><Data Name='DestPort'>13299</Data><Data Name='Protocol'>6</Data><Data Name='FilterRTID'>68384</Data><Data Name='LayerName'>%%14610</Data><Data Name='LayerRTID'>44</Data><Data Name='RemoteUserID'>S-1-0-0</Data><Data Name='RemoteMachineID'>S-1-0-0</Data></EventData></Event>
<Event xmlns='http://schemas.microsoft.com/win/2004/08/events/event'><System><Provider Name='Microsoft-Windows-Security-Auditing' Guid='{54849625-5478-4994-a5ba-3e3b0328c30d}'/><EventID>5156</EventID><Version>1</Version><Level>0</Level><Task>12810</Task><Opcode>0</Opcode><Keywords>0x8020000000000000</Keywords><TimeCreated SystemTime='2023-03-18T02:01:04.642933900Z'/><EventRecordID>66188651</EventRecordID><Correlation/><Execution ProcessID='4' ThreadID='11140'/><Channel>Security</Channel><Computer>winser-ksc-xdr</Computer><Security/></System><EventData><Data Name='ProcessID'>1072</Data><Data Name='Application'>\\device\\harddiskvolume2\\windows\\system32\\svchost.exe</Data><Data Name='Direction'>%%14592</Data><Data Name='SourceAddress'>10.80.16.195</Data><Data Name='SourcePort'>52745</Data><Data Name='DestAddress'>10.90.144.7</Data><Data Name='DestPort'>3389</Data><Data Name='Protocol'>6</Data><Data Name='FilterRTID'>68384</Data><Data Name='LayerName'>%%14610</Data><Data Name='LayerRTID'>44</Data><Data Name='RemoteUserID'>S-1-0-0</Data><Data Name='RemoteMachineID'>S-1-0-0</Data></EventData></Event>
<Event xmlns='http://schemas.microsoft.com/win/2004/08/events/event'><System><Provider Name='Microsoft-Windows-Sysmon' Guid='{5770385f-c22a-43e0-bf4c-06f5698ffbd9}'/><EventID>18</EventID><Version>1</Version><Level>4</Level><Task>18</Task><Opcode>0</Opcode><Keywords>0x8000000000000000</Keywords><TimeCreated SystemTime='2023-03-18T02:00:30.551242800Z'/><EventRecordID>1879557</EventRecordID><Correlation/><Execution ProcessID='2104' ThreadID='6340'/><Channel>Microsoft-Windows-Sysmon/Operational</Channel><Computer>winser-dc-xdr.example.com</Computer><Security UserID='S-1-5-18'/></System><EventData><Data Name='RuleName'>-</Data><Data Name='EventType'>ConnectPipe</Data><Data Name='UtcTime'>2023-03-18 02:00:30.519</Data><Data Name='ProcessGuid'>{e91642e8-7881-63aa-4e00-000000000700}</Data><Data Name='ProcessId'>3624</Data><Data Name='PipeName'>\\lsass</Data><Data Name='Image'>C:\\Windows\\system32\\dns.exe</Data><Data Name='User'>NT AUTHORITY\\SYSTEM</Data></EventData></Event>
<Event xmlns='http://schemas.microsoft.com/win/2004/08/events/event'><System><Provider Name='Microsoft-Windows-Sysmon' Guid='{5770385f-c22a-43e0-bf4c-06f5698ffbd9}'/><EventID>3</EventID><Version>5</Version><Level>4</Level><Task>3</Task><Opcode>0</Opcode><Keywords>0x8000000000000000</Keywords><TimeCreated SystemTime='2023-03-18T02:00:32.612110500Z'/><EventRecordID>2633763</EventRecordID><Correlation/><Execution ProcessID='3200' ThreadID='3728'/><Channel>Microsoft-Windows-Sysmon/Operational</Channel><Computer>winser-home-1-xdr.example.com</Computer><Security UserID='S-1-5-18'/></System><EventData><Data Name='RuleName'>-</Data><Data Name='UtcTime'>2023-03-18 00:54:10.408</Data><Data Name='ProcessGuid'>{6d2b76d1-009a-63e4-eb03-000000000000}</Data><Data Name='ProcessId'>4</Data><Data Name='Image'>System</Data><Data Name='User'>NT AUTHORITY\\SYSTEM</Data><Data Name='Protocol'>udp</Data><Data Name='Initiated'>false</Data><Data Name='SourceIsIpv6'>false</Data><Data Name='SourceIp'>10.90.145.255</Data><Data Name='SourceHostname'>-</Data><Data Name='SourcePort'>138</Data><Data Name='SourcePortName'>netbios-dgm</Data><Data Name='DestinationIsIpv6'>false</Data><Data Name='DestinationIp'>10.90.144.11</Data><Data Name='DestinationHostname'>winser-home-2-xdr.avp.ru</Data><Data Name='DestinationPort'>138</Data><Data Name='DestinationPortName'>netbios-dgm</Data></EventData></Event>
