<Event xmlns='http://schemas.microsoft.com/win/2004/08/events/event'><System><Provider Name='Microsoft-Windows-Security-SPP' Guid='{E23B33B0-C8C9-472C-A5F9-F2BDFEA0F156}' EventSourceName='Software Protection Platform Service'/><EventID Qualifiers='49152'>16394</EventID><Version>0</Version><Level>4</Level><Task>0</Task><Opcode>0</Opcode><Keywords>0x80000000000000</Keywords><TimeCreated SystemTime='2023-03-18T02:00:20.491961800Z'/><EventRecordID>35149</EventRecordID><Correlation/><Execution ProcessID='0' ThreadID='0'/><Channel>Application</Channel><Computer>winser-home-2-xdr.example.com</Computer><Security/></System><EventData></EventData></Event>
<Event xmlns='http://schemas.microsoft.com/win/2004/08/events/event'><System><Provider Name='Microsoft-Windows-Sysmon' Guid='{5770385f-c22a-43e0-bf4c-06f5698ffbd9}'/><EventID>18</EventID><Version>1</Version><Level>4</Level><Task>18</Task><Opcode>0</Opcode><Keywords>0x8000000000000000</Keywords><TimeCreated SystemTime='2023-03-18T02:00:19.933089000Z'/><EventRecordID>1981009</EventRecordID><Correlation/><Execution ProcessID='3648' ThreadID='4212'/><Channel>Microsoft-Windows-Sysmon/Operational</Channel><Computer>winser-home-2-xdr.example.com</Computer><Security UserID='S-1-5-18'/></System><EventData><Data Name='RuleName'>-</Data><Data Name='EventType'>ConnectPipe</Data><Data Name='UtcTime'>2023-03-18 02:00:19.925</Data><Data Name='ProcessGuid'>{0f3d697e-ea04-63d1-6819-000000000900}</Data><Data Name='ProcessId'>2516</Data><Data Name='PipeName'>\\lsass</Data><Data Name='Image'>C:\\Windows\\system32\\ServerManager.exe</Data><Data Name='User'>WINSER-HOME-2-X\\Administrator</Data></EventData></Event>
<Event xmlns='http://schemas.microsoft.com/win/2004/08/events/event'><System><Provider Name='Microsoft-Windows-Sysmon' Guid='{5770385f-c22a-43e0-bf4c-06f5698ffbd9}'/><EventID>18</EventID><Version>1</Version><Level>4</Level><Task>18</Task><Opcode>0</Opcode><Keywords>0x8000000000000000</Keywords><TimeCreated SystemTime='2023-03-18T02:00:19.981853500Z'/><EventRecordID>1981011</EventRecordID><Correlation/><Execution ProcessID='3648' ThreadID='4212'/><Channel>Microsoft-Windows-Sysmon/Operational</Channel><Computer>winser-home-2-xdr.example.com</Computer><Security UserID='S-1-5-18'/></System><EventData><Data Name='RuleName'>-</Data><Data Name='EventType'>ConnectPipe</Data><Data Name='UtcTime'>2023-03-18 02:00:19.974</Data><Data Name='ProcessGuid'>{0f3d697e-ea04-63d1-6819-000000000900}</Data><Data Name='ProcessId'>2516</Data><Data Name='PipeName'>&lt;Anonymous Pipe&gt;</Data><Data Name='Image'>C:\\Windows\\system32\\ServerManager.exe</Data><Data Name='User'>WINSER-HOME-2-X\\Administrator</Data></EventData></Event>
<Event xmlns='http://schemas.microsoft.com/win/2004/08/events/event'><System><Provider Name='Microsoft-Windows-Sysmon' Guid='{5770385f-c22a-43e0-bf4c-06f5698ffbd9}'/><EventID>18</EventID><Version>1</Version><Level>4</Level><Task>18</Task><Opcode>0</Opcode><Keywords>0x8000000000000000</Keywords><TimeCreated SystemTime='2023-03-18T02:00:19.982041300Z'/><EventRecordID>1981013</EventRecordID><Correlation/><Execution ProcessID='3648' ThreadID='4212'/><Channel>Microsoft-Windows-Sysmon/Operational</Channel><Computer>winser-home-2-xdr.example.com</Computer><Security UserID='S-1-5-18'/></System><EventData><Data Name='RuleName'>-</Data><Data Name='EventType'>ConnectPipe</Data><Data Name='UtcTime'>2023-03-18 02:00:19.974</Data><Data Name='ProcessGuid'>{0f3d697e-ea04-63d1-6819-000000000900}</Data><Data Name='ProcessId'>2516</Data><Data Name='PipeName'>&lt;Anonymous Pipe&gt;</Data><Data Name='Image'>C:\\Windows\\system32\\ServerManager.exe</Data><Data Name='User'>WINSER-HOME-2-X\\Administrator</Data></EventData></Event>
<Event xmlns='http://schemas.microsoft.com/win/2004/08/events/event'><System><Provider Name='Microsoft-Windows-Sysmon' Guid='{5770385f-c22a-43e0-bf4c-06f5698ffbd9}'/><EventID>17</EventID><Version>1</Version><Level>4</Level><Task>17</Task><Opcode>0</Opcode><Keywords>0x8000000000000000</Keywords><TimeCreated SystemTime='2023-03-18T02:00:19.981614700Z'/><EventRecordID>1981010</EventRecordID><Correlation/><Execution ProcessID='3648' ThreadID='4212'/><Channel>Microsoft-Windows-Sysmon/Operational</Channel><Computer>winser-home-2-xdr.example.com</Computer><Security UserID='S-1-5-18'/></System><EventData><Data Name='RuleName'>-</Data><Data Name='EventType'>CreatePipe</Data><Data Name='UtcTime'>2023-03-18 02:00:19.974</Data><Data Name='ProcessGuid'>{0f3d697e-ea04-63d1-6819-000000000900}</Data><Data Name='ProcessId'>2516</Data><Data Name='PipeName'>&lt;Anonymous Pipe&gt;</Data><Data Name='Image'>C:\\Windows\\system32\\ServerManager.exe</Data><Data Name='User'>WINSER-HOME-2-X\\Administrator</Data></EventData></Event>
<Event xmlns='http://schemas.microsoft.com/win/2004/08/events/event'><System><Provider Name='Microsoft-Windows-Security-Auditing' Guid='{54849625-5478-4994-a5ba-3e3b0328c30d}'/><EventID>4688</EventID><Version>2</Version><Level>0</Level><Task>13312</Task><Opcode>0</Opcode><Keywords>0x8020000000000000</Keywords><TimeCreated SystemTime='2023-03-18T02:00:19.985087200Z'/><EventRecordID>504242</EventRecordID><Correlation/><Execution ProcessID='4' ThreadID='4728'/><Channel>Security</Channel><Computer>winser-home-2-xdr.example.com</Computer><Security/></System><EventData><Data Name='SubjectUserSid'>S-1-5-21-4246118961-2033799708-816662513-500</Data><Data Name='SubjectUserName'>Administrator</Data><Data Name='SubjectDomainName'>WINSER-HOME-2-X</Data><Data Name='SubjectLogonId'>0x9f81be2</Data><Data Name='NewProcessId'>0x2fd0</Data><Data Name='NewProcessName'>C:\\Windows\\System32\\Configure-SMRemoting.exe</Data><Data Name='TokenElevationType'>%%1936</Data><Data Name='ProcessId'>0x9d4</Data><Data Name='CommandLine'>"Configure-SMRemoting.exe" -GET</Data><Data Name='TargetUserSid'>S-1-0-0</Data><Data Name='TargetUserName'>-</Data><Data Name='TargetDomainName'>-</Data><Data Name='TargetLogonId'>0x0</Data><Data Name='ParentProcessName'>C:\\Windows\\System32\\ServerManager.exe</Data><Data Name='MandatoryLabel'>S-1-16-12288</Data></EventData></Event>
<Event xmlns='http://schemas.microsoft.com/win/2004/08/events/event'><System><Provider Name='Microsoft-Windows-Security-Auditing' Guid='{54849625-5478-4994-a5ba-3e3b0328c30d}'/><EventID>4670</EventID><Version>0</Version><Level>0</Level><Task>13570</Task><Opcode>0</Opcode><Keywords>0x8020000000000000</Keywords><TimeCreated SystemTime='2023-03-18T02:00:20.023254900Z'/><EventRecordID>504243</EventRecordID><Correlation/><Execution ProcessID='4' ThreadID='4728'/><Channel>Security</Channel><Computer>winser-home-2-xdr.example.com</Computer><Security/></System><EventData><Data Name='SubjectUserSid'>S-1-5-18</Data><Data Name='SubjectUserName'>WINSER-HOME-2-X$</Data><Data Name='SubjectDomainName'>EXAMPLE</Data><Data Name='SubjectLogonId'>0x3e7</Data><Data Name='ObjectServer'>Security</Data><Data Name='ObjectType'>Token</Data><Data Name='ObjectName'>-</Data><Data Name='HandleId'>0xdf4</Data><Data Name='OldSd'>D:(A;;GA;;;SY)(A;;GA;;;NS)</Data><Data Name='NewSd'>D:(A;;GA;;;SY)(A;;RC;;;OW)(A;;GA;;;S-1-5-80-123231216-2592883651-3715271367-3753151631-4175906628)</Data><Data Name='ProcessId'>0x2e4</Data><Data Name='ProcessName'>C:\\Windows\\System32\\services.exe</Data></EventData></Event>
<Event xmlns='http://schemas.microsoft.com/win/2004/08/events/event'><System><Provider Name='Microsoft-Windows-Sysmon' Guid='{5770385f-c22a-43e0-bf4c-06f5698ffbd9}'/><EventID>17</EventID><Version>1</Version><Level>4</Level><Task>17</Task><Opcode>0</Opcode><Keywords>0x8000000000000000</Keywords><TimeCreated SystemTime='2023-03-18T02:00:19.981937000Z'/><EventRecordID>1981012</EventRecordID><Correlation/><Execution ProcessID='3648' ThreadID='4212'/><Channel>Microsoft-Windows-Sysmon/Operational</Channel><Computer>winser-home-2-xdr.example.com</Computer><Security UserID='S-1-5-18'/></System><EventData><Data Name='RuleName'>-</Data><Data Name='EventType'>CreatePipe</Data><Data Name='UtcTime'>2023-03-18 02:00:19.974</Data><Data Name='ProcessGuid'>{0f3d697e-ea04-63d1-6819-000000000900}</Data><Data Name='ProcessId'>2516</Data><Data Name='PipeName'>&lt;Anonymous Pipe&gt;</Data><Data Name='Image'>C:\\Windows\\system32\\ServerManager.exe</Data><Data Name='User'>WINSER-HOME-2-X\\Administrator</Data></EventData></Event>
<Event xmlns='http://schemas.microsoft.com/win/2004/08/events/event'><System><Provider Name='Microsoft-Windows-Security-Auditing' Guid='{54849625-5478-4994-a5ba-3e3b0328c30d}'/><EventID>4688</EventID><Version>2</Version><Level>0</Level><Task>13312</Task><Opcode>0</Opcode><Keywords>0x8020000000000000</Keywords><TimeCreated SystemTime='2023-03-18T02:00:20.033234700Z'/><EventRecordID>504244</EventRecordID><Correlation/><Execution ProcessID='4' ThreadID='4728'/><Channel>Security</Channel><Computer>winser-home-2-xdr.example.com</Computer><Security/></System><EventData><Data Name='SubjectUserSid'>S-1-5-18</Data><Data Name='SubjectUserName'>WINSER-HOME-2-X$</Data><Data Name='SubjectDomainName'>EXAMPLE</Data><Data Name='SubjectLogonId'>0x3e7</Data><Data Name='NewProcessId'>0x24f0</Data><Data Name='NewProcessName'>C:\\Windows\\System32\\sppsvc.exe</Data><Data Name='TokenElevationType'>%%1936</Data><Data Name='ProcessId'>0x2e4</Data><Data Name='CommandLine'>C:\\Windows\\system32\\sppsvc.exe</Data><Data Name='TargetUserSid'>S-1-0-0</Data><Data Name='TargetUserName'>WINSER-HOME-2-X$</Data><Data Name='TargetDomainName'>EXAMPLE</Data><Data Name='TargetLogonId'>0x3e4</Data><Data Name='ParentProcessName'>C:\\Windows\\System32\\services.exe</Data><Data Name='MandatoryLabel'>S-1-16-16384</Data></EventData></Event>
<Event xmlns='http://schemas.microsoft.com/win/2004/08/events/event'><System><Provider Name='Microsoft-Windows-Sysmon' Guid='{5770385f-c22a-43e0-bf4c-06f5698ffbd9}'/><EventID>10</EventID><Version>3</Version><Level>4</Level><Task>10</Task><Opcode>0</Opcode><Keywords>0x8000000000000000</Keywords><TimeCreated SystemTime='2023-03-18T02:00:20.032760400Z'/><EventRecordID>1981014</EventRecordID><Correlation/><Execution ProcessID='3648' ThreadID='4212'/><Channel>Microsoft-Windows-Sysmon/Operational</Channel><Computer>winser-home-2-xdr.example.com</Computer><Security UserID='S-1-5-18'/></System><EventData><Data Name='RuleName'>access critical process</Data><Data Name='UtcTime'>2023-03-18 02:00:20.020</Data><Data Name='SourceProcessGUID'>{0f3d697e-7bc7-63c7-1200-000000000900}</Data><Data Name='SourceProcessId'>400</Data><Data Name='SourceThreadId'>13244</Data><Data Name='SourceImage'>C:\\Windows\\system32\\svchost.exe</Data><Data Name='TargetProcessGUID'>{0f3d697e-7bc6-63c7-0c00-000000000900}</Data><Data Name='TargetProcessId'>748</Data><Data Name='TargetImage'>C:\\Windows\\system32\\lsass.exe</Data><Data Name='GrantedAccess'>0x1000</Data><Data Name='CallTrace'>C:\\Windows\\SYSTEM32\\ntdll.dll+a0cb4|C:\\Windows\\System32\\KERNELBASE.dll+69895|c:\\windows\\system32\\lsm.dll+f347|c:\\windows\\system32\\lsm.dll+df04|C:\\Windows\\System32\\RPCRT4.dll+78e93|C:\\Windows\\System32\\RPCRT4.dll+d7f9a|C:\\Windows\\System32\\RPCRT4.dll+1a860|C:\\Windows\\System32\\RPCRT4.dll+50e18|C:\\Windows\\System32\\RPCRT4.dll+3b510|C:\\Windows\\System32\\RPCRT4.dll+3aebb|C:\\Windows\\System32\\RPCRT4.dll+2cacf|C:\\Windows\\System32\\RPCRT4.dll+2bf2a|C:\\Windows\\System32\\RPCRT4.dll+2b4f1|C:\\Windows\\System32\\RPCRT4.dll+2af62|C:\\Windows\\System32\\RPCRT4.dll+21925|C:\\Windows\\SYSTEM32\\ntdll.dll+69ca0|C:\\Windows\\SYSTEM32\\ntdll.dll+166e8|C:\\Windows\\System32\\KERNEL32.DLL+17af4|C:\\Windows\\SYSTEM32\\ntdll.dll+5a371</Data><Data Name='SourceUser'>NT AUTHORITY\\SYSTEM</Data><Data Name='TargetUser'>NT AUTHORITY\\SYSTEM</Data></EventData></Event>
<Event xmlns='http://schemas.microsoft.com/win/2004/08/events/event'><System><Provider Name='Microsoft-Windows-Sysmon' Guid='{5770385f-c22a-43e0-bf4c-06f5698ffbd9}'/><EventID>1</EventID><Version>5</Version><Level>4</Level><Task>1</Task><Opcode>0</Opcode><Keywords>0x8000000000000000</Keywords><TimeCreated SystemTime='2023-03-18T02:00:20.058577900Z'/><EventRecordID>1981016</EventRecordID><Correlation/><Execution ProcessID='3648' ThreadID='4212'/><Channel>Microsoft-Windows-Sysmon/Operational</Channel><Computer>winser-home-2-xdr.example.com</Computer><Security UserID='S-1-5-18'/></System><EventData><Data Name='RuleName'>-</Data><Data Name='UtcTime'>2023-03-18 02:00:19.984</Data><Data Name='ProcessGuid'>{0f3d697e-1b33-6415-258c-010000000900}</Data><Data Name='ProcessId'>12240</Data><Data Name='Image'>C:\\Windows\\System32\\Configure-SMRemoting.exe</Data><Data Name='FileVersion'>10.0.17763.1 (WinBuild.160101.0800)</Data><Data Name='Description'>Configure-SMRemoting</Data><Data Name='Product'>Microsoft Windows Operating System</Data><Data Name='Company'>Microsoft Corporation</Data><Data Name='OriginalFileName'>Configure-SMRemoting.EXE</Data><Data Name='CommandLine'>"Configure-SMRemoting.exe" -GET</Data><Data Name='CurrentDirectory'>C:\\Windows\\system32\\</Data><Data Name='User'>WINSER-HOME-2-X\\Administrator</Data><Data Name='LogonGuid'>{0f3d697e-e9ff-63d1-e21b-f80900000000}</Data><Data Name='LogonId'>0x9f81be2</Data><Data Name='TerminalSessionId'>4</Data><Data Name='IntegrityLevel'>High</Data><Data Name='Hashes'>MD5=01B26A8919A84F68E836BD7F43AE646E,SHA256=C42B1CDBA6020D3858CE47C6A0D279045A741F21263BB417742371D0C04AE79A</Data><Data Name='ParentProcessGuid'>{0f3d697e-ea04-63d1-6819-000000000900}</Data><Data Name='ParentProcessId'>2516</Data><Data Name='ParentImage'>C:\\Windows\\System32\\ServerManager.exe</Data><Data Name='ParentCommandLine'>"C:\\Windows\\system32\\ServerManager.exe" </Data><Data Name='ParentUser'>WINSER-HOME-2-X\\Administrator</Data></EventData></Event>
<Event xmlns='http://schemas.microsoft.com/win/2004/08/events/event'><System><Provider Name='Microsoft-Windows-Sysmon' Guid='{5770385f-c22a-43e0-bf4c-06f5698ffbd9}'/><EventID>10</EventID><Version>3</Version><Level>4</Level><Task>10</Task><Opcode>0</Opcode><Keywords>0x8000000000000000</Keywords><TimeCreated SystemTime='2023-03-18T02:00:20.032979000Z'/><EventRecordID>1981015</EventRecordID><Correlation/><Execution ProcessID='3648' ThreadID='4212'/><Channel>Microsoft-Windows-Sysmon/Operational</Channel><Computer>winser-home-2-xdr.example.com</Computer><Security UserID='S-1-5-18'/></System><EventData><Data Name='RuleName'>access critical process</Data><Data Name='UtcTime'>2023-03-18 02:00:20.021</Data><Data Name='SourceProcessGUID'>{0f3d697e-7bc7-63c7-1200-000000000900}</Data><Data Name='SourceProcessId'>400</Data><Data Name='SourceThreadId'>13244</Data><Data Name='SourceImage'>C:\\Windows\\system32\\svchost.exe</Data><Data Name='TargetProcessGUID'>{0f3d697e-7bc6-63c7-0c00-000000000900}</Data><Data Name='TargetProcessId'>748</Data><Data Name='TargetImage'>C:\\Windows\\system32\\lsass.exe</Data><Data Name='GrantedAccess'>0x1000</Data><Data Name='CallTrace'>C:\\Windows\\SYSTEM32\\ntdll.dll+a0cb4|C:\\Windows\\System32\\KERNELBASE.dll+69895|c:\\windows\\system32\\lsm.dll+e27a|c:\\windows\\system32\\lsm.dll+dff4|C:\\Windows\\System32\\RPCRT4.dll+78e93|C:\\Windows\\System32\\RPCRT4.dll+d7f9a|C:\\Windows\\System32\\RPCRT4.dll+1a860|C:\\Windows\\System32\\RPCRT4.dll+50e18|C:\\Windows\\System32\\RPCRT4.dll+3b510|C:\\Windows\\System32\\RPCRT4.dll+3aebb|C:\\Windows\\System32\\RPCRT4.dll+2cacf|C:\\Windows\\System32\\RPCRT4.dll+2bf2a|C:\\Windows\\System32\\RPCRT4.dll+2b4f1|C:\\Windows\\System32\\RPCRT4.dll+2af62|C:\\Windows\\System32\\RPCRT4.dll+21925|C:\\Windows\\SYSTEM32\\ntdll.dll+69ca0|C:\\Windows\\SYSTEM32\\ntdll.dll+166e8|C:\\Windows\\System32\\KERNEL32.DLL+17af4|C:\\Windows\\SYSTEM32\\ntdll.dll+5a371</Data><Data Name='SourceUser'>NT AUTHORITY\\SYSTEM</Data><Data Name='TargetUser'>NT AUTHORITY\\SYSTEM</Data></EventData></Event>
<Event xmlns='http://schemas.microsoft.com/win/2004/08/events/event'><System><Provider Name='Microsoft-Windows-Sysmon' Guid='{5770385f-c22a-43e0-bf4c-06f5698ffbd9}'/><EventID>1</EventID><Version>5</Version><Level>4</Level><Task>1</Task><Opcode>0</Opcode><Keywords>0x8000000000000000</Keywords><TimeCreated SystemTime='2023-03-18T02:00:20.062347600Z'/><EventRecordID>1981018</EventRecordID><Correlation/><Execution ProcessID='3648' ThreadID='4212'/><Channel>Microsoft-Windows-Sysmon/Operational</Channel><Computer>winser-home-2-xdr.example.com</Computer><Security UserID='S-1-5-18'/></System><EventData><Data Name='RuleName'>-</Data><Data Name='UtcTime'>2023-03-18 02:00:20.033</Data><Data Name='ProcessGuid'>{0f3d697e-1b34-6415-268c-010000000900}</Data><Data Name='ProcessId'>9456</Data><Data Name='Image'>C:\\Windows\\System32\\sppsvc.exe</Data><Data Name='FileVersion'>10.0.17763.3770 (WinBuild.160101.0800)</Data><Data Name='Description'>Microsoft Software Protection Platform Service</Data><Data Name='Product'>Microsoft Windows Operating System</Data><Data Name='Company'>Microsoft Corporation</Data><Data Name='OriginalFileName'>sppsvc.exe</Data><Data Name='CommandLine'>C:\\Windows\\system32\\sppsvc.exe</Data><Data Name='CurrentDirectory'>C:\\Windows</Data><Data Name='User'>NT AUTHORITY\\NETWORK SERVICE</Data><Data Name='LogonGuid'>{0f3d697e-7bc7-63c7-e403-000000000000}</Data><Data Name='LogonId'>0x3e4</Data><Data Name='TerminalSessionId'>0</Data><Data Name='IntegrityLevel'>System</Data><Data Name='Hashes'>MD5=300837AD7884C3BE8FDA7462C152C0FF,SHA256=6A00C9893B0F17CD18861966BC855425288B064C9938DEA58B1BE63AA48CADFA</Data><Data Name='ParentProcessGuid'>{0f3d697e-7bc6-63c7-0b00-000000000900}</Data><Data Name='ParentProcessId'>740</Data><Data Name='ParentImage'>C:\\Windows\\System32\\services.exe</Data><Data Name='ParentCommandLine'>C:\\Windows\\system32\\services.exe</Data><Data Name='ParentUser'>NT AUTHORITY\\SYSTEM</Data></EventData></Event>
<Event xmlns='http://schemas.microsoft.com/win/2004/08/events/event'><System><Provider Name='Microsoft-Windows-Sysmon' Guid='{5770385f-c22a-43e0-bf4c-06f5698ffbd9}'/><EventID>7</EventID><Version>3</Version><Level>4</Level><Task>7</Task><Opcode>0</Opcode><Keywords>0x8000000000000000</Keywords><TimeCreated SystemTime='2023-03-18T02:00:20.061116100Z'/><EventRecordID>1981017</EventRecordID><Correlation/><Execution ProcessID='3648' ThreadID='4212'/><Channel>Microsoft-Windows-Sysmon/Operational</Channel><Computer>winser-home-2-xdr.example.com</Computer><Security UserID='S-1-5-18'/></System><EventData><Data Name='RuleName'>-</Data><Data Name='UtcTime'>2023-03-18 02:00:20.053</Data><Data Name='ProcessGuid'>{0f3d697e-1b33-6415-258c-010000000900}</Data><Data Name='ProcessId'>12240</Data><Data Name='Image'>C:\\Windows\\System32\\Configure-SMRemoting.exe</Data><Data Name='ImageLoaded'>C:\\Windows\\System32\\Configure-SMRemoting.exe</Data><Data Name='FileVersion'>10.0.17763.1 (WinBuild.160101.0800)</Data><Data Name='Description'>Configure-SMRemoting</Data><Data Name='Product'>Microsoft Windows Operating System</Data><Data Name='Company'>Microsoft Corporation</Data><Data Name='OriginalFileName'>Configure-SMRemoting.EXE</Data><Data Name='Hashes'>MD5=01B26A8919A84F68E836BD7F43AE646E,SHA256=C42B1CDBA6020D3858CE47C6A0D279045A741F21263BB417742371D0C04AE79A</Data><Data Name='Signed'>true</Data><Data Name='Signature'>Microsoft Windows</Data><Data Name='SignatureStatus'>Valid</Data><Data Name='User'>WINSER-HOME-2-X\\Administrator</Data></EventData></Event>
<Event xmlns='http://schemas.microsoft.com/win/2004/08/events/event'><System><Provider Name='Microsoft-Windows-Sysmon' Guid='{5770385f-c22a-43e0-bf4c-06f5698ffbd9}'/><EventID>7</EventID><Version>3</Version><Level>4</Level><Task>7</Task><Opcode>0</Opcode><Keywords>0x8000000000000000</Keywords><TimeCreated SystemTime='2023-03-18T02:00:20.065277900Z'/><EventRecordID>1981019</EventRecordID><Correlation/><Execution ProcessID='3648' ThreadID='4212'/><Channel>Microsoft-Windows-Sysmon/Operational</Channel><Computer>winser-home-2-xdr.example.com</Computer><Security UserID='S-1-5-18'/></System><EventData><Data Name='RuleName'>-</Data><Data Name='UtcTime'>2023-03-18 02:00:20.053</Data><Data Name='ProcessGuid'>{0f3d697e-1b34-6415-268c-010000000900}</Data><Data Name='ProcessId'>9456</Data><Data Name='Image'>C:\\Windows\\System32\\sppsvc.exe</Data><Data Name='ImageLoaded'>C:\\Windows\\System32\\sppsvc.exe</Data><Data Name='FileVersion'>10.0.17763.3770 (WinBuild.160101.0800)</Data><Data Name='Description'>Microsoft Software Protection Platform Service</Data><Data Name='Product'>Microsoft Windows Operating System</Data><Data Name='Company'>Microsoft Corporation</Data><Data Name='OriginalFileName'>sppsvc.exe</Data><Data Name='Hashes'>MD5=300837AD7884C3BE8FDA7462C152C0FF,SHA256=6A00C9893B0F17CD18861966BC855425288B064C9938DEA58B1BE63AA48CADFA</Data><Data Name='Signed'>true</Data><Data Name='Signature'>Microsoft Windows</Data><Data Name='SignatureStatus'>Valid</Data><Data Name='User'>NT AUTHORITY\\NETWORK SERVICE</Data></EventData></Event>
<Event xmlns='http://schemas.microsoft.com/win/2004/08/events/event'><System><Provider Name='Microsoft-Windows-Security-Auditing' Guid='{54849625-5478-4994-a5ba-3e3b0328c30d}'/><EventID>4688</EventID><Version>2</Version><Level>0</Level><Task>13312</Task><Opcode>0</Opcode><Keywords>0x8020000000000000</Keywords><TimeCreated SystemTime='2023-03-18T02:00:20.069265400Z'/><EventRecordID>504245</EventRecordID><Correlation/><Execution ProcessID='4' ThreadID='4728'/><Channel>Security</Channel><Computer>winser-home-2-xdr.example.com</Computer><Security/></System><EventData><Data Name='SubjectUserSid'>S-1-5-21-4246118961-2033799708-816662513-500</Data><Data Name='SubjectUserName'>Administrator</Data><Data Name='SubjectDomainName'>WINSER-HOME-2-X</Data><Data Name='SubjectLogonId'>0x9f81be2</Data><Data Name='NewProcessId'>0x26a8</Data><Data Name='NewProcessName'>C:\\Windows\\System32\\conhost.exe</Data><Data Name='TokenElevationType'>%%1936</Data><Data Name='ProcessId'>0x2fd0</Data><Data Name='CommandLine'>\\??\\C:\\Windows\\system32\\conhost.exe 0xffffffff -ForceV1</Data><Data Name='TargetUserSid'>S-1-0-0</Data><Data Name='TargetUserName'>-</Data><Data Name='TargetDomainName'>-</Data><Data Name='TargetLogonId'>0x0</Data><Data Name='ParentProcessName'>C:\\Windows\\System32\\Configure-SMRemoting.exe</Data><Data Name='MandatoryLabel'>S-1-16-12288</Data></EventData></Event>
<Event xmlns='http://schemas.microsoft.com/win/2004/08/events/event'><System><Provider Name='Microsoft-Windows-Sysmon' Guid='{5770385f-c22a-43e0-bf4c-06f5698ffbd9}'/><EventID>1</EventID><Version>5</Version><Level>4</Level><Task>1</Task><Opcode>0</Opcode><Keywords>0x8000000000000000</Keywords><TimeCreated SystemTime='2023-03-18T02:00:20.093679900Z'/><EventRecordID>1981020</EventRecordID><Correlation/><Execution ProcessID='3648' ThreadID='4212'/><Channel>Microsoft-Windows-Sysmon/Operational</Channel><Computer>winser-home-2-xdr.example.com</Computer><Security UserID='S-1-5-18'/></System><EventData><Data Name='RuleName'>-</Data><Data Name='UtcTime'>2023-03-18 02:00:20.069</Data><Data Name='ProcessGuid'>{0f3d697e-1b34-6415-278c-010000000900}</Data><Data Name='ProcessId'>9896</Data><Data Name='Image'>C:\\Windows\\System32\\conhost.exe</Data><Data Name='FileVersion'>10.0.17763.3232 (WinBuild.160101.0800)</Data><Data Name='Description'>Console Window Host</Data><Data Name='Product'>Microsoft Windows Operating System</Data><Data Name='Company'>Microsoft Corporation</Data><Data Name='OriginalFileName'>CONHOST.EXE</Data><Data Name='CommandLine'>\\??\\C:\\Windows\\system32\\conhost.exe 0xffffffff -ForceV1</Data><Data Name='CurrentDirectory'>C:\\Windows</Data><Data Name='User'>WINSER-HOME-2-X\\Administrator</Data><Data Name='LogonGuid'>{0f3d697e-e9ff-63d1-e21b-f80900000000}</Data><Data Name='LogonId'>0x9f81be2</Data><Data Name='TerminalSessionId'>4</Data><Data Name='IntegrityLevel'>High</Data><Data Name='Hashes'>MD5=A4086E36368881B98D3419DFD408B0D3,SHA256=32C93F26B1B3DEC2BFCEE6F320AE77615A90AF96C66DE2846BDC8F64165754AA</Data><Data Name='ParentProcessGuid'>{0f3d697e-1b33-6415-258c-010000000900}</Data><Data Name='ParentProcessId'>12240</Data><Data Name='ParentImage'>C:\\Windows\\System32\\Configure-SMRemoting.exe</Data><Data Name='ParentCommandLine'>"Configure-SMRemoting.exe" -GET</Data><Data Name='ParentUser'>WINSER-HOME-2-X\\Administrator</Data></EventData></Event>
<Event xmlns='http://schemas.microsoft.com/win/2004/08/events/event'><System><Provider Name='Microsoft-Windows-Sysmon' Guid='{5770385f-c22a-43e0-bf4c-06f5698ffbd9}'/><EventID>7</EventID><Version>3</Version><Level>4</Level><Task>7</Task><Opcode>0</Opcode><Keywords>0x8000000000000000</Keywords><TimeCreated SystemTime='2023-03-18T02:00:20.099553800Z'/><EventRecordID>1981021</EventRecordID><Correlation/><Execution ProcessID='3648' ThreadID='4212'/><Channel>Microsoft-Windows-Sysmon/Operational</Channel><Computer>winser-home-2-xdr.example.com</Computer><Security UserID='S-1-5-18'/></System><EventData><Data Name='RuleName'>-</Data><Data Name='UtcTime'>2023-03-18 02:00:20.085</Data><Data Name='ProcessGuid'>{0f3d697e-1b34-6415-268c-010000000900}</Data><Data Name='ProcessId'>9456</Data><Data Name='Image'>C:\\Windows\\System32\\sppsvc.exe</Data><Data Name='ImageLoaded'>C:\\Windows\\System32\\cryptxml.dll</Data><Data Name='FileVersion'>10.0.17763.1 (WinBuild.160101.0800)</Data><Data Name='Description'>XML DigSig API</Data><Data Name='Product'>Microsoft Windows Operating System</Data><Data Name='Company'>Microsoft Corporation</Data><Data Name='OriginalFileName'>cryptxml.dll</Data><Data Name='Hashes'>MD5=C437587FC7F7F3FA569D56BF803BF47E,SHA256=E46FE34AA2F4F4820CF5F59B0F33A0C4864ADAD04229B155751E4A863E5F1C4B</Data><Data Name='Signed'>true</Data><Data Name='Signature'>Microsoft Windows</Data><Data Name='SignatureStatus'>Valid</Data><Data Name='User'>NT AUTHORITY\\NETWORK SERVICE</Data></EventData></Event>
<Event xmlns='http://schemas.microsoft.com/win/2004/08/events/event'><System><Provider Name='Microsoft-Windows-Sysmon' Guid='{5770385f-c22a-43e0-bf4c-06f5698ffbd9}'/><EventID>7</EventID><Version>3</Version><Level>4</Level><Task>7</Task><Opcode>0</Opcode><Keywords>0x8000000000000000</Keywords><TimeCreated SystemTime='2023-03-18T02:00:20.105646500Z'/><EventRecordID>1981022</EventRecordID><Correlation/><Execution ProcessID='3648' ThreadID='4212'/><Channel>Microsoft-Windows-Sysmon/Operational</Channel><Computer>winser-home-2-xdr.example.com</Computer><Security UserID='S-1-5-18'/></System><EventData><Data Name='RuleName'>-</Data><Data Name='UtcTime'>2023-03-18 02:00:20.100</Data><Data Name='ProcessGuid'>{0f3d697e-1b34-6415-268c-010000000900}</Data><Data Name='ProcessId'>9456</Data><Data Name='Image'>C:\\Windows\\System32\\sppsvc.exe</Data><Data Name='ImageLoaded'>C:\\Windows\\System32\\pkeyhelper.dll</Data><Data Name='FileVersion'>10.0.17763.2028 (WinBuild.160101.0800)</Data><Data Name='Description'>Product Key Helper</Data><Data Name='Product'>Microsoft Windows Operating System</Data><Data Name='Company'>Microsoft Corporation</Data><Data Name='OriginalFileName'>pkeyhelper.dll</Data><Data Name='Hashes'>MD5=047813A9BBEB0A1EB8C217036832CE81,SHA256=4343F679993642C3126966FC8D30B4E01B3F997377B0E27063AAAD4FDEB587AB</Data><Data Name='Signed'>true</Data><Data Name='Signature'>Microsoft Windows</Data><Data Name='SignatureStatus'>Valid</Data><Data Name='User'>NT AUTHORITY\\NETWORK SERVICE</Data></EventData></Event>
<Event xmlns='http://schemas.microsoft.com/win/2004/08/events/event'><System><Provider Name='Microsoft-Windows-Sysmon' Guid='{5770385f-c22a-43e0-bf4c-06f5698ffbd9}'/><EventID>7</EventID><Version>3</Version><Level>4</Level><Task>7</Task><Opcode>0</Opcode><Keywords>0x8000000000000000</Keywords><TimeCreated SystemTime='2023-03-18T02:00:20.216740000Z'/><EventRecordID>1981025</EventRecordID><Correlation/><Execution ProcessID='3648' ThreadID='4212'/><Channel>Microsoft-Windows-Sysmon/Operational</Channel><Computer>winser-home-2-xdr.example.com</Computer><Security UserID='S-1-5-18'/></System><EventData><Data Name='RuleName'>-</Data><Data Name='UtcTime'>2023-03-18 02:00:20.212</Data><Data Name='ProcessGuid'>{0f3d697e-1b33-6415-258c-010000000900}</Data><Data Name='ProcessId'>12240</Data><Data Name='Image'>C:\\Windows\\System32\\Configure-SMRemoting.exe</Data><Data Name='ImageLoaded'>C:\\Windows\\apppatch\\AppPatch64\\ummon.dll</Data><Data Name='FileVersion'>3.14.0.273</Data><Data Name='Description'>Kaspersky Endpoint Agent</Data><Data Name='Product'>Kaspersky Endpoint Agent</Data><Data Name='Company'>AO Kaspersky Lab</Data><Data Name='OriginalFileName'>ummon.dll</Data><Data Name='Hashes'>MD5=1FE006A37C69CBB82DB0D7D618C8F79E,SHA256=1F2E936A57994E16B457F249A64AF4786877F7BEAAB003FB521A20E45031F408</Data><Data Name='Signed'>true</Data><Data Name='Signature'>AO Kaspersky Lab</Data><Data Name='SignatureStatus'>Valid</Data><Data Name='User'>WINSER-HOME-2-X\\Administrator</Data></EventData></Event>
<Event xmlns='http://schemas.microsoft.com/win/2004/08/events/event'><System><Provider Name='Microsoft-Windows-Sysmon' Guid='{5770385f-c22a-43e0-bf4c-06f5698ffbd9}'/><EventID>18</EventID><Version>1</Version><Level>4</Level><Task>18</Task><Opcode>0</Opcode><Keywords>0x8000000000000000</Keywords><TimeCreated SystemTime='2023-03-18T02:00:20.237330800Z'/><EventRecordID>1981026</EventRecordID><Correlation/><Execution ProcessID='3648' ThreadID='4212'/><Channel>Microsoft-Windows-Sysmon/Operational</Channel><Computer>winser-home-2-xdr.example.com</Computer><Security UserID='S-1-5-18'/></System><EventData><Data Name='RuleName'>-</Data><Data Name='EventType'>ConnectPipe</Data><Data Name='UtcTime'>2023-03-18 02:00:20.235</Data><Data Name='ProcessGuid'>{0f3d697e-1b33-6415-258c-010000000900}</Data><Data Name='ProcessId'>12240</Data><Data Name='PipeName'>\\ummon</Data><Data Name='Image'>C:\\Windows\\system32\\Configure-SMRemoting.exe</Data><Data Name='User'>WINSER-HOME-2-X\\Administrator</Data></EventData></Event>
<Event xmlns='http://schemas.microsoft.com/win/2004/08/events/event'><System><Provider Name='Microsoft-Windows-Sysmon' Guid='{5770385f-c22a-43e0-bf4c-06f5698ffbd9}'/><EventID>7</EventID><Version>3</Version><Level>4</Level><Task>7</Task><Opcode>0</Opcode><Keywords>0x8000000000000000</Keywords><TimeCreated SystemTime='2023-03-18T02:00:20.111848300Z'/><EventRecordID>1981023</EventRecordID><Correlation/><Execution ProcessID='3648' ThreadID='4212'/><Channel>Microsoft-Windows-Sysmon/Operational</Channel><Computer>winser-home-2-xdr.example.com</Computer><Security UserID='S-1-5-18'/></System><EventData><Data Name='RuleName'>-</Data><Data Name='UtcTime'>2023-03-18 02:00:20.110</Data><Data Name='ProcessGuid'>{0f3d697e-1b34-6415-278c-010000000900}</Data><Data Name='ProcessId'>9896</Data><Data Name='Image'>C:\\Windows\\System32\\conhost.exe</Data><Data Name='ImageLoaded'>C:\\Windows\\System32\\conhost.exe</Data><Data Name='FileVersion'>10.0.17763.3232 (WinBuild.160101.0800)</Data><Data Name='Description'>Console Window Host</Data><Data Name='Product'>Microsoft Windows Operating System</Data><Data Name='Company'>Microsoft Corporation</Data><Data Name='OriginalFileName'>CONHOST.EXE</Data><Data Name='Hashes'>MD5=A4086E36368881B98D3419DFD408B0D3,SHA256=32C93F26B1B3DEC2BFCEE6F320AE77615A90AF96C66DE2846BDC8F64165754AA</Data><Data Name='Signed'>true</Data><Data Name='Signature'>Microsoft Windows</Data><Data Name='SignatureStatus'>Valid</Data><Data Name='User'>WINSER-HOME-2-X\\Administrator</Data></EventData></Event>
<Event xmlns='http://schemas.microsoft.com/win/2004/08/events/event'><System><Provider Name='Microsoft-Windows-Sysmon' Guid='{5770385f-c22a-43e0-bf4c-06f5698ffbd9}'/><EventID>7</EventID><Version>3</Version><Level>4</Level><Task>7</Task><Opcode>0</Opcode><Keywords>0x8000000000000000</Keywords><TimeCreated SystemTime='2023-03-18T02:00:20.119765400Z'/><EventRecordID>1981024</EventRecordID><Correlation/><Execution ProcessID='3648' ThreadID='4212'/><Channel>Microsoft-Windows-Sysmon/Operational</Channel><Computer>winser-home-2-xdr.example.com</Computer><Security UserID='S-1-5-18'/></System><EventData><Data Name='RuleName'>-</Data><Data Name='UtcTime'>2023-03-18 02:00:20.113</Data><Data Name='ProcessGuid'>{0f3d697e-1b34-6415-268c-010000000900}</Data><Data Name='ProcessId'>9456</Data><Data Name='Image'>C:\\Windows\\System32\\sppsvc.exe</Data><Data Name='ImageLoaded'>C:\\Windows\\System32\\webservices.dll</Data><Data Name='FileVersion'>10.0.17763.1131 (WinBuild.160101.0800)</Data><Data Name='Description'>Windows Web Services Runtime</Data><Data Name='Product'>Microsoft Windows Operating System</Data><Data Name='Company'>Microsoft Corporation</Data><Data Name='OriginalFileName'>WebServices.dll</Data><Data Name='Hashes'>MD5=54DFA6DE455DD5BDC735EEA90159BAAB,SHA256=A2FD45E9F9B254B4046DAF3A3D7A22EA0E510E981D9924C3A52D9D894A333E41</Data><Data Name='Signed'>true</Data><Data Name='Signature'>Microsoft Windows</Data><Data Name='SignatureStatus'>Valid</Data><Data Name='User'>NT AUTHORITY\\NETWORK SERVICE</Data></EventData></Event>
<Event xmlns='http://schemas.microsoft.com/win/2004/08/events/event'><System><Provider Name='Microsoft-Windows-Sysmon' Guid='{5770385f-c22a-43e0-bf4c-06f5698ffbd9}'/><EventID>7</EventID><Version>3</Version><Level>4</Level><Task>7</Task><Opcode>0</Opcode><Keywords>0x8000000000000000</Keywords><TimeCreated SystemTime='2023-03-18T02:00:20.253086300Z'/><EventRecordID>1981027</EventRecordID><Correlation/><Execution ProcessID='3648' ThreadID='4212'/><Channel>Microsoft-Windows-Sysmon/Operational</Channel><Computer>winser-home-2-xdr.example.com</Computer><Security UserID='S-1-5-18'/></System><EventData><Data Name='RuleName'>-</Data><Data Name='UtcTime'>2023-03-18 02:00:20.247</Data><Data Name='ProcessGuid'>{0f3d697e-1b33-6415-258c-010000000900}</Data><Data Name='ProcessId'>12240</Data><Data Name='Image'>C:\\Windows\\System32\\Configure-SMRemoting.exe</Data><Data Name='ImageLoaded'>C:\\Windows\\System32\\WsmAuto.dll</Data><Data Name='FileVersion'>10.0.17763.3113 (WinBuild.160101.0800)</Data><Data Name='Description'>WSMAN Automation</Data><Data Name='Product'>Microsoft Windows Operating System</Data><Data Name='Company'>Microsoft Corporation</Data><Data Name='OriginalFileName'>WSMANAUTOMATION.DLL</Data><Data Name='Hashes'>MD5=C0280DDD0D95406C1CC1513457172F22,SHA256=11D8689591DC042300997A2F187B0D31C37D1D9E2F8FAF930B0627E8EF833BD9</Data><Data Name='Signed'>true</Data><Data Name='Signature'>Microsoft Windows</Data><Data Name='SignatureStatus'>Valid</Data><Data Name='User'>WINSER-HOME-2-X\\Administrator</Data></EventData></Event>
<Event xmlns='http://schemas.microsoft.com/win/2004/08/events/event'><System><Provider Name='Microsoft-Windows-Sysmon' Guid='{5770385f-c22a-43e0-bf4c-06f5698ffbd9}'/><EventID>7</EventID><Version>3</Version><Level>4</Level><Task>7</Task><Opcode>0</Opcode><Keywords>0x8000000000000000</Keywords><TimeCreated SystemTime='2023-03-18T02:00:20.259504900Z'/><EventRecordID>1981030</EventRecordID><Correlation/><Execution ProcessID='3648' ThreadID='4212'/><Channel>Microsoft-Windows-Sysmon/Operational</Channel><Computer>winser-home-2-xdr.example.com</Computer><Security UserID='S-1-5-18'/></System><EventData><Data Name='RuleName'>-</Data><Data Name='UtcTime'>2023-03-18 02:00:20.258</Data><Data Name='ProcessGuid'>{0f3d697e-1b33-6415-258c-010000000900}</Data><Data Name='ProcessId'>12240</Data><Data Name='Image'>C:\\Windows\\System32\\Configure-SMRemoting.exe</Data><Data Name='ImageLoaded'>C:\\Windows\\System32\\pcwum.dll</Data><Data Name='FileVersion'>10.0.17763.1 (WinBuild.160101.0800)</Data><Data Name='Description'>Performance Counters for Windows Native DLL</Data><Data Name='Product'>Microsoft Windows Operating System</Data><Data Name='Company'>Microsoft Corporation</Data><Data Name='OriginalFileName'>pcwum.dll</Data><Data Name='Hashes'>MD5=5822E3E103C0B322A0C0446803AC33C1,SHA256=2E6F78C1199521AA87486ED273416572A2D2DA5B2B7FD09A1D86507694BE39C8</Data><Data Name='Signed'>true</Data><Data Name='Signature'>Microsoft Windows</Data><Data Name='SignatureStatus'>Valid</Data><Data Name='User'>WINSER-HOME-2-X\\Administrator</Data></EventData></Event>
<Event xmlns='http://schemas.microsoft.com/win/2004/08/events/event'><System><Provider Name='Microsoft-Windows-Sysmon' Guid='{5770385f-c22a-43e0-bf4c-06f5698ffbd9}'/><EventID>7</EventID><Version>3</Version><Level>4</Level><Task>7</Task><Opcode>0</Opcode><Keywords>0x8000000000000000</Keywords><TimeCreated SystemTime='2023-03-18T02:00:20.256424300Z'/><EventRecordID>1981029</EventRecordID><Correlation/><Execution ProcessID='3648' ThreadID='4212'/><Channel>Microsoft-Windows-Sysmon/Operational</Channel><Computer>winser-home-2-xdr.example.com</Computer><Security UserID='S-1-5-18'/></System><EventData><Data Name='RuleName'>-</Data><Data Name='UtcTime'>2023-03-18 02:00:20.247</Data><Data Name='ProcessGuid'>{0f3d697e-1b33-6415-258c-010000000900}</Data><Data Name='ProcessId'>12240</Data><Data Name='Image'>C:\\Windows\\System32\\Configure-SMRemoting.exe</Data><Data Name='ImageLoaded'>C:\\Windows\\System32\\WsmSvc.dll</Data><Data Name='FileVersion'>10.0.17763.3113 (WinBuild.160101.0800)</Data><Data Name='Description'>WSMan Service</Data><Data Name='Product'>Microsoft Windows Operating System</Data><Data Name='Company'>Microsoft Corporation</Data><Data Name='OriginalFileName'>WsmSvc.dll</Data><Data Name='Hashes'>MD5=67F417B07DE21BB313CC057176B3BA1E,SHA256=812CF8A1C82B6166DD34A4D9372A975E99B9327B52702E80C8CE16324AA70AD1</Data><Data Name='Signed'>true</Data><Data Name='Signature'>Microsoft Windows</Data><Data Name='SignatureStatus'>Valid</Data><Data Name='User'>WINSER-HOME-2-X\\Administrator</Data></EventData></Event>
<Event xmlns='http://schemas.microsoft.com/win/2004/08/events/event'><System><Provider Name='Microsoft-Windows-Sysmon' Guid='{5770385f-c22a-43e0-bf4c-06f5698ffbd9}'/><EventID>7</EventID><Version>3</Version><Level>4</Level><Task>7</Task><Opcode>0</Opcode><Keywords>0x8000000000000000</Keywords><TimeCreated SystemTime='2023-03-18T02:00:20.255053100Z'/><EventRecordID>1981028</EventRecordID><Correlation/><Execution ProcessID='3648' ThreadID='4212'/><Channel>Microsoft-Windows-Sysmon/Operational</Channel><Computer>winser-home-2-xdr.example.com</Computer><Security UserID='S-1-5-18'/></System><EventData><Data Name='RuleName'>-</Data><Data Name='UtcTime'>2023-03-18 02:00:20.247</Data><Data Name='ProcessGuid'>{0f3d697e-1b33-6415-258c-010000000900}</Data><Data Name='ProcessId'>12240</Data><Data Name='Image'>C:\\Windows\\System32\\Configure-SMRemoting.exe</Data><Data Name='ImageLoaded'>C:\\Windows\\System32\\miutils.dll</Data><Data Name='FileVersion'>10.0.17763.1 (WinBuild.160101.0800)</Data><Data Name='Description'>Management Infrastructure</Data><Data Name='Product'>Microsoft Windows Operating System</Data><Data Name='Company'>Microsoft Corporation</Data><Data Name='OriginalFileName'>miutils.dll</Data><Data Name='Hashes'>MD5=EF93553049A0DC9619315EDECD96A3C8,SHA256=E8E6F028995645125D7C4B2678018E3600D392DDE6BA2627A0560999209A7E96</Data><Data Name='Signed'>true</Data><Data Name='Signature'>Microsoft Windows</Data><Data Name='SignatureStatus'>Valid</Data><Data Name='User'>WINSER-HOME-2-X\\Administrator</Data></EventData></Event>
<Event xmlns='http://schemas.microsoft.com/win/2004/08/events/event'><System><Provider Name='Microsoft-Windows-Sysmon' Guid='{5770385f-c22a-43e0-bf4c-06f5698ffbd9}'/><EventID>7</EventID><Version>3</Version><Level>4</Level><Task>7</Task><Opcode>0</Opcode><Keywords>0x8000000000000000</Keywords><TimeCreated SystemTime='2023-03-18T02:00:20.260660300Z'/><EventRecordID>1981031</EventRecordID><Correlation/><Execution ProcessID='3648' ThreadID='4212'/><Channel>Microsoft-Windows-Sysmon/Operational</Channel><Computer>winser-home-2-xdr.example.com</Computer><Security UserID='S-1-5-18'/></System><EventData><Data Name='RuleName'>-</Data><Data Name='UtcTime'>2023-03-18 02:00:20.258</Data><Data Name='ProcessGuid'>{0f3d697e-1b33-6415-258c-010000000900}</Data><Data Name='ProcessId'>12240</Data><Data Name='Image'>C:\\Windows\\System32\\Configure-SMRemoting.exe</Data><Data Name='ImageLoaded'>C:\\Windows\\System32\\mi.dll</Data><Data Name='FileVersion'>10.0.17763.1 (WinBuild.160101.0800)</Data><Data Name='Description'>Management Infrastructure</Data><Data Name='Product'>Microsoft Windows Operating System</Data><Data Name='Company'>Microsoft Corporation</Data><Data Name='OriginalFileName'>mi.dll</Data><Data Name='Hashes'>MD5=A6ABB00431242A35EA866A182C33B0B0,SHA256=9AC9D0109E57D9307A64DE09143A49DCD15E066D8018DCDCDF0806C8C2B04C14</Data><Data Name='Signed'>true</Data><Data Name='Signature'>Microsoft Windows</Data><Data Name='SignatureStatus'>Valid</Data><Data Name='User'>WINSER-HOME-2-X\\Administrator</Data></EventData></Event>
<Event xmlns='http://schemas.microsoft.com/win/2004/08/events/event'><System><Provider Name='Microsoft-Windows-Sysmon' Guid='{5770385f-c22a-43e0-bf4c-06f5698ffbd9}'/><EventID>18</EventID><Version>1</Version><Level>4</Level><Task>18</Task><Opcode>0</Opcode><Keywords>0x8000000000000000</Keywords><TimeCreated SystemTime='2023-03-18T02:00:20.262221700Z'/><EventRecordID>1981032</EventRecordID><Correlation/><Execution ProcessID='3648' ThreadID='4212'/><Channel>Microsoft-Windows-Sysmon/Operational</Channel><Computer>winser-home-2-xdr.example.com</Computer><Security UserID='S-1-5-18'/></System><EventData><Data Name='RuleName'>-</Data><Data Name='EventType'>ConnectPipe</Data><Data Name='UtcTime'>2023-03-18 02:00:20.258</Data><Data Name='ProcessGuid'>{0f3d697e-1b33-6415-258c-010000000900}</Data><Data Name='ProcessId'>12240</Data><Data Name='PipeName'>\\lsass</Data><Data Name='Image'>C:\\Windows\\system32\\Configure-SMRemoting.exe</Data><Data Name='User'>WINSER-HOME-2-X\\Administrator</Data></EventData></Event>
<Event xmlns='http://schemas.microsoft.com/win/2004/08/events/event'><System><Provider Name='Microsoft-Windows-Sysmon' Guid='{5770385f-c22a-43e0-bf4c-06f5698ffbd9}'/><EventID>18</EventID><Version>1</Version><Level>4</Level><Task>18</Task><Opcode>0</Opcode><Keywords>0x8000000000000000</Keywords><TimeCreated SystemTime='2023-03-18T02:00:20.281202200Z'/><EventRecordID>1981033</EventRecordID><Correlation/><Execution ProcessID='3648' ThreadID='4212'/><Channel>Microsoft-Windows-Sysmon/Operational</Channel><Computer>winser-home-2-xdr.example.com</Computer><Security UserID='S-1-5-18'/></System><EventData><Data Name='RuleName'>-</Data><Data Name='EventType'>ConnectPipe</Data><Data Name='UtcTime'>2023-03-18 02:00:20.278</Data><Data Name='ProcessGuid'>{0f3d697e-1b33-6415-258c-010000000900}</Data><Data Name='ProcessId'>12240</Data><Data Name='PipeName'>\\wkssvc</Data><Data Name='Image'>C:\\Windows\\system32\\Configure-SMRemoting.exe</Data><Data Name='User'>WINSER-HOME-2-X\\Administrator</Data></EventData></Event>
<Event xmlns='http://schemas.microsoft.com/win/2004/08/events/event'><System><Provider Name='Microsoft-Windows-Sysmon' Guid='{5770385f-c22a-43e0-bf4c-06f5698ffbd9}'/><EventID>7</EventID><Version>3</Version><Level>4</Level><Task>7</Task><Opcode>0</Opcode><Keywords>0x8000000000000000</Keywords><TimeCreated SystemTime='2023-03-18T02:00:20.308245700Z'/><EventRecordID>1981035</EventRecordID><Correlation/><Execution ProcessID='3648' ThreadID='4212'/><Channel>Microsoft-Windows-Sysmon/Operational</Channel><Computer>winser-home-2-xdr.example.com</Computer><Security UserID='S-1-5-18'/></System><EventData><Data Name='RuleName'>-</Data><Data Name='UtcTime'>2023-03-18 02:00:20.302</Data><Data Name='ProcessGuid'>{0f3d697e-1b33-6415-258c-010000000900}</Data><Data Name='ProcessId'>12240</Data><Data Name='Image'>C:\\Windows\\System32\\Configure-SMRemoting.exe</Data><Data Name='ImageLoaded'>C:\\Windows\\System32\\webio.dll</Data><Data Name='FileVersion'>10.0.17763.3469 (WinBuild.160101.0800)</Data><Data Name='Description'>Web Transfer Protocols API</Data><Data Name='Product'>Microsoft Windows Operating System</Data><Data Name='Company'>Microsoft Corporation</Data><Data Name='OriginalFileName'>webio.dll</Data><Data Name='Hashes'>MD5=82B4EE22ACB284D5337CB93F1FD7A8C3,SHA256=F9D9C21A6471D6BF840BCDAD96A3DCBE794D6C35C5EAE47EAF636DB497F199E4</Data><Data Name='Signed'>true</Data><Data Name='Signature'>Microsoft Windows</Data><Data Name='SignatureStatus'>Valid</Data><Data Name='User'>WINSER-HOME-2-X\\Administrator</Data></EventData></Event>
<Event xmlns='http://schemas.microsoft.com/win/2004/08/events/event'><System><Provider Name='Microsoft-Windows-Sysmon' Guid='{5770385f-c22a-43e0-bf4c-06f5698ffbd9}'/><EventID>7</EventID><Version>3</Version><Level>4</Level><Task>7</Task><Opcode>0</Opcode><Keywords>0x8000000000000000</Keywords><TimeCreated SystemTime='2023-03-18T02:00:20.301225300Z'/><EventRecordID>1981034</EventRecordID><Correlation/><Execution ProcessID='3648' ThreadID='4212'/><Channel>Microsoft-Windows-Sysmon/Operational</Channel><Computer>winser-home-2-xdr.example.com</Computer><Security UserID='S-1-5-18'/></System><EventData><Data Name='RuleName'>-</Data><Data Name='UtcTime'>2023-03-18 02:00:20.292</Data><Data Name='ProcessGuid'>{0f3d697e-1b33-6415-258c-010000000900}</Data><Data Name='ProcessId'>12240</Data><Data Name='Image'>C:\\Windows\\System32\\Configure-SMRemoting.exe</Data><Data Name='ImageLoaded'>C:\\Windows\\System32\\ws2_32.dll</Data><Data Name='FileVersion'>10.0.17763.2028 (WinBuild.160101.0800)</Data><Data Name='Description'>Windows Socket 2.0 32-Bit DLL</Data><Data Name='Product'>Microsoft Windows Operating System</Data><Data Name='Company'>Microsoft Corporation</Data><Data Name='OriginalFileName'>ws2_32.dll</Data><Data Name='Hashes'>MD5=464DE82E2B728C26AB939314C5B7AB6E,SHA256=2C5047E0B7DAA607AA3971BD8C3E983297CEDE9C29DACF9C723BC253E288CED4</Data><Data Name='Signed'>true</Data><Data Name='Signature'>Microsoft Windows</Data><Data Name='SignatureStatus'>Valid</Data><Data Name='User'>WINSER-HOME-2-X\\Administrator</Data></EventData></Event>
<Event xmlns='http://schemas.microsoft.com/win/2004/08/events/event'><System><Provider Name='Microsoft-Windows-Sysmon' Guid='{5770385f-c22a-43e0-bf4c-06f5698ffbd9}'/><EventID>7</EventID><Version>3</Version><Level>4</Level><Task>7</Task><Opcode>0</Opcode><Keywords>0x8000000000000000</Keywords><TimeCreated SystemTime='2023-03-18T02:00:20.409523800Z'/><EventRecordID>1981037</EventRecordID><Correlation/><Execution ProcessID='3648' ThreadID='4212'/><Channel>Microsoft-Windows-Sysmon/Operational</Channel><Computer>winser-home-2-xdr.example.com</Computer><Security UserID='S-1-5-18'/></System><EventData><Data Name='RuleName'>-</Data><Data Name='UtcTime'>2023-03-18 02:00:20.403</Data><Data Name='ProcessGuid'>{0f3d697e-1b33-6415-258c-010000000900}</Data><Data Name='ProcessId'>12240</Data><Data Name='Image'>C:\\Windows\\System32\\Configure-SMRemoting.exe</Data><Data Name='ImageLoaded'>C:\\Windows\\System32\\msv1_0.dll</Data><Data Name='FileVersion'>10.0.17763.3287 (WinBuild.160101.0800)</Data><Data Name='Description'>Microsoft Authentication Package v1.0</Data><Data Name='Product'>Microsoft Windows Operating System</Data><Data Name='Company'>Microsoft Corporation</Data><Data Name='OriginalFileName'>MSV1_0.DLL</Data><Data Name='Hashes'>MD5=F4ACBAC5DA929C725D69B915A2848330,SHA256=7B4BEDFD780199B4D29DEBCCFF2DCEB1A71A9769E89144F60E9F361A54B1C0D0</Data><Data Name='Signed'>true</Data><Data Name='Signature'>Microsoft Windows</Data><Data Name='SignatureStatus'>Valid</Data><Data Name='User'>WINSER-HOME-2-X\\Administrator</Data></EventData></Event>
<Event xmlns='http://schemas.microsoft.com/win/2004/08/events/event'><System><Provider Name='Microsoft-Windows-Sysmon' Guid='{5770385f-c22a-43e0-bf4c-06f5698ffbd9}'/><EventID>18</EventID><Version>1</Version><Level>4</Level><Task>18</Task><Opcode>0</Opcode><Keywords>0x8000000000000000</Keywords><TimeCreated SystemTime='2023-03-18T02:00:20.369862100Z'/><EventRecordID>1981036</EventRecordID><Correlation/><Execution ProcessID='3648' ThreadID='4212'/><Channel>Microsoft-Windows-Sysmon/Operational</Channel><Computer>winser-home-2-xdr.example.com</Computer><Security UserID='S-1-5-18'/></System><EventData><Data Name='RuleName'>-</Data><Data Name='EventType'>ConnectPipe</Data><Data Name='UtcTime'>2023-03-18 02:00:20.367</Data><Data Name='ProcessGuid'>{0f3d697e-7bbd-63c7-eb03-000000000000}</Data><Data Name='ProcessId'>4</Data><Data Name='PipeName'>\\lsass</Data><Data Name='Image'>System</Data><Data Name='User'>NT AUTHORITY\\SYSTEM</Data></EventData></Event>
<Event xmlns='http://schemas.microsoft.com/win/2004/08/events/event'><System><Provider Name='Microsoft-Windows-Sysmon' Guid='{5770385f-c22a-43e0-bf4c-06f5698ffbd9}'/><EventID>7</EventID><Version>3</Version><Level>4</Level><Task>7</Task><Opcode>0</Opcode><Keywords>0x8000000000000000</Keywords><TimeCreated SystemTime='2023-03-18T02:00:20.517091100Z'/><EventRecordID>1981039</EventRecordID><Correlation/><Execution ProcessID='3648' ThreadID='4212'/><Channel>Microsoft-Windows-Sysmon/Operational</Channel><Computer>winser-home-2-xdr.example.com</Computer><Security UserID='S-1-5-18'/></System><EventData><Data Name='RuleName'>-</Data><Data Name='UtcTime'>2023-03-18 02:00:20.513</Data><Data Name='ProcessGuid'>{0f3d697e-1b34-6415-268c-010000000900}</Data><Data Name='ProcessId'>9456</Data><Data Name='Image'>C:\\Windows\\System32\\sppsvc.exe</Data><Data Name='ImageLoaded'>C:\\Windows\\System32\\sppwinob.dll</Data><Data Name='FileVersion'>10.0.17763.1518 (WinBuild.160101.0800)</Data><Data Name='Description'>Software Protection Platform Windows Plugin</Data><Data Name='Product'>Microsoft Windows Operating System</Data><Data Name='Company'>Microsoft Corporation</Data><Data Name='OriginalFileName'>sppwinob.dll</Data><Data Name='Hashes'>MD5=E691C6CC74D536C56AF0EF4ECC21B1CD,SHA256=3254D4F62DEE38DA547504088E5D05D20BB61776B50640284F9B540248B311A0</Data><Data Name='Signed'>true</Data><Data Name='Signature'>Microsoft Windows</Data><Data Name='SignatureStatus'>Valid</Data><Data Name='User'>NT AUTHORITY\\NETWORK SERVICE</Data></EventData></Event>
