<Event xmlns='http://schemas.microsoft.com/win/2004/08/events/event'><System><Provider Name='Microsoft-Windows-Security-Auditing' Guid='{54849625-5478-4994-a5ba-3e3b0328c30d}'/><EventID>5158</EventID><Version>0</Version><Level>0</Level><Task>12810</Task><Opcode>0</Opcode><Keywords>0x8020000000000000</Keywords><TimeCreated SystemTime='2023-03-18T02:00:27.467878800Z'/><EventRecordID>66188001</EventRecordID><Correlation/><Execution ProcessID='4' ThreadID='8228'/><Channel>Security</Channel><Computer>winser-ksc-xdr</Computer><Security/></System><EventData><Data Name='ProcessId'>5724</Data><Data Name='Application'>\\device\\harddiskvolume2\\program files (x86)\\kaspersky lab\\kaspersky security center\\ksnproxy.exe</Data><Data Name='SourceAddress'>0.0.0.0</Data><Data Name='SourcePort'>53506</Data><Data Name='Protocol'>17</Data><Data Name='FilterRTID'>68362</Data><Data Name='LayerName'>%%14608</Data><Data Name='LayerRTID'>36</Data></EventData></Event>
<Event xmlns='http://schemas.microsoft.com/win/2004/08/events/event'><System><Provider Name='Microsoft-Windows-Security-Auditing' Guid='{54849625-5478-4994-a5ba-3e3b0328c30d}'/><EventID>5156</EventID><Version>1</Version><Level>0</Level><Task>12810</Task><Opcode>0</Opcode><Keywords>0x8020000000000000</Keywords><TimeCreated SystemTime='2023-03-18T02:00:27.467908100Z'/><EventRecordID>66188002</EventRecordID><Correlation/><Execution ProcessID='4' ThreadID='8228'/><Channel>Security</Channel><Computer>winser-ksc-xdr</Computer><Security/></System><EventData><Data Name='ProcessID'>5724</Data><Data Name='Application'>\\device\\harddiskvolume2\\program files (x86)\\kaspersky lab\\kaspersky security center\\ksnproxy.exe</Data><Data Name='Direction'>%%14593</Data><Data Name='SourceAddress'>10.90.144.7</Data><Data Name='SourcePort'>53506</Data><Data Name='DestAddress'>10.70.8.3</Data><Data Name='DestPort'>53</Data><Data Name='Protocol'>17</Data><Data Name='FilterRTID'>68368</Data><Data Name='LayerName'>%%14611</Data><Data Name='LayerRTID'>48</Data><Data Name='RemoteUserID'>S-1-0-0</Data><Data Name='RemoteMachineID'>S-1-0-0</Data></EventData></Event>
<Event xmlns='http://schemas.microsoft.com/win/2004/08/events/event'><System><Provider Name='Microsoft-Windows-Security-Auditing' Guid='{54849625-5478-4994-a5ba-3e3b0328c30d}'/><EventID>5156</EventID><Version>1</Version><Level>0</Level><Task>12810</Task><Opcode>0</Opcode><Keywords>0x8020000000000000</Keywords><TimeCreated SystemTime='2023-03-18T02:00:27.467950200Z'/><EventRecordID>66188003</EventRecordID><Correlation/><Execution ProcessID='4' ThreadID='8228'/><Channel>Security</Channel><Computer>winser-ksc-xdr</Computer><Security/></System><EventData><Data Name='ProcessID'>5724</Data><Data Name='Application'>\\device\\harddiskvolume2\\program files (x86)\\kaspersky lab\\kaspersky security center\\ksnproxy.exe</Data><Data Name='Direction'>%%14593</Data><Data Name='SourceAddress'>10.90.144.7</Data><Data Name='SourcePort'>53506</Data><Data Name='DestAddress'>10.70.8.3</Data><Data Name='DestPort'>53</Data><Data Name='Protocol'>17</Data><Data Name='FilterRTID'>68368</Data><Data Name='LayerName'>%%14611</Data><Data Name='LayerRTID'>48</Data><Data Name='RemoteUserID'>S-1-0-0</Data><Data Name='RemoteMachineID'>S-1-0-0</Data></EventData></Event>
<Event xmlns='http://schemas.microsoft.com/win/2004/08/events/event'><System><Provider Name='Microsoft-Windows-Security-Auditing' Guid='{54849625-5478-4994-a5ba-3e3b0328c30d}'/><EventID>5156</EventID><Version>1</Version><Level>0</Level><Task>12810</Task><Opcode>0</Opcode><Keywords>0x8020000000000000</Keywords><TimeCreated SystemTime='2023-03-18T02:00:27.844365300Z'/><EventRecordID>66188012</EventRecordID><Correlation/><Execution ProcessID='4' ThreadID='12508'/><Channel>Security</Channel><Computer>winser-ksc-xdr</Computer><Security/></System><EventData><Data Name='ProcessID'>1748</Data><Data Name='Application'>\\device\\harddiskvolume2\\program files\\kaspersky lab\\kuma\\kuma.exe</Data><Data Name='Direction'>%%14593</Data><Data Name='SourceAddress'>10.90.144.7</Data><Data Name='SourcePort'>49856</Data><Data Name='DestAddress'>10.90.144.6</Data><Data Name='DestPort'>5190</Data><Data Name='Protocol'>6</Data><Data Name='FilterRTID'>68368</Data><Data Name='LayerName'>%%14611</Data><Data Name='LayerRTID'>48</Data><Data Name='RemoteUserID'>S-1-0-0</Data><Data Name='RemoteMachineID'>S-1-0-0</Data></EventData></Event>
<Event xmlns='http://schemas.microsoft.com/win/2004/08/events/event'><System><Provider Name='Microsoft-Windows-Security-Auditing' Guid='{54849625-5478-4994-a5ba-3e3b0328c30d}'/><EventID>4703</EventID><Version>0</Version><Level>0</Level><Task>13317</Task><Opcode>0</Opcode><Keywords>0x8020000000000000</Keywords><TimeCreated SystemTime='2023-03-18T02:00:28.365653500Z'/><EventRecordID>66188013</EventRecordID><Correlation/><Execution ProcessID='4' ThreadID='12508'/><Channel>Security</Channel><Computer>winser-ksc-xdr</Computer><Security/></System><EventData><Data Name='SubjectUserSid'>S-1-5-18</Data><Data Name='SubjectUserName'>WINSER-KSC-XDR$</Data><Data Name='SubjectDomainName'>WORKGROUP</Data><Data Name='SubjectLogonId'>0x3e7</Data><Data Name='TargetUserSid'>S-1-0-0</Data><Data Name='TargetUserName'>WINSER-KSC-XDR$</Data><Data Name='TargetDomainName'>WORKGROUP</Data><Data Name='TargetLogonId'>0x3e7</Data><Data Name='ProcessName'>C:\\Windows\\System32\\svchost.exe</Data><Data Name='ProcessId'>0xbc4</Data><Data Name='EnabledPrivilegeList'>SeAssignPrimaryTokenPrivilege SeIncreaseQuotaPrivilege SeSecurityPrivilege SeTakeOwnershipPrivilege SeLoadDriverPrivilege SeSystemtimePrivilege SeBackupPrivilege SeRestorePrivilege SeShutdownPrivilege SeSystemEnvironmentPrivilege SeUndockPrivilege SeManageVolumePrivilege</Data><Data Name='DisabledPrivilegeList'>-</Data></EventData></Event>
<Event xmlns='http://schemas.microsoft.com/win/2004/08/events/event'><System><Provider Name='Microsoft-Windows-Sysmon' Guid='{5770385f-c22a-43e0-bf4c-06f5698ffbd9}'/><EventID>7</EventID><Version>3</Version><Level>4</Level><Task>7</Task><Opcode>0</Opcode><Keywords>0x8000000000000000</Keywords><TimeCreated SystemTime='2023-03-18T02:00:28.368744100Z'/><EventRecordID>896793</EventRecordID><Correlation/><Execution ProcessID='8272' ThreadID='10236'/><Channel>Microsoft-Windows-Sysmon/Operational</Channel><Computer>winser-ksc-xdr</Computer><Security UserID='S-1-5-18'/></System><EventData><Data Name='RuleName'>-</Data><Data Name='UtcTime'>2023-03-18 02:00:28.355</Data><Data Name='ProcessGuid'>{efaa5734-4f01-63ab-6300-000000000800}</Data><Data Name='ProcessId'>4348</Data><Data Name='Image'>C:\\Windows\\System32\\wbem\\WmiPrvSE.exe</Data><Data Name='ImageLoaded'>C:\\Windows\\System32\\tdh.dll</Data><Data Name='FileVersion'>10.0.17763.3406 (WinBuild.160101.0800)</Data><Data Name='Description'>Event Trace Helper Library</Data><Data Name='Product'>Microsoft Windows Operating System</Data><Data Name='Company'>Microsoft Corporation</Data><Data Name='OriginalFileName'>tdh.dll</Data><Data Name='Hashes'>MD5=F6DDD9C4C63B4E46BA570D61C45109F6,SHA256=03A159A7947EEA3BF40EB247549B9BCEF00641E61B17465EEBB9E1CC8E173374</Data><Data Name='Signed'>true</Data><Data Name='Signature'>Microsoft Windows</Data><Data Name='SignatureStatus'>Valid</Data><Data Name='User'>NT AUTHORITY\\NETWORK SERVICE</Data></EventData></Event>
<Event xmlns='http://schemas.microsoft.com/win/2004/08/events/event'><System><Provider Name='Microsoft-Windows-Security-Auditing' Guid='{54849625-5478-4994-a5ba-3e3b0328c30d}'/><EventID>4703</EventID><Version>0</Version><Level>0</Level><Task>13317</Task><Opcode>0</Opcode><Keywords>0x8020000000000000</Keywords><TimeCreated SystemTime='2023-03-18T02:00:28.367051800Z'/><EventRecordID>66188014</EventRecordID><Correlation/><Execution ProcessID='4' ThreadID='12508'/><Channel>Security</Channel><Computer>winser-ksc-xdr</Computer><Security/></System><EventData><Data Name='SubjectUserSid'>S-1-5-18</Data><Data Name='SubjectUserName'>WINSER-KSC-XDR$</Data><Data Name='SubjectDomainName'>WORKGROUP</Data><Data Name='SubjectLogonId'>0x3e7</Data><Data Name='TargetUserSid'>S-1-0-0</Data><Data Name='TargetUserName'>WINSER-KSC-XDR$</Data><Data Name='TargetDomainName'>WORKGROUP</Data><Data Name='TargetLogonId'>0x3e7</Data><Data Name='ProcessName'>C:\\Windows\\System32\\svchost.exe</Data><Data Name='ProcessId'>0xbc4</Data><Data Name='EnabledPrivilegeList'>SeAssignPrimaryTokenPrivilege SeIncreaseQuotaPrivilege SeSecurityPrivilege SeTakeOwnershipPrivilege SeLoadDriverPrivilege SeSystemtimePrivilege SeBackupPrivilege SeRestorePrivilege SeShutdownPrivilege SeSystemEnvironmentPrivilege SeUndockPrivilege SeManageVolumePrivilege</Data><Data Name='DisabledPrivilegeList'>-</Data></EventData></Event>
<Event xmlns='http://schemas.microsoft.com/win/2004/08/events/event'><System><Provider Name='Microsoft-Windows-Security-Auditing' Guid='{54849625-5478-4994-a5ba-3e3b0328c30d}'/><EventID>4688</EventID><Version>2</Version><Level>0</Level><Task>13312</Task><Opcode>0</Opcode><Keywords>0x8020000000000000</Keywords><TimeCreated SystemTime='2023-03-18T02:00:28.375043100Z'/><EventRecordID>66188015</EventRecordID><Correlation/><Execution ProcessID='4' ThreadID='12508'/><Channel>Security</Channel><Computer>winser-ksc-xdr</Computer><Security/></System><EventData><Data Name='SubjectUserSid'>S-1-5-18</Data><Data Name='SubjectUserName'>WINSER-KSC-XDR$</Data><Data Name='SubjectDomainName'>WORKGROUP</Data><Data Name='SubjectLogonId'>0x3e7</Data><Data Name='NewProcessId'>0xfac</Data><Data Name='NewProcessName'>C:\\Windows\\System32\\wbem\\WmiPrvSE.exe</Data><Data Name='TokenElevationType'>%%1936</Data><Data Name='ProcessId'>0x378</Data><Data Name='CommandLine'>C:\\Windows\\system32\\wbem\\wmiprvse.exe -Embedding</Data><Data Name='TargetUserSid'>S-1-0-0</Data><Data Name='TargetUserName'>-</Data><Data Name='TargetDomainName'>-</Data><Data Name='TargetLogonId'>0x0</Data><Data Name='ParentProcessName'>C:\\Windows\\System32\\svchost.exe</Data><Data Name='MandatoryLabel'>S-1-16-16384</Data></EventData></Event>
<Event xmlns='http://schemas.microsoft.com/win/2004/08/events/event'><System><Provider Name='Microsoft-Windows-Sysmon' Guid='{5770385f-c22a-43e0-bf4c-06f5698ffbd9}'/><EventID>7</EventID><Version>3</Version><Level>4</Level><Task>7</Task><Opcode>0</Opcode><Keywords>0x8000000000000000</Keywords><TimeCreated SystemTime='2023-03-18T02:00:28.367691500Z'/><EventRecordID>896792</EventRecordID><Correlation/><Execution ProcessID='8272' ThreadID='10236'/><Channel>Microsoft-Windows-Sysmon/Operational</Channel><Computer>winser-ksc-xdr</Computer><Security UserID='S-1-5-18'/></System><EventData><Data Name='RuleName'>-</Data><Data Name='UtcTime'>2023-03-18 02:00:28.355</Data><Data Name='ProcessGuid'>{efaa5734-4f01-63ab-6300-000000000800}</Data><Data Name='ProcessId'>4348</Data><Data Name='Image'>C:\\Windows\\System32\\wbem\\WmiPrvSE.exe</Data><Data Name='ImageLoaded'>C:\\Windows\\System32\\pla.dll</Data><Data Name='FileVersion'>10.0.17763.1911 (WinBuild.160101.0800)</Data><Data Name='Description'>Performance Logs &amp; Alerts</Data><Data Name='Product'>Microsoft Windows Operating System</Data><Data Name='Company'>Microsoft Corporation</Data><Data Name='OriginalFileName'>PLA.DLL</Data><Data Name='Hashes'>MD5=4760BEFD89AEFFE37F92FEF6E62C2F03,SHA256=F72DF9CC304D77F9483DF004F0AFD758780A9360CD01A8F4BA54BBC10D4802D5</Data><Data Name='Signed'>true</Data><Data Name='Signature'>Microsoft Windows</Data><Data Name='SignatureStatus'>Valid</Data><Data Name='User'>NT AUTHORITY\\NETWORK SERVICE</Data></EventData></Event>
<Event xmlns='http://schemas.microsoft.com/win/2004/08/events/event'><System><Provider Name='Microsoft-Windows-Sysmon' Guid='{5770385f-c22a-43e0-bf4c-06f5698ffbd9}'/><EventID>7</EventID><Version>3</Version><Level>4</Level><Task>7</Task><Opcode>0</Opcode><Keywords>0x8000000000000000</Keywords><TimeCreated SystemTime='2023-03-18T02:00:28.385197400Z'/><EventRecordID>896795</EventRecordID><Correlation/><Execution ProcessID='8272' ThreadID='10236'/><Channel>Microsoft-Windows-Sysmon/Operational</Channel><Computer>winser-ksc-xdr</Computer><Security UserID='S-1-5-18'/></System><EventData><Data Name='RuleName'>-</Data><Data Name='UtcTime'>2023-03-18 02:00:28.383</Data><Data Name='ProcessGuid'>{efaa5734-4f01-63ab-6300-000000000800}</Data><Data Name='ProcessId'>4348</Data><Data Name='Image'>C:\\Windows\\System32\\wbem\\WmiPrvSE.exe</Data><Data Name='ImageLoaded'>C:\\Windows\\System32\\msxml3.dll</Data><Data Name='FileVersion'>8.110.17763.2989</Data><Data Name='Description'>MSXML 3.0</Data><Data Name='Product'>Microsoft XML Core Services</Data><Data Name='Company'>Microsoft Corporation</Data><Data Name='OriginalFileName'>MSXML3.dll</Data><Data Name='Hashes'>MD5=68B6FC6125C9E5DEFB9A93FDD66DEAD2,SHA256=AEC4357A8D959764024FCF0A0CD491AE6FBCF04F0A2CAF4CF13A6AEFB37F72D7</Data><Data Name='Signed'>true</Data><Data Name='Signature'>Microsoft Windows</Data><Data Name='SignatureStatus'>Valid</Data><Data Name='User'>NT AUTHORITY\\NETWORK SERVICE</Data></EventData></Event>
<Event xmlns='http://schemas.microsoft.com/win/2004/08/events/event'><System><Provider Name='Microsoft-Windows-Sysmon' Guid='{5770385f-c22a-43e0-bf4c-06f5698ffbd9}'/><EventID>7</EventID><Version>3</Version><Level>4</Level><Task>7</Task><Opcode>0</Opcode><Keywords>0x8000000000000000</Keywords><TimeCreated SystemTime='2023-03-18T02:00:28.393235900Z'/><EventRecordID>896796</EventRecordID><Correlation/><Execution ProcessID='8272' ThreadID='10236'/><Channel>Microsoft-Windows-Sysmon/Operational</Channel><Computer>winser-ksc-xdr</Computer><Security UserID='S-1-5-18'/></System><EventData><Data Name='RuleName'>-</Data><Data Name='UtcTime'>2023-03-18 02:00:28.383</Data><Data Name='ProcessGuid'>{efaa5734-4f01-63ab-6300-000000000800}</Data><Data Name='ProcessId'>4348</Data><Data Name='Image'>C:\\Windows\\System32\\wbem\\WmiPrvSE.exe</Data><Data Name='ImageLoaded'>C:\\Windows\\System32\\perfproc.dll</Data><Data Name='FileVersion'>10.0.17763.1432 (WinBuild.160101.0800)</Data><Data Name='Description'>Windows System Process Performance Objects DLL</Data><Data Name='Product'>Microsoft Windows Operating System</Data><Data Name='Company'>Microsoft Corporation</Data><Data Name='OriginalFileName'>PERFPROC.DLL</Data><Data Name='Hashes'>MD5=B0CA70098948839F847CBB353E803EC3,SHA256=9482A0B1C2912DB533D69C14316B813B6D1AD7A1453247AA1E25B4B33ED5B0DF</Data><Data Name='Signed'>true</Data><Data Name='Signature'>Microsoft Windows</Data><Data Name='SignatureStatus'>Valid</Data><Data Name='User'>NT AUTHORITY\\NETWORK SERVICE</Data></EventData></Event>
<Event xmlns='http://schemas.microsoft.com/win/2004/08/events/event'><System><Provider Name='Microsoft-Windows-Sysmon' Guid='{5770385f-c22a-43e0-bf4c-06f5698ffbd9}'/><EventID>7</EventID><Version>3</Version><Level>4</Level><Task>7</Task><Opcode>0</Opcode><Keywords>0x8000000000000000</Keywords><TimeCreated SystemTime='2023-03-18T02:00:28.369793500Z'/><EventRecordID>896794</EventRecordID><Correlation/><Execution ProcessID='8272' ThreadID='10236'/><Channel>Microsoft-Windows-Sysmon/Operational</Channel><Computer>winser-ksc-xdr</Computer><Security UserID='S-1-5-18'/></System><EventData><Data Name='RuleName'>-</Data><Data Name='UtcTime'>2023-03-18 02:00:28.355</Data><Data Name='ProcessGuid'>{efaa5734-4f01-63ab-6300-000000000800}</Data><Data Name='ProcessId'>4348</Data><Data Name='Image'>C:\\Windows\\System32\\wbem\\WmiPrvSE.exe</Data><Data Name='ImageLoaded'>C:\\Windows\\System32\\mintdh.dll</Data><Data Name='FileVersion'>10.0.17763.3406 (WinBuild.160101.0800)</Data><Data Name='Description'>Event Trace Helper Library</Data><Data Name='Product'>Microsoft Windows Operating System</Data><Data Name='Company'>Microsoft Corporation</Data><Data Name='OriginalFileName'>mintdh.dll</Data><Data Name='Hashes'>MD5=7F670D780993D32DDCE86D4DC0791871,SHA256=0D6A5DA4B9B84E01D5B03645F14221B23FA2523D65219C163A9DA4B0CFCD6757</Data><Data Name='Signed'>true</Data><Data Name='Signature'>Microsoft Windows</Data><Data Name='SignatureStatus'>Valid</Data><Data Name='User'>NT AUTHORITY\\NETWORK SERVICE</Data></EventData></Event>
<Event xmlns='http://schemas.microsoft.com/win/2004/08/events/event'><System><Provider Name='Microsoft-Windows-Sysmon' Guid='{5770385f-c22a-43e0-bf4c-06f5698ffbd9}'/><EventID>1</EventID><Version>5</Version><Level>4</Level><Task>1</Task><Opcode>0</Opcode><Keywords>0x8000000000000000</Keywords><TimeCreated SystemTime='2023-03-18T02:00:28.403216300Z'/><EventRecordID>896797</EventRecordID><Correlation/><Execution ProcessID='8272' ThreadID='10236'/><Channel>Microsoft-Windows-Sysmon/Operational</Channel><Computer>winser-ksc-xdr</Computer><Security UserID='S-1-5-18'/></System><EventData><Data Name='RuleName'>-</Data><Data Name='UtcTime'>2023-03-18 02:00:28.374</Data><Data Name='ProcessGuid'>{efaa5734-1b3c-6415-45d8-000000000800}</Data><Data Name='ProcessId'>4012</Data><Data Name='Image'>C:\\Windows\\System32\\wbem\\WmiPrvSE.exe</Data><Data Name='FileVersion'>10.0.17763.1 (WinBuild.160101.0800)</Data><Data Name='Description'>WMI Provider Host</Data><Data Name='Product'>Microsoft Windows Operating System</Data><Data Name='Company'>Microsoft Corporation</Data><Data Name='OriginalFileName'>Wmiprvse.exe</Data><Data Name='CommandLine'>C:\\Windows\\system32\\wbem\\wmiprvse.exe -Embedding</Data><Data Name='CurrentDirectory'>C:\\Windows\\system32\\</Data><Data Name='User'>NT AUTHORITY\\SYSTEM</Data><Data Name='LogonGuid'>{efaa5734-4efd-63ab-e703-000000000000}</Data><Data Name='LogonId'>0x3e7</Data><Data Name='TerminalSessionId'>0</Data><Data Name='IntegrityLevel'>System</Data><Data Name='Hashes'>MD5=06C66FF5CCDC2D22344A3EB761A4D38A,SHA256=B5C78BEF3883E3099F7EF844DA1446DB29107E5C0223B97F29E7FAFAB5527F15</Data><Data Name='ParentProcessGuid'>{efaa5734-4efe-63ab-0e00-000000000800}</Data><Data Name='ParentProcessId'>888</Data><Data Name='ParentImage'>C:\\Windows\\System32\\svchost.exe</Data><Data Name='ParentCommandLine'>C:\\Windows\\system32\\svchost.exe -k DcomLaunch -p</Data><Data Name='ParentUser'>NT AUTHORITY\\SYSTEM</Data></EventData></Event>
<Event xmlns='http://schemas.microsoft.com/win/2004/08/events/event'><System><Provider Name='Microsoft-Windows-Security-Auditing' Guid='{54849625-5478-4994-a5ba-3e3b0328c30d}'/><EventID>5156</EventID><Version>1</Version><Level>0</Level><Task>12810</Task><Opcode>0</Opcode><Keywords>0x8020000000000000</Keywords><TimeCreated SystemTime='2023-03-18T02:00:28.394813500Z'/><EventRecordID>66188016</EventRecordID><Correlation/><Execution ProcessID='4' ThreadID='12508'/><Channel>Security</Channel><Computer>winser-ksc-xdr</Computer><Security/></System><EventData><Data Name='ProcessID'>5236</Data><Data Name='Application'>\\device\\harddiskvolume2\\program files\\kaspersky lab\\kaspersky security center web console\\node.exe</Data><Data Name='Direction'>%%14593</Data><Data Name='SourceAddress'>127.0.0.1</Data><Data Name='SourcePort'>57503</Data><Data Name='DestAddress'>127.0.0.1</Data><Data Name='DestPort'>13299</Data><Data Name='Protocol'>6</Data><Data Name='FilterRTID'>68368</Data><Data Name='LayerName'>%%14611</Data><Data Name='LayerRTID'>48</Data><Data Name='RemoteUserID'>S-1-0-0</Data><Data Name='RemoteMachineID'>S-1-0-0</Data></EventData></Event>
<Event xmlns='http://schemas.microsoft.com/win/2004/08/events/event'><System><Provider Name='Microsoft-Windows-Sysmon' Guid='{5770385f-c22a-43e0-bf4c-06f5698ffbd9}'/><EventID>7</EventID><Version>3</Version><Level>4</Level><Task>7</Task><Opcode>0</Opcode><Keywords>0x8000000000000000</Keywords><TimeCreated SystemTime='2023-03-18T02:00:28.428566600Z'/><EventRecordID>896801</EventRecordID><Correlation/><Execution ProcessID='8272' ThreadID='10236'/><Channel>Microsoft-Windows-Sysmon/Operational</Channel><Computer>winser-ksc-xdr</Computer><Security UserID='S-1-5-18'/></System><EventData><Data Name='RuleName'>-</Data><Data Name='UtcTime'>2023-03-18 02:00:28.423</Data><Data Name='ProcessGuid'>{efaa5734-1b3c-6415-45d8-000000000800}</Data><Data Name='ProcessId'>4012</Data><Data Name='Image'>C:\\Windows\\System32\\wbem\\WmiPrvSE.exe</Data><Data Name='ImageLoaded'>C:\\Windows\\System32\\ws2_32.dll</Data><Data Name='FileVersion'>10.0.17763.2028 (WinBuild.160101.0800)</Data><Data Name='Description'>Windows Socket 2.0 32-Bit DLL</Data><Data Name='Product'>Microsoft Windows Operating System</Data><Data Name='Company'>Microsoft Corporation</Data><Data Name='OriginalFileName'>ws2_32.dll</Data><Data Name='Hashes'>MD5=464DE82E2B728C26AB939314C5B7AB6E,SHA256=2C5047E0B7DAA607AA3971BD8C3E983297CEDE9C29DACF9C723BC253E288CED4</Data><Data Name='Signed'>true</Data><Data Name='Signature'>Microsoft Windows</Data><Data Name='SignatureStatus'>Valid</Data><Data Name='User'>NT AUTHORITY\\SYSTEM</Data></EventData></Event>
<Event xmlns='http://schemas.microsoft.com/win/2004/08/events/event'><System><Provider Name='Microsoft-Windows-Sysmon' Guid='{5770385f-c22a-43e0-bf4c-06f5698ffbd9}'/><EventID>7</EventID><Version>3</Version><Level>4</Level><Task>7</Task><Opcode>0</Opcode><Keywords>0x8000000000000000</Keywords><TimeCreated SystemTime='2023-03-18T02:00:28.417365700Z'/><EventRecordID>896798</EventRecordID><Correlation/><Execution ProcessID='8272' ThreadID='10236'/><Channel>Microsoft-Windows-Sysmon/Operational</Channel><Computer>winser-ksc-xdr</Computer><Security UserID='S-1-5-18'/></System><EventData><Data Name='RuleName'>-</Data><Data Name='UtcTime'>2023-03-18 02:00:28.413</Data><Data Name='ProcessGuid'>{efaa5734-1b3c-6415-45d8-000000000800}</Data><Data Name='ProcessId'>4012</Data><Data Name='Image'>C:\\Windows\\System32\\wbem\\WmiPrvSE.exe</Data><Data Name='ImageLoaded'>C:\\Windows\\System32\\wbem\\WmiPrvSE.exe</Data><Data Name='FileVersion'>10.0.17763.1 (WinBuild.160101.0800)</Data><Data Name='Description'>WMI Provider Host</Data><Data Name='Product'>Microsoft Windows Operating System</Data><Data Name='Company'>Microsoft Corporation</Data><Data Name='OriginalFileName'>Wmiprvse.exe</Data><Data Name='Hashes'>MD5=06C66FF5CCDC2D22344A3EB761A4D38A,SHA256=B5C78BEF3883E3099F7EF844DA1446DB29107E5C0223B97F29E7FAFAB5527F15</Data><Data Name='Signed'>true</Data><Data Name='Signature'>Microsoft Windows</Data><Data Name='SignatureStatus'>Valid</Data><Data Name='User'>NT AUTHORITY\\SYSTEM</Data></EventData></Event>
<Event xmlns='http://schemas.microsoft.com/win/2004/08/events/event'><System><Provider Name='Microsoft-Windows-Sysmon' Guid='{5770385f-c22a-43e0-bf4c-06f5698ffbd9}'/><EventID>7</EventID><Version>3</Version><Level>4</Level><Task>7</Task><Opcode>0</Opcode><Keywords>0x8000000000000000</Keywords><TimeCreated SystemTime='2023-03-18T02:00:28.425209300Z'/><EventRecordID>896799</EventRecordID><Correlation/><Execution ProcessID='8272' ThreadID='10236'/><Channel>Microsoft-Windows-Sysmon/Operational</Channel><Computer>winser-ksc-xdr</Computer><Security UserID='S-1-5-18'/></System><EventData><Data Name='RuleName'>-</Data><Data Name='UtcTime'>2023-03-18 02:00:28.423</Data><Data Name='ProcessGuid'>{efaa5734-1b3c-6415-45d8-000000000800}</Data><Data Name='ProcessId'>4012</Data><Data Name='Image'>C:\\Windows\\System32\\wbem\\WmiPrvSE.exe</Data><Data Name='ImageLoaded'>C:\\Windows\\System32\\wbem\\fastprox.dll</Data><Data Name='FileVersion'>10.0.17763.1 (WinBuild.160101.0800)</Data><Data Name='Description'>WMI Custom Marshaller</Data><Data Name='Product'>Microsoft Windows Operating System</Data><Data Name='Company'>Microsoft Corporation</Data><Data Name='OriginalFileName'>fastprox.dll</Data><Data Name='Hashes'>MD5=12ABB40F3E15A6826DFBBDC0D9967A8C,SHA256=68969D2C011D9CD98D56952ACF8A067027A491A77C6FAA68A72A23771EC9C305</Data><Data Name='Signed'>true</Data><Data Name='Signature'>Microsoft Windows</Data><Data Name='SignatureStatus'>Valid</Data><Data Name='User'>NT AUTHORITY\\SYSTEM</Data></EventData></Event>
<Event xmlns='http://schemas.microsoft.com/win/2004/08/events/event'><System><Provider Name='Microsoft-Windows-Sysmon' Guid='{5770385f-c22a-43e0-bf4c-06f5698ffbd9}'/><EventID>7</EventID><Version>3</Version><Level>4</Level><Task>7</Task><Opcode>0</Opcode><Keywords>0x8000000000000000</Keywords><TimeCreated SystemTime='2023-03-18T02:00:28.425743600Z'/><EventRecordID>896800</EventRecordID><Correlation/><Execution ProcessID='8272' ThreadID='10236'/><Channel>Microsoft-Windows-Sysmon/Operational</Channel><Computer>winser-ksc-xdr</Computer><Security UserID='S-1-5-18'/></System><EventData><Data Name='RuleName'>-</Data><Data Name='UtcTime'>2023-03-18 02:00:28.423</Data><Data Name='ProcessGuid'>{efaa5734-1b3c-6415-45d8-000000000800}</Data><Data Name='ProcessId'>4012</Data><Data Name='Image'>C:\\Windows\\System32\\wbem\\WmiPrvSE.exe</Data><Data Name='ImageLoaded'>C:\\Windows\\System32\\wbemcomn.dll</Data><Data Name='FileVersion'>10.0.17763.2989 (WinBuild.160101.0800)</Data><Data Name='Description'>WMI</Data><Data Name='Product'>Microsoft Windows Operating System</Data><Data Name='Company'>Microsoft Corporation</Data><Data Name='OriginalFileName'>wbemcomn.dll</Data><Data Name='Hashes'>MD5=8126ECD235AC80E4B0687A3960FA2F22,SHA256=B1692D012B45FEC8037ACFE90715F7CE9254B6CFA2A6E4F8BB3A952F24E7CA8D</Data><Data Name='Signed'>true</Data><Data Name='Signature'>Microsoft Windows</Data><Data Name='SignatureStatus'>Valid</Data><Data Name='User'>NT AUTHORITY\\SYSTEM</Data></EventData></Event>
<Event xmlns='http://schemas.microsoft.com/win/2004/08/events/event'><System><Provider Name='Microsoft-Windows-Sysmon' Guid='{5770385f-c22a-43e0-bf4c-06f5698ffbd9}'/><EventID>7</EventID><Version>3</Version><Level>4</Level><Task>7</Task><Opcode>0</Opcode><Keywords>0x8000000000000000</Keywords><TimeCreated SystemTime='2023-03-18T02:00:28.459273000Z'/><EventRecordID>896802</EventRecordID><Correlation/><Execution ProcessID='8272' ThreadID='10236'/><Channel>Microsoft-Windows-Sysmon/Operational</Channel><Computer>winser-ksc-xdr</Computer><Security UserID='S-1-5-18'/></System><EventData><Data Name='RuleName'>-</Data><Data Name='UtcTime'>2023-03-18 02:00:28.449</Data><Data Name='ProcessGuid'>{efaa5734-1b3c-6415-45d8-000000000800}</Data><Data Name='ProcessId'>4012</Data><Data Name='Image'>C:\\Windows\\System32\\wbem\\WmiPrvSE.exe</Data><Data Name='ImageLoaded'>C:\\Windows\\System32\\wbem\\wbemprox.dll</Data><Data Name='FileVersion'>10.0.17763.1 (WinBuild.160101.0800)</Data><Data Name='Description'>WMI</Data><Data Name='Product'>Microsoft Windows Operating System</Data><Data Name='Company'>Microsoft Corporation</Data><Data Name='OriginalFileName'>wbemprox.dll</Data><Data Name='Hashes'>MD5=98F3983F878B337B5EF9AA983873A76A,SHA256=5660FD93C77B4405A86F56EF6CC044BFFC133B3170F154BF687528416C2A4579</Data><Data Name='Signed'>true</Data><Data Name='Signature'>Microsoft Windows</Data><Data Name='SignatureStatus'>Valid</Data><Data Name='User'>NT AUTHORITY\\SYSTEM</Data></EventData></Event>
<Event xmlns='http://schemas.microsoft.com/win/2004/08/events/event'><System><Provider Name='Microsoft-Windows-Security-Auditing' Guid='{54849625-5478-4994-a5ba-3e3b0328c30d}'/><EventID>5156</EventID><Version>1</Version><Level>0</Level><Task>12810</Task><Opcode>0</Opcode><Keywords>0x8020000000000000</Keywords><TimeCreated SystemTime='2023-03-18T02:00:28.468983700Z'/><EventRecordID>66188018</EventRecordID><Correlation/><Execution ProcessID='4' ThreadID='12096'/><Channel>Security</Channel><Computer>winser-ksc-xdr</Computer><Security/></System><EventData><Data Name='ProcessID'>3028</Data><Data Name='Application'>\\device\\harddiskvolume2\\program files (x86)\\kaspersky lab\\kaspersky security center\\klserver.exe</Data><Data Name='Direction'>%%14593</Data><Data Name='SourceAddress'>10.90.144.7</Data><Data Name='SourcePort'>54848</Data><Data Name='DestAddress'>10.90.144.7</Data><Data Name='DestPort'>1433</Data><Data Name='Protocol'>6</Data><Data Name='FilterRTID'>68368</Data><Data Name='LayerName'>%%14611</Data><Data Name='LayerRTID'>48</Data><Data Name='RemoteUserID'>S-1-0-0</Data><Data Name='RemoteMachineID'>S-1-0-0</Data></EventData></Event>
<Event xmlns='http://schemas.microsoft.com/win/2004/08/events/event'><System><Provider Name='Microsoft-Windows-Security-Auditing' Guid='{54849625-5478-4994-a5ba-3e3b0328c30d}'/><EventID>5156</EventID><Version>1</Version><Level>0</Level><Task>12810</Task><Opcode>0</Opcode><Keywords>0x8020000000000000</Keywords><TimeCreated SystemTime='2023-03-18T02:00:28.467732900Z'/><EventRecordID>66188017</EventRecordID><Correlation/><Execution ProcessID='4' ThreadID='12096'/><Channel>Security</Channel><Computer>winser-ksc-xdr</Computer><Security/></System><EventData><Data Name='ProcessID'>9904</Data><Data Name='Application'>\\device\\harddiskvolume2\\windows\\syswow64\\mmc.exe</Data><Data Name='Direction'>%%14593</Data><Data Name='SourceAddress'>127.0.0.1</Data><Data Name='SourcePort'>51937</Data><Data Name='DestAddress'>127.0.0.1</Data><Data Name='DestPort'>13291</Data><Data Name='Protocol'>6</Data><Data Name='FilterRTID'>68368</Data><Data Name='LayerName'>%%14611</Data><Data Name='LayerRTID'>48</Data><Data Name='RemoteUserID'>S-1-0-0</Data><Data Name='RemoteMachineID'>S-1-0-0</Data></EventData></Event>
<Event xmlns='http://schemas.microsoft.com/win/2004/08/events/event'><System><Provider Name='Microsoft-Windows-Sysmon' Guid='{5770385f-c22a-43e0-bf4c-06f5698ffbd9}'/><EventID>7</EventID><Version>3</Version><Level>4</Level><Task>7</Task><Opcode>0</Opcode><Keywords>0x8000000000000000</Keywords><TimeCreated SystemTime='2023-03-18T02:00:28.468209300Z'/><EventRecordID>896803</EventRecordID><Correlation/><Execution ProcessID='8272' ThreadID='10236'/><Channel>Microsoft-Windows-Sysmon/Operational</Channel><Computer>winser-ksc-xdr</Computer><Security UserID='S-1-5-18'/></System><EventData><Data Name='RuleName'>-</Data><Data Name='UtcTime'>2023-03-18 02:00:28.466</Data><Data Name='ProcessGuid'>{efaa5734-1b3c-6415-45d8-000000000800}</Data><Data Name='ProcessId'>4012</Data><Data Name='Image'>C:\\Windows\\System32\\wbem\\WmiPrvSE.exe</Data><Data Name='ImageLoaded'>C:\\Windows\\System32\\wbem\\wbemsvc.dll</Data><Data Name='FileVersion'>10.0.17763.1 (WinBuild.160101.0800)</Data><Data Name='Description'>WMI</Data><Data Name='Product'>Microsoft Windows Operating System</Data><Data Name='Company'>Microsoft Corporation</Data><Data Name='OriginalFileName'>wbemsvc.dll</Data><Data Name='Hashes'>MD5=98B9C96E43D23843A912878C345E7A56,SHA256=28D448B91CEB9333D8ECE3F5A441061A83464AAB309C5974AE6AA70845975933</Data><Data Name='Signed'>true</Data><Data Name='Signature'>Microsoft Windows</Data><Data Name='SignatureStatus'>Valid</Data><Data Name='User'>NT AUTHORITY\\SYSTEM</Data></EventData></Event>
<Event xmlns='http://schemas.microsoft.com/win/2004/08/events/event'><System><Provider Name='Microsoft-Windows-Security-Auditing' Guid='{54849625-5478-4994-a5ba-3e3b0328c30d}'/><EventID>4703</EventID><Version>0</Version><Level>0</Level><Task>13317</Task><Opcode>0</Opcode><Keywords>0x8020000000000000</Keywords><TimeCreated SystemTime='2023-03-18T02:00:28.480232400Z'/><EventRecordID>66188019</EventRecordID><Correlation/><Execution ProcessID='4' ThreadID='12096'/><Channel>Security</Channel><Computer>winser-ksc-xdr</Computer><Security/></System><EventData><Data Name='SubjectUserSid'>S-1-5-18</Data><Data Name='SubjectUserName'>WINSER-KSC-XDR$</Data><Data Name='SubjectDomainName'>WORKGROUP</Data><Data Name='SubjectLogonId'>0x3e7</Data><Data Name='TargetUserSid'>S-1-0-0</Data><Data Name='TargetUserName'>WINSER-KSC-XDR$</Data><Data Name='TargetDomainName'>WORKGROUP</Data><Data Name='TargetLogonId'>0x3e7</Data><Data Name='ProcessName'>C:\\Windows\\System32\\svchost.exe</Data><Data Name='ProcessId'>0xbc4</Data><Data Name='EnabledPrivilegeList'>SeAssignPrimaryTokenPrivilege SeIncreaseQuotaPrivilege SeSecurityPrivilege SeTakeOwnershipPrivilege SeLoadDriverPrivilege SeSystemtimePrivilege SeBackupPrivilege SeRestorePrivilege SeShutdownPrivilege SeSystemEnvironmentPrivilege SeUndockPrivilege SeManageVolumePrivilege</Data><Data Name='DisabledPrivilegeList'>-</Data></EventData></Event>
<Event xmlns='http://schemas.microsoft.com/win/2004/08/events/event'><System><Provider Name='Microsoft-Windows-Security-Auditing' Guid='{54849625-5478-4994-a5ba-3e3b0328c30d}'/><EventID>4703</EventID><Version>0</Version><Level>0</Level><Task>13317</Task><Opcode>0</Opcode><Keywords>0x8020000000000000</Keywords><TimeCreated SystemTime='2023-03-18T02:00:28.480953400Z'/><EventRecordID>66188020</EventRecordID><Correlation/><Execution ProcessID='4' ThreadID='12096'/><Channel>Security</Channel><Computer>winser-ksc-xdr</Computer><Security/></System><EventData><Data Name='SubjectUserSid'>S-1-5-18</Data><Data Name='SubjectUserName'>WINSER-KSC-XDR$</Data><Data Name='SubjectDomainName'>WORKGROUP</Data><Data Name='SubjectLogonId'>0x3e7</Data><Data Name='TargetUserSid'>S-1-0-0</Data><Data Name='TargetUserName'>WINSER-KSC-XDR$</Data><Data Name='TargetDomainName'>WORKGROUP</Data><Data Name='TargetLogonId'>0x3e7</Data><Data Name='ProcessName'>C:\\Windows\\System32\\svchost.exe</Data><Data Name='ProcessId'>0xbc4</Data><Data Name='EnabledPrivilegeList'>SeAssignPrimaryTokenPrivilege SeIncreaseQuotaPrivilege SeSecurityPrivilege SeTakeOwnershipPrivilege SeLoadDriverPrivilege SeSystemtimePrivilege SeBackupPrivilege SeRestorePrivilege SeShutdownPrivilege SeSystemEnvironmentPrivilege SeUndockPrivilege SeManageVolumePrivilege</Data><Data Name='DisabledPrivilegeList'>-</Data></EventData></Event>
<Event xmlns='http://schemas.microsoft.com/win/2004/08/events/event'><System><Provider Name='Microsoft-Windows-Security-Auditing' Guid='{54849625-5478-4994-a5ba-3e3b0328c30d}'/><EventID>4703</EventID><Version>0</Version><Level>0</Level><Task>13317</Task><Opcode>0</Opcode><Keywords>0x8020000000000000</Keywords><TimeCreated SystemTime='2023-03-18T02:00:28.485687200Z'/><EventRecordID>66188021</EventRecordID><Correlation/><Execution ProcessID='4' ThreadID='12096'/><Channel>Security</Channel><Computer>winser-ksc-xdr</Computer><Security/></System><EventData><Data Name='SubjectUserSid'>S-1-5-18</Data><Data Name='SubjectUserName'>WINSER-KSC-XDR$</Data><Data Name='SubjectDomainName'>WORKGROUP</Data><Data Name='SubjectLogonId'>0x3e7</Data><Data Name='TargetUserSid'>S-1-0-0</Data><Data Name='TargetUserName'>WINSER-KSC-XDR$</Data><Data Name='TargetDomainName'>WORKGROUP</Data><Data Name='TargetLogonId'>0x3e7</Data><Data Name='ProcessName'>C:\\Windows\\System32\\svchost.exe</Data><Data Name='ProcessId'>0xbc4</Data><Data Name='EnabledPrivilegeList'>SeAssignPrimaryTokenPrivilege SeIncreaseQuotaPrivilege SeSecurityPrivilege SeTakeOwnershipPrivilege SeLoadDriverPrivilege SeSystemtimePrivilege SeBackupPrivilege SeRestorePrivilege SeShutdownPrivilege SeSystemEnvironmentPrivilege SeUndockPrivilege SeManageVolumePrivilege</Data><Data Name='DisabledPrivilegeList'>-</Data></EventData></Event>
<Event xmlns='http://schemas.microsoft.com/win/2004/08/events/event'><System><Provider Name='Microsoft-Windows-Security-Auditing' Guid='{54849625-5478-4994-a5ba-3e3b0328c30d}'/><EventID>4703</EventID><Version>0</Version><Level>0</Level><Task>13317</Task><Opcode>0</Opcode><Keywords>0x8020000000000000</Keywords><TimeCreated SystemTime='2023-03-18T02:00:28.487552200Z'/><EventRecordID>66188022</EventRecordID><Correlation/><Execution ProcessID='4' ThreadID='12096'/><Channel>Security</Channel><Computer>winser-ksc-xdr</Computer><Security/></System><EventData><Data Name='SubjectUserSid'>S-1-5-18</Data><Data Name='SubjectUserName'>WINSER-KSC-XDR$</Data><Data Name='SubjectDomainName'>WORKGROUP</Data><Data Name='SubjectLogonId'>0x3e7</Data><Data Name='TargetUserSid'>S-1-0-0</Data><Data Name='TargetUserName'>WINSER-KSC-XDR$</Data><Data Name='TargetDomainName'>WORKGROUP</Data><Data Name='TargetLogonId'>0x3e7</Data><Data Name='ProcessName'>C:\\Windows\\System32\\svchost.exe</Data><Data Name='ProcessId'>0xbc4</Data><Data Name='EnabledPrivilegeList'>SeAssignPrimaryTokenPrivilege SeIncreaseQuotaPrivilege SeSecurityPrivilege SeTakeOwnershipPrivilege SeLoadDriverPrivilege SeSystemtimePrivilege SeBackupPrivilege SeRestorePrivilege SeShutdownPrivilege SeSystemEnvironmentPrivilege SeUndockPrivilege SeManageVolumePrivilege</Data><Data Name='DisabledPrivilegeList'>-</Data></EventData></Event>
<Event xmlns='http://schemas.microsoft.com/win/2004/08/events/event'><System><Provider Name='Microsoft-Windows-Sysmon' Guid='{5770385f-c22a-43e0-bf4c-06f5698ffbd9}'/><EventID>7</EventID><Version>3</Version><Level>4</Level><Task>7</Task><Opcode>0</Opcode><Keywords>0x8000000000000000</Keywords><TimeCreated SystemTime='2023-03-18T02:00:28.486049000Z'/><EventRecordID>896804</EventRecordID><Correlation/><Execution ProcessID='8272' ThreadID='10236'/><Channel>Microsoft-Windows-Sysmon/Operational</Channel><Computer>winser-ksc-xdr</Computer><Security UserID='S-1-5-18'/></System><EventData><Data Name='RuleName'>-</Data><Data Name='UtcTime'>2023-03-18 02:00:28.477</Data><Data Name='ProcessGuid'>{efaa5734-1b3c-6415-45d8-000000000800}</Data><Data Name='ProcessId'>4012</Data><Data Name='Image'>C:\\Windows\\System32\\wbem\\WmiPrvSE.exe</Data><Data Name='ImageLoaded'>C:\\Windows\\System32\\wbem\\wmiutils.dll</Data><Data Name='FileVersion'>10.0.17763.1 (WinBuild.160101.0800)</Data><Data Name='Description'>WMI</Data><Data Name='Product'>Microsoft Windows Operating System</Data><Data Name='Company'>Microsoft Corporation</Data><Data Name='OriginalFileName'>wmiutils.dll</Data><Data Name='Hashes'>MD5=A081AAD3A296EB414CB6839B744C67C9,SHA256=3D77E7769CFC8B4A1098E9A1F2BDE4432A6A70253EA6C2A58C8F8403A9038288</Data><Data Name='Signed'>true</Data><Data Name='Signature'>Microsoft Windows</Data><Data Name='SignatureStatus'>Valid</Data><Data Name='User'>NT AUTHORITY\\SYSTEM</Data></EventData></Event>
<Event xmlns='http://schemas.microsoft.com/win/2004/08/events/event'><System><Provider Name='Microsoft-Windows-Sysmon' Guid='{5770385f-c22a-43e0-bf4c-06f5698ffbd9}'/><EventID>7</EventID><Version>3</Version><Level>4</Level><Task>7</Task><Opcode>0</Opcode><Keywords>0x8000000000000000</Keywords><TimeCreated SystemTime='2023-03-18T02:00:28.499520800Z'/><EventRecordID>896807</EventRecordID><Correlation/><Execution ProcessID='8272' ThreadID='10236'/><Channel>Microsoft-Windows-Sysmon/Operational</Channel><Computer>winser-ksc-xdr</Computer><Security UserID='S-1-5-18'/></System><EventData><Data Name='RuleName'>-</Data><Data Name='UtcTime'>2023-03-18 02:00:28.497</Data><Data Name='ProcessGuid'>{efaa5734-1b3c-6415-45d8-000000000800}</Data><Data Name='ProcessId'>4012</Data><Data Name='Image'>C:\\Windows\\System32\\wbem\\WmiPrvSE.exe</Data><Data Name='ImageLoaded'>C:\\Windows\\System32\\DismApi.dll</Data><Data Name='FileVersion'>10.0.17763.3406 (WinBuild.160101.0800)</Data><Data Name='Description'>DISM API Framework</Data><Data Name='Product'>Microsoft Windows Operating System</Data><Data Name='Company'>Microsoft Corporation</Data><Data Name='OriginalFileName'>DismApi.dll</Data><Data Name='Hashes'>MD5=7B027BB1A6B6D96B44DDD1416DC507FE,SHA256=F76AAB3AAF6272840B8CB865743C6EACB5979ADA4F4D13BECA2432D6BCB55FEF</Data><Data Name='Signed'>true</Data><Data Name='Signature'>Microsoft Windows</Data><Data Name='SignatureStatus'>Valid</Data><Data Name='User'>NT AUTHORITY\\SYSTEM</Data></EventData></Event>
<Event xmlns='http://schemas.microsoft.com/win/2004/08/events/event'><System><Provider Name='Microsoft-Windows-Sysmon' Guid='{5770385f-c22a-43e0-bf4c-06f5698ffbd9}'/><EventID>7</EventID><Version>3</Version><Level>4</Level><Task>7</Task><Opcode>0</Opcode><Keywords>0x8000000000000000</Keywords><TimeCreated SystemTime='2023-03-18T02:00:28.494604900Z'/><EventRecordID>896805</EventRecordID><Correlation/><Execution ProcessID='8272' ThreadID='10236'/><Channel>Microsoft-Windows-Sysmon/Operational</Channel><Computer>winser-ksc-xdr</Computer><Security UserID='S-1-5-18'/></System><EventData><Data Name='RuleName'>-</Data><Data Name='UtcTime'>2023-03-18 02:00:28.477</Data><Data Name='ProcessGuid'>{efaa5734-1b3c-6415-45d8-000000000800}</Data><Data Name='ProcessId'>4012</Data><Data Name='Image'>C:\\Windows\\System32\\wbem\\WmiPrvSE.exe</Data><Data Name='ImageLoaded'>C:\\Windows\\System32\\wbem\\ServerManager.DeploymentProvider.dll</Data><Data Name='FileVersion'>10.0.17763.1 (WinBuild.160101.0800)</Data><Data Name='Description'>WMI</Data><Data Name='Product'>Microsoft Windows Operating System</Data><Data Name='Company'>Microsoft Corporation</Data><Data Name='OriginalFileName'>ServerManager.DeploymentProvider.dll</Data><Data Name='Hashes'>MD5=3876A4E2CF63C26273191893B4AA54E7,SHA256=718ECF2C72CEED8DD35728B9D521696D0BFD0DA612B5677DF75648B09F71051E</Data><Data Name='Signed'>true</Data><Data Name='Signature'>Microsoft Windows</Data><Data Name='SignatureStatus'>Valid</Data><Data Name='User'>NT AUTHORITY\\SYSTEM</Data></EventData></Event>
<Event xmlns='http://schemas.microsoft.com/win/2004/08/events/event'><System><Provider Name='Microsoft-Windows-Sysmon' Guid='{5770385f-c22a-43e0-bf4c-06f5698ffbd9}'/><EventID>7</EventID><Version>3</Version><Level>4</Level><Task>7</Task><Opcode>0</Opcode><Keywords>0x8000000000000000</Keywords><TimeCreated SystemTime='2023-03-18T02:00:28.500457900Z'/><EventRecordID>896808</EventRecordID><Correlation/><Execution ProcessID='8272' ThreadID='10236'/><Channel>Microsoft-Windows-Sysmon/Operational</Channel><Computer>winser-ksc-xdr</Computer><Security UserID='S-1-5-18'/></System><EventData><Data Name='RuleName'>-</Data><Data Name='UtcTime'>2023-03-18 02:00:28.497</Data><Data Name='ProcessGuid'>{efaa5734-1b3c-6415-45d8-000000000800}</Data><Data Name='ProcessId'>4012</Data><Data Name='Image'>C:\\Windows\\System32\\wbem\\WmiPrvSE.exe</Data><Data Name='ImageLoaded'>C:\\Windows\\System32\\mi.dll</Data><Data Name='FileVersion'>10.0.17763.1 (WinBuild.160101.0800)</Data><Data Name='Description'>Management Infrastructure</Data><Data Name='Product'>Microsoft Windows Operating System</Data><Data Name='Company'>Microsoft Corporation</Data><Data Name='OriginalFileName'>mi.dll</Data><Data Name='Hashes'>MD5=A6ABB00431242A35EA866A182C33B0B0,SHA256=9AC9D0109E57D9307A64DE09143A49DCD15E066D8018DCDCDF0806C8C2B04C14</Data><Data Name='Signed'>true</Data><Data Name='Signature'>Microsoft Windows</Data><Data Name='SignatureStatus'>Valid</Data><Data Name='User'>NT AUTHORITY\\SYSTEM</Data></EventData></Event>
<Event xmlns='http://schemas.microsoft.com/win/2004/08/events/event'><System><Provider Name='Microsoft-Windows-Sysmon' Guid='{5770385f-c22a-43e0-bf4c-06f5698ffbd9}'/><EventID>7</EventID><Version>3</Version><Level>4</Level><Task>7</Task><Opcode>0</Opcode><Keywords>0x8000000000000000</Keywords><TimeCreated SystemTime='2023-03-18T02:00:28.501413600Z'/><EventRecordID>896809</EventRecordID><Correlation/><Execution ProcessID='8272' ThreadID='10236'/><Channel>Microsoft-Windows-Sysmon/Operational</Channel><Computer>winser-ksc-xdr</Computer><Security UserID='S-1-5-18'/></System><EventData><Data Name='RuleName'>-</Data><Data Name='UtcTime'>2023-03-18 02:00:28.497</Data><Data Name='ProcessGuid'>{efaa5734-1b3c-6415-45d8-000000000800}</Data><Data Name='ProcessId'>4012</Data><Data Name='Image'>C:\\Windows\\System32\\wbem\\WmiPrvSE.exe</Data><Data Name='ImageLoaded'>C:\\Windows\\System32\\miutils.dll</Data><Data Name='FileVersion'>10.0.17763.1 (WinBuild.160101.0800)</Data><Data Name='Description'>Management Infrastructure</Data><Data Name='Product'>Microsoft Windows Operating System</Data><Data Name='Company'>Microsoft Corporation</Data><Data Name='OriginalFileName'>miutils.dll</Data><Data Name='Hashes'>MD5=EF93553049A0DC9619315EDECD96A3C8,SHA256=E8E6F028995645125D7C4B2678018E3600D392DDE6BA2627A0560999209A7E96</Data><Data Name='Signed'>true</Data><Data Name='Signature'>Microsoft Windows</Data><Data Name='SignatureStatus'>Valid</Data><Data Name='User'>NT AUTHORITY\\SYSTEM</Data></EventData></Event>
<Event xmlns='http://schemas.microsoft.com/win/2004/08/events/event'><System><Provider Name='Microsoft-Windows-Sysmon' Guid='{5770385f-c22a-43e0-bf4c-06f5698ffbd9}'/><EventID>7</EventID><Version>3</Version><Level>4</Level><Task>7</Task><Opcode>0</Opcode><Keywords>0x8000000000000000</Keywords><TimeCreated SystemTime='2023-03-18T02:00:28.496781600Z'/><EventRecordID>896806</EventRecordID><Correlation/><Execution ProcessID='8272' ThreadID='10236'/><Channel>Microsoft-Windows-Sysmon/Operational</Channel><Computer>winser-ksc-xdr</Computer><Security UserID='S-1-5-18'/></System><EventData><Data Name='RuleName'>-</Data><Data Name='UtcTime'>2023-03-18 02:00:28.493</Data><Data Name='ProcessGuid'>{efaa5734-1b3c-6415-45d8-000000000800}</Data><Data Name='ProcessId'>4012</Data><Data Name='Image'>C:\\Windows\\System32\\wbem\\WmiPrvSE.exe</Data><Data Name='ImageLoaded'>C:\\Windows\\System32\\ktmw32.dll</Data><Data Name='FileVersion'>10.0.17763.1 (WinBuild.160101.0800)</Data><Data Name='Description'>Windows KTM Win32 Client DLL</Data><Data Name='Product'>Microsoft Windows Operating System</Data><Data Name='Company'>Microsoft Corporation</Data><Data Name='OriginalFileName'>ktmw32</Data><Data Name='Hashes'>MD5=441DEA4C75597D7EFD0A6C89808838D7,SHA256=61C3BD3F278EA73886C0A0BEAE617469485AF77945C670F492B07136AC079B1E</Data><Data Name='Signed'>true</Data><Data Name='Signature'>Microsoft Windows</Data><Data Name='SignatureStatus'>Valid</Data><Data Name='User'>NT AUTHORITY\\SYSTEM</Data></EventData></Event>
<Event xmlns='http://schemas.microsoft.com/win/2004/08/events/event'><System><Provider Name='Microsoft-Windows-Security-Auditing' Guid='{54849625-5478-4994-a5ba-3e3b0328c30d}'/><EventID>4703</EventID><Version>0</Version><Level>0</Level><Task>13317</Task><Opcode>0</Opcode><Keywords>0x8020000000000000</Keywords><TimeCreated SystemTime='2023-03-18T02:00:28.505771100Z'/><EventRecordID>66188023</EventRecordID><Correlation/><Execution ProcessID='4' ThreadID='12096'/><Channel>Security</Channel><Computer>winser-ksc-xdr</Computer><Security/></System><EventData><Data Name='SubjectUserSid'>S-1-5-18</Data><Data Name='SubjectUserName'>WINSER-KSC-XDR$</Data><Data Name='SubjectDomainName'>WORKGROUP</Data><Data Name='SubjectLogonId'>0x3e7</Data><Data Name='TargetUserSid'>S-1-0-0</Data><Data Name='TargetUserName'>WINSER-KSC-XDR$</Data><Data Name='TargetDomainName'>WORKGROUP</Data><Data Name='TargetLogonId'>0x3e7</Data><Data Name='ProcessName'>C:\\Windows\\System32\\svchost.exe</Data><Data Name='ProcessId'>0xbc4</Data><Data Name='EnabledPrivilegeList'>SeAssignPrimaryTokenPrivilege SeIncreaseQuotaPrivilege SeSecurityPrivilege SeTakeOwnershipPrivilege SeLoadDriverPrivilege SeSystemtimePrivilege SeBackupPrivilege SeRestorePrivilege SeShutdownPrivilege SeSystemEnvironmentPrivilege SeUndockPrivilege SeManageVolumePrivilege</Data><Data Name='DisabledPrivilegeList'>-</Data></EventData></Event>
<Event xmlns='http://schemas.microsoft.com/win/2004/08/events/event'><System><Provider Name='Microsoft-Windows-Sysmon' Guid='{5770385f-c22a-43e0-bf4c-06f5698ffbd9}'/><EventID>7</EventID><Version>3</Version><Level>4</Level><Task>7</Task><Opcode>0</Opcode><Keywords>0x8000000000000000</Keywords><TimeCreated SystemTime='2023-03-18T02:00:28.504612300Z'/><EventRecordID>896810</EventRecordID><Correlation/><Execution ProcessID='8272' ThreadID='10236'/><Channel>Microsoft-Windows-Sysmon/Operational</Channel><Computer>winser-ksc-xdr</Computer><Security UserID='S-1-5-18'/></System><EventData><Data Name='RuleName'>-</Data><Data Name='UtcTime'>2023-03-18 02:00:28.497</Data><Data Name='ProcessGuid'>{efaa5734-1b3c-6415-45d8-000000000800}</Data><Data Name='ProcessId'>4012</Data><Data Name='Image'>C:\\Windows\\System32\\wbem\\WmiPrvSE.exe</Data><Data Name='ImageLoaded'>C:\\Windows\\System32\\wmitomi.dll</Data><Data Name='FileVersion'>10.0.17763.1 (WinBuild.160101.0800)</Data><Data Name='Description'>CIM Provider Adapter</Data><Data Name='Product'>Microsoft Windows Operating System</Data><Data Name='Company'>Microsoft Corporation</Data><Data Name='OriginalFileName'>wmitomi.dll</Data><Data Name='Hashes'>MD5=3512A423394BD42E3F5C9F9CB036ED04,SHA256=F6E525D29CA97B8B4E672A00B43C624FEE881B0B627BE6E2D17F2BEE9ED3E1FF</Data><Data Name='Signed'>true</Data><Data Name='Signature'>Microsoft Windows</Data><Data Name='SignatureStatus'>Valid</Data><Data Name='User'>NT AUTHORITY\\SYSTEM</Data></EventData></Event>
<Event xmlns='http://schemas.microsoft.com/win/2004/08/events/event'><System><Provider Name='Microsoft-Windows-Security-Auditing' Guid='{54849625-5478-4994-a5ba-3e3b0328c30d}'/><EventID>4703</EventID><Version>0</Version><Level>0</Level><Task>13317</Task><Opcode>0</Opcode><Keywords>0x8020000000000000</Keywords><TimeCreated SystemTime='2023-03-18T02:00:28.552390100Z'/><EventRecordID>66188025</EventRecordID><Correlation/><Execution ProcessID='4' ThreadID='12508'/><Channel>Security</Channel><Computer>winser-ksc-xdr</Computer><Security/></System><EventData><Data Name='SubjectUserSid'>S-1-5-18</Data><Data Name='SubjectUserName'>WINSER-KSC-XDR$</Data><Data Name='SubjectDomainName'>WORKGROUP</Data><Data Name='SubjectLogonId'>0x3e7</Data><Data Name='TargetUserSid'>S-1-0-0</Data><Data Name='TargetUserName'>WINSER-KSC-XDR$</Data><Data Name='TargetDomainName'>WORKGROUP</Data><Data Name='TargetLogonId'>0x3e7</Data><Data Name='ProcessName'>C:\\Program Files (x86)\\Kaspersky Lab\\Kaspersky Security Center\\vapm.exe</Data><Data Name='ProcessId'>0x15e0</Data><Data Name='EnabledPrivilegeList'>-</Data><Data Name='DisabledPrivilegeList'>SeDebugPrivilege</Data></EventData></Event>
