<Event xmlns='http://schemas.microsoft.com/win/2004/08/events/event'><System><Provider Name='Microsoft-Windows-Security-Auditing' Guid='{54849625-5478-4994-a5ba-3e3b0328c30d}'/><EventID>4688</EventID><Version>2</Version><Level>0</Level><Task>13312</Task><Opcode>0</Opcode><Keywords>0x8020000000000000</Keywords><TimeCreated SystemTime='2023-03-18T02:00:27.133924700Z'/><EventRecordID>1867145</EventRecordID><Correlation/><Execution ProcessID='4' ThreadID='1740'/><Channel>Security</Channel><Computer>winser-dc-xdr.example.com</Computer><Security/></System><EventData><Data Name='SubjectUserSid'>S-1-5-21-2950628830-185530450-1021415593-500</Data><Data Name='SubjectUserName'>Administrator</Data><Data Name='SubjectDomainName'>EXAMPLE</Data><Data Name='SubjectLogonId'>0x1868902</Data><Data Name='NewProcessId'>0x2194</Data><Data Name='NewProcessName'>C:\\Windows\\System32\\Configure-SMRemoting.exe</Data><Data Name='TokenElevationType'>%%1936</Data><Data Name='ProcessId'>0x9d4</Data><Data Name='CommandLine'>"Configure-SMRemoting.exe" -GET</Data><Data Name='TargetUserSid'>S-1-0-0</Data><Data Name='TargetUserName'>-</Data><Data Name='TargetDomainName'>-</Data><Data Name='TargetLogonId'>0x0</Data><Data Name='ParentProcessName'>C:\\Windows\\System32\\ServerManager.exe</Data><Data Name='MandatoryLabel'>S-1-16-12288</Data></EventData></Event>
<Event xmlns='http://schemas.microsoft.com/win/2004/08/events/event'><System><Provider Name='Microsoft-Windows-Security-Auditing' Guid='{54849625-5478-4994-a5ba-3e3b0328c30d}'/><EventID>4670</EventID><Version>0</Version><Level>0</Level><Task>13570</Task><Opcode>0</Opcode><Keywords>0x8020000000000000</Keywords><TimeCreated SystemTime='2023-03-18T02:00:27.168632000Z'/><EventRecordID>1867147</EventRecordID><Correlation/><Execution ProcessID='4' ThreadID='8952'/><Channel>Security</Channel><Computer>winser-dc-xdr.example.com</Computer><Security/></System><EventData><Data Name='SubjectUserSid'>S-1-5-18</Data><Data Name='SubjectUserName'>WINSER-DC-XDR$</Data><Data Name='SubjectDomainName'>EXAMPLE</Data><Data Name='SubjectLogonId'>0x3e7</Data><Data Name='ObjectServer'>Security</Data><Data Name='ObjectType'>Token</Data><Data Name='ObjectName'>-</Data><Data Name='HandleId'>0xe14</Data><Data Name='OldSd'>D:(A;;GA;;;SY)(A;;GA;;;NS)</Data><Data Name='NewSd'>D:(A;;GA;;;SY)(A;;RC;;;OW)(A;;GA;;;S-1-5-80-123231216-2592883651-3715271367-3753151631-4175906628)</Data><Data Name='ProcessId'>0x2cc</Data><Data Name='ProcessName'>C:\\Windows\\System32\\services.exe</Data></EventData></Event>
<Event xmlns='http://schemas.microsoft.com/win/2004/08/events/event'><System><Provider Name='Microsoft-Windows-Sysmon' Guid='{5770385f-c22a-43e0-bf4c-06f5698ffbd9}'/><EventID>10</EventID><Version>3</Version><Level>4</Level><Task>10</Task><Opcode>0</Opcode><Keywords>0x8000000000000000</Keywords><TimeCreated SystemTime='2023-03-18T02:00:27.167535600Z'/><EventRecordID>1879531</EventRecordID><Correlation/><Execution ProcessID='2104' ThreadID='6340'/><Channel>Microsoft-Windows-Sysmon/Operational</Channel><Computer>winser-dc-xdr.example.com</Computer><Security UserID='S-1-5-18'/></System><EventData><Data Name='RuleName'>access critical process</Data><Data Name='UtcTime'>2023-03-18 02:00:27.160</Data><Data Name='SourceProcessGUID'>{e91642e8-7871-63aa-1000-000000000700}</Data><Data Name='SourceProcessId'>456</Data><Data Name='SourceThreadId'>10216</Data><Data Name='SourceImage'>C:\\Windows\\system32\\svchost.exe</Data><Data Name='TargetProcessGUID'>{e91642e8-786e-63aa-0c00-000000000700}</Data><Data Name='TargetProcessId'>724</Data><Data Name='TargetImage'>C:\\Windows\\system32\\lsass.exe</Data><Data Name='GrantedAccess'>0x1000</Data><Data Name='CallTrace'>C:\\Windows\\SYSTEM32\\ntdll.dll+a0cb4|C:\\Windows\\System32\\KERNELBASE.dll+694a5|c:\\windows\\system32\\lsm.dll+f347|c:\\windows\\system32\\lsm.dll+df04|C:\\Windows\\System32\\RPCRT4.dll+78e93|C:\\Windows\\System32\\RPCRT4.dll+d7f9a|C:\\Windows\\System32\\RPCRT4.dll+1a860|C:\\Windows\\System32\\RPCRT4.dll+50e18|C:\\Windows\\System32\\RPCRT4.dll+3b510|C:\\Windows\\System32\\RPCRT4.dll+3aebb|C:\\Windows\\System32\\RPCRT4.dll+2cacf|C:\\Windows\\System32\\RPCRT4.dll+2bf2a|C:\\Windows\\System32\\RPCRT4.dll+2b4f1|C:\\Windows\\System32\\RPCRT4.dll+2af62|C:\\Windows\\System32\\RPCRT4.dll+21925|C:\\Windows\\SYSTEM32\\ntdll.dll+69ca0|C:\\Windows\\SYSTEM32\\ntdll.dll+166e8|C:\\Windows\\System32\\KERNEL32.DLL+17974|C:\\Windows\\SYSTEM32\\ntdll.dll+5a371</Data><Data Name='SourceUser'>NT AUTHORITY\\SYSTEM</Data><Data Name='TargetUser'>NT AUTHORITY\\SYSTEM</Data></EventData></Event>
<Event xmlns='http://schemas.microsoft.com/win/2004/08/events/event'><System><Provider Name='Microsoft-Windows-Sysmon' Guid='{5770385f-c22a-43e0-bf4c-06f5698ffbd9}'/><EventID>1</EventID><Version>5</Version><Level>4</Level><Task>1</Task><Opcode>0</Opcode><Keywords>0x8000000000000000</Keywords><TimeCreated SystemTime='2023-03-18T02:00:27.169476100Z'/><EventRecordID>1879533</EventRecordID><Correlation/><Execution ProcessID='2104' ThreadID='6340'/><Channel>Microsoft-Windows-Sysmon/Operational</Channel><Computer>winser-dc-xdr.example.com</Computer><Security UserID='S-1-5-18'/></System><EventData><Data Name='RuleName'>-</Data><Data Name='UtcTime'>2023-03-18 02:00:27.164</Data><Data Name='ProcessGuid'>{e91642e8-1b3b-6415-7030-020000000700}</Data><Data Name='ProcessId'>10404</Data><Data Name='Image'>C:\\Windows\\System32\\conhost.exe</Data><Data Name='FileVersion'>10.0.17763.3232 (WinBuild.160101.0800)</Data><Data Name='Description'>Console Window Host</Data><Data Name='Product'>Microsoft Windows Operating System</Data><Data Name='Company'>Microsoft Corporation</Data><Data Name='OriginalFileName'>CONHOST.EXE</Data><Data Name='CommandLine'>\\??\\C:\\Windows\\system32\\conhost.exe 0xffffffff -ForceV1</Data><Data Name='CurrentDirectory'>C:\\Windows</Data><Data Name='User'>EXAMPLE\\Administrator</Data><Data Name='LogonGuid'>{e91642e8-8308-63ac-0289-860100000000}</Data><Data Name='LogonId'>0x1868902</Data><Data Name='TerminalSessionId'>2</Data><Data Name='IntegrityLevel'>High</Data><Data Name='Hashes'>MD5=A4086E36368881B98D3419DFD408B0D3,SHA256=32C93F26B1B3DEC2BFCEE6F320AE77615A90AF96C66DE2846BDC8F64165754AA</Data><Data Name='ParentProcessGuid'>{e91642e8-1b3b-6415-6f30-020000000700}</Data><Data Name='ParentProcessId'>8596</Data><Data Name='ParentImage'>C:\\Windows\\System32\\Configure-SMRemoting.exe</Data><Data Name='ParentCommandLine'>"Configure-SMRemoting.exe" -GET</Data><Data Name='ParentUser'>EXAMPLE\\Administrator</Data></EventData></Event>
<Event xmlns='http://schemas.microsoft.com/win/2004/08/events/event'><System><Provider Name='Microsoft-Windows-Sysmon' Guid='{5770385f-c22a-43e0-bf4c-06f5698ffbd9}'/><EventID>7</EventID><Version>3</Version><Level>4</Level><Task>7</Task><Opcode>0</Opcode><Keywords>0x8000000000000000</Keywords><TimeCreated SystemTime='2023-03-18T02:00:27.171105100Z'/><EventRecordID>1879534</EventRecordID><Correlation/><Execution ProcessID='2104' ThreadID='6340'/><Channel>Microsoft-Windows-Sysmon/Operational</Channel><Computer>winser-dc-xdr.example.com</Computer><Security UserID='S-1-5-18'/></System><EventData><Data Name='RuleName'>-</Data><Data Name='UtcTime'>2023-03-18 02:00:27.160</Data><Data Name='ProcessGuid'>{e91642e8-1b3b-6415-7030-020000000700}</Data><Data Name='ProcessId'>10404</Data><Data Name='Image'>C:\\Windows\\System32\\conhost.exe</Data><Data Name='ImageLoaded'>C:\\Windows\\System32\\conhost.exe</Data><Data Name='FileVersion'>10.0.17763.3232 (WinBuild.160101.0800)</Data><Data Name='Description'>Console Window Host</Data><Data Name='Product'>Microsoft Windows Operating System</Data><Data Name='Company'>Microsoft Corporation</Data><Data Name='OriginalFileName'>CONHOST.EXE</Data><Data Name='Hashes'>MD5=A4086E36368881B98D3419DFD408B0D3,SHA256=32C93F26B1B3DEC2BFCEE6F320AE77615A90AF96C66DE2846BDC8F64165754AA</Data><Data Name='Signed'>true</Data><Data Name='Signature'>Microsoft Windows</Data><Data Name='SignatureStatus'>Valid</Data><Data Name='User'>EXAMPLE\\Administrator</Data></EventData></Event>
<Event xmlns='http://schemas.microsoft.com/win/2004/08/events/event'><System><Provider Name='Microsoft-Windows-Sysmon' Guid='{5770385f-c22a-43e0-bf4c-06f5698ffbd9}'/><EventID>11</EventID><Version>2</Version><Level>4</Level><Task>11</Task><Opcode>0</Opcode><Keywords>0x8000000000000000</Keywords><TimeCreated SystemTime='2023-03-18T02:00:27.181089300Z'/><EventRecordID>1879535</EventRecordID><Correlation/><Execution ProcessID='2104' ThreadID='6340'/><Channel>Microsoft-Windows-Sysmon/Operational</Channel><Computer>winser-dc-xdr.example.com</Computer><Security UserID='S-1-5-18'/></System><EventData><Data Name='RuleName'>Executable</Data><Data Name='UtcTime'>2023-03-18 02:00:27.175</Data><Data Name='ProcessGuid'>{e91642e8-7871-63aa-1a00-000000000700}</Data><Data Name='ProcessId'>1280</Data><Data Name='Image'>C:\\Windows\\System32\\svchost.exe</Data><Data Name='TargetFilename'>C:\\Windows\\ServiceState\\EventLog\\Data\\lastalive1.dat</Data><Data Name='CreationUtcTime'>2022-12-27 04:46:37.513</Data><Data Name='User'>NT AUTHORITY\\LOCAL SERVICE</Data></EventData></Event>
<Event xmlns='http://schemas.microsoft.com/win/2004/08/events/event'><System><Provider Name='Microsoft-Windows-Sysmon' Guid='{5770385f-c22a-43e0-bf4c-06f5698ffbd9}'/><EventID>7</EventID><Version>3</Version><Level>4</Level><Task>7</Task><Opcode>0</Opcode><Keywords>0x8000000000000000</Keywords><TimeCreated SystemTime='2023-03-18T02:00:27.196258500Z'/><EventRecordID>1879537</EventRecordID><Correlation/><Execution ProcessID='2104' ThreadID='6340'/><Channel>Microsoft-Windows-Sysmon/Operational</Channel><Computer>winser-dc-xdr.example.com</Computer><Security UserID='S-1-5-18'/></System><EventData><Data Name='RuleName'>-</Data><Data Name='UtcTime'>2023-03-18 02:00:27.192</Data><Data Name='ProcessGuid'>{e91642e8-1b3b-6415-7130-020000000700}</Data><Data Name='ProcessId'>5172</Data><Data Name='Image'>C:\\Windows\\System32\\sppsvc.exe</Data><Data Name='ImageLoaded'>C:\\Windows\\System32\\sppsvc.exe</Data><Data Name='FileVersion'>10.0.17763.3650 (WinBuild.160101.0800)</Data><Data Name='Description'>Microsoft Software Protection Platform Service</Data><Data Name='Product'>Microsoft Windows Operating System</Data><Data Name='Company'>Microsoft Corporation</Data><Data Name='OriginalFileName'>sppsvc.exe</Data><Data Name='Hashes'>MD5=0A0FFBA29687ADE80DCF06B6B04FC324,SHA256=3B2AC34189A4F28B29EC2B8722500030CB345B511DC9C9CAEADDA0CE4584076E</Data><Data Name='Signed'>true</Data><Data Name='Signature'>Microsoft Windows</Data><Data Name='SignatureStatus'>Valid</Data><Data Name='User'>NT AUTHORITY\\NETWORK SERVICE</Data></EventData></Event>
<Event xmlns='http://schemas.microsoft.com/win/2004/08/events/event'><System><Provider Name='Microsoft-Windows-Sysmon' Guid='{5770385f-c22a-43e0-bf4c-06f5698ffbd9}'/><EventID>1</EventID><Version>5</Version><Level>4</Level><Task>1</Task><Opcode>0</Opcode><Keywords>0x8000000000000000</Keywords><TimeCreated SystemTime='2023-03-18T02:00:27.194024000Z'/><EventRecordID>1879536</EventRecordID><Correlation/><Execution ProcessID='2104' ThreadID='6340'/><Channel>Microsoft-Windows-Sysmon/Operational</Channel><Computer>winser-dc-xdr.example.com</Computer><Security UserID='S-1-5-18'/></System><EventData><Data Name='RuleName'>-</Data><Data Name='UtcTime'>2023-03-18 02:00:27.180</Data><Data Name='ProcessGuid'>{e91642e8-1b3b-6415-7130-020000000700}</Data><Data Name='ProcessId'>5172</Data><Data Name='Image'>C:\\Windows\\System32\\sppsvc.exe</Data><Data Name='FileVersion'>10.0.17763.3650 (WinBuild.160101.0800)</Data><Data Name='Description'>Microsoft Software Protection Platform Service</Data><Data Name='Product'>Microsoft Windows Operating System</Data><Data Name='Company'>Microsoft Corporation</Data><Data Name='OriginalFileName'>sppsvc.exe</Data><Data Name='CommandLine'>C:\\Windows\\system32\\sppsvc.exe</Data><Data Name='CurrentDirectory'>C:\\Windows</Data><Data Name='User'>NT AUTHORITY\\NETWORK SERVICE</Data><Data Name='LogonGuid'>{e91642e8-7870-63aa-e403-000000000000}</Data><Data Name='LogonId'>0x3e4</Data><Data Name='TerminalSessionId'>0</Data><Data Name='IntegrityLevel'>System</Data><Data Name='Hashes'>MD5=0A0FFBA29687ADE80DCF06B6B04FC324,SHA256=3B2AC34189A4F28B29EC2B8722500030CB345B511DC9C9CAEADDA0CE4584076E</Data><Data Name='ParentProcessGuid'>{e91642e8-786e-63aa-0b00-000000000700}</Data><Data Name='ParentProcessId'>716</Data><Data Name='ParentImage'>C:\\Windows\\System32\\services.exe</Data><Data Name='ParentCommandLine'>C:\\Windows\\system32\\services.exe</Data><Data Name='ParentUser'>NT AUTHORITY\\SYSTEM</Data></EventData></Event>
<Event xmlns='http://schemas.microsoft.com/win/2004/08/events/event'><System><Provider Name='Microsoft-Windows-Security-Auditing' Guid='{54849625-5478-4994-a5ba-3e3b0328c30d}'/><EventID>4688</EventID><Version>2</Version><Level>0</Level><Task>13312</Task><Opcode>0</Opcode><Keywords>0x8020000000000000</Keywords><TimeCreated SystemTime='2023-03-18T02:00:27.180432800Z'/><EventRecordID>1867148</EventRecordID><Correlation/><Execution ProcessID='4' ThreadID='1740'/><Channel>Security</Channel><Computer>winser-dc-xdr.example.com</Computer><Security/></System><EventData><Data Name='SubjectUserSid'>S-1-5-18</Data><Data Name='SubjectUserName'>WINSER-DC-XDR$</Data><Data Name='SubjectDomainName'>EXAMPLE</Data><Data Name='SubjectLogonId'>0x3e7</Data><Data Name='NewProcessId'>0x1434</Data><Data Name='NewProcessName'>C:\\Windows\\System32\\sppsvc.exe</Data><Data Name='TokenElevationType'>%%1936</Data><Data Name='ProcessId'>0x2cc</Data><Data Name='CommandLine'>C:\\Windows\\system32\\sppsvc.exe</Data><Data Name='TargetUserSid'>S-1-0-0</Data><Data Name='TargetUserName'>WINSER-DC-XDR$</Data><Data Name='TargetDomainName'>EXAMPLE</Data><Data Name='TargetLogonId'>0x3e4</Data><Data Name='ParentProcessName'>C:\\Windows\\System32\\services.exe</Data><Data Name='MandatoryLabel'>S-1-16-16384</Data></EventData></Event>
<Event xmlns='http://schemas.microsoft.com/win/2004/08/events/event'><System><Provider Name='Microsoft-Windows-Sysmon' Guid='{5770385f-c22a-43e0-bf4c-06f5698ffbd9}'/><EventID>7</EventID><Version>3</Version><Level>4</Level><Task>7</Task><Opcode>0</Opcode><Keywords>0x8000000000000000</Keywords><TimeCreated SystemTime='2023-03-18T02:00:27.226814000Z'/><EventRecordID>1879538</EventRecordID><Correlation/><Execution ProcessID='2104' ThreadID='6340'/><Channel>Microsoft-Windows-Sysmon/Operational</Channel><Computer>winser-dc-xdr.example.com</Computer><Security UserID='S-1-5-18'/></System><EventData><Data Name='RuleName'>-</Data><Data Name='UtcTime'>2023-03-18 02:00:27.223</Data><Data Name='ProcessGuid'>{e91642e8-1b3b-6415-7130-020000000700}</Data><Data Name='ProcessId'>5172</Data><Data Name='Image'>C:\\Windows\\System32\\sppsvc.exe</Data><Data Name='ImageLoaded'>C:\\Windows\\System32\\cryptxml.dll</Data><Data Name='FileVersion'>10.0.17763.1 (WinBuild.160101.0800)</Data><Data Name='Description'>XML DigSig API</Data><Data Name='Product'>Microsoft Windows Operating System</Data><Data Name='Company'>Microsoft Corporation</Data><Data Name='OriginalFileName'>cryptxml.dll</Data><Data Name='Hashes'>MD5=C437587FC7F7F3FA569D56BF803BF47E,SHA256=E46FE34AA2F4F4820CF5F59B0F33A0C4864ADAD04229B155751E4A863E5F1C4B</Data><Data Name='Signed'>true</Data><Data Name='Signature'>Microsoft Windows</Data><Data Name='SignatureStatus'>Valid</Data><Data Name='User'>NT AUTHORITY\\NETWORK SERVICE</Data></EventData></Event>
<Event xmlns='http://schemas.microsoft.com/win/2004/08/events/event'><System><Provider Name='Microsoft-Windows-Sysmon' Guid='{5770385f-c22a-43e0-bf4c-06f5698ffbd9}'/><EventID>7</EventID><Version>3</Version><Level>4</Level><Task>7</Task><Opcode>0</Opcode><Keywords>0x8000000000000000</Keywords><TimeCreated SystemTime='2023-03-18T02:00:27.293833200Z'/><EventRecordID>1879541</EventRecordID><Correlation/><Execution ProcessID='2104' ThreadID='6340'/><Channel>Microsoft-Windows-Sysmon/Operational</Channel><Computer>winser-dc-xdr.example.com</Computer><Security UserID='S-1-5-18'/></System><EventData><Data Name='RuleName'>-</Data><Data Name='UtcTime'>2023-03-18 02:00:27.285</Data><Data Name='ProcessGuid'>{e91642e8-1b3b-6415-6f30-020000000700}</Data><Data Name='ProcessId'>8596</Data><Data Name='Image'>C:\\Windows\\System32\\Configure-SMRemoting.exe</Data><Data Name='ImageLoaded'>C:\\Windows\\System32\\WsmAuto.dll</Data><Data Name='FileVersion'>10.0.17763.3113 (WinBuild.160101.0800)</Data><Data Name='Description'>WSMAN Automation</Data><Data Name='Product'>Microsoft Windows Operating System</Data><Data Name='Company'>Microsoft Corporation</Data><Data Name='OriginalFileName'>WSMANAUTOMATION.DLL</Data><Data Name='Hashes'>MD5=C0280DDD0D95406C1CC1513457172F22,SHA256=11D8689591DC042300997A2F187B0D31C37D1D9E2F8FAF930B0627E8EF833BD9</Data><Data Name='Signed'>true</Data><Data Name='Signature'>Microsoft Windows</Data><Data Name='SignatureStatus'>Valid</Data><Data Name='User'>EXAMPLE\\Administrator</Data></EventData></Event>
<Event xmlns='http://schemas.microsoft.com/win/2004/08/events/event'><System><Provider Name='Service Control Manager' Guid='{555908d1-a6d7-4695-8e1e-26931d2012f4}' EventSourceName='Service Control Manager'/><EventID Qualifiers='16384'>7036</EventID><Version>0</Version><Level>4</Level><Task>0</Task><Opcode>0</Opcode><Keywords>0x8080000000000000</Keywords><TimeCreated SystemTime='2023-03-18T02:00:27.255082200Z'/><EventRecordID>97200</EventRecordID><Correlation/><Execution ProcessID='716' ThreadID='12912'/><Channel>System</Channel><Computer>winser-dc-xdr.example.com</Computer><Security/></System><EventData><Data Name='param1'>Software Protection</Data><Data Name='param2'>running</Data><Binary>7300700070007300760063002F0034000000</Binary></EventData></Event>
<Event xmlns='http://schemas.microsoft.com/win/2004/08/events/event'><System><Provider Name='Microsoft-Windows-Sysmon' Guid='{5770385f-c22a-43e0-bf4c-06f5698ffbd9}'/><EventID>7</EventID><Version>3</Version><Level>4</Level><Task>7</Task><Opcode>0</Opcode><Keywords>0x8000000000000000</Keywords><TimeCreated SystemTime='2023-03-18T02:00:27.227699700Z'/><EventRecordID>1879539</EventRecordID><Correlation/><Execution ProcessID='2104' ThreadID='6340'/><Channel>Microsoft-Windows-Sysmon/Operational</Channel><Computer>winser-dc-xdr.example.com</Computer><Security UserID='S-1-5-18'/></System><EventData><Data Name='RuleName'>-</Data><Data Name='UtcTime'>2023-03-18 02:00:27.223</Data><Data Name='ProcessGuid'>{e91642e8-1b3b-6415-7130-020000000700}</Data><Data Name='ProcessId'>5172</Data><Data Name='Image'>C:\\Windows\\System32\\sppsvc.exe</Data><Data Name='ImageLoaded'>C:\\Windows\\System32\\pkeyhelper.dll</Data><Data Name='FileVersion'>10.0.17763.2028 (WinBuild.160101.0800)</Data><Data Name='Description'>Product Key Helper</Data><Data Name='Product'>Microsoft Windows Operating System</Data><Data Name='Company'>Microsoft Corporation</Data><Data Name='OriginalFileName'>pkeyhelper.dll</Data><Data Name='Hashes'>MD5=047813A9BBEB0A1EB8C217036832CE81,SHA256=4343F679993642C3126966FC8D30B4E01B3F997377B0E27063AAAD4FDEB587AB</Data><Data Name='Signed'>true</Data><Data Name='Signature'>Microsoft Windows</Data><Data Name='SignatureStatus'>Valid</Data><Data Name='User'>NT AUTHORITY\\NETWORK SERVICE</Data></EventData></Event>
<Event xmlns='http://schemas.microsoft.com/win/2004/08/events/event'><System><Provider Name='Microsoft-Windows-Sysmon' Guid='{5770385f-c22a-43e0-bf4c-06f5698ffbd9}'/><EventID>7</EventID><Version>3</Version><Level>4</Level><Task>7</Task><Opcode>0</Opcode><Keywords>0x8000000000000000</Keywords><TimeCreated SystemTime='2023-03-18T02:00:27.243317500Z'/><EventRecordID>1879540</EventRecordID><Correlation/><Execution ProcessID='2104' ThreadID='6340'/><Channel>Microsoft-Windows-Sysmon/Operational</Channel><Computer>winser-dc-xdr.example.com</Computer><Security UserID='S-1-5-18'/></System><EventData><Data Name='RuleName'>-</Data><Data Name='UtcTime'>2023-03-18 02:00:27.238</Data><Data Name='ProcessGuid'>{e91642e8-1b3b-6415-7130-020000000700}</Data><Data Name='ProcessId'>5172</Data><Data Name='Image'>C:\\Windows\\System32\\sppsvc.exe</Data><Data Name='ImageLoaded'>C:\\Windows\\System32\\webservices.dll</Data><Data Name='FileVersion'>10.0.17763.1131 (WinBuild.160101.0800)</Data><Data Name='Description'>Windows Web Services Runtime</Data><Data Name='Product'>Microsoft Windows Operating System</Data><Data Name='Company'>Microsoft Corporation</Data><Data Name='OriginalFileName'>WebServices.dll</Data><Data Name='Hashes'>MD5=54DFA6DE455DD5BDC735EEA90159BAAB,SHA256=A2FD45E9F9B254B4046DAF3A3D7A22EA0E510E981D9924C3A52D9D894A333E41</Data><Data Name='Signed'>true</Data><Data Name='Signature'>Microsoft Windows</Data><Data Name='SignatureStatus'>Valid</Data><Data Name='User'>NT AUTHORITY\\NETWORK SERVICE</Data></EventData></Event>
<Event xmlns='http://schemas.microsoft.com/win/2004/08/events/event'><System><Provider Name='Microsoft-Windows-Sysmon' Guid='{5770385f-c22a-43e0-bf4c-06f5698ffbd9}'/><EventID>7</EventID><Version>3</Version><Level>4</Level><Task>7</Task><Opcode>0</Opcode><Keywords>0x8000000000000000</Keywords><TimeCreated SystemTime='2023-03-18T02:00:27.295257700Z'/><EventRecordID>1879542</EventRecordID><Correlation/><Execution ProcessID='2104' ThreadID='6340'/><Channel>Microsoft-Windows-Sysmon/Operational</Channel><Computer>winser-dc-xdr.example.com</Computer><Security UserID='S-1-5-18'/></System><EventData><Data Name='RuleName'>-</Data><Data Name='UtcTime'>2023-03-18 02:00:27.285</Data><Data Name='ProcessGuid'>{e91642e8-1b3b-6415-6f30-020000000700}</Data><Data Name='ProcessId'>8596</Data><Data Name='Image'>C:\\Windows\\System32\\Configure-SMRemoting.exe</Data><Data Name='ImageLoaded'>C:\\Windows\\System32\\miutils.dll</Data><Data Name='FileVersion'>10.0.17763.1 (WinBuild.160101.0800)</Data><Data Name='Description'>Management Infrastructure</Data><Data Name='Product'>Microsoft Windows Operating System</Data><Data Name='Company'>Microsoft Corporation</Data><Data Name='OriginalFileName'>miutils.dll</Data><Data Name='Hashes'>MD5=EF93553049A0DC9619315EDECD96A3C8,SHA256=E8E6F028995645125D7C4B2678018E3600D392DDE6BA2627A0560999209A7E96</Data><Data Name='Signed'>true</Data><Data Name='Signature'>Microsoft Windows</Data><Data Name='SignatureStatus'>Valid</Data><Data Name='User'>EXAMPLE\\Administrator</Data></EventData></Event>
<Event xmlns='http://schemas.microsoft.com/win/2004/08/events/event'><System><Provider Name='Microsoft-Windows-Sysmon' Guid='{5770385f-c22a-43e0-bf4c-06f5698ffbd9}'/><EventID>7</EventID><Version>3</Version><Level>4</Level><Task>7</Task><Opcode>0</Opcode><Keywords>0x8000000000000000</Keywords><TimeCreated SystemTime='2023-03-18T02:00:27.300248900Z'/><EventRecordID>1879545</EventRecordID><Correlation/><Execution ProcessID='2104' ThreadID='6340'/><Channel>Microsoft-Windows-Sysmon/Operational</Channel><Computer>winser-dc-xdr.example.com</Computer><Security UserID='S-1-5-18'/></System><EventData><Data Name='RuleName'>-</Data><Data Name='UtcTime'>2023-03-18 02:00:27.285</Data><Data Name='ProcessGuid'>{e91642e8-1b3b-6415-6f30-020000000700}</Data><Data Name='ProcessId'>8596</Data><Data Name='Image'>C:\\Windows\\System32\\Configure-SMRemoting.exe</Data><Data Name='ImageLoaded'>C:\\Windows\\System32\\mi.dll</Data><Data Name='FileVersion'>10.0.17763.1 (WinBuild.160101.0800)</Data><Data Name='Description'>Management Infrastructure</Data><Data Name='Product'>Microsoft Windows Operating System</Data><Data Name='Company'>Microsoft Corporation</Data><Data Name='OriginalFileName'>mi.dll</Data><Data Name='Hashes'>MD5=A6ABB00431242A35EA866A182C33B0B0,SHA256=9AC9D0109E57D9307A64DE09143A49DCD15E066D8018DCDCDF0806C8C2B04C14</Data><Data Name='Signed'>true</Data><Data Name='Signature'>Microsoft Windows</Data><Data Name='SignatureStatus'>Valid</Data><Data Name='User'>EXAMPLE\\Administrator</Data></EventData></Event>
<Event xmlns='http://schemas.microsoft.com/win/2004/08/events/event'><System><Provider Name='Microsoft-Windows-Sysmon' Guid='{5770385f-c22a-43e0-bf4c-06f5698ffbd9}'/><EventID>7</EventID><Version>3</Version><Level>4</Level><Task>7</Task><Opcode>0</Opcode><Keywords>0x8000000000000000</Keywords><TimeCreated SystemTime='2023-03-18T02:00:27.297667300Z'/><EventRecordID>1879543</EventRecordID><Correlation/><Execution ProcessID='2104' ThreadID='6340'/><Channel>Microsoft-Windows-Sysmon/Operational</Channel><Computer>winser-dc-xdr.example.com</Computer><Security UserID='S-1-5-18'/></System><EventData><Data Name='RuleName'>-</Data><Data Name='UtcTime'>2023-03-18 02:00:27.285</Data><Data Name='ProcessGuid'>{e91642e8-1b3b-6415-6f30-020000000700}</Data><Data Name='ProcessId'>8596</Data><Data Name='Image'>C:\\Windows\\System32\\Configure-SMRemoting.exe</Data><Data Name='ImageLoaded'>C:\\Windows\\System32\\WsmSvc.dll</Data><Data Name='FileVersion'>10.0.17763.3113 (WinBuild.160101.0800)</Data><Data Name='Description'>WSMan Service</Data><Data Name='Product'>Microsoft Windows Operating System</Data><Data Name='Company'>Microsoft Corporation</Data><Data Name='OriginalFileName'>WsmSvc.dll</Data><Data Name='Hashes'>MD5=67F417B07DE21BB313CC057176B3BA1E,SHA256=812CF8A1C82B6166DD34A4D9372A975E99B9327B52702E80C8CE16324AA70AD1</Data><Data Name='Signed'>true</Data><Data Name='Signature'>Microsoft Windows</Data><Data Name='SignatureStatus'>Valid</Data><Data Name='User'>EXAMPLE\\Administrator</Data></EventData></Event>
<Event xmlns='http://schemas.microsoft.com/win/2004/08/events/event'><System><Provider Name='Microsoft-Windows-Sysmon' Guid='{5770385f-c22a-43e0-bf4c-06f5698ffbd9}'/><EventID>18</EventID><Version>1</Version><Level>4</Level><Task>18</Task><Opcode>0</Opcode><Keywords>0x8000000000000000</Keywords><TimeCreated SystemTime='2023-03-18T02:00:27.303972000Z'/><EventRecordID>1879546</EventRecordID><Correlation/><Execution ProcessID='2104' ThreadID='6340'/><Channel>Microsoft-Windows-Sysmon/Operational</Channel><Computer>winser-dc-xdr.example.com</Computer><Security UserID='S-1-5-18'/></System><EventData><Data Name='RuleName'>-</Data><Data Name='EventType'>ConnectPipe</Data><Data Name='UtcTime'>2023-03-18 02:00:27.300</Data><Data Name='ProcessGuid'>{e91642e8-1b3b-6415-6f30-020000000700}</Data><Data Name='ProcessId'>8596</Data><Data Name='PipeName'>\\lsass</Data><Data Name='Image'>C:\\Windows\\system32\\Configure-SMRemoting.exe</Data><Data Name='User'>EXAMPLE\\Administrator</Data></EventData></Event>
<Event xmlns='http://schemas.microsoft.com/win/2004/08/events/event'><System><Provider Name='Microsoft-Windows-Sysmon' Guid='{5770385f-c22a-43e0-bf4c-06f5698ffbd9}'/><EventID>7</EventID><Version>3</Version><Level>4</Level><Task>7</Task><Opcode>0</Opcode><Keywords>0x8000000000000000</Keywords><TimeCreated SystemTime='2023-03-18T02:00:27.299390300Z'/><EventRecordID>1879544</EventRecordID><Correlation/><Execution ProcessID='2104' ThreadID='6340'/><Channel>Microsoft-Windows-Sysmon/Operational</Channel><Computer>winser-dc-xdr.example.com</Computer><Security UserID='S-1-5-18'/></System><EventData><Data Name='RuleName'>-</Data><Data Name='UtcTime'>2023-03-18 02:00:27.285</Data><Data Name='ProcessGuid'>{e91642e8-1b3b-6415-6f30-020000000700}</Data><Data Name='ProcessId'>8596</Data><Data Name='Image'>C:\\Windows\\System32\\Configure-SMRemoting.exe</Data><Data Name='ImageLoaded'>C:\\Windows\\System32\\pcwum.dll</Data><Data Name='FileVersion'>10.0.17763.1 (WinBuild.160101.0800)</Data><Data Name='Description'>Performance Counters for Windows Native DLL</Data><Data Name='Product'>Microsoft Windows Operating System</Data><Data Name='Company'>Microsoft Corporation</Data><Data Name='OriginalFileName'>pcwum.dll</Data><Data Name='Hashes'>MD5=5822E3E103C0B322A0C0446803AC33C1,SHA256=2E6F78C1199521AA87486ED273416572A2D2DA5B2B7FD09A1D86507694BE39C8</Data><Data Name='Signed'>true</Data><Data Name='Signature'>Microsoft Windows</Data><Data Name='SignatureStatus'>Valid</Data><Data Name='User'>EXAMPLE\\Administrator</Data></EventData></Event>
<Event xmlns='http://schemas.microsoft.com/win/2004/08/events/event'><System><Provider Name='Microsoft-Windows-Sysmon' Guid='{5770385f-c22a-43e0-bf4c-06f5698ffbd9}'/><EventID>18</EventID><Version>1</Version><Level>4</Level><Task>18</Task><Opcode>0</Opcode><Keywords>0x8000000000000000</Keywords><TimeCreated SystemTime='2023-03-18T02:00:27.320642300Z'/><EventRecordID>1879547</EventRecordID><Correlation/><Execution ProcessID='2104' ThreadID='6340'/><Channel>Microsoft-Windows-Sysmon/Operational</Channel><Computer>winser-dc-xdr.example.com</Computer><Security UserID='S-1-5-18'/></System><EventData><Data Name='RuleName'>-</Data><Data Name='EventType'>ConnectPipe</Data><Data Name='UtcTime'>2023-03-18 02:00:27.300</Data><Data Name='ProcessGuid'>{e91642e8-1b3b-6415-6f30-020000000700}</Data><Data Name='ProcessId'>8596</Data><Data Name='PipeName'>\\wkssvc</Data><Data Name='Image'>C:\\Windows\\system32\\Configure-SMRemoting.exe</Data><Data Name='User'>EXAMPLE\\Administrator</Data></EventData></Event>
<Event xmlns='http://schemas.microsoft.com/win/2004/08/events/event'><System><Provider Name='Microsoft-Windows-Security-Auditing' Guid='{54849625-5478-4994-a5ba-3e3b0328c30d}'/><EventID>4663</EventID><Version>1</Version><Level>0</Level><Task>12801</Task><Opcode>0</Opcode><Keywords>0x8020000000000000</Keywords><TimeCreated SystemTime='2023-03-18T02:00:27.368473600Z'/><EventRecordID>1867149</EventRecordID><Correlation/><Execution ProcessID='4' ThreadID='8952'/><Channel>Security</Channel><Computer>winser-dc-xdr.example.com</Computer><Security/></System><EventData><Data Name='SubjectUserSid'>S-1-5-18</Data><Data Name='SubjectUserName'>WINSER-DC-XDR$</Data><Data Name='SubjectDomainName'>EXAMPLE</Data><Data Name='SubjectLogonId'>0x3e7</Data><Data Name='ObjectServer'>Security</Data><Data Name='ObjectType'>Key</Data><Data Name='ObjectName'>\\REGISTRY\\MACHINE\\SAM\\SAM\\Domains\\Account\\Users\\000001F4</Data><Data Name='HandleId'>0x2710</Data><Data Name='AccessList'>%%4432 </Data><Data Name='AccessMask'>0x1</Data><Data Name='ProcessId'>0x2d4</Data><Data Name='ProcessName'>C:\\Windows\\System32\\lsass.exe</Data><Data Name='ResourceAttributes'>-</Data></EventData></Event>
<Event xmlns='http://schemas.microsoft.com/win/2004/08/events/event'><System><Provider Name='Microsoft-Windows-Sysmon' Guid='{5770385f-c22a-43e0-bf4c-06f5698ffbd9}'/><EventID>7</EventID><Version>3</Version><Level>4</Level><Task>7</Task><Opcode>0</Opcode><Keywords>0x8000000000000000</Keywords><TimeCreated SystemTime='2023-03-18T02:00:27.342827200Z'/><EventRecordID>1879549</EventRecordID><Correlation/><Execution ProcessID='2104' ThreadID='6340'/><Channel>Microsoft-Windows-Sysmon/Operational</Channel><Computer>winser-dc-xdr.example.com</Computer><Security UserID='S-1-5-18'/></System><EventData><Data Name='RuleName'>-</Data><Data Name='UtcTime'>2023-03-18 02:00:27.331</Data><Data Name='ProcessGuid'>{e91642e8-1b3b-6415-6f30-020000000700}</Data><Data Name='ProcessId'>8596</Data><Data Name='Image'>C:\\Windows\\System32\\Configure-SMRemoting.exe</Data><Data Name='ImageLoaded'>C:\\Windows\\System32\\webio.dll</Data><Data Name='FileVersion'>10.0.17763.3469 (WinBuild.160101.0800)</Data><Data Name='Description'>Web Transfer Protocols API</Data><Data Name='Product'>Microsoft Windows Operating System</Data><Data Name='Company'>Microsoft Corporation</Data><Data Name='OriginalFileName'>webio.dll</Data><Data Name='Hashes'>MD5=82B4EE22ACB284D5337CB93F1FD7A8C3,SHA256=F9D9C21A6471D6BF840BCDAD96A3DCBE794D6C35C5EAE47EAF636DB497F199E4</Data><Data Name='Signed'>true</Data><Data Name='Signature'>Microsoft Windows</Data><Data Name='SignatureStatus'>Valid</Data><Data Name='User'>EXAMPLE\\Administrator</Data></EventData></Event>
<Event xmlns='http://schemas.microsoft.com/win/2004/08/events/event'><System><Provider Name='Microsoft-Windows-Security-Auditing' Guid='{54849625-5478-4994-a5ba-3e3b0328c30d}'/><EventID>4663</EventID><Version>1</Version><Level>0</Level><Task>12801</Task><Opcode>0</Opcode><Keywords>0x8020000000000000</Keywords><TimeCreated SystemTime='2023-03-18T02:00:27.368595500Z'/><EventRecordID>1867150</EventRecordID><Correlation/><Execution ProcessID='4' ThreadID='8952'/><Channel>Security</Channel><Computer>winser-dc-xdr.example.com</Computer><Security/></System><EventData><Data Name='SubjectUserSid'>S-1-5-18</Data><Data Name='SubjectUserName'>WINSER-DC-XDR$</Data><Data Name='SubjectDomainName'>EXAMPLE</Data><Data Name='SubjectLogonId'>0x3e7</Data><Data Name='ObjectServer'>Security</Data><Data Name='ObjectType'>Key</Data><Data Name='ObjectName'>\\REGISTRY\\MACHINE\\SAM\\SAM\\Domains\\Account\\Users\\000001F5</Data><Data Name='HandleId'>0x2710</Data><Data Name='AccessList'>%%4432 </Data><Data Name='AccessMask'>0x1</Data><Data Name='ProcessId'>0x2d4</Data><Data Name='ProcessName'>C:\\Windows\\System32\\lsass.exe</Data><Data Name='ResourceAttributes'>-</Data></EventData></Event>
<Event xmlns='http://schemas.microsoft.com/win/2004/08/events/event'><System><Provider Name='Microsoft-Windows-Sysmon' Guid='{5770385f-c22a-43e0-bf4c-06f5698ffbd9}'/><EventID>7</EventID><Version>3</Version><Level>4</Level><Task>7</Task><Opcode>0</Opcode><Keywords>0x8000000000000000</Keywords><TimeCreated SystemTime='2023-03-18T02:00:27.331242100Z'/><EventRecordID>1879548</EventRecordID><Correlation/><Execution ProcessID='2104' ThreadID='6340'/><Channel>Microsoft-Windows-Sysmon/Operational</Channel><Computer>winser-dc-xdr.example.com</Computer><Security UserID='S-1-5-18'/></System><EventData><Data Name='RuleName'>-</Data><Data Name='UtcTime'>2023-03-18 02:00:27.316</Data><Data Name='ProcessGuid'>{e91642e8-1b3b-6415-6f30-020000000700}</Data><Data Name='ProcessId'>8596</Data><Data Name='Image'>C:\\Windows\\System32\\Configure-SMRemoting.exe</Data><Data Name='ImageLoaded'>C:\\Windows\\System32\\ws2_32.dll</Data><Data Name='FileVersion'>10.0.17763.2028 (WinBuild.160101.0800)</Data><Data Name='Description'>Windows Socket 2.0 32-Bit DLL</Data><Data Name='Product'>Microsoft Windows Operating System</Data><Data Name='Company'>Microsoft Corporation</Data><Data Name='OriginalFileName'>ws2_32.dll</Data><Data Name='Hashes'>MD5=464DE82E2B728C26AB939314C5B7AB6E,SHA256=2C5047E0B7DAA607AA3971BD8C3E983297CEDE9C29DACF9C723BC253E288CED4</Data><Data Name='Signed'>true</Data><Data Name='Signature'>Microsoft Windows</Data><Data Name='SignatureStatus'>Valid</Data><Data Name='User'>EXAMPLE\\Administrator</Data></EventData></Event>
<Event xmlns='http://schemas.microsoft.com/win/2004/08/events/event'><System><Provider Name='Microsoft-Windows-Security-Auditing' Guid='{54849625-5478-4994-a5ba-3e3b0328c30d}'/><EventID>4663</EventID><Version>1</Version><Level>0</Level><Task>12801</Task><Opcode>0</Opcode><Keywords>0x8020000000000000</Keywords><TimeCreated SystemTime='2023-03-18T02:00:27.368690000Z'/><EventRecordID>1867151</EventRecordID><Correlation/><Execution ProcessID='4' ThreadID='8952'/><Channel>Security</Channel><Computer>winser-dc-xdr.example.com</Computer><Security/></System><EventData><Data Name='SubjectUserSid'>S-1-5-18</Data><Data Name='SubjectUserName'>WINSER-DC-XDR$</Data><Data Name='SubjectDomainName'>EXAMPLE</Data><Data Name='SubjectLogonId'>0x3e7</Data><Data Name='ObjectServer'>Security</Data><Data Name='ObjectType'>Key</Data><Data Name='ObjectName'>\\REGISTRY\\MACHINE\\SAM\\SAM\\Domains\\Account\\Users\\000001F7</Data><Data Name='HandleId'>0x2710</Data><Data Name='AccessList'>%%4432 </Data><Data Name='AccessMask'>0x1</Data><Data Name='ProcessId'>0x2d4</Data><Data Name='ProcessName'>C:\\Windows\\System32\\lsass.exe</Data><Data Name='ResourceAttributes'>-</Data></EventData></Event>
<Event xmlns='http://schemas.microsoft.com/win/2004/08/events/event'><System><Provider Name='Microsoft-Windows-Security-Auditing' Guid='{54849625-5478-4994-a5ba-3e3b0328c30d}'/><EventID>4663</EventID><Version>1</Version><Level>0</Level><Task>12801</Task><Opcode>0</Opcode><Keywords>0x8020000000000000</Keywords><TimeCreated SystemTime='2023-03-18T02:00:27.368781600Z'/><EventRecordID>1867152</EventRecordID><Correlation/><Execution ProcessID='4' ThreadID='8952'/><Channel>Security</Channel><Computer>winser-dc-xdr.example.com</Computer><Security/></System><EventData><Data Name='SubjectUserSid'>S-1-5-18</Data><Data Name='SubjectUserName'>WINSER-DC-XDR$</Data><Data Name='SubjectDomainName'>EXAMPLE</Data><Data Name='SubjectLogonId'>0x3e7</Data><Data Name='ObjectServer'>Security</Data><Data Name='ObjectType'>Key</Data><Data Name='ObjectName'>\\REGISTRY\\MACHINE\\SAM\\SAM\\Domains\\Account\\Users\\000001F8</Data><Data Name='HandleId'>0x2710</Data><Data Name='AccessList'>%%4432 </Data><Data Name='AccessMask'>0x1</Data><Data Name='ProcessId'>0x2d4</Data><Data Name='ProcessName'>C:\\Windows\\System32\\lsass.exe</Data><Data Name='ResourceAttributes'>-</Data></EventData></Event>
<Event xmlns='http://schemas.microsoft.com/win/2004/08/events/event'><System><Provider Name='Microsoft-Windows-Sysmon' Guid='{5770385f-c22a-43e0-bf4c-06f5698ffbd9}'/><EventID>7</EventID><Version>3</Version><Level>4</Level><Task>7</Task><Opcode>0</Opcode><Keywords>0x8000000000000000</Keywords><TimeCreated SystemTime='2023-03-18T02:00:27.376091100Z'/><EventRecordID>1879550</EventRecordID><Correlation/><Execution ProcessID='2104' ThreadID='6340'/><Channel>Microsoft-Windows-Sysmon/Operational</Channel><Computer>winser-dc-xdr.example.com</Computer><Security UserID='S-1-5-18'/></System><EventData><Data Name='RuleName'>-</Data><Data Name='UtcTime'>2023-03-18 02:00:27.363</Data><Data Name='ProcessGuid'>{e91642e8-1b3b-6415-6f30-020000000700}</Data><Data Name='ProcessId'>8596</Data><Data Name='Image'>C:\\Windows\\System32\\Configure-SMRemoting.exe</Data><Data Name='ImageLoaded'>C:\\Windows\\System32\\msv1_0.dll</Data><Data Name='FileVersion'>10.0.17763.3287 (WinBuild.160101.0800)</Data><Data Name='Description'>Microsoft Authentication Package v1.0</Data><Data Name='Product'>Microsoft Windows Operating System</Data><Data Name='Company'>Microsoft Corporation</Data><Data Name='OriginalFileName'>MSV1_0.DLL</Data><Data Name='Hashes'>MD5=F4ACBAC5DA929C725D69B915A2848330,SHA256=7B4BEDFD780199B4D29DEBCCFF2DCEB1A71A9769E89144F60E9F361A54B1C0D0</Data><Data Name='Signed'>true</Data><Data Name='Signature'>Microsoft Windows</Data><Data Name='SignatureStatus'>Valid</Data><Data Name='User'>EXAMPLE\\Administrator</Data></EventData></Event>
<Event xmlns='http://schemas.microsoft.com/win/2004/08/events/event'><System><Provider Name='Microsoft-Windows-Sysmon' Guid='{5770385f-c22a-43e0-bf4c-06f5698ffbd9}'/><EventID>7</EventID><Version>3</Version><Level>4</Level><Task>7</Task><Opcode>0</Opcode><Keywords>0x8000000000000000</Keywords><TimeCreated SystemTime='2023-03-18T02:00:27.500226700Z'/><EventRecordID>1879553</EventRecordID><Correlation/><Execution ProcessID='2104' ThreadID='6340'/><Channel>Microsoft-Windows-Sysmon/Operational</Channel><Computer>winser-dc-xdr.example.com</Computer><Security UserID='S-1-5-18'/></System><EventData><Data Name='RuleName'>-</Data><Data Name='UtcTime'>2023-03-18 02:00:27.488</Data><Data Name='ProcessGuid'>{e91642e8-1b3b-6415-7130-020000000700}</Data><Data Name='ProcessId'>5172</Data><Data Name='Image'>C:\\Windows\\System32\\sppsvc.exe</Data><Data Name='ImageLoaded'>C:\\Windows\\System32\\Clipc.dll</Data><Data Name='FileVersion'>10.0.17763.1 (WinBuild.160101.0800)</Data><Data Name='Description'>Client Licensing Platform Client</Data><Data Name='Product'>Microsoft Windows Operating System</Data><Data Name='Company'>Microsoft Corporation</Data><Data Name='OriginalFileName'>ClipC.dll</Data><Data Name='Hashes'>MD5=F2376080917DFE8AA704E8FE60F9F08C,SHA256=650E493BA02DE75C5FC6439D246403E59C5A3B766C648494B211FBD3C45B8613</Data><Data Name='Signed'>true</Data><Data Name='Signature'>Microsoft Windows</Data><Data Name='SignatureStatus'>Valid</Data><Data Name='User'>NT AUTHORITY\\NETWORK SERVICE</Data></EventData></Event>
<Event xmlns='http://schemas.microsoft.com/win/2004/08/events/event'><System><Provider Name='Microsoft-Windows-Sysmon' Guid='{5770385f-c22a-43e0-bf4c-06f5698ffbd9}'/><EventID>7</EventID><Version>3</Version><Level>4</Level><Task>7</Task><Opcode>0</Opcode><Keywords>0x8000000000000000</Keywords><TimeCreated SystemTime='2023-03-18T02:00:27.376808500Z'/><EventRecordID>1879551</EventRecordID><Correlation/><Execution ProcessID='2104' ThreadID='6340'/><Channel>Microsoft-Windows-Sysmon/Operational</Channel><Computer>winser-dc-xdr.example.com</Computer><Security UserID='S-1-5-18'/></System><EventData><Data Name='RuleName'>-</Data><Data Name='UtcTime'>2023-03-18 02:00:27.363</Data><Data Name='ProcessGuid'>{e91642e8-1b3b-6415-6f30-020000000700}</Data><Data Name='ProcessId'>8596</Data><Data Name='Image'>C:\\Windows\\System32\\Configure-SMRemoting.exe</Data><Data Name='ImageLoaded'>C:\\Windows\\System32\\NtlmShared.dll</Data><Data Name='FileVersion'>10.0.17763.3287 (WinBuild.160101.0800)</Data><Data Name='Description'>NTLM Shared Functionality</Data><Data Name='Product'>Microsoft Windows Operating System</Data><Data Name='Company'>Microsoft Corporation</Data><Data Name='OriginalFileName'>NtlmShared.dll</Data><Data Name='Hashes'>MD5=BF507CDD447FAC906BA1115B2399A62A,SHA256=AED2A07F256E9C33795F65B8604353AC34FB57DBF265304DDE0DA434528FBB14</Data><Data Name='Signed'>true</Data><Data Name='Signature'>Microsoft Windows</Data><Data Name='SignatureStatus'>Valid</Data><Data Name='User'>EXAMPLE\\Administrator</Data></EventData></Event>
<Event xmlns='http://schemas.microsoft.com/win/2004/08/events/event'><System><Provider Name='Microsoft-Windows-Sysmon' Guid='{5770385f-c22a-43e0-bf4c-06f5698ffbd9}'/><EventID>7</EventID><Version>3</Version><Level>4</Level><Task>7</Task><Opcode>0</Opcode><Keywords>0x8000000000000000</Keywords><TimeCreated SystemTime='2023-03-18T02:00:27.494085500Z'/><EventRecordID>1879552</EventRecordID><Correlation/><Execution ProcessID='2104' ThreadID='6340'/><Channel>Microsoft-Windows-Sysmon/Operational</Channel><Computer>winser-dc-xdr.example.com</Computer><Security UserID='S-1-5-18'/></System><EventData><Data Name='RuleName'>-</Data><Data Name='UtcTime'>2023-03-18 02:00:27.488</Data><Data Name='ProcessGuid'>{e91642e8-1b3b-6415-7130-020000000700}</Data><Data Name='ProcessId'>5172</Data><Data Name='Image'>C:\\Windows\\System32\\sppsvc.exe</Data><Data Name='ImageLoaded'>C:\\Windows\\System32\\sppwinob.dll</Data><Data Name='FileVersion'>10.0.17763.1518 (WinBuild.160101.0800)</Data><Data Name='Description'>Software Protection Platform Windows Plugin</Data><Data Name='Product'>Microsoft Windows Operating System</Data><Data Name='Company'>Microsoft Corporation</Data><Data Name='OriginalFileName'>sppwinob.dll</Data><Data Name='Hashes'>MD5=E691C6CC74D536C56AF0EF4ECC21B1CD,SHA256=3254D4F62DEE38DA547504088E5D05D20BB61776B50640284F9B540248B311A0</Data><Data Name='Signed'>true</Data><Data Name='Signature'>Microsoft Windows</Data><Data Name='SignatureStatus'>Valid</Data><Data Name='User'>NT AUTHORITY\\NETWORK SERVICE</Data></EventData></Event>
<Event xmlns='http://schemas.microsoft.com/win/2004/08/events/event'><System><Provider Name='Microsoft-Windows-Sysmon' Guid='{5770385f-c22a-43e0-bf4c-06f5698ffbd9}'/><EventID>7</EventID><Version>3</Version><Level>4</Level><Task>7</Task><Opcode>0</Opcode><Keywords>0x8000000000000000</Keywords><TimeCreated SystemTime='2023-03-18T02:00:27.525628400Z'/><EventRecordID>1879554</EventRecordID><Correlation/><Execution ProcessID='2104' ThreadID='6340'/><Channel>Microsoft-Windows-Sysmon/Operational</Channel><Computer>winser-dc-xdr.example.com</Computer><Security UserID='S-1-5-18'/></System><EventData><Data Name='RuleName'>-</Data><Data Name='UtcTime'>2023-03-18 02:00:27.521</Data><Data Name='ProcessGuid'>{e91642e8-1b3b-6415-7130-020000000700}</Data><Data Name='ProcessId'>5172</Data><Data Name='Image'>C:\\Windows\\System32\\sppsvc.exe</Data><Data Name='ImageLoaded'>C:\\Windows\\System32\\sppobjs.dll</Data><Data Name='FileVersion'>10.0.17763.3650 (WinBuild.160101.0800)</Data><Data Name='Description'>Software Protection Platform Plugins</Data><Data Name='Product'>Microsoft Windows Operating System</Data><Data Name='Company'>Microsoft Corporation</Data><Data Name='OriginalFileName'>sppobjs.dll</Data><Data Name='Hashes'>MD5=93F0E5E256E22184AEAAF693ACE38C37,SHA256=F356F6819BCEE82B27674CC8A79BECB66B0CFEF9ACB20C4FC724B8A162F174FE</Data><Data Name='Signed'>true</Data><Data Name='Signature'>Microsoft Windows</Data><Data Name='SignatureStatus'>Valid</Data><Data Name='User'>NT AUTHORITY\\NETWORK SERVICE</Data></EventData></Event>
<Event xmlns='http://schemas.microsoft.com/win/2004/08/events/event'><System><Provider Name='Microsoft-Windows-Sysmon' Guid='{5770385f-c22a-43e0-bf4c-06f5698ffbd9}'/><EventID>7</EventID><Version>3</Version><Level>4</Level><Task>7</Task><Opcode>0</Opcode><Keywords>0x8000000000000000</Keywords><TimeCreated SystemTime='2023-03-18T02:00:28.075518900Z'/><EventRecordID>1879555</EventRecordID><Correlation/><Execution ProcessID='2104' ThreadID='6340'/><Channel>Microsoft-Windows-Sysmon/Operational</Channel><Computer>winser-dc-xdr.example.com</Computer><Security UserID='S-1-5-18'/></System><EventData><Data Name='RuleName'>-</Data><Data Name='UtcTime'>2023-03-18 02:00:28.069</Data><Data Name='ProcessGuid'>{e91642e8-5bb6-63c7-a41e-000000000700}</Data><Data Name='ProcessId'>1916</Data><Data Name='Image'>C:\\Windows\\System32\\svchost.exe</Data><Data Name='ImageLoaded'>C:\\Windows\\System32\\dot3api.dll</Data><Data Name='FileVersion'>10.0.17763.2989 (WinBuild.160101.0800)</Data><Data Name='Description'>802.3 Autoconfiguration API</Data><Data Name='Product'>Microsoft Windows Operating System</Data><Data Name='Company'>Microsoft Corporation</Data><Data Name='OriginalFileName'>dot3api.dll</Data><Data Name='Hashes'>MD5=8E8518F7E4B8BFDFFFC9B37893A3FC6B,SHA256=7330B8D58EDA842658FA8014FA53D090F062A08889BFA3D32690F4083A6667C5</Data><Data Name='Signed'>true</Data><Data Name='Signature'>Microsoft Windows</Data><Data Name='SignatureStatus'>Valid</Data><Data Name='User'>NT AUTHORITY\\SYSTEM</Data></EventData></Event>
<Event xmlns='http://schemas.microsoft.com/win/2004/08/events/event'><System><Provider Name='Microsoft-Windows-Security-Auditing' Guid='{54849625-5478-4994-a5ba-3e3b0328c30d}'/><EventID>5156</EventID><Version>1</Version><Level>0</Level><Task>12810</Task><Opcode>0</Opcode><Keywords>0x8020000000000000</Keywords><TimeCreated SystemTime='2023-03-18T02:01:00.447825400Z'/><EventRecordID>66188637</EventRecordID><Correlation/><Execution ProcessID='4' ThreadID='11140'/><Channel>Security</Channel><Computer>winser-ksc-xdr</Computer><Security/></System><EventData><Data Name='ProcessID'>3028</Data><Data Name='Application'>\\device\\harddiskvolume2\\program files (x86)\\kaspersky lab\\kaspersky security center\\klserver.exe</Data><Data Name='Direction'>%%14593</Data><Data Name='SourceAddress'>10.90.144.7</Data><Data Name='SourcePort'>55041</Data><Data Name='DestAddress'>10.90.144.7</Data><Data Name='DestPort'>1433</Data><Data Name='Protocol'>6</Data><Data Name='FilterRTID'>68368</Data><Data Name='LayerName'>%%14611</Data><Data Name='LayerRTID'>48</Data><Data Name='RemoteUserID'>S-1-0-0</Data><Data Name='RemoteMachineID'>S-1-0-0</Data></EventData></Event>
<Event xmlns='http://schemas.microsoft.com/win/2004/08/events/event'><System><Provider Name='Microsoft-Windows-Security-Auditing' Guid='{54849625-5478-4994-a5ba-3e3b0328c30d}'/><EventID>5156</EventID><Version>1</Version><Level>0</Level><Task>12810</Task><Opcode>0</Opcode><Keywords>0x8020000000000000</Keywords><TimeCreated SystemTime='2023-03-18T02:01:00.498475100Z'/><EventRecordID>66188638</EventRecordID><Correlation/><Execution ProcessID='4' ThreadID='12508'/><Channel>Security</Channel><Computer>winser-ksc-xdr</Computer><Security/></System><EventData><Data Name='ProcessID'>7612</Data><Data Name='Application'>\\device\\harddiskvolume2\\windows\\syswow64\\mmc.exe</Data><Data Name='Direction'>%%14593</Data><Data Name='SourceAddress'>127.0.0.1</Data><Data Name='SourcePort'>50187</Data><Data Name='DestAddress'>127.0.0.1</Data><Data Name='DestPort'>13291</Data><Data Name='Protocol'>6</Data><Data Name='FilterRTID'>68368</Data><Data Name='LayerName'>%%14611</Data><Data Name='LayerRTID'>48</Data><Data Name='RemoteUserID'>S-1-0-0</Data><Data Name='RemoteMachineID'>S-1-0-0</Data></EventData></Event>
<Event xmlns='http://schemas.microsoft.com/win/2004/08/events/event'><System><Provider Name='Microsoft-Windows-Sysmon' Guid='{5770385f-c22a-43e0-bf4c-06f5698ffbd9}'/><EventID>22</EventID><Version>5</Version><Level>4</Level><Task>22</Task><Opcode>0</Opcode><Keywords>0x8000000000000000</Keywords><TimeCreated SystemTime='2023-03-18T02:00:29.400106600Z'/><EventRecordID>1879556</EventRecordID><Correlation/><Execution ProcessID='2104' ThreadID='6652'/><Channel>Microsoft-Windows-Sysmon/Operational</Channel><Computer>winser-dc-xdr.example.com</Computer><Security UserID='S-1-5-18'/></System><EventData><Data Name='RuleName'>-</Data><Data Name='UtcTime'>2023-03-18 00:54:07.084</Data><Data Name='ProcessGuid'>{e91642e8-a8d9-6413-f724-020000000700}</Data><Data Name='ProcessId'>8596</Data><Data Name='QueryName'>localhost</Data><Data Name='QueryStatus'>0</Data><Data Name='QueryResults'>::1;::ffff:127.0.0.1;</Data><Data Name='Image'>C:\\Windows\\System32\\Configure-SMRemoting.exe</Data><Data Name='User'>EXAMPLE\\Administrator</Data></EventData></Event>
