<Event xmlns='http://schemas.microsoft.com/win/2004/08/events/event'><System><Provider Name='Microsoft-Windows-Sysmon' Guid='{5770385f-c22a-43e0-bf4c-06f5698ffbd9}'/><EventID>7</EventID><Version>3</Version><Level>4</Level><Task>7</Task><Opcode>0</Opcode><Keywords>0x8000000000000000</Keywords><TimeCreated SystemTime='2023-03-18T02:00:20.553459900Z'/><EventRecordID>1981041</EventRecordID><Correlation/><Execution ProcessID='3648' ThreadID='4212'/><Channel>Microsoft-Windows-Sysmon/Operational</Channel><Computer>winser-home-2-xdr.example.com</Computer><Security UserID='S-1-5-18'/></System><EventData><Data Name='RuleName'>-</Data><Data Name='UtcTime'>2023-03-18 02:00:20.546</Data><Data Name='ProcessGuid'>{0f3d697e-1b34-6415-268c-010000000900}</Data><Data Name='ProcessId'>9456</Data><Data Name='Image'>C:\\Windows\\System32\\sppsvc.exe</Data><Data Name='ImageLoaded'>C:\\Windows\\System32\\sppobjs.dll</Data><Data Name='FileVersion'>10.0.17763.3770 (WinBuild.160101.0800)</Data><Data Name='Description'>Software Protection Platform Plugins</Data><Data Name='Product'>Microsoft Windows Operating System</Data><Data Name='Company'>Microsoft Corporation</Data><Data Name='OriginalFileName'>sppobjs.dll</Data><Data Name='Hashes'>MD5=5527EB646931E69A67493AD1E411C1C5,SHA256=A7043430F93FE3FEE16D9797150F32E8A27500B44928514398EAA654E5A4C04C</Data><Data Name='Signed'>true</Data><Data Name='Signature'>Microsoft Windows</Data><Data Name='SignatureStatus'>Valid</Data><Data Name='User'>NT AUTHORITY\\NETWORK SERVICE</Data></EventData></Event>
<Event xmlns='http://schemas.microsoft.com/win/2004/08/events/event'><System><Provider Name='Microsoft-Windows-Sysmon' Guid='{5770385f-c22a-43e0-bf4c-06f5698ffbd9}'/><EventID>7</EventID><Version>3</Version><Level>4</Level><Task>7</Task><Opcode>0</Opcode><Keywords>0x8000000000000000</Keywords><TimeCreated SystemTime='2023-03-18T02:00:20.410325600Z'/><EventRecordID>1981038</EventRecordID><Correlation/><Execution ProcessID='3648' ThreadID='4212'/><Channel>Microsoft-Windows-Sysmon/Operational</Channel><Computer>winser-home-2-xdr.example.com</Computer><Security UserID='S-1-5-18'/></System><EventData><Data Name='RuleName'>-</Data><Data Name='UtcTime'>2023-03-18 02:00:20.403</Data><Data Name='ProcessGuid'>{0f3d697e-1b33-6415-258c-010000000900}</Data><Data Name='ProcessId'>12240</Data><Data Name='Image'>C:\\Windows\\System32\\Configure-SMRemoting.exe</Data><Data Name='ImageLoaded'>C:\\Windows\\System32\\NtlmShared.dll</Data><Data Name='FileVersion'>10.0.17763.3287 (WinBuild.160101.0800)</Data><Data Name='Description'>NTLM Shared Functionality</Data><Data Name='Product'>Microsoft Windows Operating System</Data><Data Name='Company'>Microsoft Corporation</Data><Data Name='OriginalFileName'>NtlmShared.dll</Data><Data Name='Hashes'>MD5=BF507CDD447FAC906BA1115B2399A62A,SHA256=AED2A07F256E9C33795F65B8604353AC34FB57DBF265304DDE0DA434528FBB14</Data><Data Name='Signed'>true</Data><Data Name='Signature'>Microsoft Windows</Data><Data Name='SignatureStatus'>Valid</Data><Data Name='User'>WINSER-HOME-2-X\\Administrator</Data></EventData></Event>
<Event xmlns='http://schemas.microsoft.com/win/2004/08/events/event'><System><Provider Name='Microsoft-Windows-Sysmon' Guid='{5770385f-c22a-43e0-bf4c-06f5698ffbd9}'/><EventID>7</EventID><Version>3</Version><Level>4</Level><Task>7</Task><Opcode>0</Opcode><Keywords>0x8000000000000000</Keywords><TimeCreated SystemTime='2023-03-18T02:00:20.519925300Z'/><EventRecordID>1981040</EventRecordID><Correlation/><Execution ProcessID='3648' ThreadID='4212'/><Channel>Microsoft-Windows-Sysmon/Operational</Channel><Computer>winser-home-2-xdr.example.com</Computer><Security UserID='S-1-5-18'/></System><EventData><Data Name='RuleName'>-</Data><Data Name='UtcTime'>2023-03-18 02:00:20.513</Data><Data Name='ProcessGuid'>{0f3d697e-1b34-6415-268c-010000000900}</Data><Data Name='ProcessId'>9456</Data><Data Name='Image'>C:\\Windows\\System32\\sppsvc.exe</Data><Data Name='ImageLoaded'>C:\\Windows\\System32\\Clipc.dll</Data><Data Name='FileVersion'>10.0.17763.1 (WinBuild.160101.0800)</Data><Data Name='Description'>Client Licensing Platform Client</Data><Data Name='Product'>Microsoft Windows Operating System</Data><Data Name='Company'>Microsoft Corporation</Data><Data Name='OriginalFileName'>ClipC.dll</Data><Data Name='Hashes'>MD5=F2376080917DFE8AA704E8FE60F9F08C,SHA256=650E493BA02DE75C5FC6439D246403E59C5A3B766C648494B211FBD3C45B8613</Data><Data Name='Signed'>true</Data><Data Name='Signature'>Microsoft Windows</Data><Data Name='SignatureStatus'>Valid</Data><Data Name='User'>NT AUTHORITY\\NETWORK SERVICE</Data></EventData></Event>
<Event xmlns='http://schemas.microsoft.com/win/2004/08/events/event'><System><Provider Name='Microsoft-Windows-Sysmon' Guid='{5770385f-c22a-43e0-bf4c-06f5698ffbd9}'/><EventID>7</EventID><Version>3</Version><Level>4</Level><Task>7</Task><Opcode>0</Opcode><Keywords>0x8000000000000000</Keywords><TimeCreated SystemTime='2023-03-18T02:00:20.074338700Z'/><EventRecordID>2633728</EventRecordID><Correlation/><Execution ProcessID='3200' ThreadID='3736'/><Channel>Microsoft-Windows-Sysmon/Operational</Channel><Computer>winser-home-1-xdr.example.com</Computer><Security UserID='S-1-5-18'/></System><EventData><Data Name='RuleName'>-</Data><Data Name='UtcTime'>2023-03-18 02:00:20.072</Data><Data Name='ProcessGuid'>{6d2b76d1-1af3-6415-c465-010000000800}</Data><Data Name='ProcessId'>5096</Data><Data Name='Image'>C:\\Windows\\System32\\wbem\\WmiPrvSE.exe</Data><Data Name='ImageLoaded'>C:\\Windows\\System32\\schedcli.dll</Data><Data Name='FileVersion'>10.0.17763.1 (WinBuild.160101.0800)</Data><Data Name='Description'>Scheduler Service Client DLL</Data><Data Name='Product'>Microsoft Windows Operating System</Data><Data Name='Company'>Microsoft Corporation</Data><Data Name='OriginalFileName'>SCHEDCLI.DLL</Data><Data Name='Hashes'>MD5=6DEBEE59947584CFCB818ED7D4017ED8,SHA256=5100EFDACDF9C3F323D9240190E31C4953E7A0440D4EE6385E33DE52467F1396</Data><Data Name='Signed'>true</Data><Data Name='Signature'>Microsoft Windows</Data><Data Name='SignatureStatus'>Valid</Data><Data Name='User'>NT AUTHORITY\\NETWORK SERVICE</Data></EventData></Event>
<Event xmlns='http://schemas.microsoft.com/win/2004/08/events/event'><System><Provider Name='Microsoft-Windows-Sysmon' Guid='{5770385f-c22a-43e0-bf4c-06f5698ffbd9}'/><EventID>10</EventID><Version>3</Version><Level>4</Level><Task>10</Task><Opcode>0</Opcode><Keywords>0x8000000000000000</Keywords><TimeCreated SystemTime='2023-03-18T02:00:19.951459000Z'/><EventRecordID>2633726</EventRecordID><Correlation/><Execution ProcessID='3200' ThreadID='3736'/><Channel>Microsoft-Windows-Sysmon/Operational</Channel><Computer>winser-home-1-xdr.example.com</Computer><Security UserID='S-1-5-18'/></System><EventData><Data Name='RuleName'>access critical process</Data><Data Name='UtcTime'>2023-03-18 02:00:19.946</Data><Data Name='SourceProcessGUID'>{6d2b76d1-00a4-63e4-1200-000000000800}</Data><Data Name='SourceProcessId'>472</Data><Data Name='SourceThreadId'>2404</Data><Data Name='SourceImage'>C:\\Windows\\system32\\svchost.exe</Data><Data Name='TargetProcessGUID'>{6d2b76d1-00a3-63e4-0c00-000000000800}</Data><Data Name='TargetProcessId'>744</Data><Data Name='TargetImage'>C:\\Windows\\system32\\lsass.exe</Data><Data Name='GrantedAccess'>0x1000</Data><Data Name='CallTrace'>C:\\Windows\\SYSTEM32\\ntdll.dll+a0cb4|C:\\Windows\\System32\\KERNELBASE.dll+69895|c:\\windows\\system32\\lsm.dll+f347|c:\\windows\\system32\\lsm.dll+df04|C:\\Windows\\System32\\RPCRT4.dll+78e93|C:\\Windows\\System32\\RPCRT4.dll+d7f9a|C:\\Windows\\System32\\RPCRT4.dll+1a860|C:\\Windows\\System32\\RPCRT4.dll+50e18|C:\\Windows\\System32\\RPCRT4.dll+3b510|C:\\Windows\\System32\\RPCRT4.dll+3aebb|C:\\Windows\\System32\\RPCRT4.dll+2cacf|C:\\Windows\\System32\\RPCRT4.dll+2bf2a|C:\\Windows\\System32\\RPCRT4.dll+2b4f1|C:\\Windows\\System32\\RPCRT4.dll+2af62|C:\\Windows\\System32\\RPCRT4.dll+21925|C:\\Windows\\SYSTEM32\\ntdll.dll+69ca0|C:\\Windows\\SYSTEM32\\ntdll.dll+166e8|C:\\Windows\\System32\\KERNEL32.DLL+17af4|C:\\Windows\\SYSTEM32\\ntdll.dll+5a371</Data><Data Name='SourceUser'>NT AUTHORITY\\SYSTEM</Data><Data Name='TargetUser'>NT AUTHORITY\\SYSTEM</Data></EventData></Event>
<Event xmlns='http://schemas.microsoft.com/win/2004/08/events/event'><System><Provider Name='Microsoft-Windows-Sysmon' Guid='{5770385f-c22a-43e0-bf4c-06f5698ffbd9}'/><EventID>10</EventID><Version>3</Version><Level>4</Level><Task>10</Task><Opcode>0</Opcode><Keywords>0x8000000000000000</Keywords><TimeCreated SystemTime='2023-03-18T02:00:20.101554500Z'/><EventRecordID>2633729</EventRecordID><Correlation/><Execution ProcessID='3200' ThreadID='3736'/><Channel>Microsoft-Windows-Sysmon/Operational</Channel><Computer>winser-home-1-xdr.example.com</Computer><Security UserID='S-1-5-18'/></System><EventData><Data Name='RuleName'>access critical process</Data><Data Name='UtcTime'>2023-03-18 02:00:20.087</Data><Data Name='SourceProcessGUID'>{6d2b76d1-00a4-63e4-1200-000000000800}</Data><Data Name='SourceProcessId'>472</Data><Data Name='SourceThreadId'>2404</Data><Data Name='SourceImage'>C:\\Windows\\system32\\svchost.exe</Data><Data Name='TargetProcessGUID'>{6d2b76d1-00a3-63e4-0c00-000000000800}</Data><Data Name='TargetProcessId'>744</Data><Data Name='TargetImage'>C:\\Windows\\system32\\lsass.exe</Data><Data Name='GrantedAccess'>0x1000</Data><Data Name='CallTrace'>C:\\Windows\\SYSTEM32\\ntdll.dll+a0cb4|C:\\Windows\\System32\\KERNELBASE.dll+69895|c:\\windows\\system32\\lsm.dll+f347|c:\\windows\\system32\\lsm.dll+df04|C:\\Windows\\System32\\RPCRT4.dll+78e93|C:\\Windows\\System32\\RPCRT4.dll+d7f9a|C:\\Windows\\System32\\RPCRT4.dll+1a860|C:\\Windows\\System32\\RPCRT4.dll+50e18|C:\\Windows\\System32\\RPCRT4.dll+3b510|C:\\Windows\\System32\\RPCRT4.dll+3aebb|C:\\Windows\\System32\\RPCRT4.dll+2cacf|C:\\Windows\\System32\\RPCRT4.dll+2bf2a|C:\\Windows\\System32\\RPCRT4.dll+2b4f1|C:\\Windows\\System32\\RPCRT4.dll+2af62|C:\\Windows\\System32\\RPCRT4.dll+21925|C:\\Windows\\SYSTEM32\\ntdll.dll+69ca0|C:\\Windows\\SYSTEM32\\ntdll.dll+166e8|C:\\Windows\\System32\\KERNEL32.DLL+17af4|C:\\Windows\\SYSTEM32\\ntdll.dll+5a371</Data><Data Name='SourceUser'>NT AUTHORITY\\SYSTEM</Data><Data Name='TargetUser'>NT AUTHORITY\\SYSTEM</Data></EventData></Event>
<Event xmlns='http://schemas.microsoft.com/win/2004/08/events/event'><System><Provider Name='Microsoft-Windows-Security-Auditing' Guid='{54849625-5478-4994-a5ba-3e3b0328c30d}'/><EventID>4670</EventID><Version>0</Version><Level>0</Level><Task>13570</Task><Opcode>0</Opcode><Keywords>0x8020000000000000</Keywords><TimeCreated SystemTime='2023-03-18T02:00:19.952365000Z'/><EventRecordID>470652</EventRecordID><Correlation/><Execution ProcessID='4' ThreadID='9288'/><Channel>Security</Channel><Computer>winser-home-1-xdr.example.com</Computer><Security/></System><EventData><Data Name='SubjectUserSid'>S-1-5-18</Data><Data Name='SubjectUserName'>WINSER-HOME-1-X$</Data><Data Name='SubjectDomainName'>EXAMPLE</Data><Data Name='SubjectLogonId'>0x3e7</Data><Data Name='ObjectServer'>Security</Data><Data Name='ObjectType'>Token</Data><Data Name='ObjectName'>-</Data><Data Name='HandleId'>0xa9c</Data><Data Name='OldSd'>D:(A;;GA;;;SY)(A;;GA;;;NS)</Data><Data Name='NewSd'>D:(A;;GA;;;SY)(A;;RC;;;OW)(A;;GA;;;S-1-5-86-615999462-62705297-2911207457-59056572-3668589837)</Data><Data Name='ProcessId'>0x9d0</Data><Data Name='ProcessName'>C:\\Windows\\System32\\svchost.exe</Data></EventData></Event>
<Event xmlns='http://schemas.microsoft.com/win/2004/08/events/event'><System><Provider Name='Microsoft-Windows-Security-Auditing' Guid='{54849625-5478-4994-a5ba-3e3b0328c30d}'/><EventID>4624</EventID><Version>2</Version><Level>0</Level><Task>12544</Task><Opcode>0</Opcode><Keywords>0x8020000000000000</Keywords><TimeCreated SystemTime='2023-03-18T02:00:20.102261700Z'/><EventRecordID>470653</EventRecordID><Correlation ActivityID='{b9060de3-3bf8-0001-240f-06b9f83bd901}'/><Execution ProcessID='744' ThreadID='9144'/><Channel>Security</Channel><Computer>winser-home-1-xdr.example.com</Computer><Security/></System><EventData><Data Name='SubjectUserSid'>S-1-5-18</Data><Data Name='SubjectUserName'>WINSER-HOME-1-X$</Data><Data Name='SubjectDomainName'>EXAMPLE</Data><Data Name='SubjectLogonId'>0x3e7</Data><Data Name='TargetUserSid'>S-1-5-18</Data><Data Name='TargetUserName'>SYSTEM</Data><Data Name='TargetDomainName'>NT AUTHORITY</Data><Data Name='TargetLogonId'>0x3e7</Data><Data Name='LogonType'>5</Data><Data Name='LogonProcessName'>Advapi  </Data><Data Name='AuthenticationPackageName'>Negotiate</Data><Data Name='WorkstationName'>-</Data><Data Name='LogonGuid'>{00000000-0000-0000-0000-000000000000}</Data><Data Name='TransmittedServices'>-</Data><Data Name='LmPackageName'>-</Data><Data Name='KeyLength'>0</Data><Data Name='ProcessId'>0x2e0</Data><Data Name='ProcessName'>C:\\Windows\\System32\\services.exe</Data><Data Name='IpAddress'>-</Data><Data Name='IpPort'>-</Data><Data Name='ImpersonationLevel'>%%1833</Data><Data Name='RestrictedAdminMode'>-</Data><Data Name='TargetOutboundUserName'>-</Data><Data Name='TargetOutboundDomainName'>-</Data><Data Name='VirtualAccount'>%%1843</Data><Data Name='TargetLinkedLogonId'>0x0</Data><Data Name='ElevatedToken'>%%1842</Data></EventData></Event>
<Event xmlns='http://schemas.microsoft.com/win/2004/08/events/event'><System><Provider Name='Microsoft-Windows-Security-Auditing' Guid='{54849625-5478-4994-a5ba-3e3b0328c30d}'/><EventID>4672</EventID><Version>0</Version><Level>0</Level><Task>12548</Task><Opcode>0</Opcode><Keywords>0x8020000000000000</Keywords><TimeCreated SystemTime='2023-03-18T02:00:20.102288400Z'/><EventRecordID>470654</EventRecordID><Correlation ActivityID='{b9060de3-3bf8-0001-240f-06b9f83bd901}'/><Execution ProcessID='744' ThreadID='9144'/><Channel>Security</Channel><Computer>winser-home-1-xdr.example.com</Computer><Security/></System><EventData><Data Name='SubjectUserSid'>S-1-5-18</Data><Data Name='SubjectUserName'>SYSTEM</Data><Data Name='SubjectDomainName'>NT AUTHORITY</Data><Data Name='SubjectLogonId'>0x3e7</Data><Data Name='PrivilegeList'>SeAssignPrimaryTokenPrivilege SeTcbPrivilege SeSecurityPrivilege SeTakeOwnershipPrivilege SeLoadDriverPrivilege SeBackupPrivilege SeRestorePrivilege SeDebugPrivilege SeAuditPrivilege SeSystemEnvironmentPrivilege SeImpersonatePrivilege SeDelegateSessionUserImpersonatePrivilege</Data></EventData></Event>
<Event xmlns='http://schemas.microsoft.com/win/2004/08/events/event'><System><Provider Name='Microsoft-Windows-Sysmon' Guid='{5770385f-c22a-43e0-bf4c-06f5698ffbd9}'/><EventID>10</EventID><Version>3</Version><Level>4</Level><Task>10</Task><Opcode>0</Opcode><Keywords>0x8000000000000000</Keywords><TimeCreated SystemTime='2023-03-18T02:00:19.951629400Z'/><EventRecordID>2633727</EventRecordID><Correlation/><Execution ProcessID='3200' ThreadID='3736'/><Channel>Microsoft-Windows-Sysmon/Operational</Channel><Computer>winser-home-1-xdr.example.com</Computer><Security UserID='S-1-5-18'/></System><EventData><Data Name='RuleName'>access critical process</Data><Data Name='UtcTime'>2023-03-18 02:00:19.946</Data><Data Name='SourceProcessGUID'>{6d2b76d1-00a4-63e4-1200-000000000800}</Data><Data Name='SourceProcessId'>472</Data><Data Name='SourceThreadId'>2404</Data><Data Name='SourceImage'>C:\\Windows\\system32\\svchost.exe</Data><Data Name='TargetProcessGUID'>{6d2b76d1-00a3-63e4-0c00-000000000800}</Data><Data Name='TargetProcessId'>744</Data><Data Name='TargetImage'>C:\\Windows\\system32\\lsass.exe</Data><Data Name='GrantedAccess'>0x1000</Data><Data Name='CallTrace'>C:\\Windows\\SYSTEM32\\ntdll.dll+a0cb4|C:\\Windows\\System32\\KERNELBASE.dll+69895|c:\\windows\\system32\\lsm.dll+e27a|c:\\windows\\system32\\lsm.dll+dff4|C:\\Windows\\System32\\RPCRT4.dll+78e93|C:\\Windows\\System32\\RPCRT4.dll+d7f9a|C:\\Windows\\System32\\RPCRT4.dll+1a860|C:\\Windows\\System32\\RPCRT4.dll+50e18|C:\\Windows\\System32\\RPCRT4.dll+3b510|C:\\Windows\\System32\\RPCRT4.dll+3aebb|C:\\Windows\\System32\\RPCRT4.dll+2cacf|C:\\Windows\\System32\\RPCRT4.dll+2bf2a|C:\\Windows\\System32\\RPCRT4.dll+2b4f1|C:\\Windows\\System32\\RPCRT4.dll+2af62|C:\\Windows\\System32\\RPCRT4.dll+21925|C:\\Windows\\SYSTEM32\\ntdll.dll+69ca0|C:\\Windows\\SYSTEM32\\ntdll.dll+166e8|C:\\Windows\\System32\\KERNEL32.DLL+17af4|C:\\Windows\\SYSTEM32\\ntdll.dll+5a371</Data><Data Name='SourceUser'>NT AUTHORITY\\SYSTEM</Data><Data Name='TargetUser'>NT AUTHORITY\\SYSTEM</Data></EventData></Event>
<Event xmlns='http://schemas.microsoft.com/win/2004/08/events/event'><System><Provider Name='Microsoft-Windows-Security-Auditing' Guid='{54849625-5478-4994-a5ba-3e3b0328c30d}'/><EventID>4688</EventID><Version>2</Version><Level>0</Level><Task>13312</Task><Opcode>0</Opcode><Keywords>0x8020000000000000</Keywords><TimeCreated SystemTime='2023-03-18T02:00:20.109715400Z'/><EventRecordID>470656</EventRecordID><Correlation/><Execution ProcessID='4' ThreadID='9288'/><Channel>Security</Channel><Computer>winser-home-1-xdr.example.com</Computer><Security/></System><EventData><Data Name='SubjectUserSid'>S-1-5-18</Data><Data Name='SubjectUserName'>WINSER-HOME-1-X$</Data><Data Name='SubjectDomainName'>EXAMPLE</Data><Data Name='SubjectLogonId'>0x3e7</Data><Data Name='NewProcessId'>0x2760</Data><Data Name='NewProcessName'>C:\\Windows\\servicing\\TrustedInstaller.exe</Data><Data Name='TokenElevationType'>%%1936</Data><Data Name='ProcessId'>0x2e0</Data><Data Name='CommandLine'>C:\\Windows\\servicing\\TrustedInstaller.exe</Data><Data Name='TargetUserSid'>S-1-0-0</Data><Data Name='TargetUserName'>-</Data><Data Name='TargetDomainName'>-</Data><Data Name='TargetLogonId'>0x0</Data><Data Name='ParentProcessName'>C:\\Windows\\System32\\services.exe</Data><Data Name='MandatoryLabel'>S-1-16-16384</Data></EventData></Event>
<Event xmlns='http://schemas.microsoft.com/win/2004/08/events/event'><System><Provider Name='Microsoft-Windows-Sysmon' Guid='{5770385f-c22a-43e0-bf4c-06f5698ffbd9}'/><EventID>1</EventID><Version>5</Version><Level>4</Level><Task>1</Task><Opcode>0</Opcode><Keywords>0x8000000000000000</Keywords><TimeCreated SystemTime='2023-03-18T02:00:20.153546900Z'/><EventRecordID>2633731</EventRecordID><Correlation/><Execution ProcessID='3200' ThreadID='3736'/><Channel>Microsoft-Windows-Sysmon/Operational</Channel><Computer>winser-home-1-xdr.example.com</Computer><Security UserID='S-1-5-18'/></System><EventData><Data Name='RuleName'>-</Data><Data Name='UtcTime'>2023-03-18 02:00:20.109</Data><Data Name='ProcessGuid'>{6d2b76d1-1b34-6415-c665-010000000800}</Data><Data Name='ProcessId'>10080</Data><Data Name='Image'>C:\\Windows\\servicing\\TrustedInstaller.exe</Data><Data Name='FileVersion'>10.0.17763.1098 (WinBuild.160101.0800)</Data><Data Name='Description'>Windows Modules Installer</Data><Data Name='Product'>Microsoft Windows Operating System</Data><Data Name='Company'>Microsoft Corporation</Data><Data Name='OriginalFileName'>TrustedInstaller.exe</Data><Data Name='CommandLine'>C:\\Windows\\servicing\\TrustedInstaller.exe</Data><Data Name='CurrentDirectory'>C:\\Windows\\system32\\</Data><Data Name='User'>NT AUTHORITY\\SYSTEM</Data><Data Name='LogonGuid'>{6d2b76d1-00a3-63e4-e703-000000000000}</Data><Data Name='LogonId'>0x3e7</Data><Data Name='TerminalSessionId'>0</Data><Data Name='IntegrityLevel'>System</Data><Data Name='Hashes'>MD5=83F09DC8EA0615A80E5204E07001C7FF,SHA256=E9EA26B1F8413C724A0E4CA0533171A60F4E2A1180A48DC1F117BF155BEE831A</Data><Data Name='ParentProcessGuid'>{6d2b76d1-00a3-63e4-0b00-000000000800}</Data><Data Name='ParentProcessId'>736</Data><Data Name='ParentImage'>C:\\Windows\\System32\\services.exe</Data><Data Name='ParentCommandLine'>C:\\Windows\\system32\\services.exe</Data><Data Name='ParentUser'>NT AUTHORITY\\SYSTEM</Data></EventData></Event>
<Event xmlns='http://schemas.microsoft.com/win/2004/08/events/event'><System><Provider Name='Microsoft-Windows-Security-Auditing' Guid='{54849625-5478-4994-a5ba-3e3b0328c30d}'/><EventID>4670</EventID><Version>0</Version><Level>0</Level><Task>13570</Task><Opcode>0</Opcode><Keywords>0x8020000000000000</Keywords><TimeCreated SystemTime='2023-03-18T02:00:20.102435700Z'/><EventRecordID>470655</EventRecordID><Correlation/><Execution ProcessID='4' ThreadID='9288'/><Channel>Security</Channel><Computer>winser-home-1-xdr.example.com</Computer><Security/></System><EventData><Data Name='SubjectUserSid'>S-1-5-18</Data><Data Name='SubjectUserName'>WINSER-HOME-1-X$</Data><Data Name='SubjectDomainName'>EXAMPLE</Data><Data Name='SubjectLogonId'>0x3e7</Data><Data Name='ObjectServer'>Security</Data><Data Name='ObjectType'>Token</Data><Data Name='ObjectName'>-</Data><Data Name='HandleId'>0xc58</Data><Data Name='OldSd'>D:(A;;GA;;;SY)(A;;RCGXGR;;;BA)</Data><Data Name='NewSd'>D:(A;;GA;;;SY)(A;;RC;;;OW)(A;;GA;;;S-1-5-80-956008885-3418522649-1831038044-1853292631-2271478464)</Data><Data Name='ProcessId'>0x2e0</Data><Data Name='ProcessName'>C:\\Windows\\System32\\services.exe</Data></EventData></Event>
<Event xmlns='http://schemas.microsoft.com/win/2004/08/events/event'><System><Provider Name='Microsoft-Windows-Sysmon' Guid='{5770385f-c22a-43e0-bf4c-06f5698ffbd9}'/><EventID>18</EventID><Version>1</Version><Level>4</Level><Task>18</Task><Opcode>0</Opcode><Keywords>0x8000000000000000</Keywords><TimeCreated SystemTime='2023-03-18T02:00:20.191665500Z'/><EventRecordID>2633733</EventRecordID><Correlation/><Execution ProcessID='3200' ThreadID='3736'/><Channel>Microsoft-Windows-Sysmon/Operational</Channel><Computer>winser-home-1-xdr.example.com</Computer><Security UserID='S-1-5-18'/></System><EventData><Data Name='RuleName'>-</Data><Data Name='EventType'>ConnectPipe</Data><Data Name='UtcTime'>2023-03-18 02:00:20.187</Data><Data Name='ProcessGuid'>{6d2b76d1-1b34-6415-c665-010000000800}</Data><Data Name='ProcessId'>10080</Data><Data Name='PipeName'>\\ummon</Data><Data Name='Image'>C:\\Windows\\servicing\\TrustedInstaller.exe</Data><Data Name='User'>NT AUTHORITY\\SYSTEM</Data></EventData></Event>
<Event xmlns='http://schemas.microsoft.com/win/2004/08/events/event'><System><Provider Name='Microsoft-Windows-Sysmon' Guid='{5770385f-c22a-43e0-bf4c-06f5698ffbd9}'/><EventID>10</EventID><Version>3</Version><Level>4</Level><Task>10</Task><Opcode>0</Opcode><Keywords>0x8000000000000000</Keywords><TimeCreated SystemTime='2023-03-18T02:00:20.101669400Z'/><EventRecordID>2633730</EventRecordID><Correlation/><Execution ProcessID='3200' ThreadID='3736'/><Channel>Microsoft-Windows-Sysmon/Operational</Channel><Computer>winser-home-1-xdr.example.com</Computer><Security UserID='S-1-5-18'/></System><EventData><Data Name='RuleName'>access critical process</Data><Data Name='UtcTime'>2023-03-18 02:00:20.087</Data><Data Name='SourceProcessGUID'>{6d2b76d1-00a4-63e4-1200-000000000800}</Data><Data Name='SourceProcessId'>472</Data><Data Name='SourceThreadId'>2404</Data><Data Name='SourceImage'>C:\\Windows\\system32\\svchost.exe</Data><Data Name='TargetProcessGUID'>{6d2b76d1-00a3-63e4-0c00-000000000800}</Data><Data Name='TargetProcessId'>744</Data><Data Name='TargetImage'>C:\\Windows\\system32\\lsass.exe</Data><Data Name='GrantedAccess'>0x1000</Data><Data Name='CallTrace'>C:\\Windows\\SYSTEM32\\ntdll.dll+a0cb4|C:\\Windows\\System32\\KERNELBASE.dll+69895|c:\\windows\\system32\\lsm.dll+e27a|c:\\windows\\system32\\lsm.dll+dff4|C:\\Windows\\System32\\RPCRT4.dll+78e93|C:\\Windows\\System32\\RPCRT4.dll+d7f9a|C:\\Windows\\System32\\RPCRT4.dll+1a860|C:\\Windows\\System32\\RPCRT4.dll+50e18|C:\\Windows\\System32\\RPCRT4.dll+3b510|C:\\Windows\\System32\\RPCRT4.dll+3aebb|C:\\Windows\\System32\\RPCRT4.dll+2cacf|C:\\Windows\\System32\\RPCRT4.dll+2bf2a|C:\\Windows\\System32\\RPCRT4.dll+2b4f1|C:\\Windows\\System32\\RPCRT4.dll+2af62|C:\\Windows\\System32\\RPCRT4.dll+21925|C:\\Windows\\SYSTEM32\\ntdll.dll+69ca0|C:\\Windows\\SYSTEM32\\ntdll.dll+166e8|C:\\Windows\\System32\\KERNEL32.DLL+17af4|C:\\Windows\\SYSTEM32\\ntdll.dll+5a371</Data><Data Name='SourceUser'>NT AUTHORITY\\SYSTEM</Data><Data Name='TargetUser'>NT AUTHORITY\\SYSTEM</Data></EventData></Event>
<Event xmlns='http://schemas.microsoft.com/win/2004/08/events/event'><System><Provider Name='Microsoft-Windows-Sysmon' Guid='{5770385f-c22a-43e0-bf4c-06f5698ffbd9}'/><EventID>7</EventID><Version>3</Version><Level>4</Level><Task>7</Task><Opcode>0</Opcode><Keywords>0x8000000000000000</Keywords><TimeCreated SystemTime='2023-03-18T02:00:20.206354200Z'/><EventRecordID>2633734</EventRecordID><Correlation/><Execution ProcessID='3200' ThreadID='3736'/><Channel>Microsoft-Windows-Sysmon/Operational</Channel><Computer>winser-home-1-xdr.example.com</Computer><Security UserID='S-1-5-18'/></System><EventData><Data Name='RuleName'>-</Data><Data Name='UtcTime'>2023-03-18 02:00:20.204</Data><Data Name='ProcessGuid'>{6d2b76d1-1b34-6415-c665-010000000800}</Data><Data Name='ProcessId'>10080</Data><Data Name='Image'>C:\\Windows\\servicing\\TrustedInstaller.exe</Data><Data Name='ImageLoaded'>C:\\Windows\\System32\\dbgcore.dll</Data><Data Name='FileVersion'>10.0.17763.1728 (WinBuild.160101.0800)</Data><Data Name='Description'>Windows Core Debugging Helpers</Data><Data Name='Product'>Microsoft Windows Operating System</Data><Data Name='Company'>Microsoft Corporation</Data><Data Name='OriginalFileName'>DBGCORE.DLL</Data><Data Name='Hashes'>MD5=08F776FF658A87871C847116650782B1,SHA256=9B3DEAE033498E0B8B7E3CA43E19E8DBCD312A71EC22ADDADEE0B000E256D883</Data><Data Name='Signed'>true</Data><Data Name='Signature'>Microsoft Windows</Data><Data Name='SignatureStatus'>Valid</Data><Data Name='User'>NT AUTHORITY\\SYSTEM</Data></EventData></Event>
<Event xmlns='http://schemas.microsoft.com/win/2004/08/events/event'><System><Provider Name='Microsoft-Windows-Sysmon' Guid='{5770385f-c22a-43e0-bf4c-06f5698ffbd9}'/><EventID>7</EventID><Version>3</Version><Level>4</Level><Task>7</Task><Opcode>0</Opcode><Keywords>0x8000000000000000</Keywords><TimeCreated SystemTime='2023-03-18T02:00:20.164721000Z'/><EventRecordID>2633732</EventRecordID><Correlation/><Execution ProcessID='3200' ThreadID='3736'/><Channel>Microsoft-Windows-Sysmon/Operational</Channel><Computer>winser-home-1-xdr.example.com</Computer><Security UserID='S-1-5-18'/></System><EventData><Data Name='RuleName'>-</Data><Data Name='UtcTime'>2023-03-18 02:00:20.157</Data><Data Name='ProcessGuid'>{6d2b76d1-1b34-6415-c665-010000000800}</Data><Data Name='ProcessId'>10080</Data><Data Name='Image'>C:\\Windows\\servicing\\TrustedInstaller.exe</Data><Data Name='ImageLoaded'>C:\\Windows\\apppatch\\AppPatch64\\ummon.dll</Data><Data Name='FileVersion'>3.14.0.273</Data><Data Name='Description'>Kaspersky Endpoint Agent</Data><Data Name='Product'>Kaspersky Endpoint Agent</Data><Data Name='Company'>AO Kaspersky Lab</Data><Data Name='OriginalFileName'>ummon.dll</Data><Data Name='Hashes'>MD5=1FE006A37C69CBB82DB0D7D618C8F79E,SHA256=1F2E936A57994E16B457F249A64AF4786877F7BEAAB003FB521A20E45031F408</Data><Data Name='Signed'>true</Data><Data Name='Signature'>AO Kaspersky Lab</Data><Data Name='SignatureStatus'>Valid</Data><Data Name='User'>NT AUTHORITY\\SYSTEM</Data></EventData></Event>
<Event xmlns='http://schemas.microsoft.com/win/2004/08/events/event'><System><Provider Name='Microsoft-Windows-Security-Auditing' Guid='{54849625-5478-4994-a5ba-3e3b0328c30d}'/><EventID>4688</EventID><Version>2</Version><Level>0</Level><Task>13312</Task><Opcode>0</Opcode><Keywords>0x8020000000000000</Keywords><TimeCreated SystemTime='2023-03-18T02:00:20.249441900Z'/><EventRecordID>470657</EventRecordID><Correlation/><Execution ProcessID='4' ThreadID='9288'/><Channel>Security</Channel><Computer>winser-home-1-xdr.example.com</Computer><Security/></System><EventData><Data Name='SubjectUserSid'>S-1-5-18</Data><Data Name='SubjectUserName'>WINSER-HOME-1-X$</Data><Data Name='SubjectDomainName'>EXAMPLE</Data><Data Name='SubjectLogonId'>0x3e7</Data><Data Name='NewProcessId'>0x1e5c</Data><Data Name='NewProcessName'>C:\\Windows\\WinSxS\\amd64_microsoft-windows-servicingstack_31bf3856ad364e35_10.0.17763.3641_none_56cfe33d992f2729\\TiWorker.exe</Data><Data Name='TokenElevationType'>%%1936</Data><Data Name='ProcessId'>0x3bc</Data><Data Name='CommandLine'>C:\\Windows\\winsxs\\amd64_microsoft-windows-servicingstack_31bf3856ad364e35_10.0.17763.3641_none_56cfe33d992f2729\\TiWorker.exe -Embedding</Data><Data Name='TargetUserSid'>S-1-0-0</Data><Data Name='TargetUserName'>-</Data><Data Name='TargetDomainName'>-</Data><Data Name='TargetLogonId'>0x0</Data><Data Name='ParentProcessName'>C:\\Windows\\System32\\svchost.exe</Data><Data Name='MandatoryLabel'>S-1-16-16384</Data></EventData></Event>
<Event xmlns='http://schemas.microsoft.com/win/2004/08/events/event'><System><Provider Name='Microsoft-Windows-Sysmon' Guid='{5770385f-c22a-43e0-bf4c-06f5698ffbd9}'/><EventID>1</EventID><Version>5</Version><Level>4</Level><Task>1</Task><Opcode>0</Opcode><Keywords>0x8000000000000000</Keywords><TimeCreated SystemTime='2023-03-18T02:00:20.282124400Z'/><EventRecordID>2633736</EventRecordID><Correlation/><Execution ProcessID='3200' ThreadID='3736'/><Channel>Microsoft-Windows-Sysmon/Operational</Channel><Computer>winser-home-1-xdr.example.com</Computer><Security UserID='S-1-5-18'/></System><EventData><Data Name='RuleName'>-</Data><Data Name='UtcTime'>2023-03-18 02:00:20.249</Data><Data Name='ProcessGuid'>{6d2b76d1-1b34-6415-c765-010000000800}</Data><Data Name='ProcessId'>7772</Data><Data Name='Image'>C:\\Windows\\WinSxS\\amd64_microsoft-windows-servicingstack_31bf3856ad364e35_10.0.17763.3641_none_56cfe33d992f2729\\TiWorker.exe</Data><Data Name='FileVersion'>10.0.17763.3641 (WinBuild.160101.0800)</Data><Data Name='Description'>Windows Modules Installer Worker</Data><Data Name='Product'>Microsoft Windows Operating System</Data><Data Name='Company'>Microsoft Corporation</Data><Data Name='OriginalFileName'>TiWorker.exe</Data><Data Name='CommandLine'>C:\\Windows\\winsxs\\amd64_microsoft-windows-servicingstack_31bf3856ad364e35_10.0.17763.3641_none_56cfe33d992f2729\\TiWorker.exe -Embedding</Data><Data Name='CurrentDirectory'>C:\\Windows\\system32\\</Data><Data Name='User'>NT AUTHORITY\\SYSTEM</Data><Data Name='LogonGuid'>{6d2b76d1-00a3-63e4-e703-000000000000}</Data><Data Name='LogonId'>0x3e7</Data><Data Name='TerminalSessionId'>0</Data><Data Name='IntegrityLevel'>System</Data><Data Name='Hashes'>MD5=AEE5959D29902A39ABFFCED04CCC4A6C,SHA256=2463C5CBF0B117514F38DC3AB93DFC4C2A30EF957017E7FF97D0917CABA36AB9</Data><Data Name='ParentProcessGuid'>{6d2b76d1-00a4-63e4-1000-000000000800}</Data><Data Name='ParentProcessId'>956</Data><Data Name='ParentImage'>C:\\Windows\\System32\\svchost.exe</Data><Data Name='ParentCommandLine'>C:\\Windows\\system32\\svchost.exe -k DcomLaunch -p</Data><Data Name='ParentUser'>NT AUTHORITY\\SYSTEM</Data></EventData></Event>
<Event xmlns='http://schemas.microsoft.com/win/2004/08/events/event'><System><Provider Name='Microsoft-Windows-Sysmon' Guid='{5770385f-c22a-43e0-bf4c-06f5698ffbd9}'/><EventID>12</EventID><Version>2</Version><Level>4</Level><Task>12</Task><Opcode>0</Opcode><Keywords>0x8000000000000000</Keywords><TimeCreated SystemTime='2023-03-18T02:00:20.210847800Z'/><EventRecordID>2633735</EventRecordID><Correlation/><Execution ProcessID='3200' ThreadID='3736'/><Channel>Microsoft-Windows-Sysmon/Operational</Channel><Computer>winser-home-1-xdr.example.com</Computer><Security UserID='S-1-5-18'/></System><EventData><Data Name='RuleName'>-</Data><Data Name='EventType'>CreateKey</Data><Data Name='UtcTime'>2023-03-18 02:00:20.204</Data><Data Name='ProcessGuid'>{6d2b76d1-1b34-6415-c665-010000000800}</Data><Data Name='ProcessId'>10080</Data><Data Name='Image'>C:\\Windows\\servicing\\TrustedInstaller.exe</Data><Data Name='TargetObject'>HKLM\\SOFTWARE\\Microsoft\\Windows\\CurrentVersion\\Component Based Servicing\\TiRunning</Data><Data Name='User'>NT AUTHORITY\\SYSTEM</Data></EventData></Event>
<Event xmlns='http://schemas.microsoft.com/win/2004/08/events/event'><System><Provider Name='Microsoft-Windows-Sysmon' Guid='{5770385f-c22a-43e0-bf4c-06f5698ffbd9}'/><EventID>18</EventID><Version>1</Version><Level>4</Level><Task>18</Task><Opcode>0</Opcode><Keywords>0x8000000000000000</Keywords><TimeCreated SystemTime='2023-03-18T02:00:20.322641000Z'/><EventRecordID>2633738</EventRecordID><Correlation/><Execution ProcessID='3200' ThreadID='3736'/><Channel>Microsoft-Windows-Sysmon/Operational</Channel><Computer>winser-home-1-xdr.example.com</Computer><Security UserID='S-1-5-18'/></System><EventData><Data Name='RuleName'>-</Data><Data Name='EventType'>ConnectPipe</Data><Data Name='UtcTime'>2023-03-18 02:00:20.312</Data><Data Name='ProcessGuid'>{6d2b76d1-1b34-6415-c765-010000000800}</Data><Data Name='ProcessId'>7772</Data><Data Name='PipeName'>\\ummon</Data><Data Name='Image'>C:\\Windows\\winsxs\\amd64_microsoft-windows-servicingstack_31bf3856ad364e35_10.0.17763.3641_none_56cfe33d992f2729\\TiWorker.exe</Data><Data Name='User'>NT AUTHORITY\\SYSTEM</Data></EventData></Event>
<Event xmlns='http://schemas.microsoft.com/win/2004/08/events/event'><System><Provider Name='Microsoft-Windows-Sysmon' Guid='{5770385f-c22a-43e0-bf4c-06f5698ffbd9}'/><EventID>7</EventID><Version>3</Version><Level>4</Level><Task>7</Task><Opcode>0</Opcode><Keywords>0x8000000000000000</Keywords><TimeCreated SystemTime='2023-03-18T02:00:20.333417200Z'/><EventRecordID>2633739</EventRecordID><Correlation/><Execution ProcessID='3200' ThreadID='3736'/><Channel>Microsoft-Windows-Sysmon/Operational</Channel><Computer>winser-home-1-xdr.example.com</Computer><Security UserID='S-1-5-18'/></System><EventData><Data Name='RuleName'>-</Data><Data Name='UtcTime'>2023-03-18 02:00:20.328</Data><Data Name='ProcessGuid'>{6d2b76d1-1b34-6415-c765-010000000800}</Data><Data Name='ProcessId'>7772</Data><Data Name='Image'>C:\\Windows\\WinSxS\\amd64_microsoft-windows-servicingstack_31bf3856ad364e35_10.0.17763.3641_none_56cfe33d992f2729\\TiWorker.exe</Data><Data Name='ImageLoaded'>C:\\Windows\\System32\\dbgcore.dll</Data><Data Name='FileVersion'>10.0.17763.1728 (WinBuild.160101.0800)</Data><Data Name='Description'>Windows Core Debugging Helpers</Data><Data Name='Product'>Microsoft Windows Operating System</Data><Data Name='Company'>Microsoft Corporation</Data><Data Name='OriginalFileName'>DBGCORE.DLL</Data><Data Name='Hashes'>MD5=08F776FF658A87871C847116650782B1,SHA256=9B3DEAE033498E0B8B7E3CA43E19E8DBCD312A71EC22ADDADEE0B000E256D883</Data><Data Name='Signed'>true</Data><Data Name='Signature'>Microsoft Windows</Data><Data Name='SignatureStatus'>Valid</Data><Data Name='User'>NT AUTHORITY\\SYSTEM</Data></EventData></Event>
<Event xmlns='http://schemas.microsoft.com/win/2004/08/events/event'><System><Provider Name='Microsoft-Windows-Sysmon' Guid='{5770385f-c22a-43e0-bf4c-06f5698ffbd9}'/><EventID>7</EventID><Version>3</Version><Level>4</Level><Task>7</Task><Opcode>0</Opcode><Keywords>0x8000000000000000</Keywords><TimeCreated SystemTime='2023-03-18T02:00:20.293129700Z'/><EventRecordID>2633737</EventRecordID><Correlation/><Execution ProcessID='3200' ThreadID='3736'/><Channel>Microsoft-Windows-Sysmon/Operational</Channel><Computer>winser-home-1-xdr.example.com</Computer><Security UserID='S-1-5-18'/></System><EventData><Data Name='RuleName'>-</Data><Data Name='UtcTime'>2023-03-18 02:00:20.281</Data><Data Name='ProcessGuid'>{6d2b76d1-1b34-6415-c765-010000000800}</Data><Data Name='ProcessId'>7772</Data><Data Name='Image'>C:\\Windows\\WinSxS\\amd64_microsoft-windows-servicingstack_31bf3856ad364e35_10.0.17763.3641_none_56cfe33d992f2729\\TiWorker.exe</Data><Data Name='ImageLoaded'>C:\\Windows\\apppatch\\AppPatch64\\ummon.dll</Data><Data Name='FileVersion'>3.14.0.273</Data><Data Name='Description'>Kaspersky Endpoint Agent</Data><Data Name='Product'>Kaspersky Endpoint Agent</Data><Data Name='Company'>AO Kaspersky Lab</Data><Data Name='OriginalFileName'>ummon.dll</Data><Data Name='Hashes'>MD5=1FE006A37C69CBB82DB0D7D618C8F79E,SHA256=1F2E936A57994E16B457F249A64AF4786877F7BEAAB003FB521A20E45031F408</Data><Data Name='Signed'>true</Data><Data Name='Signature'>AO Kaspersky Lab</Data><Data Name='SignatureStatus'>Valid</Data><Data Name='User'>NT AUTHORITY\\SYSTEM</Data></EventData></Event>
<Event xmlns='http://schemas.microsoft.com/win/2004/08/events/event'><System><Provider Name='Microsoft-Windows-Sysmon' Guid='{5770385f-c22a-43e0-bf4c-06f5698ffbd9}'/><EventID>13</EventID><Version>2</Version><Level>4</Level><Task>13</Task><Opcode>0</Opcode><Keywords>0x8000000000000000</Keywords><TimeCreated SystemTime='2023-03-18T02:00:20.387993100Z'/><EventRecordID>2633742</EventRecordID><Correlation/><Execution ProcessID='3200' ThreadID='3736'/><Channel>Microsoft-Windows-Sysmon/Operational</Channel><Computer>winser-home-1-xdr.example.com</Computer><Security UserID='S-1-5-18'/></System><EventData><Data Name='RuleName'>-</Data><Data Name='EventType'>SetValue</Data><Data Name='UtcTime'>2023-03-18 02:00:20.375</Data><Data Name='ProcessGuid'>{6d2b76d1-1b34-6415-c765-010000000800}</Data><Data Name='ProcessId'>7772</Data><Data Name='Image'>C:\\Windows\\winsxs\\amd64_microsoft-windows-servicingstack_31bf3856ad364e35_10.0.17763.3641_none_56cfe33d992f2729\\TiWorker.exe</Data><Data Name='TargetObject'>HKLM\\SOFTWARE\\Microsoft\\Windows\\CurrentVersion\\Component Based Servicing\\SessionIdLow</Data><Data Name='Details'>DWORD (0x64d5d8e0)</Data><Data Name='User'>NT AUTHORITY\\SYSTEM</Data></EventData></Event>
<Event xmlns='http://schemas.microsoft.com/win/2004/08/events/event'><System><Provider Name='Microsoft-Windows-Sysmon' Guid='{5770385f-c22a-43e0-bf4c-06f5698ffbd9}'/><EventID>13</EventID><Version>2</Version><Level>4</Level><Task>13</Task><Opcode>0</Opcode><Keywords>0x8000000000000000</Keywords><TimeCreated SystemTime='2023-03-18T02:00:20.386076500Z'/><EventRecordID>2633741</EventRecordID><Correlation/><Execution ProcessID='3200' ThreadID='3736'/><Channel>Microsoft-Windows-Sysmon/Operational</Channel><Computer>winser-home-1-xdr.example.com</Computer><Security UserID='S-1-5-18'/></System><EventData><Data Name='RuleName'>-</Data><Data Name='EventType'>SetValue</Data><Data Name='UtcTime'>2023-03-18 02:00:20.375</Data><Data Name='ProcessGuid'>{6d2b76d1-1b34-6415-c765-010000000800}</Data><Data Name='ProcessId'>7772</Data><Data Name='Image'>C:\\Windows\\winsxs\\amd64_microsoft-windows-servicingstack_31bf3856ad364e35_10.0.17763.3641_none_56cfe33d992f2729\\TiWorker.exe</Data><Data Name='TargetObject'>HKLM\\SOFTWARE\\Microsoft\\Windows\\CurrentVersion\\Component Based Servicing\\SessionIdHigh</Data><Data Name='Details'>DWORD (0x01d9593d)</Data><Data Name='User'>NT AUTHORITY\\SYSTEM</Data></EventData></Event>
<Event xmlns='http://schemas.microsoft.com/win/2004/08/events/event'><System><Provider Name='Microsoft-Windows-Sysmon' Guid='{5770385f-c22a-43e0-bf4c-06f5698ffbd9}'/><EventID>12</EventID><Version>2</Version><Level>4</Level><Task>12</Task><Opcode>0</Opcode><Keywords>0x8000000000000000</Keywords><TimeCreated SystemTime='2023-03-18T02:00:20.390910400Z'/><EventRecordID>2633743</EventRecordID><Correlation/><Execution ProcessID='3200' ThreadID='3736'/><Channel>Microsoft-Windows-Sysmon/Operational</Channel><Computer>winser-home-1-xdr.example.com</Computer><Security UserID='S-1-5-18'/></System><EventData><Data Name='RuleName'>-</Data><Data Name='EventType'>CreateKey</Data><Data Name='UtcTime'>2023-03-18 02:00:20.375</Data><Data Name='ProcessGuid'>{6d2b76d1-1b34-6415-c765-010000000800}</Data><Data Name='ProcessId'>7772</Data><Data Name='Image'>C:\\Windows\\winsxs\\amd64_microsoft-windows-servicingstack_31bf3856ad364e35_10.0.17763.3641_none_56cfe33d992f2729\\TiWorker.exe</Data><Data Name='TargetObject'>HKLM\\SYSTEM</Data><Data Name='User'>NT AUTHORITY\\SYSTEM</Data></EventData></Event>
<Event xmlns='http://schemas.microsoft.com/win/2004/08/events/event'><System><Provider Name='Microsoft-Windows-Sysmon' Guid='{5770385f-c22a-43e0-bf4c-06f5698ffbd9}'/><EventID>12</EventID><Version>2</Version><Level>4</Level><Task>12</Task><Opcode>0</Opcode><Keywords>0x8000000000000000</Keywords><TimeCreated SystemTime='2023-03-18T02:00:20.391430400Z'/><EventRecordID>2633744</EventRecordID><Correlation/><Execution ProcessID='3200' ThreadID='3736'/><Channel>Microsoft-Windows-Sysmon/Operational</Channel><Computer>winser-home-1-xdr.example.com</Computer><Security UserID='S-1-5-18'/></System><EventData><Data Name='RuleName'>-</Data><Data Name='EventType'>CreateKey</Data><Data Name='UtcTime'>2023-03-18 02:00:20.375</Data><Data Name='ProcessGuid'>{6d2b76d1-1b34-6415-c765-010000000800}</Data><Data Name='ProcessId'>7772</Data><Data Name='Image'>C:\\Windows\\winsxs\\amd64_microsoft-windows-servicingstack_31bf3856ad364e35_10.0.17763.3641_none_56cfe33d992f2729\\TiWorker.exe</Data><Data Name='TargetObject'>HKLM\\SYSTEM</Data><Data Name='User'>NT AUTHORITY\\SYSTEM</Data></EventData></Event>
<Event xmlns='http://schemas.microsoft.com/win/2004/08/events/event'><System><Provider Name='Service Control Manager' Guid='{555908d1-a6d7-4695-8e1e-26931d2012f4}' EventSourceName='Service Control Manager'/><EventID Qualifiers='16384'>7036</EventID><Version>0</Version><Level>4</Level><Task>0</Task><Opcode>0</Opcode><Keywords>0x8080000000000000</Keywords><TimeCreated SystemTime='2023-03-18T02:00:20.219006900Z'/><EventRecordID>142335</EventRecordID><Correlation/><Execution ProcessID='736' ThreadID='7340'/><Channel>System</Channel><Computer>winser-home-1-xdr.example.com</Computer><Security/></System><EventData><Data Name='param1'>Windows Modules Installer</Data><Data Name='param2'>running</Data><Binary>540072007500730074006500640049006E007300740061006C006C00650072002F0034000000</Binary></EventData></Event>
<Event xmlns='http://schemas.microsoft.com/win/2004/08/events/event'><System><Provider Name='Microsoft-Windows-Sysmon' Guid='{5770385f-c22a-43e0-bf4c-06f5698ffbd9}'/><EventID>12</EventID><Version>2</Version><Level>4</Level><Task>12</Task><Opcode>0</Opcode><Keywords>0x8000000000000000</Keywords><TimeCreated SystemTime='2023-03-18T02:00:20.385935900Z'/><EventRecordID>2633740</EventRecordID><Correlation/><Execution ProcessID='3200' ThreadID='3736'/><Channel>Microsoft-Windows-Sysmon/Operational</Channel><Computer>winser-home-1-xdr.example.com</Computer><Security UserID='S-1-5-18'/></System><EventData><Data Name='RuleName'>-</Data><Data Name='EventType'>CreateKey</Data><Data Name='UtcTime'>2023-03-18 02:00:20.375</Data><Data Name='ProcessGuid'>{6d2b76d1-1b34-6415-c765-010000000800}</Data><Data Name='ProcessId'>7772</Data><Data Name='Image'>C:\\Windows\\winsxs\\amd64_microsoft-windows-servicingstack_31bf3856ad364e35_10.0.17763.3641_none_56cfe33d992f2729\\TiWorker.exe</Data><Data Name='TargetObject'>HKLM\\SOFTWARE\\Microsoft\\Windows\\CurrentVersion\\Component Based Servicing</Data><Data Name='User'>NT AUTHORITY\\SYSTEM</Data></EventData></Event>
<Event xmlns='http://schemas.microsoft.com/win/2004/08/events/event'><System><Provider Name='Microsoft-Windows-Sysmon' Guid='{5770385f-c22a-43e0-bf4c-06f5698ffbd9}'/><EventID>12</EventID><Version>2</Version><Level>4</Level><Task>12</Task><Opcode>0</Opcode><Keywords>0x8000000000000000</Keywords><TimeCreated SystemTime='2023-03-18T02:00:20.391878000Z'/><EventRecordID>2633745</EventRecordID><Correlation/><Execution ProcessID='3200' ThreadID='3736'/><Channel>Microsoft-Windows-Sysmon/Operational</Channel><Computer>winser-home-1-xdr.example.com</Computer><Security UserID='S-1-5-18'/></System><EventData><Data Name='RuleName'>-</Data><Data Name='EventType'>CreateKey</Data><Data Name='UtcTime'>2023-03-18 02:00:20.375</Data><Data Name='ProcessGuid'>{6d2b76d1-1b34-6415-c765-010000000800}</Data><Data Name='ProcessId'>7772</Data><Data Name='Image'>C:\\Windows\\winsxs\\amd64_microsoft-windows-servicingstack_31bf3856ad364e35_10.0.17763.3641_none_56cfe33d992f2729\\TiWorker.exe</Data><Data Name='TargetObject'>HKLM\\SOFTWARE\\Microsoft\\Windows\\CurrentVersion\\Component Based Servicing\\Packages</Data><Data Name='User'>NT AUTHORITY\\SYSTEM</Data></EventData></Event>
<Event xmlns='http://schemas.microsoft.com/win/2004/08/events/event'><System><Provider Name='Microsoft-Windows-Security-Auditing' Guid='{54849625-5478-4994-a5ba-3e3b0328c30d}'/><EventID>5156</EventID><Version>1</Version><Level>0</Level><Task>12810</Task><Opcode>0</Opcode><Keywords>0x8020000000000000</Keywords><TimeCreated SystemTime='2023-03-18T02:00:52.562898900Z'/><EventRecordID>66188509</EventRecordID><Correlation/><Execution ProcessID='4' ThreadID='12508'/><Channel>Security</Channel><Computer>winser-ksc-xdr</Computer><Security/></System><EventData><Data Name='ProcessID'>5236</Data><Data Name='Application'>\\device\\harddiskvolume2\\program files\\kaspersky lab\\kaspersky security center web console\\node.exe</Data><Data Name='Direction'>%%14593</Data><Data Name='SourceAddress'>127.0.0.1</Data><Data Name='SourcePort'>57503</Data><Data Name='DestAddress'>127.0.0.1</Data><Data Name='DestPort'>13299</Data><Data Name='Protocol'>6</Data><Data Name='FilterRTID'>68368</Data><Data Name='LayerName'>%%14611</Data><Data Name='LayerRTID'>48</Data><Data Name='RemoteUserID'>S-1-0-0</Data><Data Name='RemoteMachineID'>S-1-0-0</Data></EventData></Event>
<Event xmlns='http://schemas.microsoft.com/win/2004/08/events/event'><System><Provider Name='Microsoft-Windows-Security-Auditing' Guid='{54849625-5478-4994-a5ba-3e3b0328c30d}'/><EventID>5156</EventID><Version>1</Version><Level>0</Level><Task>12810</Task><Opcode>0</Opcode><Keywords>0x8020000000000000</Keywords><TimeCreated SystemTime='2023-03-18T02:00:52.563284800Z'/><EventRecordID>66188511</EventRecordID><Correlation/><Execution ProcessID='4' ThreadID='12508'/><Channel>Security</Channel><Computer>winser-ksc-xdr</Computer><Security/></System><EventData><Data Name='ProcessID'>5724</Data><Data Name='Application'>\\device\\harddiskvolume2\\program files (x86)\\kaspersky lab\\kaspersky security center\\ksnproxy.exe</Data><Data Name='Direction'>%%14593</Data><Data Name='SourceAddress'>10.90.144.7</Data><Data Name='SourcePort'>63427</Data><Data Name='DestAddress'>10.70.8.4</Data><Data Name='DestPort'>53</Data><Data Name='Protocol'>17</Data><Data Name='FilterRTID'>68368</Data><Data Name='LayerName'>%%14611</Data><Data Name='LayerRTID'>48</Data><Data Name='RemoteUserID'>S-1-0-0</Data><Data Name='RemoteMachineID'>S-1-0-0</Data></EventData></Event>
<Event xmlns='http://schemas.microsoft.com/win/2004/08/events/event'><System><Provider Name='Microsoft-Windows-Security-Auditing' Guid='{54849625-5478-4994-a5ba-3e3b0328c30d}'/><EventID>5156</EventID><Version>1</Version><Level>0</Level><Task>12810</Task><Opcode>0</Opcode><Keywords>0x8020000000000000</Keywords><TimeCreated SystemTime='2023-03-18T02:00:52.563336900Z'/><EventRecordID>66188512</EventRecordID><Correlation/><Execution ProcessID='4' ThreadID='8228'/><Channel>Security</Channel><Computer>winser-ksc-xdr</Computer><Security/></System><EventData><Data Name='ProcessID'>5724</Data><Data Name='Application'>\\device\\harddiskvolume2\\program files (x86)\\kaspersky lab\\kaspersky security center\\ksnproxy.exe</Data><Data Name='Direction'>%%14593</Data><Data Name='SourceAddress'>10.90.144.7</Data><Data Name='SourcePort'>63428</Data><Data Name='DestAddress'>10.70.8.3</Data><Data Name='DestPort'>53</Data><Data Name='Protocol'>17</Data><Data Name='FilterRTID'>68368</Data><Data Name='LayerName'>%%14611</Data><Data Name='LayerRTID'>48</Data><Data Name='RemoteUserID'>S-1-0-0</Data><Data Name='RemoteMachineID'>S-1-0-0</Data></EventData></Event>
<Event xmlns='http://schemas.microsoft.com/win/2004/08/events/event'><System><Provider Name='Microsoft-Windows-Security-Auditing' Guid='{54849625-5478-4994-a5ba-3e3b0328c30d}'/><EventID>5156</EventID><Version>1</Version><Level>0</Level><Task>12810</Task><Opcode>0</Opcode><Keywords>0x8020000000000000</Keywords><TimeCreated SystemTime='2023-03-18T02:00:52.564202700Z'/><EventRecordID>66188513</EventRecordID><Correlation/><Execution ProcessID='4' ThreadID='8228'/><Channel>Security</Channel><Computer>winser-ksc-xdr</Computer><Security/></System><EventData><Data Name='ProcessID'>1944</Data><Data Name='Application'>\\device\\harddiskvolume2\\windows\\system32\\svchost.exe</Data><Data Name='Direction'>%%14593</Data><Data Name='SourceAddress'>10.90.144.7</Data><Data Name='SourcePort'>63425</Data><Data Name='DestAddress'>10.70.8.3</Data><Data Name='DestPort'>53</Data><Data Name='Protocol'>17</Data><Data Name='FilterRTID'>68368</Data><Data Name='LayerName'>%%14611</Data><Data Name='LayerRTID'>48</Data><Data Name='RemoteUserID'>S-1-0-0</Data><Data Name='RemoteMachineID'>S-1-0-0</Data></EventData></Event>
<Event xmlns='http://schemas.microsoft.com/win/2004/08/events/event'><System><Provider Name='Microsoft-Windows-Security-Auditing' Guid='{54849625-5478-4994-a5ba-3e3b0328c30d}'/><EventID>5156</EventID><Version>1</Version><Level>0</Level><Task>12810</Task><Opcode>0</Opcode><Keywords>0x8020000000000000</Keywords><TimeCreated SystemTime='2023-03-18T02:00:52.564212900Z'/><EventRecordID>66188514</EventRecordID><Correlation/><Execution ProcessID='4' ThreadID='8228'/><Channel>Security</Channel><Computer>winser-ksc-xdr</Computer><Security/></System><EventData><Data Name='ProcessID'>5724</Data><Data Name='Application'>\\device\\harddiskvolume2\\program files (x86)\\kaspersky lab\\kaspersky security center\\ksnproxy.exe</Data><Data Name='Direction'>%%14593</Data><Data Name='SourceAddress'>10.90.144.7</Data><Data Name='SourcePort'>63427</Data><Data Name='DestAddress'>10.70.8.4</Data><Data Name='DestPort'>53</Data><Data Name='Protocol'>17</Data><Data Name='FilterRTID'>68368</Data><Data Name='LayerName'>%%14611</Data><Data Name='LayerRTID'>48</Data><Data Name='RemoteUserID'>S-1-0-0</Data><Data Name='RemoteMachineID'>S-1-0-0</Data></EventData></Event>
