<Event xmlns='http://schemas.microsoft.com/win/2004/08/events/event'><System><Provider Name='Microsoft-Windows-Security-Auditing' Guid='{54849625-5478-4994-a5ba-3e3b0328c30d}'/><EventID>5156</EventID><Version>1</Version><Level>0</Level><Task>12810</Task><Opcode>0</Opcode><Keywords>0x8020000000000000</Keywords><TimeCreated SystemTime='2023-03-18T02:00:52.564220200Z'/><EventRecordID>66188515</EventRecordID><Correlation/><Execution ProcessID='4' ThreadID='8228'/><Channel>Security</Channel><Computer>winser-ksc-xdr</Computer><Security/></System><EventData><Data Name='ProcessID'>1944</Data><Data Name='Application'>\\device\\harddiskvolume2\\windows\\system32\\svchost.exe</Data><Data Name='Direction'>%%14593</Data><Data Name='SourceAddress'>10.90.144.7</Data><Data Name='SourcePort'>63425</Data><Data Name='DestAddress'>10.70.8.3</Data><Data Name='DestPort'>53</Data><Data Name='Protocol'>17</Data><Data Name='FilterRTID'>68368</Data><Data Name='LayerName'>%%14611</Data><Data Name='LayerRTID'>48</Data><Data Name='RemoteUserID'>S-1-0-0</Data><Data Name='RemoteMachineID'>S-1-0-0</Data></EventData></Event>
<Event xmlns='http://schemas.microsoft.com/win/2004/08/events/event'><System><Provider Name='Microsoft-Windows-Security-Auditing' Guid='{54849625-5478-4994-a5ba-3e3b0328c30d}'/><EventID>5156</EventID><Version>1</Version><Level>0</Level><Task>12810</Task><Opcode>0</Opcode><Keywords>0x8020000000000000</Keywords><TimeCreated SystemTime='2023-03-18T02:00:52.564227800Z'/><EventRecordID>66188516</EventRecordID><Correlation/><Execution ProcessID='4' ThreadID='8228'/><Channel>Security</Channel><Computer>winser-ksc-xdr</Computer><Security/></System><EventData><Data Name='ProcessID'>5724</Data><Data Name='Application'>\\device\\harddiskvolume2\\program files (x86)\\kaspersky lab\\kaspersky security center\\ksnproxy.exe</Data><Data Name='Direction'>%%14593</Data><Data Name='SourceAddress'>10.90.144.7</Data><Data Name='SourcePort'>63428</Data><Data Name='DestAddress'>10.70.8.3</Data><Data Name='DestPort'>53</Data><Data Name='Protocol'>17</Data><Data Name='FilterRTID'>68368</Data><Data Name='LayerName'>%%14611</Data><Data Name='LayerRTID'>48</Data><Data Name='RemoteUserID'>S-1-0-0</Data><Data Name='RemoteMachineID'>S-1-0-0</Data></EventData></Event>
<Event xmlns='http://schemas.microsoft.com/win/2004/08/events/event'><System><Provider Name='Microsoft-Windows-Security-Auditing' Guid='{54849625-5478-4994-a5ba-3e3b0328c30d}'/><EventID>5156</EventID><Version>1</Version><Level>0</Level><Task>12810</Task><Opcode>0</Opcode><Keywords>0x8020000000000000</Keywords><TimeCreated SystemTime='2023-03-18T02:00:52.564369900Z'/><EventRecordID>66188517</EventRecordID><Correlation/><Execution ProcessID='4' ThreadID='8228'/><Channel>Security</Channel><Computer>winser-ksc-xdr</Computer><Security/></System><EventData><Data Name='ProcessID'>5724</Data><Data Name='Application'>\\device\\harddiskvolume2\\program files (x86)\\kaspersky lab\\kaspersky security center\\ksnproxy.exe</Data><Data Name='Direction'>%%14593</Data><Data Name='SourceAddress'>10.90.144.7</Data><Data Name='SourcePort'>63429</Data><Data Name='DestAddress'>10.70.8.3</Data><Data Name='DestPort'>53</Data><Data Name='Protocol'>17</Data><Data Name='FilterRTID'>68368</Data><Data Name='LayerName'>%%14611</Data><Data Name='LayerRTID'>48</Data><Data Name='RemoteUserID'>S-1-0-0</Data><Data Name='RemoteMachineID'>S-1-0-0</Data></EventData></Event>
<Event xmlns='http://schemas.microsoft.com/win/2004/08/events/event'><System><Provider Name='Microsoft-Windows-Security-Auditing' Guid='{54849625-5478-4994-a5ba-3e3b0328c30d}'/><EventID>5156</EventID><Version>1</Version><Level>0</Level><Task>12810</Task><Opcode>0</Opcode><Keywords>0x8020000000000000</Keywords><TimeCreated SystemTime='2023-03-18T02:00:52.564501300Z'/><EventRecordID>66188518</EventRecordID><Correlation/><Execution ProcessID='4' ThreadID='8228'/><Channel>Security</Channel><Computer>winser-ksc-xdr</Computer><Security/></System><EventData><Data Name='ProcessID'>3028</Data><Data Name='Application'>\\device\\harddiskvolume2\\program files (x86)\\kaspersky lab\\kaspersky security center\\klserver.exe</Data><Data Name='Direction'>%%14593</Data><Data Name='SourceAddress'>10.90.144.7</Data><Data Name='SourcePort'>55002</Data><Data Name='DestAddress'>10.90.144.7</Data><Data Name='DestPort'>1433</Data><Data Name='Protocol'>6</Data><Data Name='FilterRTID'>68368</Data><Data Name='LayerName'>%%14611</Data><Data Name='LayerRTID'>48</Data><Data Name='RemoteUserID'>S-1-0-0</Data><Data Name='RemoteMachineID'>S-1-0-0</Data></EventData></Event>
<Event xmlns='http://schemas.microsoft.com/win/2004/08/events/event'><System><Provider Name='Microsoft-Windows-Security-Auditing' Guid='{54849625-5478-4994-a5ba-3e3b0328c30d}'/><EventID>5156</EventID><Version>1</Version><Level>0</Level><Task>12810</Task><Opcode>0</Opcode><Keywords>0x8020000000000000</Keywords><TimeCreated SystemTime='2023-03-18T02:00:52.562869100Z'/><EventRecordID>66188508</EventRecordID><Correlation/><Execution ProcessID='4' ThreadID='12508'/><Channel>Security</Channel><Computer>winser-ksc-xdr</Computer><Security/></System><EventData><Data Name='ProcessID'>5472</Data><Data Name='Application'>\\device\\harddiskvolume2\\program files\\kaspersky lab\\kaspersky security center web console\\vendor\\nsq_to_file.exe</Data><Data Name='Direction'>%%14593</Data><Data Name='SourceAddress'>127.0.0.1</Data><Data Name='SourcePort'>49693</Data><Data Name='DestAddress'>127.0.0.1</Data><Data Name='DestPort'>4150</Data><Data Name='Protocol'>6</Data><Data Name='FilterRTID'>68368</Data><Data Name='LayerName'>%%14611</Data><Data Name='LayerRTID'>48</Data><Data Name='RemoteUserID'>S-1-0-0</Data><Data Name='RemoteMachineID'>S-1-0-0</Data></EventData></Event>
<Event xmlns='http://schemas.microsoft.com/win/2004/08/events/event'><System><Provider Name='Microsoft-Windows-Security-Auditing' Guid='{54849625-5478-4994-a5ba-3e3b0328c30d}'/><EventID>5156</EventID><Version>1</Version><Level>0</Level><Task>12810</Task><Opcode>0</Opcode><Keywords>0x8020000000000000</Keywords><TimeCreated SystemTime='2023-03-18T02:00:52.522567900Z'/><EventRecordID>66188507</EventRecordID><Correlation/><Execution ProcessID='4' ThreadID='12508'/><Channel>Security</Channel><Computer>winser-ksc-xdr</Computer><Security/></System><EventData><Data Name='ProcessID'>5472</Data><Data Name='Application'>\\device\\harddiskvolume2\\program files\\kaspersky lab\\kaspersky security center web console\\vendor\\nsq_to_file.exe</Data><Data Name='Direction'>%%14593</Data><Data Name='SourceAddress'>127.0.0.1</Data><Data Name='SourcePort'>49692</Data><Data Name='DestAddress'>127.0.0.1</Data><Data Name='DestPort'>4150</Data><Data Name='Protocol'>6</Data><Data Name='FilterRTID'>68368</Data><Data Name='LayerName'>%%14611</Data><Data Name='LayerRTID'>48</Data><Data Name='RemoteUserID'>S-1-0-0</Data><Data Name='RemoteMachineID'>S-1-0-0</Data></EventData></Event>
<Event xmlns='http://schemas.microsoft.com/win/2004/08/events/event'><System><Provider Name='Microsoft-Windows-Security-Auditing' Guid='{54849625-5478-4994-a5ba-3e3b0328c30d}'/><EventID>5156</EventID><Version>1</Version><Level>0</Level><Task>12810</Task><Opcode>0</Opcode><Keywords>0x8020000000000000</Keywords><TimeCreated SystemTime='2023-03-18T02:00:52.563111900Z'/><EventRecordID>66188510</EventRecordID><Correlation/><Execution ProcessID='4' ThreadID='12508'/><Channel>Security</Channel><Computer>winser-ksc-xdr</Computer><Security/></System><EventData><Data Name='ProcessID'>5724</Data><Data Name='Application'>\\device\\harddiskvolume2\\program files (x86)\\kaspersky lab\\kaspersky security center\\ksnproxy.exe</Data><Data Name='Direction'>%%14593</Data><Data Name='SourceAddress'>10.90.144.7</Data><Data Name='SourcePort'>63426</Data><Data Name='DestAddress'>10.70.8.4</Data><Data Name='DestPort'>53</Data><Data Name='Protocol'>17</Data><Data Name='FilterRTID'>68368</Data><Data Name='LayerName'>%%14611</Data><Data Name='LayerRTID'>48</Data><Data Name='RemoteUserID'>S-1-0-0</Data><Data Name='RemoteMachineID'>S-1-0-0</Data></EventData></Event>
<Event xmlns='http://schemas.microsoft.com/win/2004/08/events/event'><System><Provider Name='Microsoft-Windows-Security-Auditing' Guid='{54849625-5478-4994-a5ba-3e3b0328c30d}'/><EventID>5156</EventID><Version>1</Version><Level>0</Level><Task>12810</Task><Opcode>0</Opcode><Keywords>0x8020000000000000</Keywords><TimeCreated SystemTime='2023-03-18T02:00:52.604928200Z'/><EventRecordID>66188520</EventRecordID><Correlation/><Execution ProcessID='4' ThreadID='8228'/><Channel>Security</Channel><Computer>winser-ksc-xdr</Computer><Security/></System><EventData><Data Name='ProcessID'>5472</Data><Data Name='Application'>\\device\\harddiskvolume2\\program files\\kaspersky lab\\kaspersky security center web console\\vendor\\nsq_to_file.exe</Data><Data Name='Direction'>%%14593</Data><Data Name='SourceAddress'>127.0.0.1</Data><Data Name='SourcePort'>49694</Data><Data Name='DestAddress'>127.0.0.1</Data><Data Name='DestPort'>4150</Data><Data Name='Protocol'>6</Data><Data Name='FilterRTID'>68368</Data><Data Name='LayerName'>%%14611</Data><Data Name='LayerRTID'>48</Data><Data Name='RemoteUserID'>S-1-0-0</Data><Data Name='RemoteMachineID'>S-1-0-0</Data></EventData></Event>
<Event xmlns='http://schemas.microsoft.com/win/2004/08/events/event'><System><Provider Name='Microsoft-Windows-Security-Auditing' Guid='{54849625-5478-4994-a5ba-3e3b0328c30d}'/><EventID>5156</EventID><Version>1</Version><Level>0</Level><Task>12810</Task><Opcode>0</Opcode><Keywords>0x8020000000000000</Keywords><TimeCreated SystemTime='2023-03-18T02:00:52.604915300Z'/><EventRecordID>66188519</EventRecordID><Correlation/><Execution ProcessID='4' ThreadID='8228'/><Channel>Security</Channel><Computer>winser-ksc-xdr</Computer><Security/></System><EventData><Data Name='ProcessID'>5472</Data><Data Name='Application'>\\device\\harddiskvolume2\\program files\\kaspersky lab\\kaspersky security center web console\\vendor\\nsq_to_file.exe</Data><Data Name='Direction'>%%14593</Data><Data Name='SourceAddress'>127.0.0.1</Data><Data Name='SourcePort'>49694</Data><Data Name='DestAddress'>127.0.0.1</Data><Data Name='DestPort'>4150</Data><Data Name='Protocol'>6</Data><Data Name='FilterRTID'>68368</Data><Data Name='LayerName'>%%14611</Data><Data Name='LayerRTID'>48</Data><Data Name='RemoteUserID'>S-1-0-0</Data><Data Name='RemoteMachineID'>S-1-0-0</Data></EventData></Event>
<Event xmlns='http://schemas.microsoft.com/win/2004/08/events/event'><System><Provider Name='Microsoft-Windows-Security-Auditing' Guid='{54849625-5478-4994-a5ba-3e3b0328c30d}'/><EventID>5156</EventID><Version>1</Version><Level>0</Level><Task>12810</Task><Opcode>0</Opcode><Keywords>0x8020000000000000</Keywords><TimeCreated SystemTime='2023-03-18T02:00:52.650240800Z'/><EventRecordID>66188522</EventRecordID><Correlation/><Execution ProcessID='4' ThreadID='8228'/><Channel>Security</Channel><Computer>winser-ksc-xdr</Computer><Security/></System><EventData><Data Name='ProcessID'>5472</Data><Data Name='Application'>\\device\\harddiskvolume2\\program files\\kaspersky lab\\kaspersky security center web console\\vendor\\nsq_to_file.exe</Data><Data Name='Direction'>%%14593</Data><Data Name='SourceAddress'>127.0.0.1</Data><Data Name='SourcePort'>49695</Data><Data Name='DestAddress'>127.0.0.1</Data><Data Name='DestPort'>4150</Data><Data Name='Protocol'>6</Data><Data Name='FilterRTID'>68368</Data><Data Name='LayerName'>%%14611</Data><Data Name='LayerRTID'>48</Data><Data Name='RemoteUserID'>S-1-0-0</Data><Data Name='RemoteMachineID'>S-1-0-0</Data></EventData></Event>
<Event xmlns='http://schemas.microsoft.com/win/2004/08/events/event'><System><Provider Name='Microsoft-Windows-Security-Auditing' Guid='{54849625-5478-4994-a5ba-3e3b0328c30d}'/><EventID>5156</EventID><Version>1</Version><Level>0</Level><Task>12810</Task><Opcode>0</Opcode><Keywords>0x8020000000000000</Keywords><TimeCreated SystemTime='2023-03-18T02:00:52.650975900Z'/><EventRecordID>66188524</EventRecordID><Correlation/><Execution ProcessID='4' ThreadID='8228'/><Channel>Security</Channel><Computer>winser-ksc-xdr</Computer><Security/></System><EventData><Data Name='ProcessID'>5472</Data><Data Name='Application'>\\device\\harddiskvolume2\\program files\\kaspersky lab\\kaspersky security center web console\\vendor\\nsq_to_file.exe</Data><Data Name='Direction'>%%14593</Data><Data Name='SourceAddress'>127.0.0.1</Data><Data Name='SourcePort'>49695</Data><Data Name='DestAddress'>127.0.0.1</Data><Data Name='DestPort'>4150</Data><Data Name='Protocol'>6</Data><Data Name='FilterRTID'>68368</Data><Data Name='LayerName'>%%14611</Data><Data Name='LayerRTID'>48</Data><Data Name='RemoteUserID'>S-1-0-0</Data><Data Name='RemoteMachineID'>S-1-0-0</Data></EventData></Event>
<Event xmlns='http://schemas.microsoft.com/win/2004/08/events/event'><System><Provider Name='Microsoft-Windows-Security-Auditing' Guid='{54849625-5478-4994-a5ba-3e3b0328c30d}'/><EventID>5156</EventID><Version>1</Version><Level>0</Level><Task>12810</Task><Opcode>0</Opcode><Keywords>0x8020000000000000</Keywords><TimeCreated SystemTime='2023-03-18T02:00:52.650320000Z'/><EventRecordID>66188523</EventRecordID><Correlation/><Execution ProcessID='4' ThreadID='8228'/><Channel>Security</Channel><Computer>winser-ksc-xdr</Computer><Security/></System><EventData><Data Name='ProcessID'>5472</Data><Data Name='Application'>\\device\\harddiskvolume2\\program files\\kaspersky lab\\kaspersky security center web console\\vendor\\nsq_to_file.exe</Data><Data Name='Direction'>%%14593</Data><Data Name='SourceAddress'>127.0.0.1</Data><Data Name='SourcePort'>49695</Data><Data Name='DestAddress'>127.0.0.1</Data><Data Name='DestPort'>4150</Data><Data Name='Protocol'>6</Data><Data Name='FilterRTID'>68368</Data><Data Name='LayerName'>%%14611</Data><Data Name='LayerRTID'>48</Data><Data Name='RemoteUserID'>S-1-0-0</Data><Data Name='RemoteMachineID'>S-1-0-0</Data></EventData></Event>
<Event xmlns='http://schemas.microsoft.com/win/2004/08/events/event'><System><Provider Name='Microsoft-Windows-Security-Auditing' Guid='{54849625-5478-4994-a5ba-3e3b0328c30d}'/><EventID>5156</EventID><Version>1</Version><Level>0</Level><Task>12810</Task><Opcode>0</Opcode><Keywords>0x8020000000000000</Keywords><TimeCreated SystemTime='2023-03-18T02:00:52.604975800Z'/><EventRecordID>66188521</EventRecordID><Correlation/><Execution ProcessID='4' ThreadID='8228'/><Channel>Security</Channel><Computer>winser-ksc-xdr</Computer><Security/></System><EventData><Data Name='ProcessID'>5472</Data><Data Name='Application'>\\device\\harddiskvolume2\\program files\\kaspersky lab\\kaspersky security center web console\\vendor\\nsq_to_file.exe</Data><Data Name='Direction'>%%14593</Data><Data Name='SourceAddress'>127.0.0.1</Data><Data Name='SourcePort'>49694</Data><Data Name='DestAddress'>127.0.0.1</Data><Data Name='DestPort'>4150</Data><Data Name='Protocol'>6</Data><Data Name='FilterRTID'>68368</Data><Data Name='LayerName'>%%14611</Data><Data Name='LayerRTID'>48</Data><Data Name='RemoteUserID'>S-1-0-0</Data><Data Name='RemoteMachineID'>S-1-0-0</Data></EventData></Event>
<Event xmlns='http://schemas.microsoft.com/win/2004/08/events/event'><System><Provider Name='Microsoft-Windows-Security-Auditing' Guid='{54849625-5478-4994-a5ba-3e3b0328c30d}'/><EventID>5156</EventID><Version>1</Version><Level>0</Level><Task>12810</Task><Opcode>0</Opcode><Keywords>0x8020000000000000</Keywords><TimeCreated SystemTime='2023-03-18T02:00:52.667615300Z'/><EventRecordID>66188525</EventRecordID><Correlation/><Execution ProcessID='4' ThreadID='8228'/><Channel>Security</Channel><Computer>winser-ksc-xdr</Computer><Security/></System><EventData><Data Name='ProcessID'>5472</Data><Data Name='Application'>\\device\\harddiskvolume2\\program files\\kaspersky lab\\kaspersky security center web console\\vendor\\nsq_to_file.exe</Data><Data Name='Direction'>%%14593</Data><Data Name='SourceAddress'>127.0.0.1</Data><Data Name='SourcePort'>49696</Data><Data Name='DestAddress'>127.0.0.1</Data><Data Name='DestPort'>4150</Data><Data Name='Protocol'>6</Data><Data Name='FilterRTID'>68368</Data><Data Name='LayerName'>%%14611</Data><Data Name='LayerRTID'>48</Data><Data Name='RemoteUserID'>S-1-0-0</Data><Data Name='RemoteMachineID'>S-1-0-0</Data></EventData></Event>
<Event xmlns='http://schemas.microsoft.com/win/2004/08/events/event'><System><Provider Name='Microsoft-Windows-Security-Auditing' Guid='{54849625-5478-4994-a5ba-3e3b0328c30d}'/><EventID>5156</EventID><Version>1</Version><Level>0</Level><Task>12810</Task><Opcode>0</Opcode><Keywords>0x8020000000000000</Keywords><TimeCreated SystemTime='2023-03-18T02:00:52.711919300Z'/><EventRecordID>66188528</EventRecordID><Correlation/><Execution ProcessID='4' ThreadID='8228'/><Channel>Security</Channel><Computer>winser-ksc-xdr</Computer><Security/></System><EventData><Data Name='ProcessID'>5472</Data><Data Name='Application'>\\device\\harddiskvolume2\\program files\\kaspersky lab\\kaspersky security center web console\\vendor\\nsq_to_file.exe</Data><Data Name='Direction'>%%14593</Data><Data Name='SourceAddress'>127.0.0.1</Data><Data Name='SourcePort'>49697</Data><Data Name='DestAddress'>127.0.0.1</Data><Data Name='DestPort'>4150</Data><Data Name='Protocol'>6</Data><Data Name='FilterRTID'>68368</Data><Data Name='LayerName'>%%14611</Data><Data Name='LayerRTID'>48</Data><Data Name='RemoteUserID'>S-1-0-0</Data><Data Name='RemoteMachineID'>S-1-0-0</Data></EventData></Event>
<Event xmlns='http://schemas.microsoft.com/win/2004/08/events/event'><System><Provider Name='Microsoft-Windows-Security-Auditing' Guid='{54849625-5478-4994-a5ba-3e3b0328c30d}'/><EventID>5156</EventID><Version>1</Version><Level>0</Level><Task>12810</Task><Opcode>0</Opcode><Keywords>0x8020000000000000</Keywords><TimeCreated SystemTime='2023-03-18T02:00:52.667627400Z'/><EventRecordID>66188526</EventRecordID><Correlation/><Execution ProcessID='4' ThreadID='8228'/><Channel>Security</Channel><Computer>winser-ksc-xdr</Computer><Security/></System><EventData><Data Name='ProcessID'>5472</Data><Data Name='Application'>\\device\\harddiskvolume2\\program files\\kaspersky lab\\kaspersky security center web console\\vendor\\nsq_to_file.exe</Data><Data Name='Direction'>%%14593</Data><Data Name='SourceAddress'>127.0.0.1</Data><Data Name='SourcePort'>49696</Data><Data Name='DestAddress'>127.0.0.1</Data><Data Name='DestPort'>4150</Data><Data Name='Protocol'>6</Data><Data Name='FilterRTID'>68368</Data><Data Name='LayerName'>%%14611</Data><Data Name='LayerRTID'>48</Data><Data Name='RemoteUserID'>S-1-0-0</Data><Data Name='RemoteMachineID'>S-1-0-0</Data></EventData></Event>
<Event xmlns='http://schemas.microsoft.com/win/2004/08/events/event'><System><Provider Name='Microsoft-Windows-Security-Auditing' Guid='{54849625-5478-4994-a5ba-3e3b0328c30d}'/><EventID>5156</EventID><Version>1</Version><Level>0</Level><Task>12810</Task><Opcode>0</Opcode><Keywords>0x8020000000000000</Keywords><TimeCreated SystemTime='2023-03-18T02:00:52.711837000Z'/><EventRecordID>66188527</EventRecordID><Correlation/><Execution ProcessID='4' ThreadID='8228'/><Channel>Security</Channel><Computer>winser-ksc-xdr</Computer><Security/></System><EventData><Data Name='ProcessID'>5472</Data><Data Name='Application'>\\device\\harddiskvolume2\\program files\\kaspersky lab\\kaspersky security center web console\\vendor\\nsq_to_file.exe</Data><Data Name='Direction'>%%14593</Data><Data Name='SourceAddress'>127.0.0.1</Data><Data Name='SourcePort'>49698</Data><Data Name='DestAddress'>127.0.0.1</Data><Data Name='DestPort'>4150</Data><Data Name='Protocol'>6</Data><Data Name='FilterRTID'>68368</Data><Data Name='LayerName'>%%14611</Data><Data Name='LayerRTID'>48</Data><Data Name='RemoteUserID'>S-1-0-0</Data><Data Name='RemoteMachineID'>S-1-0-0</Data></EventData></Event>
<Event xmlns='http://schemas.microsoft.com/win/2004/08/events/event'><System><Provider Name='Microsoft-Windows-Security-Auditing' Guid='{54849625-5478-4994-a5ba-3e3b0328c30d}'/><EventID>5156</EventID><Version>1</Version><Level>0</Level><Task>12810</Task><Opcode>0</Opcode><Keywords>0x8020000000000000</Keywords><TimeCreated SystemTime='2023-03-18T02:00:52.712117000Z'/><EventRecordID>66188529</EventRecordID><Correlation/><Execution ProcessID='4' ThreadID='8228'/><Channel>Security</Channel><Computer>winser-ksc-xdr</Computer><Security/></System><EventData><Data Name='ProcessID'>5472</Data><Data Name='Application'>\\device\\harddiskvolume2\\program files\\kaspersky lab\\kaspersky security center web console\\vendor\\nsq_to_file.exe</Data><Data Name='Direction'>%%14593</Data><Data Name='SourceAddress'>127.0.0.1</Data><Data Name='SourcePort'>49697</Data><Data Name='DestAddress'>127.0.0.1</Data><Data Name='DestPort'>4150</Data><Data Name='Protocol'>6</Data><Data Name='FilterRTID'>68368</Data><Data Name='LayerName'>%%14611</Data><Data Name='LayerRTID'>48</Data><Data Name='RemoteUserID'>S-1-0-0</Data><Data Name='RemoteMachineID'>S-1-0-0</Data></EventData></Event>
<Event xmlns='http://schemas.microsoft.com/win/2004/08/events/event'><System><Provider Name='Microsoft-Windows-Security-Auditing' Guid='{54849625-5478-4994-a5ba-3e3b0328c30d}'/><EventID>5156</EventID><Version>1</Version><Level>0</Level><Task>12810</Task><Opcode>0</Opcode><Keywords>0x8020000000000000</Keywords><TimeCreated SystemTime='2023-03-18T02:00:52.734075200Z'/><EventRecordID>66188530</EventRecordID><Correlation/><Execution ProcessID='4' ThreadID='8228'/><Channel>Security</Channel><Computer>winser-ksc-xdr</Computer><Security/></System><EventData><Data Name='ProcessID'>5472</Data><Data Name='Application'>\\device\\harddiskvolume2\\program files\\kaspersky lab\\kaspersky security center web console\\vendor\\nsq_to_file.exe</Data><Data Name='Direction'>%%14593</Data><Data Name='SourceAddress'>127.0.0.1</Data><Data Name='SourcePort'>49699</Data><Data Name='DestAddress'>127.0.0.1</Data><Data Name='DestPort'>4150</Data><Data Name='Protocol'>6</Data><Data Name='FilterRTID'>68368</Data><Data Name='LayerName'>%%14611</Data><Data Name='LayerRTID'>48</Data><Data Name='RemoteUserID'>S-1-0-0</Data><Data Name='RemoteMachineID'>S-1-0-0</Data></EventData></Event>
<Event xmlns='http://schemas.microsoft.com/win/2004/08/events/event'><System><Provider Name='Microsoft-Windows-Security-Auditing' Guid='{54849625-5478-4994-a5ba-3e3b0328c30d}'/><EventID>5156</EventID><Version>1</Version><Level>0</Level><Task>12810</Task><Opcode>0</Opcode><Keywords>0x8020000000000000</Keywords><TimeCreated SystemTime='2023-03-18T02:00:52.756769300Z'/><EventRecordID>66188532</EventRecordID><Correlation/><Execution ProcessID='4' ThreadID='8228'/><Channel>Security</Channel><Computer>winser-ksc-xdr</Computer><Security/></System><EventData><Data Name='ProcessID'>5472</Data><Data Name='Application'>\\device\\harddiskvolume2\\program files\\kaspersky lab\\kaspersky security center web console\\vendor\\nsq_to_file.exe</Data><Data Name='Direction'>%%14593</Data><Data Name='SourceAddress'>127.0.0.1</Data><Data Name='SourcePort'>49700</Data><Data Name='DestAddress'>127.0.0.1</Data><Data Name='DestPort'>4150</Data><Data Name='Protocol'>6</Data><Data Name='FilterRTID'>68368</Data><Data Name='LayerName'>%%14611</Data><Data Name='LayerRTID'>48</Data><Data Name='RemoteUserID'>S-1-0-0</Data><Data Name='RemoteMachineID'>S-1-0-0</Data></EventData></Event>
<Event xmlns='http://schemas.microsoft.com/win/2004/08/events/event'><System><Provider Name='Microsoft-Windows-Security-Auditing' Guid='{54849625-5478-4994-a5ba-3e3b0328c30d}'/><EventID>5156</EventID><Version>1</Version><Level>0</Level><Task>12810</Task><Opcode>0</Opcode><Keywords>0x8020000000000000</Keywords><TimeCreated SystemTime='2023-03-18T02:00:52.961172700Z'/><EventRecordID>66188535</EventRecordID><Correlation/><Execution ProcessID='4' ThreadID='8228'/><Channel>Security</Channel><Computer>winser-ksc-xdr</Computer><Security/></System><EventData><Data Name='ProcessID'>5236</Data><Data Name='Application'>\\device\\harddiskvolume2\\program files\\kaspersky lab\\kaspersky security center web console\\node.exe</Data><Data Name='Direction'>%%14593</Data><Data Name='SourceAddress'>127.0.0.1</Data><Data Name='SourcePort'>51922</Data><Data Name='DestAddress'>127.0.0.1</Data><Data Name='DestPort'>13299</Data><Data Name='Protocol'>6</Data><Data Name='FilterRTID'>68368</Data><Data Name='LayerName'>%%14611</Data><Data Name='LayerRTID'>48</Data><Data Name='RemoteUserID'>S-1-0-0</Data><Data Name='RemoteMachineID'>S-1-0-0</Data></EventData></Event>
<Event xmlns='http://schemas.microsoft.com/win/2004/08/events/event'><System><Provider Name='Microsoft-Windows-Security-Auditing' Guid='{54849625-5478-4994-a5ba-3e3b0328c30d}'/><EventID>5156</EventID><Version>1</Version><Level>0</Level><Task>12810</Task><Opcode>0</Opcode><Keywords>0x8020000000000000</Keywords><TimeCreated SystemTime='2023-03-18T02:00:52.767939800Z'/><EventRecordID>66188534</EventRecordID><Correlation/><Execution ProcessID='4' ThreadID='8228'/><Channel>Security</Channel><Computer>winser-ksc-xdr</Computer><Security/></System><EventData><Data Name='ProcessID'>5472</Data><Data Name='Application'>\\device\\harddiskvolume2\\program files\\kaspersky lab\\kaspersky security center web console\\vendor\\nsq_to_file.exe</Data><Data Name='Direction'>%%14593</Data><Data Name='SourceAddress'>127.0.0.1</Data><Data Name='SourcePort'>49701</Data><Data Name='DestAddress'>127.0.0.1</Data><Data Name='DestPort'>4150</Data><Data Name='Protocol'>6</Data><Data Name='FilterRTID'>68368</Data><Data Name='LayerName'>%%14611</Data><Data Name='LayerRTID'>48</Data><Data Name='RemoteUserID'>S-1-0-0</Data><Data Name='RemoteMachineID'>S-1-0-0</Data></EventData></Event>
<Event xmlns='http://schemas.microsoft.com/win/2004/08/events/event'><System><Provider Name='Microsoft-Windows-Security-Auditing' Guid='{54849625-5478-4994-a5ba-3e3b0328c30d}'/><EventID>5156</EventID><Version>1</Version><Level>0</Level><Task>12810</Task><Opcode>0</Opcode><Keywords>0x8020000000000000</Keywords><TimeCreated SystemTime='2023-03-18T02:00:52.734087000Z'/><EventRecordID>66188531</EventRecordID><Correlation/><Execution ProcessID='4' ThreadID='8228'/><Channel>Security</Channel><Computer>winser-ksc-xdr</Computer><Security/></System><EventData><Data Name='ProcessID'>5472</Data><Data Name='Application'>\\device\\harddiskvolume2\\program files\\kaspersky lab\\kaspersky security center web console\\vendor\\nsq_to_file.exe</Data><Data Name='Direction'>%%14593</Data><Data Name='SourceAddress'>127.0.0.1</Data><Data Name='SourcePort'>49699</Data><Data Name='DestAddress'>127.0.0.1</Data><Data Name='DestPort'>4150</Data><Data Name='Protocol'>6</Data><Data Name='FilterRTID'>68368</Data><Data Name='LayerName'>%%14611</Data><Data Name='LayerRTID'>48</Data><Data Name='RemoteUserID'>S-1-0-0</Data><Data Name='RemoteMachineID'>S-1-0-0</Data></EventData></Event>
<Event xmlns='http://schemas.microsoft.com/win/2004/08/events/event'><System><Provider Name='Microsoft-Windows-Security-Auditing' Guid='{54849625-5478-4994-a5ba-3e3b0328c30d}'/><EventID>5156</EventID><Version>1</Version><Level>0</Level><Task>12810</Task><Opcode>0</Opcode><Keywords>0x8020000000000000</Keywords><TimeCreated SystemTime='2023-03-18T02:00:52.756785400Z'/><EventRecordID>66188533</EventRecordID><Correlation/><Execution ProcessID='4' ThreadID='8228'/><Channel>Security</Channel><Computer>winser-ksc-xdr</Computer><Security/></System><EventData><Data Name='ProcessID'>5472</Data><Data Name='Application'>\\device\\harddiskvolume2\\program files\\kaspersky lab\\kaspersky security center web console\\vendor\\nsq_to_file.exe</Data><Data Name='Direction'>%%14593</Data><Data Name='SourceAddress'>127.0.0.1</Data><Data Name='SourcePort'>49700</Data><Data Name='DestAddress'>127.0.0.1</Data><Data Name='DestPort'>4150</Data><Data Name='Protocol'>6</Data><Data Name='FilterRTID'>68368</Data><Data Name='LayerName'>%%14611</Data><Data Name='LayerRTID'>48</Data><Data Name='RemoteUserID'>S-1-0-0</Data><Data Name='RemoteMachineID'>S-1-0-0</Data></EventData></Event>
<Event xmlns='http://schemas.microsoft.com/win/2004/08/events/event'><System><Provider Name='Service Control Manager' Guid='{555908d1-a6d7-4695-8e1e-26931d2012f4}' EventSourceName='Service Control Manager'/><EventID Qualifiers='16384'>7036</EventID><Version>0</Version><Level>4</Level><Task>0</Task><Opcode>0</Opcode><Keywords>0x8080000000000000</Keywords><TimeCreated SystemTime='2023-03-18T02:00:20.179529000Z'/><EventRecordID>85774</EventRecordID><Correlation/><Execution ProcessID='740' ThreadID='3148'/><Channel>System</Channel><Computer>winser-home-2-xdr.example.com</Computer><Security/></System><EventData><Data Name='param1'>Software Protection</Data><Data Name='param2'>running</Data><Binary>7300700070007300760063002F0034000000</Binary></EventData></Event>
<Event xmlns='http://schemas.microsoft.com/win/2004/08/events/event'><System><Provider Name='Microsoft-Windows-Security-Auditing' Guid='{54849625-5478-4994-a5ba-3e3b0328c30d}'/><EventID>4799</EventID><Version>0</Version><Level>0</Level><Task>13826</Task><Opcode>0</Opcode><Keywords>0x8020000000000000</Keywords><TimeCreated SystemTime='2023-03-18T02:00:20.964788300Z'/><EventRecordID>470658</EventRecordID><Correlation ActivityID='{b9060de3-3bf8-0001-240f-06b9f83bd901}'/><Execution ProcessID='744' ThreadID='9144'/><Channel>Security</Channel><Computer>winser-home-1-xdr.example.com</Computer><Security/></System><EventData><Data Name='TargetUserName'>Administrators</Data><Data Name='TargetDomainName'>Builtin</Data><Data Name='TargetSid'>S-1-5-32-544</Data><Data Name='SubjectUserSid'>S-1-5-18</Data><Data Name='SubjectUserName'>WINSER-HOME-1-X$</Data><Data Name='SubjectDomainName'>EXAMPLE</Data><Data Name='SubjectLogonId'>0x3e7</Data><Data Name='CallerProcessId'>0x9e0</Data><Data Name='CallerProcessName'>C:\\Program Files (x86)\\Kaspersky Lab\\Endpoint Agent\\soyuz.exe</Data></EventData></Event>
<Event xmlns='http://schemas.microsoft.com/win/2004/08/events/event'><System><Provider Name='Microsoft-Windows-Sysmon' Guid='{5770385f-c22a-43e0-bf4c-06f5698ffbd9}'/><EventID>18</EventID><Version>1</Version><Level>4</Level><Task>18</Task><Opcode>0</Opcode><Keywords>0x8000000000000000</Keywords><TimeCreated SystemTime='2023-03-18T02:00:20.979506400Z'/><EventRecordID>2633746</EventRecordID><Correlation/><Execution ProcessID='3200' ThreadID='3736'/><Channel>Microsoft-Windows-Sysmon/Operational</Channel><Computer>winser-home-1-xdr.example.com</Computer><Security UserID='S-1-5-18'/></System><EventData><Data Name='RuleName'>-</Data><Data Name='EventType'>ConnectPipe</Data><Data Name='UtcTime'>2023-03-18 02:00:20.961</Data><Data Name='ProcessGuid'>{6d2b76d1-00a8-63e4-3700-000000000800}</Data><Data Name='ProcessId'>2528</Data><Data Name='PipeName'>\\wkssvc</Data><Data Name='Image'>C:\\Program Files (x86)\\Kaspersky Lab\\Endpoint Agent\\soyuz.exe</Data><Data Name='User'>NT AUTHORITY\\SYSTEM</Data></EventData></Event>
<Event xmlns='http://schemas.microsoft.com/win/2004/08/events/event'><System><Provider Name='Microsoft-Windows-Sysmon' Guid='{5770385f-c22a-43e0-bf4c-06f5698ffbd9}'/><EventID>18</EventID><Version>1</Version><Level>4</Level><Task>18</Task><Opcode>0</Opcode><Keywords>0x8000000000000000</Keywords><TimeCreated SystemTime='2023-03-18T02:00:21.116829000Z'/><EventRecordID>1879515</EventRecordID><Correlation/><Execution ProcessID='2104' ThreadID='6340'/><Channel>Microsoft-Windows-Sysmon/Operational</Channel><Computer>winser-dc-xdr.example.com</Computer><Security UserID='S-1-5-18'/></System><EventData><Data Name='RuleName'>-</Data><Data Name='EventType'>ConnectPipe</Data><Data Name='UtcTime'>2023-03-18 02:00:21.112</Data><Data Name='ProcessGuid'>{e91642e8-786b-63aa-eb03-000000000000}</Data><Data Name='ProcessId'>4</Data><Data Name='PipeName'>\\lsass</Data><Data Name='Image'>System</Data><Data Name='User'>NT AUTHORITY\\SYSTEM</Data></EventData></Event>
<Event xmlns='http://schemas.microsoft.com/win/2004/08/events/event'><System><Provider Name='Microsoft-Windows-Security-Auditing' Guid='{54849625-5478-4994-a5ba-3e3b0328c30d}'/><EventID>4624</EventID><Version>2</Version><Level>0</Level><Task>12544</Task><Opcode>0</Opcode><Keywords>0x8020000000000000</Keywords><TimeCreated SystemTime='2023-03-18T02:00:21.132173300Z'/><EventRecordID>1867136</EventRecordID><Correlation ActivityID='{0b55b4cf-19ae-0000-4bb6-550bae19d901}'/><Execution ProcessID='724' ThreadID='8624'/><Channel>Security</Channel><Computer>winser-dc-xdr.example.com</Computer><Security/></System><EventData><Data Name='SubjectUserSid'>S-1-0-0</Data><Data Name='SubjectUserName'>-</Data><Data Name='SubjectDomainName'>-</Data><Data Name='SubjectLogonId'>0x0</Data><Data Name='TargetUserSid'>S-1-5-21-2950628830-185530450-1021415593-1108</Data><Data Name='TargetUserName'>WINSER-HOME-1-X$</Data><Data Name='TargetDomainName'>EXAMPLE.COM</Data><Data Name='TargetLogonId'>0x691bac5c</Data><Data Name='LogonType'>3</Data><Data Name='LogonProcessName'>Kerberos</Data><Data Name='AuthenticationPackageName'>Kerberos</Data><Data Name='WorkstationName'>-</Data><Data Name='LogonGuid'>{5a00c98a-a5e8-1b33-0b8e-61957e22b556}</Data><Data Name='TransmittedServices'>-</Data><Data Name='LmPackageName'>-</Data><Data Name='KeyLength'>0</Data><Data Name='ProcessId'>0x0</Data><Data Name='ProcessName'>-</Data><Data Name='IpAddress'>10.90.144.10</Data><Data Name='IpPort'>60792</Data><Data Name='ImpersonationLevel'>%%1840</Data><Data Name='RestrictedAdminMode'>-</Data><Data Name='TargetOutboundUserName'>-</Data><Data Name='TargetOutboundDomainName'>-</Data><Data Name='VirtualAccount'>%%1843</Data><Data Name='TargetLinkedLogonId'>0x0</Data><Data Name='ElevatedToken'>%%1842</Data></EventData></Event>
<Event xmlns='http://schemas.microsoft.com/win/2004/08/events/event'><System><Provider Name='Microsoft-Windows-Security-Auditing' Guid='{54849625-5478-4994-a5ba-3e3b0328c30d}'/><EventID>4624</EventID><Version>2</Version><Level>0</Level><Task>12544</Task><Opcode>0</Opcode><Keywords>0x8020000000000000</Keywords><TimeCreated SystemTime='2023-03-18T02:00:21.109725600Z'/><EventRecordID>1867135</EventRecordID><Correlation ActivityID='{0b55b4cf-19ae-0000-4bb6-550bae19d901}'/><Execution ProcessID='724' ThreadID='8624'/><Channel>Security</Channel><Computer>winser-dc-xdr.example.com</Computer><Security/></System><EventData><Data Name='SubjectUserSid'>S-1-0-0</Data><Data Name='SubjectUserName'>-</Data><Data Name='SubjectDomainName'>-</Data><Data Name='SubjectLogonId'>0x0</Data><Data Name='TargetUserSid'>S-1-5-21-2950628830-185530450-1021415593-1108</Data><Data Name='TargetUserName'>WINSER-HOME-1-X$</Data><Data Name='TargetDomainName'>EXAMPLE.COM</Data><Data Name='TargetLogonId'>0x691bac1b</Data><Data Name='LogonType'>3</Data><Data Name='LogonProcessName'>Kerberos</Data><Data Name='AuthenticationPackageName'>Kerberos</Data><Data Name='WorkstationName'>-</Data><Data Name='LogonGuid'>{5a00c98a-a5e8-1b33-0b8e-61957e22b556}</Data><Data Name='TransmittedServices'>-</Data><Data Name='LmPackageName'>-</Data><Data Name='KeyLength'>0</Data><Data Name='ProcessId'>0x0</Data><Data Name='ProcessName'>-</Data><Data Name='IpAddress'>10.90.144.10</Data><Data Name='IpPort'>60791</Data><Data Name='ImpersonationLevel'>%%1840</Data><Data Name='RestrictedAdminMode'>-</Data><Data Name='TargetOutboundUserName'>-</Data><Data Name='TargetOutboundDomainName'>-</Data><Data Name='VirtualAccount'>%%1843</Data><Data Name='TargetLinkedLogonId'>0x0</Data><Data Name='ElevatedToken'>%%1842</Data></EventData></Event>
<Event xmlns='http://schemas.microsoft.com/win/2004/08/events/event'><System><Provider Name='Microsoft-Windows-Security-Auditing' Guid='{54849625-5478-4994-a5ba-3e3b0328c30d}'/><EventID>4624</EventID><Version>2</Version><Level>0</Level><Task>12544</Task><Opcode>0</Opcode><Keywords>0x8020000000000000</Keywords><TimeCreated SystemTime='2023-03-18T02:00:21.135586300Z'/><EventRecordID>1867137</EventRecordID><Correlation ActivityID='{0b55b4cf-19ae-0000-4bb6-550bae19d901}'/><Execution ProcessID='724' ThreadID='12428'/><Channel>Security</Channel><Computer>winser-dc-xdr.example.com</Computer><Security/></System><EventData><Data Name='SubjectUserSid'>S-1-0-0</Data><Data Name='SubjectUserName'>-</Data><Data Name='SubjectDomainName'>-</Data><Data Name='SubjectLogonId'>0x0</Data><Data Name='TargetUserSid'>S-1-5-21-2950628830-185530450-1021415593-1108</Data><Data Name='TargetUserName'>WINSER-HOME-1-X$</Data><Data Name='TargetDomainName'>EXAMPLE.COM</Data><Data Name='TargetLogonId'>0x691bac8b</Data><Data Name='LogonType'>3</Data><Data Name='LogonProcessName'>Kerberos</Data><Data Name='AuthenticationPackageName'>Kerberos</Data><Data Name='WorkstationName'>-</Data><Data Name='LogonGuid'>{5a00c98a-a5e8-1b33-0b8e-61957e22b556}</Data><Data Name='TransmittedServices'>-</Data><Data Name='LmPackageName'>-</Data><Data Name='KeyLength'>0</Data><Data Name='ProcessId'>0x0</Data><Data Name='ProcessName'>-</Data><Data Name='IpAddress'>10.90.144.10</Data><Data Name='IpPort'>60793</Data><Data Name='ImpersonationLevel'>%%1840</Data><Data Name='RestrictedAdminMode'>-</Data><Data Name='TargetOutboundUserName'>-</Data><Data Name='TargetOutboundDomainName'>-</Data><Data Name='VirtualAccount'>%%1843</Data><Data Name='TargetLinkedLogonId'>0x0</Data><Data Name='ElevatedToken'>%%1842</Data></EventData></Event>
<Event xmlns='http://schemas.microsoft.com/win/2004/08/events/event'><System><Provider Name='Microsoft-Windows-Security-Auditing' Guid='{54849625-5478-4994-a5ba-3e3b0328c30d}'/><EventID>4634</EventID><Version>0</Version><Level>0</Level><Task>12545</Task><Opcode>0</Opcode><Keywords>0x8020000000000000</Keywords><TimeCreated SystemTime='2023-03-18T02:00:21.136486700Z'/><EventRecordID>1867139</EventRecordID><Correlation/><Execution ProcessID='724' ThreadID='5248'/><Channel>Security</Channel><Computer>winser-dc-xdr.example.com</Computer><Security/></System><EventData><Data Name='TargetUserSid'>S-1-5-21-2950628830-185530450-1021415593-1108</Data><Data Name='TargetUserName'>WINSER-HOME-1-X$</Data><Data Name='TargetDomainName'>EXAMPLE</Data><Data Name='TargetLogonId'>0x691bac5c</Data><Data Name='LogonType'>3</Data></EventData></Event>
<Event xmlns='http://schemas.microsoft.com/win/2004/08/events/event'><System><Provider Name='Microsoft-Windows-Security-Auditing' Guid='{54849625-5478-4994-a5ba-3e3b0328c30d}'/><EventID>4634</EventID><Version>0</Version><Level>0</Level><Task>12545</Task><Opcode>0</Opcode><Keywords>0x8020000000000000</Keywords><TimeCreated SystemTime='2023-03-18T02:00:21.139830800Z'/><EventRecordID>1867140</EventRecordID><Correlation/><Execution ProcessID='724' ThreadID='8624'/><Channel>Security</Channel><Computer>winser-dc-xdr.example.com</Computer><Security/></System><EventData><Data Name='TargetUserSid'>S-1-5-21-2950628830-185530450-1021415593-1108</Data><Data Name='TargetUserName'>WINSER-HOME-1-X$</Data><Data Name='TargetDomainName'>EXAMPLE</Data><Data Name='TargetLogonId'>0x691bac8b</Data><Data Name='LogonType'>3</Data></EventData></Event>
<Event xmlns='http://schemas.microsoft.com/win/2004/08/events/event'><System><Provider Name='Microsoft-Windows-Security-Auditing' Guid='{54849625-5478-4994-a5ba-3e3b0328c30d}'/><EventID>4634</EventID><Version>0</Version><Level>0</Level><Task>12545</Task><Opcode>0</Opcode><Keywords>0x8020000000000000</Keywords><TimeCreated SystemTime='2023-03-18T02:00:21.147702500Z'/><EventRecordID>1867141</EventRecordID><Correlation/><Execution ProcessID='724' ThreadID='12428'/><Channel>Security</Channel><Computer>winser-dc-xdr.example.com</Computer><Security/></System><EventData><Data Name='TargetUserSid'>S-1-5-21-2950628830-185530450-1021415593-1108</Data><Data Name='TargetUserName'>WINSER-HOME-1-X$</Data><Data Name='TargetDomainName'>EXAMPLE</Data><Data Name='TargetLogonId'>0x691bac9a</Data><Data Name='LogonType'>3</Data></EventData></Event>
<Event xmlns='http://schemas.microsoft.com/win/2004/08/events/event'><System><Provider Name='Microsoft-Windows-Sysmon' Guid='{5770385f-c22a-43e0-bf4c-06f5698ffbd9}'/><EventID>3</EventID><Version>5</Version><Level>4</Level><Task>3</Task><Opcode>0</Opcode><Keywords>0x8000000000000000</Keywords><TimeCreated SystemTime='2023-03-18T02:00:21.844333400Z'/><EventRecordID>1879517</EventRecordID><Correlation/><Execution ProcessID='2104' ThreadID='7064'/><Channel>Microsoft-Windows-Sysmon/Operational</Channel><Computer>winser-dc-xdr.example.com</Computer><Security UserID='S-1-5-18'/></System><EventData><Data Name='RuleName'>-</Data><Data Name='UtcTime'>2023-03-18 00:54:00.105</Data><Data Name='ProcessGuid'>{e91642e8-786e-63aa-0c00-000000000700}</Data><Data Name='ProcessId'>724</Data><Data Name='Image'>C:\\Windows\\System32\\lsass.exe</Data><Data Name='User'>NT AUTHORITY\\SYSTEM</Data><Data Name='Protocol'>tcp</Data><Data Name='Initiated'>false</Data><Data Name='SourceIsIpv6'>false</Data><Data Name='SourceIp'>10.90.144.11</Data><Data Name='SourceHostname'>winser-home-2-xdr.avp.ru</Data><Data Name='SourcePort'>60714</Data><Data Name='SourcePortName'>-</Data><Data Name='DestinationIsIpv6'>false</Data><Data Name='DestinationIp'>10.90.144.12</Data><Data Name='DestinationHostname'>winser-dc-xdr.example.com</Data><Data Name='DestinationPort'>49671</Data><Data Name='DestinationPortName'>-</Data></EventData></Event>
<Event xmlns='http://schemas.microsoft.com/win/2004/08/events/event'><System><Provider Name='Microsoft-Windows-Security-Auditing' Guid='{54849625-5478-4994-a5ba-3e3b0328c30d}'/><EventID>4624</EventID><Version>2</Version><Level>0</Level><Task>12544</Task><Opcode>0</Opcode><Keywords>0x8020000000000000</Keywords><TimeCreated SystemTime='2023-03-18T02:00:21.136045400Z'/><EventRecordID>1867138</EventRecordID><Correlation ActivityID='{0b55b4cf-19ae-0000-4bb6-550bae19d901}'/><Execution ProcessID='724' ThreadID='8624'/><Channel>Security</Channel><Computer>winser-dc-xdr.example.com</Computer><Security/></System><EventData><Data Name='SubjectUserSid'>S-1-0-0</Data><Data Name='SubjectUserName'>-</Data><Data Name='SubjectDomainName'>-</Data><Data Name='SubjectLogonId'>0x0</Data><Data Name='TargetUserSid'>S-1-5-21-2950628830-185530450-1021415593-1108</Data><Data Name='TargetUserName'>WINSER-HOME-1-X$</Data><Data Name='TargetDomainName'>EXAMPLE.COM</Data><Data Name='TargetLogonId'>0x691bac9a</Data><Data Name='LogonType'>3</Data><Data Name='LogonProcessName'>Kerberos</Data><Data Name='AuthenticationPackageName'>Kerberos</Data><Data Name='WorkstationName'>-</Data><Data Name='LogonGuid'>{5a00c98a-a5e8-1b33-0b8e-61957e22b556}</Data><Data Name='TransmittedServices'>-</Data><Data Name='LmPackageName'>-</Data><Data Name='KeyLength'>0</Data><Data Name='ProcessId'>0x0</Data><Data Name='ProcessName'>-</Data><Data Name='IpAddress'>10.90.144.10</Data><Data Name='IpPort'>60794</Data><Data Name='ImpersonationLevel'>%%1840</Data><Data Name='RestrictedAdminMode'>-</Data><Data Name='TargetOutboundUserName'>-</Data><Data Name='TargetOutboundDomainName'>-</Data><Data Name='VirtualAccount'>%%1843</Data><Data Name='TargetLinkedLogonId'>0x0</Data><Data Name='ElevatedToken'>%%1842</Data></EventData></Event>
<Event xmlns='http://schemas.microsoft.com/win/2004/08/events/event'><System><Provider Name='Microsoft-Windows-Sysmon' Guid='{5770385f-c22a-43e0-bf4c-06f5698ffbd9}'/><EventID>3</EventID><Version>5</Version><Level>4</Level><Task>3</Task><Opcode>0</Opcode><Keywords>0x8000000000000000</Keywords><TimeCreated SystemTime='2023-03-18T02:00:21.844272900Z'/><EventRecordID>1879516</EventRecordID><Correlation/><Execution ProcessID='2104' ThreadID='7064'/><Channel>Microsoft-Windows-Sysmon/Operational</Channel><Computer>winser-dc-xdr.example.com</Computer><Security UserID='S-1-5-18'/></System><EventData><Data Name='RuleName'>-</Data><Data Name='UtcTime'>2023-03-18 00:54:00.101</Data><Data Name='ProcessGuid'>{e91642e8-7871-63aa-0f00-000000000700}</Data><Data Name='ProcessId'>1004</Data><Data Name='Image'>C:\\Windows\\System32\\svchost.exe</Data><Data Name='User'>NT AUTHORITY\\NETWORK SERVICE</Data><Data Name='Protocol'>tcp</Data><Data Name='Initiated'>false</Data><Data Name='SourceIsIpv6'>false</Data><Data Name='SourceIp'>10.90.144.11</Data><Data Name='SourceHostname'>winser-home-2-xdr.avp.ru</Data><Data Name='SourcePort'>60713</Data><Data Name='SourcePortName'>-</Data><Data Name='DestinationIsIpv6'>false</Data><Data Name='DestinationIp'>10.90.144.12</Data><Data Name='DestinationHostname'>winser-dc-xdr.example.com</Data><Data Name='DestinationPort'>135</Data><Data Name='DestinationPortName'>epmap</Data></EventData></Event>
<Event xmlns='http://schemas.microsoft.com/win/2004/08/events/event'><System><Provider Name='Microsoft-Windows-Security-Auditing' Guid='{54849625-5478-4994-a5ba-3e3b0328c30d}'/><EventID>5156</EventID><Version>1</Version><Level>0</Level><Task>12810</Task><Opcode>0</Opcode><Keywords>0x8020000000000000</Keywords><TimeCreated SystemTime='2023-03-18T02:00:53.573467800Z'/><EventRecordID>66188538</EventRecordID><Correlation/><Execution ProcessID='4' ThreadID='8228'/><Channel>Security</Channel><Computer>winser-ksc-xdr</Computer><Security/></System><EventData><Data Name='ProcessID'>1944</Data><Data Name='Application'>\\device\\harddiskvolume2\\windows\\system32\\svchost.exe</Data><Data Name='Direction'>%%14593</Data><Data Name='SourceAddress'>10.90.144.7</Data><Data Name='SourcePort'>63425</Data><Data Name='DestAddress'>10.70.8.4</Data><Data Name='DestPort'>53</Data><Data Name='Protocol'>17</Data><Data Name='FilterRTID'>68368</Data><Data Name='LayerName'>%%14611</Data><Data Name='LayerRTID'>48</Data><Data Name='RemoteUserID'>S-1-0-0</Data><Data Name='RemoteMachineID'>S-1-0-0</Data></EventData></Event>
<Event xmlns='http://schemas.microsoft.com/win/2004/08/events/event'><System><Provider Name='Microsoft-Windows-Security-Auditing' Guid='{54849625-5478-4994-a5ba-3e3b0328c30d}'/><EventID>5156</EventID><Version>1</Version><Level>0</Level><Task>12810</Task><Opcode>0</Opcode><Keywords>0x8020000000000000</Keywords><TimeCreated SystemTime='2023-03-18T02:00:53.570283200Z'/><EventRecordID>66188536</EventRecordID><Correlation/><Execution ProcessID='4' ThreadID='8228'/><Channel>Security</Channel><Computer>winser-ksc-xdr</Computer><Security/></System><EventData><Data Name='ProcessID'>5236</Data><Data Name='Application'>\\device\\harddiskvolume2\\program files\\kaspersky lab\\kaspersky security center web console\\node.exe</Data><Data Name='Direction'>%%14593</Data><Data Name='SourceAddress'>127.0.0.1</Data><Data Name='SourcePort'>57503</Data><Data Name='DestAddress'>127.0.0.1</Data><Data Name='DestPort'>13299</Data><Data Name='Protocol'>6</Data><Data Name='FilterRTID'>68368</Data><Data Name='LayerName'>%%14611</Data><Data Name='LayerRTID'>48</Data><Data Name='RemoteUserID'>S-1-0-0</Data><Data Name='RemoteMachineID'>S-1-0-0</Data></EventData></Event>
<Event xmlns='http://schemas.microsoft.com/win/2004/08/events/event'><System><Provider Name='Microsoft-Windows-Security-Auditing' Guid='{54849625-5478-4994-a5ba-3e3b0328c30d}'/><EventID>5156</EventID><Version>1</Version><Level>0</Level><Task>12810</Task><Opcode>0</Opcode><Keywords>0x8020000000000000</Keywords><TimeCreated SystemTime='2023-03-18T02:00:53.896041000Z'/><EventRecordID>66188539</EventRecordID><Correlation/><Execution ProcessID='4' ThreadID='11140'/><Channel>Security</Channel><Computer>winser-ksc-xdr</Computer><Security/></System><EventData><Data Name='ProcessID'>9904</Data><Data Name='Application'>\\device\\harddiskvolume2\\windows\\syswow64\\mmc.exe</Data><Data Name='Direction'>%%14593</Data><Data Name='SourceAddress'>127.0.0.1</Data><Data Name='SourcePort'>51937</Data><Data Name='DestAddress'>127.0.0.1</Data><Data Name='DestPort'>13291</Data><Data Name='Protocol'>6</Data><Data Name='FilterRTID'>68368</Data><Data Name='LayerName'>%%14611</Data><Data Name='LayerRTID'>48</Data><Data Name='RemoteUserID'>S-1-0-0</Data><Data Name='RemoteMachineID'>S-1-0-0</Data></EventData></Event>
<Event xmlns='http://schemas.microsoft.com/win/2004/08/events/event'><System><Provider Name='Microsoft-Windows-Security-Auditing' Guid='{54849625-5478-4994-a5ba-3e3b0328c30d}'/><EventID>5156</EventID><Version>1</Version><Level>0</Level><Task>12810</Task><Opcode>0</Opcode><Keywords>0x8020000000000000</Keywords><TimeCreated SystemTime='2023-03-18T02:00:54.326995900Z'/><EventRecordID>66188541</EventRecordID><Correlation/><Execution ProcessID='4' ThreadID='9956'/><Channel>Security</Channel><Computer>winser-ksc-xdr</Computer><Security/></System><EventData><Data Name='ProcessID'>3028</Data><Data Name='Application'>\\device\\harddiskvolume2\\program files (x86)\\kaspersky lab\\kaspersky security center\\klserver.exe</Data><Data Name='Direction'>%%14593</Data><Data Name='SourceAddress'>10.90.144.7</Data><Data Name='SourcePort'>54848</Data><Data Name='DestAddress'>10.90.144.7</Data><Data Name='DestPort'>1433</Data><Data Name='Protocol'>6</Data><Data Name='FilterRTID'>68368</Data><Data Name='LayerName'>%%14611</Data><Data Name='LayerRTID'>48</Data><Data Name='RemoteUserID'>S-1-0-0</Data><Data Name='RemoteMachineID'>S-1-0-0</Data></EventData></Event>
